[2025-07-17T04:52:40.924291] === New Cycle ===
Building for debugging...
[0/15] Write swift-version-24593BA9C3E375BF.txt
[2/34] Compiling LLMGatewayServer main.swift
/srv/deploy/repos/fountainai/Generated/Server/llm-gateway/main.swift:23:36: error: cannot convert value of type '__socket_type' to expected argument type 'Int32'
21 | 
22 |     func start() throws {
23 |         serverFD = socket(AF_INET, SOCK_STREAM, 0)
   |                                    `- error: cannot convert value of type '__socket_type' to expected argument type 'Int32'
24 |         guard serverFD >= 0 else { throw RuntimeError.socket }
25 |         var opt: Int32 = 1
[3/34] Compiling BaselineAwarenessServer main.swift
/srv/deploy/repos/fountainai/Generated/Server/baseline-awareness/main.swift:23:36: error: cannot convert value of type '__socket_type' to expected argument type 'Int32'
 21 | 
 22 |     func start() throws {
 23 |         serverFD = socket(AF_INET, SOCK_STREAM, 0)
    |                                    `- error: cannot convert value of type '__socket_type' to expected argument type 'Int32'
 24 |         guard serverFD >= 0 else { throw RuntimeError.socket }
 25 |         var opt: Int32 = 1
[4/34] Compiling PlannerServer main.swift
/srv/deploy/repos/fountainai/Generated/Server/planner/main.swift:23:36: error: cannot convert value of type '__socket_type' to expected argument type 'Int32'
21 | 
22 |     func start() throws {
23 |         serverFD = socket(AF_INET, SOCK_STREAM, 0)
   |                                    `- error: cannot convert value of type '__socket_type' to expected argument type 'Int32'
24 |         guard serverFD >= 0 else { throw RuntimeError.socket }
25 |         var opt: Int32 = 1
[5/34] Compiling FunctionCallerServer main.swift
/srv/deploy/repos/fountainai/Generated/Server/function-caller/main.swift:23:36: error: cannot convert value of type '__socket_type' to expected argument type 'Int32'
21 | 
22 |     func start() throws {
23 |         serverFD = socket(AF_INET, SOCK_STREAM, 0)
   |                                    `- error: cannot convert value of type '__socket_type' to expected argument type 'Int32'
24 |         guard serverFD >= 0 else { throw RuntimeError.socket }
25 |         var opt: Int32 = 1
[6/34] Emitting module LLMGatewayServer
[7/34] Emitting module BootstrapService
[8/34] Emitting module PersistServer
[9/34] Compiling PersistServer main.swift
/srv/deploy/repos/fountainai/Generated/Server/persist/main.swift:23:36: error: cannot convert value of type '__socket_type' to expected argument type 'Int32'
21 | 
22 |     func start() throws {
23 |         serverFD = socket(AF_INET, SOCK_STREAM, 0)
   |                                    `- error: cannot convert value of type '__socket_type' to expected argument type 'Int32'
24 |         guard serverFD >= 0 else { throw RuntimeError.socket }
25 |         var opt: Int32 = 1
[10/35] Emitting module BaselineAwarenessServer
[11/35] Emitting module PlannerServer
[12/35] Emitting module ToolsFactoryServer
/srv/deploy/repos/fountainai/Generated/Server/tools-factory/main.swift:23:36: error: cannot convert value of type '__socket_type' to expected argument type 'Int32'
21 | 
22 |     func start() throws {
23 |         serverFD = socket(AF_INET, SOCK_STREAM, 0)
   |                                    `- error: cannot convert value of type '__socket_type' to expected argument type 'Int32'
24 |         guard serverFD >= 0 else { throw RuntimeError.socket }
25 |         var opt: Int32 = 1

[2025-07-17T04:52:40.925084] Starting swift build...
[2025-07-17T04:52:42.464540] swift build failed with exit code 1
[2025-07-17T04:52:42.541913] [dispatcher] Updated git remote to use token-based authentication.
[2025-07-17T04:52:43.754297] [dispatcher] Running Docker build...
[2025-07-17T04:52:43.755212] [dispatcher] Running tests...
Compose now can delegate build to bake for better performances
Just set COMPOSE_BAKE=true
#0 building with "default" instance using docker driver

#1 [planner internal] load build definition from Dockerfile
#1 transferring dockerfile: 266B 0.0s done
#1 DONE 0.0s

#2 [llm-gateway internal] load build definition from Dockerfile
#2 transferring dockerfile: 278B 0.0s done
#2 DONE 0.0s

#3 [baseline-awareness internal] load build definition from Dockerfile
#3 transferring dockerfile: 299B 0.0s done
#3 DONE 0.0s

#4 [function-caller internal] load build definition from Dockerfile
#4 transferring dockerfile: 290B 0.0s done
#4 DONE 0.0s

#5 [persist internal] load build definition from Dockerfile
#5 transferring dockerfile: 266B done
#5 DONE 0.0s

#6 [bootstrap internal] load build definition from Dockerfile
#6 transferring dockerfile: 272B done
#6 DONE 0.0s

#7 [tools-factory internal] load build definition from Dockerfile
#7 transferring dockerfile: 284B done
#7 DONE 0.0s

#8 [persist internal] load metadata for docker.io/library/swift:6.1-jammy
#8 DONE 1.3s

#9 [bootstrap internal] load metadata for docker.io/library/ubuntu:22.04
#9 DONE 1.3s

#10 [baseline-awareness internal] load .dockerignore
#10 transferring context: 2B done
#10 DONE 0.0s

#11 [planner internal] load .dockerignore
#11 transferring context: 2B done
#11 DONE 0.0s

#12 [function-caller internal] load .dockerignore
#12 transferring context: 2B done
#12 DONE 0.0s

#13 [planner build 1/4] FROM docker.io/library/swift:6.1-jammy@sha256:512716edb447938962d96627ff0b9f00d5701bfa61d97a5b5654f07a1482c342
#13 DONE 0.0s

#14 [tools-factory internal] load .dockerignore
#14 transferring context: 2B done
#14 DONE 0.0s

#15 [llm-gateway internal] load .dockerignore
#15 transferring context: 2B done
#15 DONE 0.0s

#16 [persist internal] load .dockerignore
#16 transferring context: 2B done
#16 DONE 0.0s

#17 [bootstrap internal] load .dockerignore
#17 transferring context: 2B done
#17 DONE 0.0s

#18 [planner internal] load build context
#18 ...

#13 [persist build 1/4] FROM docker.io/library/swift:6.1-jammy@sha256:512716edb447938962d96627ff0b9f00d5701bfa61d97a5b5654f07a1482c342
#13 DONE 0.0s

#19 [persist stage-1 1/2] FROM docker.io/library/ubuntu:22.04@sha256:59ccd419c0dc0edf9e3bff1a3b2b073ea15a2ce4bc45ce7c989278b225b09af3
#19 CACHED

#18 [planner internal] load build context
#18 transferring context: 4.18MB 5.0s
#18 ...

#20 [baseline-awareness internal] load build context
#20 ...

#18 [planner internal] load build context
#18 transferring context: 4.53MB 6.6s done
#18 DONE 6.7s

#21 [function-caller internal] load build context
#21 transferring context: 4.53MB 6.6s done
#21 DONE 6.7s

#22 [persist internal] load build context
#22 transferring context: 4.53MB 6.3s done
#22 DONE 6.7s

#23 [bootstrap internal] load build context
#23 transferring context: 4.53MB 6.6s done
#23 DONE 6.7s

#20 [baseline-awareness internal] load build context
#20 transferring context: 4.53MB 6.6s done
#20 DONE 6.7s

#24 [tools-factory internal] load build context
#24 transferring context: 4.53MB 6.6s done
#24 DONE 6.7s

#25 [llm-gateway internal] load build context
#25 transferring context: 4.53MB 6.6s done
#25 DONE 6.7s

#26 [planner build 2/4] WORKDIR /src
#26 CACHED

#27 [tools-factory build 3/4] COPY . .
#27 DONE 6.2s

#28 [baseline-awareness build 3/4] COPY . .
#28 CACHED

#29 [function-caller build 3/4] COPY . .
#29 CACHED

#30 [llm-gateway build 3/4] COPY . .
#30 CACHED

#31 [tools-factory build 3/4] COPY . .
#31 CACHED

#32 [planner build 3/4] COPY . .
#32 CACHED

#33 [bootstrap build 3/4] COPY . .
#33 CACHED

#34 [llm-gateway build 4/4] RUN swift build -c release --product llm-gateway-server
#34 ...

#35 [bootstrap build 4/4] RUN swift build -c release --product bootstrap-server
#35 ...

#36 [planner build 4/4] RUN swift build -c release --product planner-server
#36 ...

#37 [persist build 4/4] RUN swift build -c release --product persist-server
#37 ...

#38 [tools-factory build 4/4] RUN swift build -c release --product tools-factory-server
#38 ...

#39 [baseline-awareness build 4/4] RUN swift build -c release --product baseline-awareness-server
#39 ...

#40 [function-caller build 4/4] RUN swift build -c release --product function-caller-server
#40 ...

#37 [persist build 4/4] RUN swift build -c release --product persist-server
#37 16.67 Building for production...
#37 16.71 [0/6] Write sources
#37 16.93 [3/6] Write swift-version-24593BA9C3E375BF.txt
#37 ...

#40 [function-caller build 4/4] RUN swift build -c release --product function-caller-server
#40 16.77 Building for production...
#40 16.81 [0/14] Write sources
#40 17.33 [5/14] Compiling writer.c
#40 17.34 [6/14] Write swift-version-24593BA9C3E375BF.txt
#40 17.37 [7/14] Compiling reader.c
#40 17.62 [8/14] Compiling api.c
#40 17.69 [9/14] Compiling parser.c
#40 18.49 [10/15] Compiling emitter.c
#40 18.76 [11/15] Compiling scanner.c
#40 ...

#37 [persist build 4/4] RUN swift build -c release --product persist-server
#37 22.80 [5/7] Compiling ServiceShared Models.swift
#37 24.44 [6/8] Compiling PersistService HTTPKernel.swift
#37 24.78 [7/9] Compiling PersistServer main.swift
#37 24.78 /src/Generated/Server/persist/main.swift:23:36: error: cannot convert value of type '__socket_type' to expected argument type 'Int32'
#37 24.78 21 | 
#37 24.78 22 |     func start() throws {
#37 24.78 23 |         serverFD = socket(AF_INET, SOCK_STREAM, 0)
#37 24.78    |                                    `- error: cannot convert value of type '__socket_type' to expected argument type 'Int32'
#37 24.78 24 |         guard serverFD >= 0 else { throw RuntimeError.socket }
#37 24.78 25 |         var opt: Int32 = 1
#37 ERROR: process "/bin/sh -c swift build -c release --product persist-server" did not complete successfully: exit code: 1

#34 [llm-gateway build 4/4] RUN swift build -c release --product llm-gateway-server
#34 16.77 Building for production...
#34 16.82 [0/6] Write sources
#34 16.98 [3/6] Write swift-version-24593BA9C3E375BF.txt
#34 22.94 [5/7] Compiling ServiceShared Models.swift
#34 24.30 [6/8] Compiling LLMGatewayService HTTPKernel.swift
#34 24.57 [7/9] Compiling LLMGatewayServer main.swift
#34 24.57 /src/Generated/Server/llm-gateway/main.swift:23:36: error: cannot convert value of type '__socket_type' to expected argument type 'Int32'
#34 24.57 21 | 
#34 24.57 22 |     func start() throws {
#34 24.57 23 |         serverFD = socket(AF_INET, SOCK_STREAM, 0)
#34 24.57    |                                    `- error: cannot convert value of type '__socket_type' to expected argument type 'Int32'
#34 24.57 24 |         guard serverFD >= 0 else { throw RuntimeError.socket }
#34 24.57 25 |         var opt: Int32 = 1
#34 ERROR: process "/bin/sh -c swift build -c release --product llm-gateway-server" did not complete successfully: exit code: 1

#38 [tools-factory build 4/4] RUN swift build -c release --product tools-factory-server
#38 16.68 Building for production...
#38 16.71 [0/14] Write sources
#38 16.95 [5/14] Write swift-version-24593BA9C3E375BF.txt
#38 17.34 [6/15] Compiling writer.c
#38 17.41 [7/15] Compiling reader.c
#38 17.71 [8/15] Compiling api.c
#38 17.79 [9/15] Compiling parser.c
#38 18.36 [10/15] Compiling scanner.c
#38 18.87 [11/15] Compiling emitter.c
#38 23.17 [13/16] Compiling ServiceShared Models.swift
#38 ...

#35 [bootstrap build 4/4] RUN swift build -c release --product bootstrap-server
#35 16.74 Building for production...
#35 16.80 [0/7] Write sources
#35 16.97 [4/7] Write swift-version-24593BA9C3E375BF.txt
#35 22.80 [6/8] Compiling ServiceShared Models.swift
#35 25.11 [7/9] Compiling BaselineAwarenessService BaselineStore.swift
#35 CANCELED

#40 [function-caller build 4/4] RUN swift build -c release --product function-caller-server
#40 23.97 [13/16] Compiling ServiceShared Models.swift
#40 CANCELED

#38 [tools-factory build 4/4] RUN swift build -c release --product tools-factory-server
#38 CANCELED

#39 [baseline-awareness build 4/4] RUN swift build -c release --product baseline-awareness-server
#39 16.69 Building for production...
#39 16.73 [0/6] Write sources
#39 16.93 [3/6] Write swift-version-24593BA9C3E375BF.txt
#39 22.87 [5/7] Compiling ServiceShared Models.swift
#39 CANCELED

#36 [planner build 4/4] RUN swift build -c release --product planner-server
#36 16.69 Building for production...
#36 16.74 [0/6] Write sources
#36 16.95 [3/6] Write swift-version-24593BA9C3E375BF.txt
#36 22.80 [5/7] Compiling ServiceShared Models.swift
#36 CANCELED
------
 > [persist build 4/4] RUN swift build -c release --product persist-server:
22.80 [5/7] Compiling ServiceShared Models.swift
24.44 [6/8] Compiling PersistService HTTPKernel.swift
24.78 [7/9] Compiling PersistServer main.swift
24.78 /src/Generated/Server/persist/main.swift:23:36: error: cannot convert value of type '__socket_type' to expected argument type 'Int32'
24.78 21 | 
24.78 22 |     func start() throws {
24.78 23 |         serverFD = socket(AF_INET, SOCK_STREAM, 0)
24.78    |                                    `- error: cannot convert value of type '__socket_type' to expected argument type 'Int32'
24.78 24 |         guard serverFD >= 0 else { throw RuntimeError.socket }
24.78 25 |         var opt: Int32 = 1
------
------
 > [llm-gateway build 4/4] RUN swift build -c release --product llm-gateway-server:
22.94 [5/7] Compiling ServiceShared Models.swift
24.30 [6/8] Compiling LLMGatewayService HTTPKernel.swift
24.57 [7/9] Compiling LLMGatewayServer main.swift
24.57 /src/Generated/Server/llm-gateway/main.swift:23:36: error: cannot convert value of type '__socket_type' to expected argument type 'Int32'
24.57 21 | 
24.57 22 |     func start() throws {
24.57 23 |         serverFD = socket(AF_INET, SOCK_STREAM, 0)
24.57    |                                    `- error: cannot convert value of type '__socket_type' to expected argument type 'Int32'
24.57 24 |         guard serverFD >= 0 else { throw RuntimeError.socket }
24.57 25 |         var opt: Int32 = 1
------
failed to solve: process "/bin/sh -c swift build -c release --product llm-gateway-server" did not complete successfully: exit code: 1
 Network kong-codex_default  Creating
 Network kong-codex_default  Created
 Container kong-codex-kong-1  Creating
 Container kong-codex-typesense-1  Creating
 Container kong-codex-kong-1  Created
 Container kong-codex-typesense-1  Created
Attaching to kong-1, typesense-1
Gracefully stopping... (press Ctrl+C again to force)
Error response from daemon: mounts denied: 
The path /srv/deploy/repos/kong-codex/kong.conf is not shared from the host and is not known to Docker.
You can configure shared paths from Docker -> Preferences... -> Resources -> File Sharing.
See https://docs.docker.com/desktop/settings/mac/#file-sharing for more info.
 Container kong-codex-typesense-1  Stopping
 Container kong-codex-kong-1  Stopping
 Container kong-codex-kong-1  Stopped
 Container kong-codex-kong-1  Removing
 Container kong-codex-kong-1  Removed
 Container kong-codex-typesense-1  Stopped
 Container kong-codex-typesense-1  Removing
 Container kong-codex-typesense-1  Removed
 Network kong-codex_default  Removing
 Network kong-codex_default  Removed

[2025-07-17T04:52:43.755511] Running integration tests for fountainai...
[2025-07-17T04:53:24.023982] Integration tests for fountainai failed with exit code 1

[2025-07-17T04:53:24.024138] Running integration tests for kong-codex...
[2025-07-17T04:53:34.742327] Integration tests for kong-codex failed with exit code 1
