[2025-07-17T04:46:52.670158] === New Cycle ===
Building for debugging...
[0/15] Write swift-version-24593BA9C3E375BF.txt
[2/34] Emitting module Generator
[3/34] Emitting module BootstrapService
[4/34] Emitting module LLMGatewayServer
[5/34] Compiling LLMGatewayServer main.swift
/srv/deploy/repos/fountainai/Generated/Server/llm-gateway/main.swift:23:36: error: cannot convert value of type '__socket_type' to expected argument type 'Int32'
21 | 
22 |     func start() throws {
23 |         serverFD = socket(AF_INET, SOCK_STREAM, 0)
   |                                    `- error: cannot convert value of type '__socket_type' to expected argument type 'Int32'
24 |         guard serverFD >= 0 else { throw RuntimeError.socket }
25 |         var opt: Int32 = 1
[6/34] Emitting module PlannerServer
[7/34] Compiling PlannerServer main.swift
/srv/deploy/repos/fountainai/Generated/Server/planner/main.swift:23:36: error: cannot convert value of type '__socket_type' to expected argument type 'Int32'
21 | 
22 |     func start() throws {
23 |         serverFD = socket(AF_INET, SOCK_STREAM, 0)
   |                                    `- error: cannot convert value of type '__socket_type' to expected argument type 'Int32'
24 |         guard serverFD >= 0 else { throw RuntimeError.socket }
25 |         var opt: Int32 = 1
[8/35] Compiling ToolsFactoryServer main.swift
/srv/deploy/repos/fountainai/Generated/Server/tools-factory/main.swift:23:36: error: cannot convert value of type '__socket_type' to expected argument type 'Int32'
21 | 
22 |     func start() throws {
23 |         serverFD = socket(AF_INET, SOCK_STREAM, 0)
   |                                    `- error: cannot convert value of type '__socket_type' to expected argument type 'Int32'
24 |         guard serverFD >= 0 else { throw RuntimeError.socket }
25 |         var opt: Int32 = 1
[9/35] Emitting module ToolsFactoryServer
[10/35] Emitting module FunctionCallerServer
[11/35] Compiling FunctionCallerServer main.swift
/srv/deploy/repos/fountainai/Generated/Server/function-caller/main.swift:23:36: error: cannot convert value of type '__socket_type' to expected argument type 'Int32'
21 | 
22 |     func start() throws {
23 |         serverFD = socket(AF_INET, SOCK_STREAM, 0)
   |                                    `- error: cannot convert value of type '__socket_type' to expected argument type 'Int32'
24 |         guard serverFD >= 0 else { throw RuntimeError.socket }
25 |         var opt: Int32 = 1
[12/35] Emitting module PersistServer
[13/35] Compiling PersistServer main.swift
/srv/deploy/repos/fountainai/Generated/Server/persist/main.swift:23:36: error: cannot convert value of type '__socket_type' to expected argument type 'Int32'
21 | 
22 |     func start() throws {
23 |         serverFD = socket(AF_INET, SOCK_STREAM, 0)
   |                                    `- error: cannot convert value of type '__socket_type' to expected argument type 'Int32'
24 |         guard serverFD >= 0 else { throw RuntimeError.socket }
25 |         var opt: Int32 = 1
[14/35] Emitting module BaselineAwarenessServer
[15/35] Compiling BaselineAwarenessServer main.swift
/srv/deploy/repos/fountainai/Generated/Server/baseline-awareness/main.swift:23:36: error: cannot convert value of type '__socket_type' to expected argument type 'Int32'
 21 | 
 22 |     func start() throws {
 23 |         serverFD = socket(AF_INET, SOCK_STREAM, 0)
    |                                    `- error: cannot convert value of type '__socket_type' to expected argument type 'Int32'
 24 |         guard serverFD >= 0 else { throw RuntimeError.socket }
 25 |         var opt: Int32 = 1

[2025-07-17T04:46:52.671260] Starting swift build...
[2025-07-17T04:46:54.941243] swift build failed with exit code 1
[2025-07-17T04:46:55.059326] [dispatcher] Updated git remote to use token-based authentication.
[2025-07-17T04:46:57.261408] [dispatcher] Running Docker build...
[2025-07-17T04:46:57.263341] [dispatcher] Running tests...
Compose now can delegate build to bake for better performances
Just set COMPOSE_BAKE=true
#0 building with "default" instance using docker driver

#1 [baseline-awareness internal] load build definition from Dockerfile
#1 transferring dockerfile: 299B done
#1 DONE 0.0s

#2 [bootstrap internal] load build definition from Dockerfile
#2 transferring dockerfile: 272B done
#2 DONE 0.0s

#3 [planner internal] load build definition from Dockerfile
#3 transferring dockerfile: 266B 0.0s done
#3 DONE 0.0s

#4 [persist internal] load build definition from Dockerfile
#4 transferring dockerfile: 266B 0.0s done
#4 DONE 0.0s

#5 [llm-gateway internal] load build definition from Dockerfile
#5 transferring dockerfile: 278B 0.0s done
#5 DONE 0.0s

#6 [tools-factory internal] load build definition from Dockerfile
#6 transferring dockerfile: 284B done
#6 DONE 0.0s

#7 [function-caller internal] load build definition from Dockerfile
#7 transferring dockerfile: 290B done
#7 DONE 0.0s

#8 [tools-factory internal] load metadata for docker.io/library/ubuntu:22.04
#8 DONE 1.4s

#9 [llm-gateway internal] load metadata for docker.io/library/swift:6.1-jammy
#9 DONE 1.4s

#10 [tools-factory internal] load .dockerignore
#10 transferring context: 2B done
#10 DONE 0.0s

#11 [baseline-awareness internal] load .dockerignore
#11 transferring context: 2B done
#11 DONE 0.0s

#12 [function-caller internal] load .dockerignore
#12 transferring context: 2B done
#12 DONE 0.0s

#13 [bootstrap internal] load .dockerignore
#13 transferring context: 2B done
#13 DONE 0.0s

#14 [llm-gateway build 1/4] FROM docker.io/library/swift:6.1-jammy@sha256:512716edb447938962d96627ff0b9f00d5701bfa61d97a5b5654f07a1482c342
#14 DONE 0.0s

#15 [persist internal] load .dockerignore
#15 transferring context: 2B done
#15 DONE 0.0s

#16 [llm-gateway internal] load .dockerignore
#16 transferring context: 2B done
#16 DONE 0.0s

#17 [planner internal] load .dockerignore
#17 transferring context: 2B done
#17 DONE 0.0s

#18 [llm-gateway stage-1 1/2] FROM docker.io/library/ubuntu:22.04@sha256:59ccd419c0dc0edf9e3bff1a3b2b073ea15a2ce4bc45ce7c989278b225b09af3
#18 CACHED

#19 [baseline-awareness internal] load build context
#19 transferring context: 4.04MB 5.1s
#19 ...

#20 [planner internal] load build context
#20 ...

#19 [baseline-awareness internal] load build context
#19 ...

#21 [persist internal] load build context
#21 transferring context: 4.64MB 8.2s done
#21 DONE 8.7s

#19 [baseline-awareness internal] load build context
#19 transferring context: 4.64MB 8.6s done
#19 DONE 8.7s

#22 [function-caller internal] load build context
#22 transferring context: 4.64MB 8.6s done
#22 DONE 8.7s

#23 [bootstrap internal] load build context
#23 transferring context: 4.64MB 8.6s done
#23 DONE 8.7s

#24 [llm-gateway internal] load build context
#24 transferring context: 4.64MB 8.6s done
#24 DONE 8.7s

#20 [planner internal] load build context
#20 transferring context: 4.64MB 8.6s done
#20 DONE 8.7s

#25 [tools-factory internal] load build context
#25 transferring context: 4.64MB 8.6s done
#25 DONE 8.8s

#26 [planner build 2/4] WORKDIR /src
#26 CACHED

#27 [planner build 3/4] COPY . .
#27 DONE 7.2s

#28 [tools-factory build 3/4] COPY . .
#28 CACHED

#29 [llm-gateway build 3/4] COPY . .
#29 CACHED

#30 [bootstrap build 3/4] COPY . .
#30 CACHED

#31 [function-caller build 3/4] COPY . .
#31 CACHED

#32 [planner build 3/4] COPY . .
#32 CACHED

#33 [baseline-awareness build 3/4] COPY . .
#33 CACHED

#34 [persist build 4/4] RUN swift build -c release --product persist-server
#34 ...

#35 [planner build 4/4] RUN swift build -c release --product planner-server
#35 ...

#36 [baseline-awareness build 4/4] RUN swift build -c release --product baseline-awareness-server
#36 ...

#37 [llm-gateway build 4/4] RUN swift build -c release --product llm-gateway-server
#37 ...

#38 [tools-factory build 4/4] RUN swift build -c release --product tools-factory-server
#38 ...

#39 [function-caller build 4/4] RUN swift build -c release --product function-caller-server
#39 ...

#40 [bootstrap build 4/4] RUN swift build -c release --product bootstrap-server
#40 17.72 Building for production...
#40 17.78 [0/7] Write sources
#40 ...

#37 [llm-gateway build 4/4] RUN swift build -c release --product llm-gateway-server
#37 17.81 Building for production...
#37 17.85 [0/6] Write sources
#37 18.08 [3/6] Write swift-version-24593BA9C3E375BF.txt
#37 23.23 [5/7] Compiling ServiceShared Models.swift
#37 ...

#38 [tools-factory build 4/4] RUN swift build -c release --product tools-factory-server
#38 17.74 Building for production...
#38 17.78 [0/14] Write sources
#38 18.26 [5/14] Compiling reader.c
#38 18.29 [6/14] Compiling writer.c
#38 18.62 [7/14] Compiling api.c
#38 19.01 [8/14] Compiling parser.c
#38 19.37 [9/14] Compiling emitter.c
#38 20.15 [10/14] Write swift-version-24593BA9C3E375BF.txt
#38 20.16 [11/14] Compiling scanner.c
#38 ...

#37 [llm-gateway build 4/4] RUN swift build -c release --product llm-gateway-server
#37 24.48 [6/8] Compiling LLMGatewayService HTTPKernel.swift
#37 24.85 [7/9] Compiling LLMGatewayServer main.swift
#37 24.85 /src/Generated/Server/llm-gateway/main.swift:23:36: error: cannot convert value of type '__socket_type' to expected argument type 'Int32'
#37 24.85 21 | 
#37 24.85 22 |     func start() throws {
#37 24.85 23 |         serverFD = socket(AF_INET, SOCK_STREAM, 0)
#37 24.85    |                                    `- error: cannot convert value of type '__socket_type' to expected argument type 'Int32'
#37 24.85 24 |         guard serverFD >= 0 else { throw RuntimeError.socket }
#37 24.85 25 |         var opt: Int32 = 1
#37 ...

#34 [persist build 4/4] RUN swift build -c release --product persist-server
#34 17.77 Building for production...
#34 17.83 [0/6] Write sources
#34 18.07 [3/6] Write swift-version-24593BA9C3E375BF.txt
#34 23.16 [5/7] Compiling ServiceShared Models.swift
#34 24.74 [6/8] Compiling PersistService HTTPKernel.swift
#34 25.15 [7/9] Compiling PersistServer main.swift
#34 25.15 /src/Generated/Server/persist/main.swift:23:36: error: cannot convert value of type '__socket_type' to expected argument type 'Int32'
#34 25.15 21 | 
#34 25.15 22 |     func start() throws {
#34 25.15 23 |         serverFD = socket(AF_INET, SOCK_STREAM, 0)
#34 25.15    |                                    `- error: cannot convert value of type '__socket_type' to expected argument type 'Int32'
#34 25.15 24 |         guard serverFD >= 0 else { throw RuntimeError.socket }
#34 25.15 25 |         var opt: Int32 = 1
#34 ERROR: process "/bin/sh -c swift build -c release --product persist-server" did not complete successfully: exit code: 1

#37 [llm-gateway build 4/4] RUN swift build -c release --product llm-gateway-server
#37 ERROR: process "/bin/sh -c swift build -c release --product llm-gateway-server" did not complete successfully: exit code: 1

#35 [planner build 4/4] RUN swift build -c release --product planner-server
#35 17.73 Building for production...
#35 17.78 [0/6] Write sources
#35 18.02 [3/6] Write swift-version-24593BA9C3E375BF.txt
#35 23.23 [5/7] Compiling ServiceShared Models.swift
#35 25.13 [6/8] Compiling PlannerService HTTPKernel.swift
#35 25.71 [7/9] Compiling PlannerServer main.swift
#35 25.71 /src/Generated/Server/planner/main.swift:23:36: error: cannot convert value of type '__socket_type' to expected argument type 'Int32'
#35 25.71 21 | 
#35 25.71 22 |     func start() throws {
#35 25.71 23 |         serverFD = socket(AF_INET, SOCK_STREAM, 0)
#35 25.71    |                                    `- error: cannot convert value of type '__socket_type' to expected argument type 'Int32'
#35 25.71 24 |         guard serverFD >= 0 else { throw RuntimeError.socket }
#35 25.71 25 |         var opt: Int32 = 1
#35 ERROR: process "/bin/sh -c swift build -c release --product planner-server" did not complete successfully: exit code: 1

#39 [function-caller build 4/4] RUN swift build -c release --product function-caller-server
#39 17.73 Building for production...
#39 17.78 [0/14] Write sources
#39 18.02 [5/14] Write swift-version-24593BA9C3E375BF.txt
#39 18.27 [6/14] Compiling writer.c
#39 18.39 [7/15] Compiling reader.c
#39 18.40 [8/15] Compiling api.c
#39 19.43 [9/15] Compiling parser.c
#39 19.47 [10/15] Compiling scanner.c
#39 19.86 [11/15] Compiling emitter.c
#39 24.03 [13/16] Compiling ServiceShared Models.swift
#39 ...

#38 [tools-factory build 4/4] RUN swift build -c release --product tools-factory-server
#38 25.92 [13/16] Compiling ServiceShared Models.swift
#38 ...

#36 [baseline-awareness build 4/4] RUN swift build -c release --product baseline-awareness-server
#36 17.86 Building for production...
#36 17.92 [0/6] Write sources
#36 18.10 [3/6] Write swift-version-24593BA9C3E375BF.txt
#36 23.69 [5/7] Compiling ServiceShared Models.swift
#36 25.46 [6/8] Compiling BaselineAwarenessService BaselineStore.swift
#36 25.92 [7/9] Compiling BaselineAwarenessServer HTTPServer.swift
#36 25.92 /src/Generated/Server/baseline-awareness/main.swift:23:36: error: cannot convert value of type '__socket_type' to expected argument type 'Int32'
#36 25.92  21 | 
#36 25.92  22 |     func start() throws {
#36 25.92  23 |         serverFD = socket(AF_INET, SOCK_STREAM, 0)
#36 25.92     |                                    `- error: cannot convert value of type '__socket_type' to expected argument type 'Int32'
#36 25.92  24 |         guard serverFD >= 0 else { throw RuntimeError.socket }
#36 25.92  25 |         var opt: Int32 = 1
#36 ERROR: process "/bin/sh -c swift build -c release --product baseline-awareness-server" did not complete successfully: exit code: 1

#40 [bootstrap build 4/4] RUN swift build -c release --product bootstrap-server
#40 18.02 [4/7] Write swift-version-24593BA9C3E375BF.txt
#40 23.55 [6/8] Compiling ServiceShared Models.swift
#40 25.63 [7/9] Compiling BaselineAwarenessService BaselineStore.swift
#40 CANCELED

#39 [function-caller build 4/4] RUN swift build -c release --product function-caller-server
#39 CANCELED

#38 [tools-factory build 4/4] RUN swift build -c release --product tools-factory-server
#38 CANCELED
------
 > [llm-gateway build 4/4] RUN swift build -c release --product llm-gateway-server:
23.23 [5/7] Compiling ServiceShared Models.swift
24.48 [6/8] Compiling LLMGatewayService HTTPKernel.swift
24.85 [7/9] Compiling LLMGatewayServer main.swift
24.85 /src/Generated/Server/llm-gateway/main.swift:23:36: error: cannot convert value of type '__socket_type' to expected argument type 'Int32'
24.85 21 | 
24.85 22 |     func start() throws {
24.85 23 |         serverFD = socket(AF_INET, SOCK_STREAM, 0)
24.85    |                                    `- error: cannot convert value of type '__socket_type' to expected argument type 'Int32'
24.85 24 |         guard serverFD >= 0 else { throw RuntimeError.socket }
24.85 25 |         var opt: Int32 = 1
------
------
 > [baseline-awareness build 4/4] RUN swift build -c release --product baseline-awareness-server:
23.69 [5/7] Compiling ServiceShared Models.swift
25.46 [6/8] Compiling BaselineAwarenessService BaselineStore.swift
25.92 [7/9] Compiling BaselineAwarenessServer HTTPServer.swift
25.92 /src/Generated/Server/baseline-awareness/main.swift:23:36: error: cannot convert value of type '__socket_type' to expected argument type 'Int32'
25.92  21 | 
25.92  22 |     func start() throws {
25.92  23 |         serverFD = socket(AF_INET, SOCK_STREAM, 0)
25.92     |                                    `- error: cannot convert value of type '__socket_type' to expected argument type 'Int32'
25.92  24 |         guard serverFD >= 0 else { throw RuntimeError.socket }
25.92  25 |         var opt: Int32 = 1
------
------
 > [planner build 4/4] RUN swift build -c release --product planner-server:
23.23 [5/7] Compiling ServiceShared Models.swift
25.13 [6/8] Compiling PlannerService HTTPKernel.swift
25.71 [7/9] Compiling PlannerServer main.swift
25.71 /src/Generated/Server/planner/main.swift:23:36: error: cannot convert value of type '__socket_type' to expected argument type 'Int32'
25.71 21 | 
25.71 22 |     func start() throws {
25.71 23 |         serverFD = socket(AF_INET, SOCK_STREAM, 0)
25.71    |                                    `- error: cannot convert value of type '__socket_type' to expected argument type 'Int32'
25.71 24 |         guard serverFD >= 0 else { throw RuntimeError.socket }
25.71 25 |         var opt: Int32 = 1
------
------
 > [persist build 4/4] RUN swift build -c release --product persist-server:
23.16 [5/7] Compiling ServiceShared Models.swift
24.74 [6/8] Compiling PersistService HTTPKernel.swift
25.15 [7/9] Compiling PersistServer main.swift
25.15 /src/Generated/Server/persist/main.swift:23:36: error: cannot convert value of type '__socket_type' to expected argument type 'Int32'
25.15 21 | 
25.15 22 |     func start() throws {
25.15 23 |         serverFD = socket(AF_INET, SOCK_STREAM, 0)
25.15    |                                    `- error: cannot convert value of type '__socket_type' to expected argument type 'Int32'
25.15 24 |         guard serverFD >= 0 else { throw RuntimeError.socket }
25.15 25 |         var opt: Int32 = 1
------
failed to solve: process "/bin/sh -c swift build -c release --product persist-server" did not complete successfully: exit code: 1
 Network kong-codex_default  Creating
 Network kong-codex_default  Created
 Container kong-codex-typesense-1  Creating
 Container kong-codex-kong-1  Creating
 Container kong-codex-typesense-1  Created
 Container kong-codex-kong-1  Created
Attaching to kong-1, typesense-1
Error response from daemon: mounts denied: 
The path /srv/deploy/repos/kong-codex/kong.conf is not shared from the host and is not known to Docker.
You can configure shared paths from Docker -> Preferences... -> Resources -> File Sharing.
See https://docs.docker.com/desktop/settings/mac/#file-sharing for more info.
 Container kong-codex-typesense-1  Stopping
 Container kong-codex-kong-1  Stopping
 Container kong-codex-kong-1  Stopped
 Container kong-codex-kong-1  Removing
 Container kong-codex-kong-1  Removed
 Container kong-codex-typesense-1  Stopped
 Container kong-codex-typesense-1  Removing
 Container kong-codex-typesense-1  Removed
 Network kong-codex_default  Removing
 Network kong-codex_default  Removed

[2025-07-17T04:46:57.264175] Running integration tests for fountainai...
[2025-07-17T04:47:41.381911] Integration tests for fountainai failed with exit code 1

[2025-07-17T04:47:41.382099] Running integration tests for kong-codex...
[2025-07-17T04:47:52.277057] Integration tests for kong-codex failed with exit code 1
