[2025-07-17T10:24:23.313220] Dispatcher started successfully ğŸŸ¢
[2025-07-17T10:24:23.313455] === New Cycle ===
[0/1] Planning build
Building for debugging...
[0/257] Compiling v3_int.cc
[0/257] Compiling v3_prn.cc
[1/257] Compiling v3_pcons.cc
[1/257] Write sources
[1/257] Compiling v3_pmaps.cc
[1/257] Compiling v3_ocsp.cc
[1/257] Write sources
[1/257] Compiling v3_lib.cc
[10/257] Compiling v3_info.cc
[11/257] Compiling v3_ncons.cc
[12/257] Write swift-version-24593BA9C3E375BF.txt
[13/256] Compiling v3_enum.cc
[14/256] Compiling v3_crld.cc
[15/256] Compiling v3_cpols.cc
[16/256] Compiling v3_ia5.cc
[17/256] Compiling v3_genn.cc
[18/256] Compiling v3_extku.cc
[19/258] Compiling v3_bitst.cc
[20/261] Compiling v3_conf.cc
[22/305] Compiling Algorithms AdjacentPairs.swift
[23/305] Compiling Algorithms Chain.swift
[24/307] Compiling Algorithms Permutations.swift
[25/307] Compiling Algorithms Product.swift
[26/307] Compiling Algorithms Compacted.swift
[27/307] Compiling Algorithms Cycle.swift
[28/307] Compiling Parser SpecValidator.swift
[29/308] Compiling Algorithms EitherSequence.swift
[30/308] Compiling Algorithms FirstNonNil.swift
[31/308] Compiling Atomics IntegerOperations.swift
<unknown>:0: error: error opening '/srv/deploy/repos/fountainai/.build/aarch64-unknown-linux-gnu/debug/Atomics.build/IntegerOperations.swift.o' for output: /srv/deploy/repos/fountainai/.build/aarch64-unknown-linux-gnu/debug/Atomics.build/IntegerOperations.swift.o: No such file or directory
<unknown>:0: error: writing index record file: failed to create temporary file: /srv/deploy/repos/fountainai/.build/aarch64-unknown-linux-gnu/debug/index/store/v5/records/J0/IntegerOperations.swift-1FTQ81V8ZWUJ0-temp-395097a5
<unknown>:0: error: failed writing record '_AtomicsShims.h-13UP7CM3KOSHY': failed to create temporary file: /srv/deploy/repos/fountainai/.build/aarch64-unknown-linux-gnu/debug/index/store/v5/records/HY/_AtomicsShims.h-13UP7CM3KOSHY-temp-47c7d5b7
<unknown>:0: error: writing index record file: failed to create temporary file: /srv/deploy/repos/fountainai/.build/aarch64-unknown-linux-gnu/debug/index/store/v5/records/HW/Unmanaged extensions.swift-28UXN4SGR9JHW-temp-f818d960
<unknown>:0: error: error opening '/srv/deploy/repos/fountainai/.build/aarch64-unknown-linux-gnu/debug/Atomics.build/IntegerOperations.d' for output: /srv/deploy/repos/fountainai/.build/aarch64-unknown-linux-gnu/debug/Atomics.build/IntegerOperations.d: No such file or directory
[32/308] Compiling Atomics Unmanaged extensions.swift
<unknown>:0: error: error opening '/srv/deploy/repos/fountainai/.build/aarch64-unknown-linux-gnu/debug/Atomics.build/IntegerOperations.swift.o' for output: /srv/deploy/repos/fountainai/.build/aarch64-unknown-linux-gnu/debug/Atomics.build/IntegerOperations.swift.o: No such file or directory
<unknown>:0: error: writing index record file: failed to create temporary file: /srv/deploy/repos/fountainai/.build/aarch64-unknown-linux-gnu/debug/index/store/v5/records/J0/IntegerOperations.swift-1FTQ81V8ZWUJ0-temp-395097a5
<unknown>:0: error: failed writing record '_AtomicsShims.h-13UP7CM3KOSHY': failed to create temporary file: /srv/deploy/repos/fountainai/.build/aarch64-unknown-linux-gnu/debug/index/store/v5/records/HY/_AtomicsShims.h-13UP7CM3KOSHY-temp-47c7d5b7
<unknown>:0: error: writing index record file: failed to create temporary file: /srv/deploy/repos/fountainai/.build/aarch64-unknown-linux-gnu/debug/index/store/v5/records/HW/Unmanaged extensions.swift-28UXN4SGR9JHW-temp-f818d960
<unknown>:0: error: error opening '/srv/deploy/repos/fountainai/.build/aarch64-unknown-linux-gnu/debug/Atomics.build/IntegerOperations.d' for output: /srv/deploy/repos/fountainai/.build/aarch64-unknown-linux-gnu/debug/Atomics.build/IntegerOperations.d: No such file or directory
error: emit-module command failed with exit code 1 (use -v to see invocation)
[33/308] Emitting module DequeModule
<unknown>:0: error: error opening '/srv/deploy/repos/fountainai/.build/aarch64-unknown-linux-gnu/debug/DequeModule.build/DequeModule.emit-module.d' for output: /srv/deploy/repos/fountainai/.build/aarch64-unknown-linux-gnu/debug/DequeModule.build/DequeModule.emit-module.d: No such file or directory
warning: next compile won't be incremental; could not write dependency graph: Could not write to /srv/deploy/repos/fountainai/.build/aarch64-unknown-linux-gnu/debug/DequeModule.build/master.priors, error: The operation could not be completed. The file doesnâ€™t exist.
[34/308] Emitting module ServiceShared
[34/308] Compiling v3_bcons.cc
[35/308] Compiling Algorithms FlattenCollection.swift
[36/308] Compiling Algorithms Grouped.swift
[37/308] Compiling Algorithms Indexed.swift
[37/308] Compiling v3_alt.cc
[37/308] Compiling v3_akeya.cc
swift-build: /home/build-user/llbuild/lib/Core/SQLiteBuildDB.cpp:703: virtual void (anonymous namespace)::SQLiteBuildDB::buildComplete(): Assertion `result == SQLITE_OK' failed.

*** Signal 6: Backtracing from 0xffff8decf1f0... done ***

*** Program crashed: Aborted at 0x000000000000000a ***

Thread 0 crashed:

 0                  0x0000ffff8decf1f0 <unknown> in libc.so.6
 1 [ra]             0x0000ffff8de8a67c <unknown> in libc.so.6
 2 [ra]             0x0000ffff8de77130 <unknown> in libc.so.6
 3 [ra]             0x0000ffff8de83fd4 <unknown> in libc.so.6
 4 [ra]             0x0000ffff8de8404c <unknown> in libc.so.6
 5 [ra]             0x0000aaaae5363130 (anonymous namespace)::SQLiteBuildDB::buildComplete() + 119 in swift-package at /home/build-user/llbuild/lib/Core/SQLiteBuildDB.cpp:703:5
 6 [ra]             0x0000aaaae5357ad4 llbuild::core::BuildEngine::build(llbuild::core::KeyType const&) + 959 in swift-package at /home/build-user/llbuild/lib/Core/BuildEngine.cpp:1527:13
 7 [ra]             0x0000aaaae5329f6c (anonymous namespace)::BuildSystemImpl::build(llbuild::buildsystem::BuildKey) + 247 in swift-package at /home/build-user/llbuild/lib/BuildSystem/BuildSystem.cpp:2088:29
 8 [ra]             0x0000aaaae532a218 llbuild::buildsystem::BuildSystem::build(llvm::StringRef) + 135 in swift-package at /home/build-user/llbuild/lib/BuildSystem/BuildSystem.cpp:2119:10
 9 [ra]             0x0000aaaae534fda0 llbuild::buildsystem::BuildSystemFrontend::build(llvm::StringRef) + 59 in swift-package at /home/build-user/llbuild/lib/BuildSystem/BuildSystemFrontend.cpp:474:18
10 [ra]             0x0000aaaae537c6e0 BuildSystem.build(target:) + 143 in swift-package at /home/build-user/llbuild/products/llbuildSwift/BuildSystemBindings.swift:1234:16
11 [ra]             0x0000aaaae40d1af8 BuildOperation.build(subset:) + 59 in swift-package at /home/build-user/swiftpm/Sources/Build/BuildOperation.swift:427:35
12 [async] [thunk]  0x0000aaaae40d6694 protocol witness for BuildSystem.build(subset:) in conformance BuildOperation in swift-package at //<compiler-generated>
13 [async]          0x0000aaaae434eae0 SwiftBuildCommand.build(_:subset:productsBuildParameters:toolsBuildParameters:) in swift-package at /home/build-user/swiftpm/Sources/Commands/SwiftBuildCommand.swift:186
14 [async]          0x0000aaaae434da88 SwiftBuildCommand.run(_:) in swift-package at /home/build-user/swiftpm/Sources/Commands/SwiftBuildCommand.swift:166
15 [async] [thunk]  0x0000aaaae434ef84 protocol witness for AsyncSwiftCommand.run(_:) in conformance SwiftBuildCommand in swift-package at //<compiler-generated>
16 [async]          0x0000aaaae441770c AsyncSwiftCommand.run() in swift-package at /home/build-user/swiftpm/Sources/CoreCommands/SwiftCommandState.swift:163
17 [async] [thunk]  0x0000aaaae434f018 protocol witness for AsyncParsableCommand.run() in conformance SwiftBuildCommand in swift-package at //<compiler-generated>
18 [async]          0x0000aaaae3ff586c static AsyncParsableCommand.main(_:) in swift-package at /home/build-user/swift-argument-parser/Sources/ArgumentParser/Parsable Types/AsyncParsableCommand.swift:41
19 [async]          0x0000aaaae5405c44 specialized static SwiftPM.main(execName:) in swift-package at /home/build-user/swiftpm/Sources/swift-package-manager/SwiftPM.swift:38
20 [async]          0x0000aaaae5405fd0 specialized static SwiftPM.main() in swift-package at /home/build-user/swiftpm/Sources/swift-package-manager/SwiftPM.swift:34
21 [async] [system] 0x0000aaaae54056a4 specialized thunk for @escaping @convention(thin) @async () -> () in swift-package at //<compiler-generated>
22 [async]          0x0000ffff8f7b4b0c completeTaskAndRelease(swift::AsyncContext*, swift::SwiftError*) in libswift_Concurrency.so


Registers:

 x0 0x0000000000000000  0
 x1 0x000000000000000c  12
 x2 0x0000000000000006  6
 x3 0x0000ffff8880edc0  01 00 00 00 00 00 00 00 00 00 00 00 00 00 00 00  Â·Â·Â·Â·Â·Â·Â·Â·Â·Â·Â·Â·Â·Â·Â·Â·
 x4 0x0000ffff90096b58  00 9b 5d 94 91 63 0e 4b 00 00 00 00 0e 0a 06 00  Â·Â·]Â·Â·cÂ·KÂ·Â·Â·Â·Â·Â·Â·Â·
 x5 0x0000ffff80bcb950  8b 45 33 7f f0 ff 00 00 9c ff ec f1 55 3b 27 72  Â·E3Â·Ã°Ã¿Â·Â·Â·Ã¿Ã¬Ã±U;'r
 x6 0x72273b55f1ecff9c  8225608484732600220
 x7 0x6f682f203a646c69  8027718151253027945
 x8 0x0000000000000083  131
 x9 0x4c5153203d3d2074  5499268017927561332
x10 0x20274b4f5f455449  2316903337578288201
x11 0x0a2e64656c696166  733634176081289574
x12 0x0000000000002180  8576
x13 0x29286574656c706d  2965731905215688813
x14 0x623a3a4244646c69  7078033820655840361
x15 0x706d6f43646c6975  8101253639947708789
x16 0x0000000000000001  1
x17 0x0000ffff8deddbc4  40 07 00 b4 fd 7b bc a9 01 40 00 d1 fd 03 00 91  @Â·Â·Â´Ã½{Â¼Â©Â·@Â·Ã‘Ã½Â·Â·Â·
x18 0x0000000000000160  352
x19 0x000000000000000c  12
x20 0x0000ffff8880edc0  01 00 00 00 00 00 00 00 00 00 00 00 00 00 00 00  Â·Â·Â·Â·Â·Â·Â·Â·Â·Â·Â·Â·Â·Â·Â·Â·
x21 0x0000000000000006  6
x22 0x00000000000002bf  703
x23 0x0000aaaae5ce8408  72 65 73 75 6c 74 20 3d 3d 20 53 51 4c 49 54 45  result == SQLITE
x24 0x0000ffff8880dfc0  00 df 80 88 ff ff 00 00 cc 9b 32 e5 aa aa 00 00  Â·ÃŸÂ·Â·Ã¿Ã¿Â·Â·ÃŒÂ·2Ã¥ÂªÂªÂ·Â·
x25 0x0000000000005015  20501
x26 0x0000ffff8880f580  b0 94 d4 21 ab aa 00 00 00 00 00 00 00 00 00 00  Â°Â·Ã”!Â«ÂªÂ·Â·Â·Â·Â·Â·Â·Â·Â·Â·
x27 0x0000000000000000  0
x28 0x0000000000000000  0
 fp 0x0000ffff8880dc80  50 dd 80 88 ff ff 00 00 7c a6 e8 8d ff ff 00 00  PÃÂ·Â·Ã¿Ã¿Â·Â·|Â¦Ã¨Â·Ã¿Ã¿Â·Â·
 lr 0x0000ffff8decf1dc  e1 03 13 aa e2 03 15 aa 00 7c 40 93 68 10 80 d2  Ã¡Â·Â·ÂªÃ¢Â·Â·ÂªÂ·|@Â·hÂ·Â·Ã’
 sp 0x0000ffff8880dc80  50 dd 80 88 ff ff 00 00 7c a6 e8 8d ff ff 00 00  PÃÂ·Â·Ã¿Ã¿Â·Â·|Â¦Ã¨Â·Ã¿Ã¿Â·Â·
 pc 0x0000ffff8decf1f0  1f 04 40 31 e0 97 80 5a e0 ff ff 17 e0 03 16 aa  Â·Â·@1Ã Â·Â·ZÃ Ã¿Ã¿Â·Ã Â·Â·Âª


Images (69 omitted):

0x0000aaaae3d60000â€“0x0000aaaae5b1e1a0 8e5cd2ed2e002677b494a6a68ee85e15802b422d swift-package           /usr/bin/swift-package
0x0000ffff8de50000â€“0x0000ffff8dfd73fc a10ee556ec5706640b27d9a9c346cb29e9516cec libc.so.6               /usr/lib/aarch64-linux-gnu/libc.so.6
0x0000ffff8f750000â€“0x0000ffff8f7cdbd8 2a9f7d706aa66439e4d23f43d11cb05a4eb598e6 libswift_Concurrency.so /usr/lib/swift/linux/libswift_Concurrency.so

Backtrace took 8.82s


[2025-07-17T10:24:23.313882] Starting swift build...
[2025-07-17T10:24:45.992040] swift build failed with exit code -6
