[2025-07-18T22:26:01.036504] === New Cycle ===
Building for debugging...
[0/42] Write swift-version-24593BA9C3E375BF.txt
[2/61] Emitting module PersistServer
[3/61] Emitting module LLMGatewayServer
[4/61] Compiling LLMGatewayServer main.swift
/srv/deploy/repos/fountainai/Generated/Server/llm-gateway/main.swift:23:33: error: cannot convert value of type '__socket_type' to specified type 'Int32'
 21 | 
 22 |     func start() throws {
 23 |         let socketType: Int32 = SOCK_STREAM
    |                                 `- error: cannot convert value of type '__socket_type' to specified type 'Int32'
 24 | 
 25 |         serverFD = socket(AF_INET, socketType, 0)
[5/61] Emitting module PlannerServer
[6/61] Compiling PlannerServer main.swift
/srv/deploy/repos/fountainai/Generated/Server/planner/main.swift:23:33: error: cannot convert value of type '__socket_type' to specified type 'Int32'
 21 | 
 22 |     func start() throws {
 23 |         let socketType: Int32 = SOCK_STREAM
    |                                 `- error: cannot convert value of type '__socket_type' to specified type 'Int32'
 24 | 
 25 |         serverFD = socket(AF_INET, socketType, 0)
[6/61] Compiling c-nioatomics.c
[6/61] Compiling c-atomics.c
[6/61] Compiling bcm.cc

[2025-07-18T22:26:01.037351] Starting swift build...
[2025-07-18T22:26:03.055936] swift build failed with exit code 1
[2025-07-18T22:26:03.227580] [dispatcher] Updated git remote to use token-based authentication.
[2025-07-18T22:26:05.067564] [dispatcher] Running Docker build...
[2025-07-18T22:26:05.068252] [dispatcher] Running tests...
Compose now can delegate build to bake for better performances
Just set COMPOSE_BAKE=true
#0 building with "default" instance using docker driver

#1 [function-caller internal] load build definition from Dockerfile
#1 transferring dockerfile: 290B done
#1 DONE 0.0s

#2 [llm-gateway internal] load build definition from Dockerfile
#2 transferring dockerfile: 278B done
#2 DONE 0.0s

#3 [baseline-awareness internal] load build definition from Dockerfile
#3 transferring dockerfile: 299B done
#3 DONE 0.0s

#4 [planner internal] load build definition from Dockerfile
#4 transferring dockerfile: 266B done
#4 DONE 0.0s

#5 [tools-factory internal] load build definition from Dockerfile
#5 transferring dockerfile: 284B done
#5 DONE 0.0s

#6 [bootstrap internal] load build definition from Dockerfile
#6 transferring dockerfile: 272B done
#6 DONE 0.0s

#7 [persist internal] load build definition from Dockerfile
#7 transferring dockerfile: 266B done
#7 DONE 0.1s

#8 [persist internal] load metadata for docker.io/library/swift:6.1-jammy
#8 DONE 0.6s

#9 [llm-gateway internal] load metadata for docker.io/library/ubuntu:22.04
#9 DONE 0.6s

#10 [function-caller internal] load .dockerignore
#10 transferring context: 2B done
#10 DONE 0.0s

#11 [tools-factory internal] load .dockerignore
#11 transferring context: 2B done
#11 DONE 0.0s

#12 [llm-gateway internal] load .dockerignore
#12 transferring context: 2B done
#12 DONE 0.0s

#13 [baseline-awareness internal] load .dockerignore
#13 transferring context: 2B done
#13 DONE 0.0s

#14 [planner internal] load .dockerignore
#14 transferring context: 2B done
#14 DONE 0.0s

#15 [bootstrap internal] load .dockerignore
#15 transferring context: 2B done
#15 DONE 0.0s

#16 [persist internal] load .dockerignore
#16 transferring context: 2B done
#16 DONE 0.0s

#17 [persist build 1/4] FROM docker.io/library/swift:6.1-jammy@sha256:512716edb447938962d96627ff0b9f00d5701bfa61d97a5b5654f07a1482c342
#17 resolve docker.io/library/swift:6.1-jammy@sha256:512716edb447938962d96627ff0b9f00d5701bfa61d97a5b5654f07a1482c342 0.0s done
#17 DONE 0.0s

#18 [persist stage-1 1/2] FROM docker.io/library/ubuntu:22.04@sha256:1ec65b2719518e27d4d25f104d93f9fac60dc437f81452302406825c46fcc9cb
#18 resolve docker.io/library/ubuntu:22.04@sha256:1ec65b2719518e27d4d25f104d93f9fac60dc437f81452302406825c46fcc9cb 0.0s done
#18 CACHED

#19 [persist internal] load build context
#19 transferring context: 1.58MB 5.0s
#19 ...

#20 [baseline-awareness internal] load build context
#20 transferring context: 8.90MB 10.1s
#20 ...

#21 [planner internal] load build context
#21 ...

#22 [bootstrap internal] load build context
#22 ...

#23 [tools-factory internal] load build context
#23 ...

#24 [function-caller internal] load build context
#24 ...

#25 [llm-gateway internal] load build context
#25 ...

#24 [function-caller internal] load build context
#24 ...

#22 [bootstrap internal] load build context
#22 transferring context: 9.70MB 13.5s done
#22 DONE 15.5s

#24 [function-caller internal] load build context
#24 transferring context: 9.70MB 15.4s done
#24 ...

#26 [baseline-awareness build 2/4] WORKDIR /src
#26 CACHED

#25 [llm-gateway internal] load build context
#25 transferring context: 9.70MB 15.4s done
#25 DONE 15.5s

#21 [planner internal] load build context
#21 transferring context: 9.70MB 15.4s done
#21 DONE 15.6s

#27 [llm-gateway build 3/4] COPY . .
#27 ...

#19 [persist internal] load build context
#19 transferring context: 9.70MB 15.4s done
#19 DONE 15.6s

#20 [baseline-awareness internal] load build context
#20 transferring context: 9.70MB 15.4s done
#20 DONE 15.6s

#24 [function-caller internal] load build context
#24 DONE 15.6s

#23 [tools-factory internal] load build context
#23 transferring context: 9.70MB 15.4s done
#23 DONE 15.6s

#27 [baseline-awareness build 3/4] COPY . .
#27 DONE 12.2s

#28 [function-caller build 3/4] COPY . .
#28 CACHED

#29 [tools-factory build 3/4] COPY . .
#29 CACHED

#30 [planner build 3/4] COPY . .
#30 CACHED

#31 [persist build 3/4] COPY . .
#31 CACHED

#32 [baseline-awareness build 3/4] COPY . .
#32 CACHED

#33 [llm-gateway build 3/4] COPY . .
#33 CACHED

#34 [baseline-awareness build 4/4] RUN swift build -c release --product baseline-awareness-server
#34 ...

#35 [llm-gateway build 4/4] RUN swift build -c release --product llm-gateway-server
#35 ...

#36 [bootstrap build 4/4] RUN swift build -c release --product bootstrap-server
#36 ...

#37 [planner build 4/4] RUN swift build -c release --product planner-server
#37 ...

#38 [function-caller build 4/4] RUN swift build -c release --product function-caller-server
#38 ...

#39 [tools-factory build 4/4] RUN swift build -c release --product tools-factory-server
#39 ...

#40 [persist build 4/4] RUN swift build -c release --product persist-server
#40 14.84 Building for production...
#40 14.89 [0/6] Write sources
#40 ...

#38 [function-caller build 4/4] RUN swift build -c release --product function-caller-server
#38 15.04 Building for production...
#38 15.07 [0/14] Write sources
#38 15.56 [5/14] Compiling writer.c
#38 15.59 [6/14] Compiling reader.c
#38 15.77 [7/14] Compiling api.c
#38 15.80 [8/14] Compiling parser.c
#38 16.03 [9/14] Compiling emitter.c
#38 16.11 [10/14] Write swift-version-24593BA9C3E375BF.txt
#38 16.11 [11/14] Compiling scanner.c
#38 ...

#39 [tools-factory build 4/4] RUN swift build -c release --product tools-factory-server
#39 16.32 Building for production...
#39 16.37 [0/14] Write sources
#39 16.52 [5/14] Compiling reader.c
#39 16.73 [6/14] Compiling writer.c
#39 16.76 [7/14] Write swift-version-24593BA9C3E375BF.txt
#39 16.87 [8/14] Compiling parser.c
#39 16.90 [9/14] Compiling api.c
#39 17.92 [10/15] Compiling scanner.c
#39 18.20 [11/15] Compiling emitter.c
#39 22.42 [13/16] Compiling ServiceShared Models.swift
#39 ...

#38 [function-caller build 4/4] RUN swift build -c release --product function-caller-server
#38 22.48 [13/16] Compiling ServiceShared Models.swift
#38 ...

#35 [llm-gateway build 4/4] RUN swift build -c release --product llm-gateway-server
#35 14.90 Building for production...
#35 14.94 [0/6] Write sources
#35 15.07 [3/6] Write swift-version-24593BA9C3E375BF.txt
#35 20.82 [5/7] Compiling ServiceShared Models.swift
#35 21.81 [6/8] Compiling LLMGatewayService HTTPKernel.swift
#35 22.28 [7/9] Compiling LLMGatewayServer main.swift
#35 22.29 /src/Generated/Server/llm-gateway/main.swift:23:33: error: cannot convert value of type '__socket_type' to specified type 'Int32'
#35 22.29  21 | 
#35 22.29  22 |     func start() throws {
#35 22.29  23 |         let socketType: Int32 = SOCK_STREAM
#35 22.29     |                                 `- error: cannot convert value of type '__socket_type' to specified type 'Int32'
#35 22.29  24 | 
#35 22.29  25 |         serverFD = socket(AF_INET, socketType, 0)
#35 ERROR: process "/bin/sh -c swift build -c release --product llm-gateway-server" did not complete successfully: exit code: 1

#34 [baseline-awareness build 4/4] RUN swift build -c release --product baseline-awareness-server
#34 16.61 Building for production...
#34 16.66 [0/6] Write sources
#34 16.97 [3/6] Write swift-version-24593BA9C3E375BF.txt
#34 21.99 [5/7] Compiling ServiceShared Models.swift
#34 CANCELED

#37 [planner build 4/4] RUN swift build -c release --product planner-server
#37 14.88 Building for production...
#37 14.92 [0/6] Write sources
#37 15.07 [3/6] Write swift-version-24593BA9C3E375BF.txt
#37 20.62 [5/7] Compiling ServiceShared Models.swift
#37 22.80 [6/8] Compiling PlannerService HTTPKernel.swift
#37 CANCELED

#40 [persist build 4/4] RUN swift build -c release --product persist-server
#40 15.07 [3/6] Write swift-version-24593BA9C3E375BF.txt
#40 20.63 [5/7] Compiling ServiceShared Models.swift
#40 22.49 [6/8] Compiling PersistService HTTPKernel.swift
#40 22.88 [7/9] Compiling PersistServer main.swift
#40 22.88 /src/Generated/Server/persist/main.swift:23:33: error: cannot convert value of type '__socket_type' to specified type 'Int32'
#40 22.88  21 | 
#40 22.88  22 |     func start() throws {
#40 22.88  23 |         let socketType: Int32 = SOCK_STREAM
#40 22.88     |                                 `- error: cannot convert value of type '__socket_type' to specified type 'Int32'
#40 22.88  24 | 
#40 22.88  25 |         serverFD = socket(AF_INET, socketType, 0)
#40 CANCELED

#36 [bootstrap build 4/4] RUN swift build -c release --product bootstrap-server
#36 14.85 Building for production...
#36 14.89 [0/7] Write sources
#36 15.08 [4/7] Write swift-version-24593BA9C3E375BF.txt
#36 20.90 [6/8] Compiling ServiceShared Models.swift
#36 CANCELED

#39 [tools-factory build 4/4] RUN swift build -c release --product tools-factory-server
#39 CANCELED

#38 [function-caller build 4/4] RUN swift build -c release --product function-caller-server
#38 CANCELED
------
 > [llm-gateway build 4/4] RUN swift build -c release --product llm-gateway-server:
20.82 [5/7] Compiling ServiceShared Models.swift
21.81 [6/8] Compiling LLMGatewayService HTTPKernel.swift
22.28 [7/9] Compiling LLMGatewayServer main.swift
22.29 /src/Generated/Server/llm-gateway/main.swift:23:33: error: cannot convert value of type '__socket_type' to specified type 'Int32'
22.29  21 | 
22.29  22 |     func start() throws {
22.29  23 |         let socketType: Int32 = SOCK_STREAM
22.29     |                                 `- error: cannot convert value of type '__socket_type' to specified type 'Int32'
22.29  24 | 
22.29  25 |         serverFD = socket(AF_INET, socketType, 0)
------
failed to solve: process "/bin/sh -c swift build -c release --product llm-gateway-server" did not complete successfully: exit code: 1
 Network kong-codex_default  Creating
 Network kong-codex_default  Created
 Container kong-codex-typesense-1  Creating
 Container kong-codex-kong-1  Creating
 Container kong-codex-kong-1  Created
 Container kong-codex-typesense-1  Created
Attaching to kong-1, typesense-1
Gracefully stopping... (press Ctrl+C again to force)
Error response from daemon: mounts denied: 
The path /srv/deploy/repos/kong-codex/kong.conf is not shared from the host and is not known to Docker.
You can configure shared paths from Docker -> Preferences... -> Resources -> File Sharing.
See https://docs.docker.com/go/mac-file-sharing/ for more info.
 Container kong-codex-typesense-1  Stopping
 Container kong-codex-kong-1  Stopping
 Container kong-codex-kong-1  Stopped
 Container kong-codex-kong-1  Removing
 Container kong-codex-kong-1  Removed
 Container kong-codex-typesense-1  Stopped
 Container kong-codex-typesense-1  Removing
 Container kong-codex-typesense-1  Removed
 Network kong-codex_default  Removing
 Network kong-codex_default  Removed

[2025-07-18T22:26:05.068465] Running integration tests for fountainai...
[2025-07-18T22:26:57.053265] Integration tests for fountainai failed with exit code 1

[2025-07-18T22:26:57.053455] Running integration tests for kong-codex...
[2025-07-18T22:26:59.046839] Integration tests for kong-codex failed with exit code 1
