[2025-07-17T09:01:42.689159] === New Cycle ===
Building for debugging...
[0/61] Compiling a_octet.cc
[1/61] Compiling a_type.cc
[2/61] Compiling a_mbstr.cc
[3/61] Compiling a_time.cc
[4/61] Compiling a_strnid.cc
[5/61] Compiling a_strex.cc
[6/61] Write swift-version-24593BA9C3E375BF.txt
[7/56] Compiling a_object.cc
[8/58] Compiling a_i2d_fp.cc
[9/58] Compiling a_dup.cc
[10/58] Compiling a_d2i_fp.cc
[12/58] Emitting module PlannerServer
[13/58] Compiling PlannerServer main.swift
/srv/deploy/repos/fountainai/Generated/Server/planner/main.swift:23:36: error: cannot convert value of type '__socket_type' to expected argument type 'Int32'
21 | 
22 |     func start() throws {
23 |         serverFD = socket(AF_INET, SOCK_STREAM, 0)
   |                                    `- error: cannot convert value of type '__socket_type' to expected argument type 'Int32'
24 |         guard serverFD >= 0 else { throw RuntimeError.socket }
25 |         var opt: Int32 = 1
[13/58] Compiling a_bool.cc
[13/58] Compiling a_int.cc
[13/58] Compiling a_gentm.cc
[13/58] Compiling bcm.cc

[2025-07-17T09:01:42.689827] Starting swift build...
[2025-07-17T09:01:45.059991] swift build failed with exit code 1
[2025-07-17T09:01:45.191333] [dispatcher] Updated git remote to use token-based authentication.
[2025-07-17T09:01:46.578630] [dispatcher] Running Docker build...
[2025-07-17T09:01:46.579477] [dispatcher] Running tests...
Compose now can delegate build to bake for better performances
Just set COMPOSE_BAKE=true
#0 building with "default" instance using docker driver

#1 [tools-factory internal] load build definition from Dockerfile
#1 transferring dockerfile: 284B done
#1 DONE 0.0s

#2 [bootstrap internal] load build definition from Dockerfile
#2 transferring dockerfile: 272B done
#2 DONE 0.0s

#3 [function-caller internal] load build definition from Dockerfile
#3 transferring dockerfile: 290B done
#3 DONE 0.0s

#4 [planner internal] load build definition from Dockerfile
#4 transferring dockerfile: 266B done
#4 DONE 0.0s

#5 [baseline-awareness internal] load build definition from Dockerfile
#5 transferring dockerfile: 299B done
#5 DONE 0.0s

#6 [llm-gateway internal] load build definition from Dockerfile
#6 transferring dockerfile: 278B done
#6 DONE 0.0s

#7 [persist internal] load build definition from Dockerfile
#7 transferring dockerfile: 266B done
#7 DONE 0.0s

#8 [persist internal] load metadata for docker.io/library/ubuntu:22.04
#8 DONE 0.5s

#9 [tools-factory internal] load metadata for docker.io/library/swift:6.1-jammy
#9 DONE 0.5s

#10 [persist internal] load .dockerignore
#10 transferring context: 2B done
#10 DONE 0.0s

#11 [llm-gateway internal] load .dockerignore
#11 transferring context: 2B done
#11 DONE 0.0s

#12 [tools-factory internal] load .dockerignore
#12 transferring context: 2B done
#12 DONE 0.0s

#13 [function-caller internal] load .dockerignore
#13 transferring context: 2B done
#13 DONE 0.0s

#14 [bootstrap stage-1 1/2] FROM docker.io/library/ubuntu:22.04@sha256:59ccd419c0dc0edf9e3bff1a3b2b073ea15a2ce4bc45ce7c989278b225b09af3
#14 DONE 0.0s

#15 [bootstrap build 1/4] FROM docker.io/library/swift:6.1-jammy@sha256:512716edb447938962d96627ff0b9f00d5701bfa61d97a5b5654f07a1482c342
#15 DONE 0.0s

#16 [planner internal] load .dockerignore
#16 transferring context: 2B done
#16 DONE 0.0s

#17 [baseline-awareness internal] load .dockerignore
#17 transferring context: 2B done
#17 DONE 0.0s

#18 [bootstrap internal] load .dockerignore
#18 transferring context: 2B done
#18 DONE 0.1s

#19 [persist internal] load build context
#19 transferring context: 2.79MB 5.1s
#19 ...

#20 [function-caller internal] load build context
#20 ...

#19 [persist internal] load build context
#19 ...

#21 [tools-factory internal] load build context
#21 transferring context: 9.91MB 10.1s
#21 ...

#22 [planner internal] load build context
#22 ...

#23 [baseline-awareness internal] load build context
#23 ...

#24 [llm-gateway internal] load build context
#24 ...

#25 [bootstrap internal] load build context
#25 ...

#23 [baseline-awareness internal] load build context
#23 transferring context: 10.32MB 12.7s done
#23 ...

#25 [bootstrap internal] load build context
#25 transferring context: 10.32MB 11.6s done
#25 DONE 12.9s

#20 [function-caller internal] load build context
#20 transferring context: 10.32MB 12.7s done
#20 DONE 13.0s

#24 [llm-gateway internal] load build context
#24 transferring context: 10.32MB 12.7s done
#24 DONE 13.0s

#23 [baseline-awareness internal] load build context
#23 DONE 13.0s

#21 [tools-factory internal] load build context
#21 transferring context: 10.32MB 12.7s done
#21 DONE 13.0s

#19 [persist internal] load build context
#19 transferring context: 10.32MB 12.7s done
#19 DONE 13.0s

#22 [planner internal] load build context
#22 transferring context: 10.32MB 12.7s done
#22 DONE 13.0s

#26 [tools-factory build 2/4] WORKDIR /src
#26 CACHED

#27 [baseline-awareness build 3/4] COPY . .
#27 DONE 11.7s

#28 [tools-factory build 3/4] COPY . .
#28 CACHED

#29 [llm-gateway build 3/4] COPY . .
#29 CACHED

#30 [function-caller build 3/4] COPY . .
#30 CACHED

#31 [baseline-awareness build 3/4] COPY . .
#31 CACHED

#32 [planner build 3/4] COPY . .
#32 CACHED

#33 [persist build 3/4] COPY . .
#33 CACHED

#34 [baseline-awareness build 4/4] RUN swift build -c release --product baseline-awareness-server
#34 ...

#35 [persist build 4/4] RUN swift build -c release --product persist-server
#35 ...

#36 [tools-factory build 4/4] RUN swift build -c release --product tools-factory-server
#36 ...

#37 [planner build 4/4] RUN swift build -c release --product planner-server
#37 ...

#38 [llm-gateway build 4/4] RUN swift build -c release --product llm-gateway-server
#38 ...

#39 [function-caller build 4/4] RUN swift build -c release --product function-caller-server
#39 ...

#40 [bootstrap build 4/4] RUN swift build -c release --product bootstrap-server
#40 ...

#35 [persist build 4/4] RUN swift build -c release --product persist-server
#35 18.92 Building for production...
#35 19.00 [0/6] Write sources
#35 19.35 [3/6] Write swift-version-24593BA9C3E375BF.txt
#35 ...

#39 [function-caller build 4/4] RUN swift build -c release --product function-caller-server
#39 19.12 Building for production...
#39 19.19 [0/14] Write sources
#39 19.53 [5/14] Write swift-version-24593BA9C3E375BF.txt
#39 19.81 [6/15] Compiling writer.c
#39 19.83 [7/15] Compiling reader.c
#39 19.98 [8/15] Compiling api.c
#39 20.46 [9/15] Compiling parser.c
#39 20.64 [10/15] Compiling emitter.c
#39 21.16 [11/15] Compiling scanner.c
#39 ...

#35 [persist build 4/4] RUN swift build -c release --product persist-server
#35 28.02 [5/7] Compiling ServiceShared Models.swift
#35 ...

#40 [bootstrap build 4/4] RUN swift build -c release --product bootstrap-server
#40 18.94 Building for production...
#40 19.00 [0/7] Write sources
#40 19.34 [4/7] Write swift-version-24593BA9C3E375BF.txt
#40 28.15 [6/8] Compiling ServiceShared Models.swift
#40 ...

#38 [llm-gateway build 4/4] RUN swift build -c release --product llm-gateway-server
#38 19.05 Building for production...
#38 19.12 [0/6] Write sources
#38 19.42 [3/6] Write swift-version-24593BA9C3E375BF.txt
#38 28.08 [5/7] Compiling ServiceShared Models.swift
#38 ...

#34 [baseline-awareness build 4/4] RUN swift build -c release --product baseline-awareness-server
#34 19.08 Building for production...
#34 19.14 [0/6] Write sources
#34 19.42 [3/6] Write swift-version-24593BA9C3E375BF.txt
#34 28.01 [5/7] Compiling ServiceShared Models.swift
#34 ...

#36 [tools-factory build 4/4] RUN swift build -c release --product tools-factory-server
#36 19.09 Building for production...
#36 19.18 [0/14] Write sources
#36 19.80 [5/14] Compiling reader.c
#36 19.82 [6/14] Compiling writer.c
#36 19.83 [7/14] Write swift-version-24593BA9C3E375BF.txt
#36 19.93 [8/14] Compiling parser.c
#36 20.47 [9/15] Compiling emitter.c
#36 20.47 [10/15] Compiling api.c
#36 20.95 [11/15] Compiling scanner.c
#36 28.88 [13/16] Compiling ServiceShared Models.swift
#36 ...

#37 [planner build 4/4] RUN swift build -c release --product planner-server
#37 19.01 Building for production...
#37 19.06 [0/6] Write sources
#37 19.34 [3/6] Write swift-version-24593BA9C3E375BF.txt
#37 28.01 [5/7] Compiling ServiceShared Models.swift
#37 ...

#39 [function-caller build 4/4] RUN swift build -c release --product function-caller-server
#39 28.86 [13/16] Compiling ServiceShared Models.swift
#39 ...

#38 [llm-gateway build 4/4] RUN swift build -c release --product llm-gateway-server
#38 29.97 [6/8] Compiling LLMGatewayService HTTPKernel.swift
#38 30.94 [7/9] Compiling LLMGatewayServer main.swift
#38 30.94 /src/Generated/Server/llm-gateway/main.swift:23:36: error: cannot convert value of type '__socket_type' to expected argument type 'Int32'
#38 30.94 21 | 
#38 30.94 22 |     func start() throws {
#38 30.94 23 |         serverFD = socket(AF_INET, SOCK_STREAM, 0)
#38 30.94    |                                    `- error: cannot convert value of type '__socket_type' to expected argument type 'Int32'
#38 30.94 24 |         guard serverFD >= 0 else { throw RuntimeError.socket }
#38 30.94 25 |         var opt: Int32 = 1
#38 ERROR: process "/bin/sh -c swift build -c release --product llm-gateway-server" did not complete successfully: exit code: 1

#35 [persist build 4/4] RUN swift build -c release --product persist-server
#35 30.30 [6/8] Compiling PersistService HTTPKernel.swift
#35 30.94 [7/9] Compiling PersistServer main.swift
#35 30.94 /src/Generated/Server/persist/main.swift:23:36: error: cannot convert value of type '__socket_type' to expected argument type 'Int32'
#35 30.94 21 | 
#35 30.94 22 |     func start() throws {
#35 30.94 23 |         serverFD = socket(AF_INET, SOCK_STREAM, 0)
#35 30.94    |                                    `- error: cannot convert value of type '__socket_type' to expected argument type 'Int32'
#35 30.94 24 |         guard serverFD >= 0 else { throw RuntimeError.socket }
#35 30.94 25 |         var opt: Int32 = 1
#35 ERROR: process "/bin/sh -c swift build -c release --product persist-server" did not complete successfully: exit code: 1

#40 [bootstrap build 4/4] RUN swift build -c release --product bootstrap-server
#40 31.51 [7/9] Compiling BaselineAwarenessService BaselineStore.swift
#40 CANCELED

#37 [planner build 4/4] RUN swift build -c release --product planner-server
#37 30.95 [6/8] Compiling PlannerService HTTPKernel.swift
#37 31.59 [7/9] Compiling PlannerServer main.swift
#37 31.60 /src/Generated/Server/planner/main.swift:23:36: error: cannot convert value of type '__socket_type' to expected argument type 'Int32'
#37 31.60 21 | 
#37 31.60 22 |     func start() throws {
#37 31.60 23 |         serverFD = socket(AF_INET, SOCK_STREAM, 0)
#37 31.60    |                                    `- error: cannot convert value of type '__socket_type' to expected argument type 'Int32'
#37 31.60 24 |         guard serverFD >= 0 else { throw RuntimeError.socket }
#37 31.60 25 |         var opt: Int32 = 1
#37 CANCELED

#36 [tools-factory build 4/4] RUN swift build -c release --product tools-factory-server
#36 CANCELED

#34 [baseline-awareness build 4/4] RUN swift build -c release --product baseline-awareness-server
#34 31.34 [6/8] Compiling BaselineAwarenessService BaselineStore.swift
#34 CANCELED

#39 [function-caller build 4/4] RUN swift build -c release --product function-caller-server
#39 CANCELED
------
 > [persist build 4/4] RUN swift build -c release --product persist-server:
28.02 [5/7] Compiling ServiceShared Models.swift
30.30 [6/8] Compiling PersistService HTTPKernel.swift
30.94 [7/9] Compiling PersistServer main.swift
30.94 /src/Generated/Server/persist/main.swift:23:36: error: cannot convert value of type '__socket_type' to expected argument type 'Int32'
30.94 21 | 
30.94 22 |     func start() throws {
30.94 23 |         serverFD = socket(AF_INET, SOCK_STREAM, 0)
30.94    |                                    `- error: cannot convert value of type '__socket_type' to expected argument type 'Int32'
30.94 24 |         guard serverFD >= 0 else { throw RuntimeError.socket }
30.94 25 |         var opt: Int32 = 1
------
------
 > [llm-gateway build 4/4] RUN swift build -c release --product llm-gateway-server:
28.08 [5/7] Compiling ServiceShared Models.swift
29.97 [6/8] Compiling LLMGatewayService HTTPKernel.swift
30.94 [7/9] Compiling LLMGatewayServer main.swift
30.94 /src/Generated/Server/llm-gateway/main.swift:23:36: error: cannot convert value of type '__socket_type' to expected argument type 'Int32'
30.94 21 | 
30.94 22 |     func start() throws {
30.94 23 |         serverFD = socket(AF_INET, SOCK_STREAM, 0)
30.94    |                                    `- error: cannot convert value of type '__socket_type' to expected argument type 'Int32'
30.94 24 |         guard serverFD >= 0 else { throw RuntimeError.socket }
30.94 25 |         var opt: Int32 = 1
------
failed to solve: process "/bin/sh -c swift build -c release --product llm-gateway-server" did not complete successfully: exit code: 1
 Network kong-codex_default  Creating
 Network kong-codex_default  Created
 Container kong-codex-kong-1  Creating
 Container kong-codex-typesense-1  Creating
 Container kong-codex-kong-1  Created
 Container kong-codex-typesense-1  Created
Attaching to kong-1, typesense-1
Gracefully stopping... (press Ctrl+C again to force)
Error response from daemon: mounts denied: 
The path /srv/deploy/repos/kong-codex/kong.conf is not shared from the host and is not known to Docker.
You can configure shared paths from Docker -> Preferences... -> Resources -> File Sharing.
See https://docs.docker.com/desktop/settings/mac/#file-sharing for more info.
 Container kong-codex-typesense-1  Stopping
 Container kong-codex-kong-1  Stopping
 Container kong-codex-kong-1  Stopped
 Container kong-codex-kong-1  Removing
 Container kong-codex-kong-1  Removed
 Container kong-codex-typesense-1  Stopped
 Container kong-codex-typesense-1  Removing
 Container kong-codex-typesense-1  Removed
 Network kong-codex_default  Removing
 Network kong-codex_default  Removed

[2025-07-17T09:01:46.579743] Running integration tests for fountainai...
[2025-07-17T09:02:44.430659] Integration tests for fountainai failed with exit code 1

[2025-07-17T09:02:44.431120] Running integration tests for kong-codex...
[2025-07-17T09:02:46.832886] Integration tests for kong-codex failed with exit code 1
