[2025-07-18T23:06:59.873684] === New Cycle ===
Building for debugging...
[0/42] Write swift-version-24593BA9C3E375BF.txt
[2/61] Emitting module PersistServer
[3/61] Compiling PersistServer main.swift
/srv/deploy/repos/fountainai/Generated/Server/persist/main.swift:23:33: error: cannot convert value of type '__socket_type' to specified type 'Int32'
 21 | 
 22 |     func start() throws {
 23 |         let socketType: Int32 = SOCK_STREAM
    |                                 `- error: cannot convert value of type '__socket_type' to specified type 'Int32'
 24 | 
 25 |         serverFD = socket(AF_INET, socketType, 0)
[4/61] Emitting module PlannerServer
[5/61] Compiling PlannerServer main.swift
/srv/deploy/repos/fountainai/Generated/Server/planner/main.swift:23:33: error: cannot convert value of type '__socket_type' to specified type 'Int32'
 21 | 
 22 |     func start() throws {
 23 |         let socketType: Int32 = SOCK_STREAM
    |                                 `- error: cannot convert value of type '__socket_type' to specified type 'Int32'
 24 | 
 25 |         serverFD = socket(AF_INET, socketType, 0)
[6/61] Emitting module LLMGatewayServer
[6/61] Compiling c-nioatomics.c
[6/61] Compiling c-atomics.c
[6/61] Compiling bcm.cc

[2025-07-18T23:06:59.874876] Starting swift build...
[2025-07-18T23:07:01.671851] swift build failed with exit code 1
[2025-07-18T23:07:01.876032] [dispatcher] Updated git remote to use token-based authentication.
[2025-07-18T23:07:03.278216] [dispatcher] Running Docker build...
[2025-07-18T23:07:03.278868] [dispatcher] Running tests...
Compose now can delegate build to bake for better performances
Just set COMPOSE_BAKE=true
#0 building with "default" instance using docker driver

#1 [baseline-awareness internal] load build definition from Dockerfile
#1 transferring dockerfile: 299B done
#1 DONE 0.0s

#2 [llm-gateway internal] load build definition from Dockerfile
#2 transferring dockerfile: 278B done
#2 DONE 0.0s

#3 [bootstrap internal] load build definition from Dockerfile
#3 transferring dockerfile: 272B done
#3 DONE 0.0s

#4 [function-caller internal] load build definition from Dockerfile
#4 transferring dockerfile: 290B done
#4 DONE 0.0s

#5 [tools-factory internal] load build definition from Dockerfile
#5 transferring dockerfile: 284B done
#5 DONE 0.0s

#6 [persist internal] load build definition from Dockerfile
#6 transferring dockerfile: 266B done
#6 DONE 0.0s

#7 [planner internal] load build definition from Dockerfile
#7 transferring dockerfile: 266B done
#7 DONE 0.0s

#8 [persist internal] load metadata for docker.io/library/swift:6.1-jammy
#8 ...

#9 [baseline-awareness internal] load metadata for docker.io/library/ubuntu:22.04
#9 DONE 2.5s

#8 [persist internal] load metadata for docker.io/library/swift:6.1-jammy
#8 DONE 2.8s

#10 [function-caller internal] load .dockerignore
#10 transferring context: 2B done
#10 DONE 0.0s

#11 [bootstrap internal] load .dockerignore
#11 transferring context: 2B done
#11 DONE 0.0s

#12 [planner internal] load .dockerignore
#12 transferring context: 2B done
#12 DONE 0.0s

#13 [llm-gateway internal] load .dockerignore
#13 transferring context: 2B done
#13 DONE 0.0s

#14 [tools-factory internal] load .dockerignore
#14 transferring context: 2B done
#14 DONE 0.0s

#15 [persist internal] load .dockerignore
#15 transferring context: 2B done
#15 DONE 0.1s

#16 [baseline-awareness internal] load .dockerignore
#16 transferring context: 2B 0.0s done
#16 DONE 0.1s

#17 [baseline-awareness build 1/4] FROM docker.io/library/swift:6.1-jammy@sha256:512716edb447938962d96627ff0b9f00d5701bfa61d97a5b5654f07a1482c342
#17 resolve docker.io/library/swift:6.1-jammy@sha256:512716edb447938962d96627ff0b9f00d5701bfa61d97a5b5654f07a1482c342 0.0s done
#17 DONE 0.0s

#18 [persist stage-1 1/2] FROM docker.io/library/ubuntu:22.04@sha256:1ec65b2719518e27d4d25f104d93f9fac60dc437f81452302406825c46fcc9cb
#18 resolve docker.io/library/ubuntu:22.04@sha256:1ec65b2719518e27d4d25f104d93f9fac60dc437f81452302406825c46fcc9cb 0.0s done
#18 CACHED

#19 [baseline-awareness internal] load build context
#19 transferring context: 1.42MB 5.0s
#19 ...

#20 [llm-gateway internal] load build context
#20 ...

#19 [baseline-awareness internal] load build context
#19 ...

#21 [planner internal] load build context
#21 transferring context: 9.15MB 7.7s
#21 ...

#22 [bootstrap internal] load build context
#22 ...

#23 [function-caller internal] load build context
#23 ...

#24 [tools-factory internal] load build context
#24 ...

#25 [persist internal] load build context
#25 ...

#24 [tools-factory internal] load build context
#24 ...

#21 [planner internal] load build context
#21 transferring context: 9.69MB 10.2s done
#21 DONE 12.8s

#24 [tools-factory internal] load build context
#24 transferring context: 9.69MB 12.7s done
#24 ...

#26 [persist build 2/4] WORKDIR /src
#26 CACHED

#19 [baseline-awareness internal] load build context
#19 transferring context: 9.69MB 12.7s done
#19 DONE 12.9s

#24 [tools-factory internal] load build context
#24 DONE 13.0s

#20 [llm-gateway internal] load build context
#20 transferring context: 9.69MB 12.7s done
#20 DONE 13.0s

#22 [bootstrap internal] load build context
#22 transferring context: 9.69MB 12.7s done
#22 DONE 13.0s

#25 [persist internal] load build context
#25 transferring context: 9.69MB 12.7s done
#25 DONE 13.0s

#27 [llm-gateway build 3/4] COPY . .
#27 ...

#23 [function-caller internal] load build context
#23 transferring context: 9.69MB 12.7s done
#23 DONE 13.1s

#27 [persist build 3/4] COPY . .
#27 DONE 10.8s

#28 [tools-factory build 3/4] COPY . .
#28 CACHED

#29 [persist build 3/4] COPY . .
#29 CACHED

#30 [bootstrap build 3/4] COPY . .
#30 CACHED

#31 [llm-gateway build 3/4] COPY . .
#31 CACHED

#32 [baseline-awareness build 3/4] COPY . .
#32 CACHED

#33 [function-caller build 3/4] COPY . .
#33 CACHED

#34 [planner build 4/4] RUN swift build -c release --product planner-server
#34 ...

#35 [function-caller build 4/4] RUN swift build -c release --product function-caller-server
#35 ...

#36 [baseline-awareness build 4/4] RUN swift build -c release --product baseline-awareness-server
#36 ...

#37 [persist build 4/4] RUN swift build -c release --product persist-server
#37 ...

#38 [bootstrap build 4/4] RUN swift build -c release --product bootstrap-server
#38 ...

#39 [llm-gateway build 4/4] RUN swift build -c release --product llm-gateway-server
#39 ...

#40 [tools-factory build 4/4] RUN swift build -c release --product tools-factory-server
#40 ...

#37 [persist build 4/4] RUN swift build -c release --product persist-server
#37 14.28 Building for production...
#37 14.34 [0/6] Write sources
#37 14.48 [3/6] Write swift-version-24593BA9C3E375BF.txt
#37 ...

#40 [tools-factory build 4/4] RUN swift build -c release --product tools-factory-server
#40 15.46 Building for production...
#40 15.55 [0/14] Write sources
#40 15.65 [5/14] Compiling writer.c
#40 15.91 [6/14] Compiling reader.c
#40 15.98 [7/14] Compiling api.c
#40 16.02 [8/14] Write swift-version-24593BA9C3E375BF.txt
#40 16.17 [9/14] Compiling parser.c
#40 17.08 [10/15] Compiling scanner.c
#40 17.35 [11/15] Compiling emitter.c
#40 21.03 [13/16] Compiling ServiceShared Models.swift
#40 ...

#37 [persist build 4/4] RUN swift build -c release --product persist-server
#37 20.09 [5/7] Compiling ServiceShared Models.swift
#37 21.40 [6/8] Compiling PersistService HTTPKernel.swift
#37 21.75 [7/9] Compiling PersistServer main.swift
#37 21.75 /src/Generated/Server/persist/main.swift:23:33: error: cannot convert value of type '__socket_type' to specified type 'Int32'
#37 21.75  21 | 
#37 21.75  22 |     func start() throws {
#37 21.75  23 |         let socketType: Int32 = SOCK_STREAM
#37 21.75     |                                 `- error: cannot convert value of type '__socket_type' to specified type 'Int32'
#37 21.75  24 | 
#37 21.75  25 |         serverFD = socket(AF_INET, socketType, 0)
#37 ERROR: process "/bin/sh -c swift build -c release --product persist-server" did not complete successfully: exit code: 1

#39 [llm-gateway build 4/4] RUN swift build -c release --product llm-gateway-server
#39 14.52 Building for production...
#39 14.56 [0/6] Write sources
#39 14.72 [3/6] Write swift-version-24593BA9C3E375BF.txt
#39 20.11 [5/7] Compiling ServiceShared Models.swift
#39 21.38 [6/8] Compiling LLMGatewayService HTTPKernel.swift
#39 21.72 [7/9] Compiling LLMGatewayServer main.swift
#39 21.73 /src/Generated/Server/llm-gateway/main.swift:23:33: error: cannot convert value of type '__socket_type' to specified type 'Int32'
#39 21.73  21 | 
#39 21.73  22 |     func start() throws {
#39 21.73  23 |         let socketType: Int32 = SOCK_STREAM
#39 21.73     |                                 `- error: cannot convert value of type '__socket_type' to specified type 'Int32'
#39 21.73  24 | 
#39 21.73  25 |         serverFD = socket(AF_INET, socketType, 0)
#39 ERROR: process "/bin/sh -c swift build -c release --product llm-gateway-server" did not complete successfully: exit code: 1

#34 [planner build 4/4] RUN swift build -c release --product planner-server
#34 14.39 Building for production...
#34 14.43 [0/6] Write sources
#34 14.57 [3/6] Write swift-version-24593BA9C3E375BF.txt
#34 20.07 [5/7] Compiling ServiceShared Models.swift
#34 21.81 [6/8] Compiling PlannerService HTTPKernel.swift
#34 22.10 [7/9] Compiling PlannerServer main.swift
#34 22.10 /src/Generated/Server/planner/main.swift:23:33: error: cannot convert value of type '__socket_type' to specified type 'Int32'
#34 22.10  21 | 
#34 22.10  22 |     func start() throws {
#34 22.10  23 |         let socketType: Int32 = SOCK_STREAM
#34 22.10     |                                 `- error: cannot convert value of type '__socket_type' to specified type 'Int32'
#34 22.10  24 | 
#34 22.10  25 |         serverFD = socket(AF_INET, socketType, 0)
#34 ERROR: process "/bin/sh -c swift build -c release --product planner-server" did not complete successfully: exit code: 1

#35 [function-caller build 4/4] RUN swift build -c release --product function-caller-server
#35 14.51 Building for production...
#35 14.55 [0/14] Write sources
#35 14.73 [5/14] Write swift-version-24593BA9C3E375BF.txt
#35 14.94 [6/15] Compiling writer.c
#35 14.96 [7/15] Compiling reader.c
#35 15.11 [8/15] Compiling api.c
#35 15.13 [9/15] Compiling parser.c
#35 15.66 [10/15] Compiling emitter.c
#35 16.04 [11/15] Compiling scanner.c
#35 20.30 [13/16] Compiling ServiceShared Models.swift
#35 ...

#36 [baseline-awareness build 4/4] RUN swift build -c release --product baseline-awareness-server
#36 14.54 Building for production...
#36 14.58 [0/6] Write sources
#36 14.72 [3/6] Write swift-version-24593BA9C3E375BF.txt
#36 20.06 [5/7] Compiling ServiceShared Models.swift
#36 21.86 [6/8] Compiling BaselineAwarenessService BaselineStore.swift
#36 22.27 [7/9] Compiling BaselineAwarenessServer HTTPServer.swift
#36 22.27 /src/Generated/Server/baseline-awareness/main.swift:26:36: error: cannot convert value of type '__socket_type' to expected argument type 'Int32'
#36 22.27  24 | 
#36 22.27  25 |     func start() throws {
#36 22.27  26 |         serverFD = socket(AF_INET, SOCK_STREAM, 0)
#36 22.27     |                                    `- error: cannot convert value of type '__socket_type' to expected argument type 'Int32'
#36 22.27  27 |         guard serverFD >= 0 else { throw RuntimeError.socket }
#36 22.27  28 |         var opt: Int32 = 1
#36 ERROR: process "/bin/sh -c swift build -c release --product baseline-awareness-server" did not complete successfully: exit code: 1

#38 [bootstrap build 4/4] RUN swift build -c release --product bootstrap-server
#38 14.32 Building for production...
#38 14.35 [0/7] Write sources
#38 14.48 [4/7] Write swift-version-24593BA9C3E375BF.txt
#38 20.01 [6/8] Compiling ServiceShared Models.swift
#38 22.10 [7/9] Compiling BaselineAwarenessService BaselineStore.swift
#38 CANCELED

#40 [tools-factory build 4/4] RUN swift build -c release --product tools-factory-server
#40 CANCELED

#35 [function-caller build 4/4] RUN swift build -c release --product function-caller-server
#35 CANCELED
------
 > [baseline-awareness build 4/4] RUN swift build -c release --product baseline-awareness-server:
20.06 [5/7] Compiling ServiceShared Models.swift
21.86 [6/8] Compiling BaselineAwarenessService BaselineStore.swift
22.27 [7/9] Compiling BaselineAwarenessServer HTTPServer.swift
22.27 /src/Generated/Server/baseline-awareness/main.swift:26:36: error: cannot convert value of type '__socket_type' to expected argument type 'Int32'
22.27  24 | 
22.27  25 |     func start() throws {
22.27  26 |         serverFD = socket(AF_INET, SOCK_STREAM, 0)
22.27     |                                    `- error: cannot convert value of type '__socket_type' to expected argument type 'Int32'
22.27  27 |         guard serverFD >= 0 else { throw RuntimeError.socket }
22.27  28 |         var opt: Int32 = 1
------
------
 > [persist build 4/4] RUN swift build -c release --product persist-server:
20.09 [5/7] Compiling ServiceShared Models.swift
21.40 [6/8] Compiling PersistService HTTPKernel.swift
21.75 [7/9] Compiling PersistServer main.swift
21.75 /src/Generated/Server/persist/main.swift:23:33: error: cannot convert value of type '__socket_type' to specified type 'Int32'
21.75  21 | 
21.75  22 |     func start() throws {
21.75  23 |         let socketType: Int32 = SOCK_STREAM
21.75     |                                 `- error: cannot convert value of type '__socket_type' to specified type 'Int32'
21.75  24 | 
21.75  25 |         serverFD = socket(AF_INET, socketType, 0)
------
------
 > [llm-gateway build 4/4] RUN swift build -c release --product llm-gateway-server:
20.11 [5/7] Compiling ServiceShared Models.swift
21.38 [6/8] Compiling LLMGatewayService HTTPKernel.swift
21.72 [7/9] Compiling LLMGatewayServer main.swift
21.73 /src/Generated/Server/llm-gateway/main.swift:23:33: error: cannot convert value of type '__socket_type' to specified type 'Int32'
21.73  21 | 
21.73  22 |     func start() throws {
21.73  23 |         let socketType: Int32 = SOCK_STREAM
21.73     |                                 `- error: cannot convert value of type '__socket_type' to specified type 'Int32'
21.73  24 | 
21.73  25 |         serverFD = socket(AF_INET, socketType, 0)
------
------
 > [planner build 4/4] RUN swift build -c release --product planner-server:
20.07 [5/7] Compiling ServiceShared Models.swift
21.81 [6/8] Compiling PlannerService HTTPKernel.swift
22.10 [7/9] Compiling PlannerServer main.swift
22.10 /src/Generated/Server/planner/main.swift:23:33: error: cannot convert value of type '__socket_type' to specified type 'Int32'
22.10  21 | 
22.10  22 |     func start() throws {
22.10  23 |         let socketType: Int32 = SOCK_STREAM
22.10     |                                 `- error: cannot convert value of type '__socket_type' to specified type 'Int32'
22.10  24 | 
22.10  25 |         serverFD = socket(AF_INET, socketType, 0)
------
failed to solve: process "/bin/sh -c swift build -c release --product persist-server" did not complete successfully: exit code: 1
 Network kong-codex_default  Creating
 Network kong-codex_default  Created
 Container kong-codex-typesense-1  Creating
 Container kong-codex-kong-1  Creating
 Container kong-codex-typesense-1  Created
 Container kong-codex-kong-1  Created
Attaching to kong-1, typesense-1
Gracefully stopping... (press Ctrl+C again to force)
Error response from daemon: mounts denied: 
The path /srv/deploy/repos/kong-codex/kong.yaml is not shared from the host and is not known to Docker.
You can configure shared paths from Docker -> Preferences... -> Resources -> File Sharing.
See https://docs.docker.com/go/mac-file-sharing/ for more info.
 Container kong-codex-kong-1  Stopping
 Container kong-codex-typesense-1  Stopping
 Container kong-codex-kong-1  Stopped
 Container kong-codex-kong-1  Removing
 Container kong-codex-kong-1  Removed
 Container kong-codex-typesense-1  Stopped
 Container kong-codex-typesense-1  Removing
 Container kong-codex-typesense-1  Removed
 Network kong-codex_default  Removing
 Network kong-codex_default  Removed

[2025-07-18T23:07:03.279071] Running integration tests for fountainai...
[2025-07-18T23:07:52.884547] Integration tests for fountainai failed with exit code 1

[2025-07-18T23:07:52.886159] Running integration tests for kong-codex...
[2025-07-18T23:07:54.857720] Integration tests for kong-codex failed with exit code 1
