[2025-07-17T12:01:29.308667] === New Cycle ===
Building for debugging...
[0/413] Compiling md5-x86_64-linux.S
[1/413] Write swift-version-24593BA9C3E375BF.txt
[2/408] Compiling md5-x86_64-apple.S
[4/410] Emitting module PlannerServer
[5/410] Compiling PlannerServer main.swift
/srv/deploy/repos/fountainai/Generated/Server/planner/main.swift:29:36: error: cannot convert value of type '__socket_type' to expected argument type 'Int32'
 27 |         #endif
 28 | 
 29 |         serverFD = socket(AF_INET, socketType, 0)
    |                                    `- error: cannot convert value of type '__socket_type' to expected argument type 'Int32'
 30 |         guard serverFD >= 0 else { throw RuntimeError.socket }
 31 |         var opt: Int32 = 1
[5/410] Compiling d1_both.cc
[5/410] Compiling d1_lib.cc
[5/410] Compiling d1_srtp.cc
[5/410] Compiling bio_ssl.cc
[5/410] Compiling d1_pkt.cc
[5/410] Compiling dtls_record.cc
[5/410] Compiling dtls_method.cc

[2025-07-17T12:01:29.309509] Starting swift build...
[2025-07-17T12:01:31.501219] swift build failed with exit code 1
[2025-07-17T12:01:31.645429] [dispatcher] Updated git remote to use token-based authentication.
[2025-07-17T12:01:33.287011] [dispatcher] Running Docker build...
[2025-07-17T12:01:33.288215] [dispatcher] Running tests...
Compose now can delegate build to bake for better performances
Just set COMPOSE_BAKE=true
#0 building with "default" instance using docker driver

#1 [persist internal] load build definition from Dockerfile
#1 transferring dockerfile: 266B 0.0s done
#1 DONE 0.1s

#2 [function-caller internal] load build definition from Dockerfile
#2 transferring dockerfile: 290B 0.0s done
#2 DONE 0.1s

#3 [llm-gateway internal] load build definition from Dockerfile
#3 transferring dockerfile: 278B 0.0s done
#3 DONE 0.1s

#4 [baseline-awareness internal] load build definition from Dockerfile
#4 transferring dockerfile: 299B 0.0s done
#4 DONE 0.1s

#5 [bootstrap internal] load build definition from Dockerfile
#5 transferring dockerfile: 272B 0.0s done
#5 DONE 0.2s

#6 [planner internal] load build definition from Dockerfile
#6 transferring dockerfile: 266B 0.0s done
#6 DONE 0.2s

#7 [tools-factory internal] load build definition from Dockerfile
#7 transferring dockerfile: 284B 0.0s done
#7 DONE 0.2s

#8 [tools-factory internal] load metadata for docker.io/library/swift:6.1-jammy
#8 DONE 0.6s

#9 [tools-factory internal] load metadata for docker.io/library/ubuntu:22.04
#9 DONE 0.6s

#10 [function-caller internal] load .dockerignore
#10 transferring context: 2B 0.0s done
#10 DONE 0.0s

#11 [bootstrap internal] load .dockerignore
#11 transferring context: 2B 0.0s done
#11 DONE 0.0s

#12 [persist internal] load .dockerignore
#12 transferring context: 2B done
#12 DONE 0.1s

#13 [planner internal] load .dockerignore
#13 transferring context: 2B 0.0s done
#13 DONE 0.0s

#14 [tools-factory internal] load .dockerignore
#14 transferring context: 2B 0.0s done
#14 DONE 0.0s

#15 [baseline-awareness internal] load .dockerignore
#15 transferring context: 2B done
#15 DONE 0.1s

#16 [persist stage-1 1/2] FROM docker.io/library/ubuntu:22.04@sha256:59ccd419c0dc0edf9e3bff1a3b2b073ea15a2ce4bc45ce7c989278b225b09af3
#16 DONE 0.0s

#17 [persist build 1/4] FROM docker.io/library/swift:6.1-jammy@sha256:512716edb447938962d96627ff0b9f00d5701bfa61d97a5b5654f07a1482c342
#17 DONE 0.0s

#18 [llm-gateway internal] load .dockerignore
#18 transferring context: 2B 0.0s done
#18 DONE 0.1s

#19 [function-caller internal] load build context
#19 transferring context: 1.37MB 5.1s
#19 ...

#20 [planner internal] load build context
#20 ...

#19 [function-caller internal] load build context
#19 transferring context: 7.36MB 9.1s done
#19 DONE 9.5s

#21 [llm-gateway internal] load build context
#21 transferring context: 7.36MB 9.1s done
#21 DONE 9.5s

#22 [baseline-awareness internal] load build context
#22 transferring context: 7.36MB 9.1s done
#22 DONE 9.5s

#20 [planner internal] load build context
#20 transferring context: 7.36MB 9.1s done
#20 DONE 9.5s

#23 [persist internal] load build context
#23 transferring context: 7.36MB 9.1s done
#23 DONE 9.5s

#24 [tools-factory internal] load build context
#24 transferring context: 7.36MB 9.1s done
#24 DONE 9.5s

#25 [baseline-awareness build 2/4] WORKDIR /src
#25 CACHED

#26 [baseline-awareness build 3/4] COPY . .
#26 ...

#27 [bootstrap internal] load build context
#27 transferring context: 7.36MB 8.8s done
#27 DONE 10.1s

#26 [bootstrap build 3/4] COPY . .
#26 DONE 12.8s

#28 [persist build 3/4] COPY . .
#28 CACHED

#29 [baseline-awareness build 3/4] COPY . .
#29 CACHED

#30 [bootstrap build 3/4] COPY . .
#30 CACHED

#31 [tools-factory build 3/4] COPY . .
#31 CACHED

#32 [llm-gateway build 3/4] COPY . .
#32 CACHED

#33 [planner build 3/4] COPY . .
#33 CACHED

#34 [baseline-awareness build 4/4] RUN swift build -c release --product baseline-awareness-server
#34 ...

#35 [planner build 4/4] RUN swift build -c release --product planner-server
#35 ...

#36 [tools-factory build 4/4] RUN swift build -c release --product tools-factory-server
#36 ...

#37 [llm-gateway build 4/4] RUN swift build -c release --product llm-gateway-server
#37 ...

#38 [persist build 4/4] RUN swift build -c release --product persist-server
#38 ...

#39 [function-caller build 4/4] RUN swift build -c release --product function-caller-server
#39 ...

#40 [bootstrap build 4/4] RUN swift build -c release --product bootstrap-server
#40 ...

#35 [planner build 4/4] RUN swift build -c release --product planner-server
#35 19.18 Building for production...
#35 19.30 [0/6] Write sources
#35 19.66 [3/6] Write swift-version-24593BA9C3E375BF.txt
#35 ...

#39 [function-caller build 4/4] RUN swift build -c release --product function-caller-server
#39 19.34 Building for production...
#39 19.40 [0/14] Write sources
#39 20.31 [5/14] Compiling writer.c
#39 20.35 [6/14] Compiling reader.c
#39 20.54 [7/14] Compiling parser.c
#39 20.60 [8/14] Compiling api.c
#39 20.75 [9/14] Compiling emitter.c
#39 21.42 [10/14] Write swift-version-24593BA9C3E375BF.txt
#39 21.42 [10/14] Compiling scanner.c
#39 ...

#35 [planner build 4/4] RUN swift build -c release --product planner-server
#35 26.86 [5/7] Compiling ServiceShared Models.swift
#35 ...

#36 [tools-factory build 4/4] RUN swift build -c release --product tools-factory-server
#36 19.24 Building for production...
#36 19.30 [0/14] Write sources
#36 20.31 [5/14] Compiling writer.c
#36 20.35 [6/14] Compiling reader.c
#36 20.55 [7/14] Compiling parser.c
#36 20.55 [7/14] Write swift-version-24593BA9C3E375BF.txt
#36 20.57 [9/14] Compiling api.c
#36 21.32 [10/15] Compiling emitter.c
#36 21.62 [11/15] Compiling scanner.c
#36 ...

#37 [llm-gateway build 4/4] RUN swift build -c release --product llm-gateway-server
#37 19.21 Building for production...
#37 19.30 [0/6] Write sources
#37 19.64 [3/6] Write swift-version-24593BA9C3E375BF.txt
#37 26.52 [5/7] Compiling ServiceShared Models.swift
#37 28.34 [6/8] Compiling LLMGatewayService HTTPKernel.swift
#37 28.76 [7/9] Compiling LLMGatewayServer main.swift
#37 28.76 /src/Generated/Server/llm-gateway/main.swift:29:36: error: cannot convert value of type '__socket_type' to expected argument type 'Int32'
#37 28.76  27 |         #endif
#37 28.76  28 | 
#37 28.76  29 |         serverFD = socket(AF_INET, socketType, 0)
#37 28.76     |                                    `- error: cannot convert value of type '__socket_type' to expected argument type 'Int32'
#37 28.76  30 |         guard serverFD >= 0 else { throw RuntimeError.socket }
#37 28.76  31 |         var opt: Int32 = 1
#37 ...

#40 [bootstrap build 4/4] RUN swift build -c release --product bootstrap-server
#40 19.36 Building for production...
#40 19.43 [0/7] Write sources
#40 19.69 [4/7] Write swift-version-24593BA9C3E375BF.txt
#40 26.48 [6/8] Compiling ServiceShared Models.swift
#40 ...

#37 [llm-gateway build 4/4] RUN swift build -c release --product llm-gateway-server
#37 ERROR: process "/bin/sh -c swift build -c release --product llm-gateway-server" did not complete successfully: exit code: 1

#38 [persist build 4/4] RUN swift build -c release --product persist-server
#38 19.24 Building for production...
#38 19.30 [0/6] Write sources
#38 19.65 [3/6] Write swift-version-24593BA9C3E375BF.txt
#38 26.48 [5/7] Compiling ServiceShared Models.swift
#38 28.26 [6/8] Compiling PersistService HTTPKernel.swift
#38 28.79 [7/9] Compiling PersistServer main.swift
#38 28.79 /src/Generated/Server/persist/main.swift:29:36: error: cannot convert value of type '__socket_type' to expected argument type 'Int32'
#38 28.79  27 |         #endif
#38 28.79  28 | 
#38 28.79  29 |         serverFD = socket(AF_INET, socketType, 0)
#38 28.79     |                                    `- error: cannot convert value of type '__socket_type' to expected argument type 'Int32'
#38 28.79  30 |         guard serverFD >= 0 else { throw RuntimeError.socket }
#38 28.79  31 |         var opt: Int32 = 1
#38 ERROR: process "/bin/sh -c swift build -c release --product persist-server" did not complete successfully: exit code: 1

#35 [planner build 4/4] RUN swift build -c release --product planner-server
#35 29.73 [6/8] Compiling PlannerService HTTPKernel.swift
#35 CANCELED

#40 [bootstrap build 4/4] RUN swift build -c release --product bootstrap-server
#40 29.72 [7/9] Compiling BaselineAwarenessService BaselineStore.swift
#40 CANCELED

#39 [function-caller build 4/4] RUN swift build -c release --product function-caller-server
#39 29.00 [13/16] Compiling ServiceShared Models.swift
#39 CANCELED

#34 [baseline-awareness build 4/4] RUN swift build -c release --product baseline-awareness-server
#34 21.04 Building for production...
#34 21.23 [0/6] Write sources
#34 21.64 [3/6] Write swift-version-24593BA9C3E375BF.txt
#34 27.86 [5/7] Compiling ServiceShared Models.swift
#34 CANCELED

#36 [tools-factory build 4/4] RUN swift build -c release --product tools-factory-server
#36 29.68 [13/16] Compiling ServiceShared Models.swift
#36 CANCELED
------
 > [llm-gateway build 4/4] RUN swift build -c release --product llm-gateway-server:
26.52 [5/7] Compiling ServiceShared Models.swift
28.34 [6/8] Compiling LLMGatewayService HTTPKernel.swift
28.76 [7/9] Compiling LLMGatewayServer main.swift
28.76 /src/Generated/Server/llm-gateway/main.swift:29:36: error: cannot convert value of type '__socket_type' to expected argument type 'Int32'
28.76  27 |         #endif
28.76  28 | 
28.76  29 |         serverFD = socket(AF_INET, socketType, 0)
28.76     |                                    `- error: cannot convert value of type '__socket_type' to expected argument type 'Int32'
28.76  30 |         guard serverFD >= 0 else { throw RuntimeError.socket }
28.76  31 |         var opt: Int32 = 1
------
------
 > [persist build 4/4] RUN swift build -c release --product persist-server:
26.48 [5/7] Compiling ServiceShared Models.swift
28.26 [6/8] Compiling PersistService HTTPKernel.swift
28.79 [7/9] Compiling PersistServer main.swift
28.79 /src/Generated/Server/persist/main.swift:29:36: error: cannot convert value of type '__socket_type' to expected argument type 'Int32'
28.79  27 |         #endif
28.79  28 | 
28.79  29 |         serverFD = socket(AF_INET, socketType, 0)
28.79     |                                    `- error: cannot convert value of type '__socket_type' to expected argument type 'Int32'
28.79  30 |         guard serverFD >= 0 else { throw RuntimeError.socket }
28.79  31 |         var opt: Int32 = 1
------
failed to solve: process "/bin/sh -c swift build -c release --product llm-gateway-server" did not complete successfully: exit code: 1
 Network kong-codex_default  Creating
 Network kong-codex_default  Created
 Container kong-codex-typesense-1  Creating
 Container kong-codex-kong-1  Creating
 Container kong-codex-typesense-1  Created
 Container kong-codex-kong-1  Created
Attaching to kong-1, typesense-1
Gracefully stopping... (press Ctrl+C again to force)
Error response from daemon: mounts denied: 
The path /srv/deploy/repos/kong-codex/kong.conf is not shared from the host and is not known to Docker.
You can configure shared paths from Docker -> Preferences... -> Resources -> File Sharing.
See https://docs.docker.com/desktop/settings/mac/#file-sharing for more info.
 Container kong-codex-kong-1  Stopping
 Container kong-codex-typesense-1  Stopping
 Container kong-codex-kong-1  Stopped
 Container kong-codex-kong-1  Removing
 Container kong-codex-kong-1  Removed
 Container kong-codex-typesense-1  Stopped
 Container kong-codex-typesense-1  Removing
 Container kong-codex-typesense-1  Removed
 Network kong-codex_default  Removing
 Network kong-codex_default  Removed

[2025-07-17T12:01:33.288465] Running integration tests for fountainai...
[2025-07-17T12:02:28.177106] Integration tests for fountainai failed with exit code 1

[2025-07-17T12:02:28.177348] Running integration tests for kong-codex...
[2025-07-17T12:02:30.192368] Integration tests for kong-codex failed with exit code 1
