[2025-07-17T08:01:25.643281] === New Cycle ===
Building for debugging...
[0/354] Compiling sha1-armv4-large-linux.S
[1/354] Compiling sha1-586-linux.S
[2/354] Compiling sha1-586-apple.S
[3/354] Compiling rsaz-avx2-linux.S
[4/354] Write swift-version-24593BA9C3E375BF.txt
[5/349] Compiling rsaz-avx2-apple.S
[6/349] Compiling rdrand-x86_64-linux.S
[8/353] Emitting module PersistServer
[9/353] Emitting module PlannerServer
[10/353] Compiling PlannerServer main.swift
/srv/deploy/repos/fountainai/Generated/Server/planner/main.swift:23:36: error: cannot convert value of type '__socket_type' to expected argument type 'Int32'
21 | 
22 |     func start() throws {
23 |         serverFD = socket(AF_INET, SOCK_STREAM, 0)
   |                                    `- error: cannot convert value of type '__socket_type' to expected argument type 'Int32'
24 |         guard serverFD >= 0 else { throw RuntimeError.socket }
25 |         var opt: Int32 = 1
[11/353] Compiling PersistServer main.swift
/srv/deploy/repos/fountainai/Generated/Server/persist/main.swift:23:36: error: cannot convert value of type '__socket_type' to expected argument type 'Int32'
21 | 
22 |     func start() throws {
23 |         serverFD = socket(AF_INET, SOCK_STREAM, 0)
   |                                    `- error: cannot convert value of type '__socket_type' to expected argument type 'Int32'
24 |         guard serverFD >= 0 else { throw RuntimeError.socket }
25 |         var opt: Int32 = 1
[11/353] Compiling d1_pkt.cc
[11/353] Compiling d1_lib.cc
[11/353] Compiling d1_srtp.cc
[11/353] Compiling dtls_method.cc
[11/353] Compiling dtls_record.cc
[11/353] Compiling d1_both.cc

[2025-07-17T08:01:25.644284] Starting swift build...
[2025-07-17T08:01:27.086932] swift build failed with exit code 1
[2025-07-17T08:01:27.163046] [dispatcher] Updated git remote to use token-based authentication.
[2025-07-17T08:01:29.087277] [dispatcher] Running Docker build...
[2025-07-17T08:01:29.088448] [dispatcher] Running tests...
Compose now can delegate build to bake for better performances
Just set COMPOSE_BAKE=true
#0 building with "default" instance using docker driver

#1 [tools-factory internal] load build definition from Dockerfile
#1 transferring dockerfile: 284B done
#1 DONE 0.0s

#2 [planner internal] load build definition from Dockerfile
#2 transferring dockerfile: 266B done
#2 DONE 0.0s

#3 [llm-gateway internal] load build definition from Dockerfile
#3 transferring dockerfile: 278B done
#3 DONE 0.0s

#4 [bootstrap internal] load build definition from Dockerfile
#4 transferring dockerfile: 272B done
#4 DONE 0.0s

#5 [persist internal] load build definition from Dockerfile
#5 transferring dockerfile: 266B 0.0s done
#5 DONE 0.0s

#6 [baseline-awareness internal] load build definition from Dockerfile
#6 transferring dockerfile: 299B 0.0s done
#6 DONE 0.0s

#7 [function-caller internal] load build definition from Dockerfile
#7 transferring dockerfile: 290B 0.0s done
#7 DONE 0.0s

#8 [function-caller internal] load metadata for docker.io/library/swift:6.1-jammy
#8 DONE 0.6s

#9 [tools-factory internal] load metadata for docker.io/library/ubuntu:22.04
#9 DONE 0.6s

#10 [planner internal] load .dockerignore
#10 transferring context: 2B done
#10 DONE 0.0s

#11 [bootstrap internal] load .dockerignore
#11 transferring context: 2B done
#11 DONE 0.0s

#12 [persist internal] load .dockerignore
#12 transferring context: 2B done
#12 DONE 0.0s

#13 [llm-gateway internal] load .dockerignore
#13 transferring context: 2B done
#13 DONE 0.0s

#14 [tools-factory stage-1 1/2] FROM docker.io/library/ubuntu:22.04@sha256:59ccd419c0dc0edf9e3bff1a3b2b073ea15a2ce4bc45ce7c989278b225b09af3
#14 DONE 0.0s

#15 [tools-factory build 1/4] FROM docker.io/library/swift:6.1-jammy@sha256:512716edb447938962d96627ff0b9f00d5701bfa61d97a5b5654f07a1482c342
#15 DONE 0.0s

#16 [function-caller internal] load .dockerignore
#16 transferring context: 2B done
#16 DONE 0.0s

#17 [baseline-awareness internal] load .dockerignore
#17 transferring context: 2B done
#17 DONE 0.0s

#18 [tools-factory internal] load .dockerignore
#18 transferring context: 2B done
#18 DONE 0.1s

#19 [planner internal] load build context
#19 transferring context: 6.69MB 5.1s
#19 ...

#20 [bootstrap internal] load build context
#20 ...

#19 [planner internal] load build context
#19 transferring context: 7.41MB 8.0s done
#19 ...

#20 [bootstrap internal] load build context
#20 transferring context: 7.41MB 8.0s done
#20 DONE 8.3s

#21 [llm-gateway internal] load build context
#21 transferring context: 7.41MB 8.0s done
#21 DONE 8.3s

#22 [baseline-awareness internal] load build context
#22 transferring context: 7.41MB 8.0s done
#22 DONE 8.3s

#23 [function-caller internal] load build context
#23 transferring context: 7.41MB 8.0s done
#23 DONE 8.3s

#19 [planner internal] load build context
#19 DONE 8.3s

#24 [persist internal] load build context
#24 transferring context: 7.41MB 8.0s done
#24 DONE 8.3s

#25 [function-caller build 2/4] WORKDIR /src
#25 CACHED

#26 [planner build 3/4] COPY . .
#26 ...

#27 [tools-factory internal] load build context
#27 transferring context: 7.41MB 7.8s done
#27 DONE 8.4s

#26 [tools-factory build 3/4] COPY . .
#26 DONE 10.0s

#28 [llm-gateway build 3/4] COPY . .
#28 CACHED

#29 [tools-factory build 3/4] COPY . .
#29 CACHED

#30 [function-caller build 3/4] COPY . .
#30 CACHED

#31 [persist build 3/4] COPY . .
#31 CACHED

#32 [baseline-awareness build 3/4] COPY . .
#32 CACHED

#33 [planner build 3/4] COPY . .
#33 CACHED

#34 [llm-gateway build 4/4] RUN swift build -c release --product llm-gateway-server
#34 ...

#35 [planner build 4/4] RUN swift build -c release --product planner-server
#35 ...

#36 [function-caller build 4/4] RUN swift build -c release --product function-caller-server
#36 ...

#37 [baseline-awareness build 4/4] RUN swift build -c release --product baseline-awareness-server
#37 ...

#38 [persist build 4/4] RUN swift build -c release --product persist-server
#38 ...

#39 [tools-factory build 4/4] RUN swift build -c release --product tools-factory-server
#39 ...

#40 [bootstrap build 4/4] RUN swift build -c release --product bootstrap-server
#40 ...

#37 [baseline-awareness build 4/4] RUN swift build -c release --product baseline-awareness-server
#37 16.26 Building for production...
#37 16.32 [0/6] Write sources
#37 16.56 [3/6] Write swift-version-24593BA9C3E375BF.txt
#37 21.75 [5/7] Compiling ServiceShared Models.swift
#37 ...

#36 [function-caller build 4/4] RUN swift build -c release --product function-caller-server
#36 16.31 Building for production...
#36 16.37 [0/14] Write sources
#36 16.64 [5/14] Compiling writer.c
#36 16.69 [6/14] Write swift-version-24593BA9C3E375BF.txt
#36 16.70 [7/14] Compiling reader.c
#36 16.84 [8/14] Compiling parser.c
#36 17.01 [9/15] Compiling api.c
#36 17.36 [10/15] Compiling emitter.c
#36 18.14 [11/15] Compiling scanner.c
#36 21.97 [13/16] Compiling ServiceShared Models.swift
#36 ...

#37 [baseline-awareness build 4/4] RUN swift build -c release --product baseline-awareness-server
#37 23.65 [6/8] Compiling BaselineAwarenessService BaselineStore.swift
#37 ...

#38 [persist build 4/4] RUN swift build -c release --product persist-server
#38 16.31 Building for production...
#38 16.36 [0/6] Write sources
#38 16.58 [3/6] Write swift-version-24593BA9C3E375BF.txt
#38 21.90 [5/7] Compiling ServiceShared Models.swift
#38 22.87 [6/8] Compiling PersistService HTTPKernel.swift
#38 23.14 [7/9] Compiling PersistServer main.swift
#38 23.14 /src/Generated/Server/persist/main.swift:23:36: error: cannot convert value of type '__socket_type' to expected argument type 'Int32'
#38 23.14 21 | 
#38 23.14 22 |     func start() throws {
#38 23.14 23 |         serverFD = socket(AF_INET, SOCK_STREAM, 0)
#38 23.14    |                                    `- error: cannot convert value of type '__socket_type' to expected argument type 'Int32'
#38 23.14 24 |         guard serverFD >= 0 else { throw RuntimeError.socket }
#38 23.14 25 |         var opt: Int32 = 1
#38 ERROR: process "/bin/sh -c swift build -c release --product persist-server" did not complete successfully: exit code: 1

#34 [llm-gateway build 4/4] RUN swift build -c release --product llm-gateway-server
#34 16.29 Building for production...
#34 16.32 [0/6] Write sources
#34 16.64 [3/6] Write swift-version-24593BA9C3E375BF.txt
#34 21.68 [5/7] Compiling ServiceShared Models.swift
#34 22.73 [6/8] Compiling LLMGatewayService HTTPKernel.swift
#34 22.98 [7/9] Compiling LLMGatewayServer main.swift
#34 22.98 /src/Generated/Server/llm-gateway/main.swift:23:36: error: cannot convert value of type '__socket_type' to expected argument type 'Int32'
#34 22.98 21 | 
#34 22.98 22 |     func start() throws {
#34 22.98 23 |         serverFD = socket(AF_INET, SOCK_STREAM, 0)
#34 22.98    |                                    `- error: cannot convert value of type '__socket_type' to expected argument type 'Int32'
#34 22.98 24 |         guard serverFD >= 0 else { throw RuntimeError.socket }
#34 22.98 25 |         var opt: Int32 = 1
#34 ERROR: process "/bin/sh -c swift build -c release --product llm-gateway-server" did not complete successfully: exit code: 1

#37 [baseline-awareness build 4/4] RUN swift build -c release --product baseline-awareness-server
#37 23.96 [7/9] Compiling BaselineAwarenessServer HTTPServer.swift
#37 23.96 /src/Generated/Server/baseline-awareness/main.swift:23:36: error: cannot convert value of type '__socket_type' to expected argument type 'Int32'
#37 23.96  21 | 
#37 23.96  22 |     func start() throws {
#37 23.96  23 |         serverFD = socket(AF_INET, SOCK_STREAM, 0)
#37 23.96     |                                    `- error: cannot convert value of type '__socket_type' to expected argument type 'Int32'
#37 23.96  24 |         guard serverFD >= 0 else { throw RuntimeError.socket }
#37 23.96  25 |         var opt: Int32 = 1
#37 ...

#35 [planner build 4/4] RUN swift build -c release --product planner-server
#35 16.31 Building for production...
#35 16.36 [0/6] Write sources
#35 16.68 [3/6] Write swift-version-24593BA9C3E375BF.txt
#35 22.04 [5/7] Compiling ServiceShared Models.swift
#35 23.73 [6/8] Compiling PlannerService HTTPKernel.swift
#35 24.00 [7/9] Compiling PlannerServer main.swift
#35 24.00 /src/Generated/Server/planner/main.swift:23:36: error: cannot convert value of type '__socket_type' to expected argument type 'Int32'
#35 24.00 21 | 
#35 24.00 22 |     func start() throws {
#35 24.00 23 |         serverFD = socket(AF_INET, SOCK_STREAM, 0)
#35 24.00    |                                    `- error: cannot convert value of type '__socket_type' to expected argument type 'Int32'
#35 24.00 24 |         guard serverFD >= 0 else { throw RuntimeError.socket }
#35 24.00 25 |         var opt: Int32 = 1
#35 CANCELED

#37 [baseline-awareness build 4/4] RUN swift build -c release --product baseline-awareness-server
#37 CANCELED

#40 [bootstrap build 4/4] RUN swift build -c release --product bootstrap-server
#40 16.29 Building for production...
#40 16.32 [0/7] Write sources
#40 16.62 [4/7] Write swift-version-24593BA9C3E375BF.txt
#40 21.68 [6/8] Compiling ServiceShared Models.swift
#40 23.59 [7/9] Compiling BaselineAwarenessService BaselineStore.swift
#40 CANCELED

#36 [function-caller build 4/4] RUN swift build -c release --product function-caller-server
#36 CANCELED

#39 [tools-factory build 4/4] RUN swift build -c release --product tools-factory-server
#39 16.28 Building for production...
#39 16.32 [0/14] Write sources
#39 16.64 [5/14] Compiling writer.c
#39 16.64 [6/14] Compiling reader.c
#39 16.74 [7/14] Write swift-version-24593BA9C3E375BF.txt
#39 16.78 [8/14] Compiling api.c
#39 16.94 [9/15] Compiling parser.c
#39 17.41 [10/15] Compiling emitter.c
#39 17.58 [11/15] Compiling scanner.c
#39 22.25 [13/16] Compiling ServiceShared Models.swift
#39 CANCELED
------
 > [persist build 4/4] RUN swift build -c release --product persist-server:
21.90 [5/7] Compiling ServiceShared Models.swift
22.87 [6/8] Compiling PersistService HTTPKernel.swift
23.14 [7/9] Compiling PersistServer main.swift
23.14 /src/Generated/Server/persist/main.swift:23:36: error: cannot convert value of type '__socket_type' to expected argument type 'Int32'
23.14 21 | 
23.14 22 |     func start() throws {
23.14 23 |         serverFD = socket(AF_INET, SOCK_STREAM, 0)
23.14    |                                    `- error: cannot convert value of type '__socket_type' to expected argument type 'Int32'
23.14 24 |         guard serverFD >= 0 else { throw RuntimeError.socket }
23.14 25 |         var opt: Int32 = 1
------
------
 > [llm-gateway build 4/4] RUN swift build -c release --product llm-gateway-server:
21.68 [5/7] Compiling ServiceShared Models.swift
22.73 [6/8] Compiling LLMGatewayService HTTPKernel.swift
22.98 [7/9] Compiling LLMGatewayServer main.swift
22.98 /src/Generated/Server/llm-gateway/main.swift:23:36: error: cannot convert value of type '__socket_type' to expected argument type 'Int32'
22.98 21 | 
22.98 22 |     func start() throws {
22.98 23 |         serverFD = socket(AF_INET, SOCK_STREAM, 0)
22.98    |                                    `- error: cannot convert value of type '__socket_type' to expected argument type 'Int32'
22.98 24 |         guard serverFD >= 0 else { throw RuntimeError.socket }
22.98 25 |         var opt: Int32 = 1
------
failed to solve: process "/bin/sh -c swift build -c release --product persist-server" did not complete successfully: exit code: 1
 Network kong-codex_default  Creating
 Network kong-codex_default  Created
 Container kong-codex-kong-1  Creating
 Container kong-codex-typesense-1  Creating
 Container kong-codex-typesense-1  Created
 Container kong-codex-kong-1  Created
Attaching to kong-1, typesense-1
Gracefully stopping... (press Ctrl+C again to force)
Error response from daemon: mounts denied: 
The path /srv/deploy/repos/kong-codex/kong.conf is not shared from the host and is not known to Docker.
You can configure shared paths from Docker -> Preferences... -> Resources -> File Sharing.
See https://docs.docker.com/desktop/settings/mac/#file-sharing for more info.
 Container kong-codex-kong-1  Stopping
 Container kong-codex-typesense-1  Stopping
 Container kong-codex-kong-1  Stopped
 Container kong-codex-kong-1  Removing
 Container kong-codex-kong-1  Removed
 Container kong-codex-typesense-1  Stopped
 Container kong-codex-typesense-1  Removing
 Container kong-codex-typesense-1  Removed
 Network kong-codex_default  Removing
 Network kong-codex_default  Removed

[2025-07-17T08:01:29.088894] Running integration tests for fountainai...
[2025-07-17T08:02:12.697712] Integration tests for fountainai failed with exit code 1

[2025-07-17T08:02:12.697986] Running integration tests for kong-codex...
[2025-07-17T08:02:23.486039] Integration tests for kong-codex failed with exit code 1
