[2025-07-17T10:54:55.127544] === New Cycle ===
Building for debugging...
[0/176] Compiling pkcs7.cc
[1/176] Write swift-version-24593BA9C3E375BF.txt
[2/176] Compiling pem_xaux.cc
[3/163] Compiling pem_x509.cc
[4/163] Compiling pem_pkey.cc
[5/163] Compiling pkcs7_x509.cc
[6/163] Compiling pkcs8.cc
[7/163] Compiling p5_pbev2.cc
[8/163] Compiling pkcs8_x509.cc
[10/198] Emitting module FunctionCallerServer
[11/198] Compiling FunctionCallerServer main.swift
/srv/deploy/repos/fountainai/Generated/Server/function-caller/main.swift:23:36: error: cannot convert value of type '__socket_type' to expected argument type 'Int32'
21 | 
22 |     func start() throws {
23 |         serverFD = socket(AF_INET, SOCK_STREAM, 0)
   |                                    `- error: cannot convert value of type '__socket_type' to expected argument type 'Int32'
24 |         guard serverFD >= 0 else { throw RuntimeError.socket }
25 |         var opt: Int32 = 1
[12/198] Emitting module Generator
[13/198] Compiling Generator main.swift
[13/198] Compiling pem_oth.cc
[13/198] Compiling pem_lib.cc
[14/198] Emitting module ToolsFactoryServer
[14/198] Compiling pem_pk8.cc

[2025-07-17T10:54:55.128375] Starting swift build...
[2025-07-17T10:54:58.171868] swift build failed with exit code 1
[2025-07-17T10:54:58.355901] [dispatcher] Updated git remote to use token-based authentication.
[2025-07-17T10:54:59.700016] [dispatcher] Running Docker build...
[2025-07-17T10:54:59.700832] [dispatcher] Running tests...
Compose now can delegate build to bake for better performances
Just set COMPOSE_BAKE=true
#0 building with "default" instance using docker driver

#1 [llm-gateway internal] load build definition from Dockerfile
#1 transferring dockerfile: 278B done
#1 DONE 0.0s

#2 [function-caller internal] load build definition from Dockerfile
#2 transferring dockerfile: 290B done
#2 DONE 0.0s

#3 [persist internal] load build definition from Dockerfile
#3 transferring dockerfile: 266B done
#3 DONE 0.0s

#4 [tools-factory internal] load build definition from Dockerfile
#4 transferring dockerfile: 284B done
#4 DONE 0.0s

#5 [bootstrap internal] load build definition from Dockerfile
#5 transferring dockerfile: 272B done
#5 DONE 0.0s

#6 [baseline-awareness internal] load build definition from Dockerfile
#6 transferring dockerfile: 299B 0.0s done
#6 DONE 0.0s

#7 [planner internal] load build definition from Dockerfile
#7 transferring dockerfile: 266B done
#7 DONE 0.1s

#8 [planner internal] load metadata for docker.io/library/swift:6.1-jammy
#8 DONE 1.2s

#9 [llm-gateway internal] load metadata for docker.io/library/ubuntu:22.04
#9 DONE 1.2s

#10 [bootstrap internal] load .dockerignore
#10 transferring context: 2B done
#10 DONE 0.0s

#11 [llm-gateway internal] load .dockerignore
#11 transferring context: 2B done
#11 DONE 0.0s

#12 [function-caller internal] load .dockerignore
#12 transferring context: 2B done
#12 DONE 0.0s

#13 [tools-factory internal] load .dockerignore
#13 transferring context: 2B done
#13 DONE 0.0s

#14 [persist internal] load .dockerignore
#14 transferring context: 2B done
#14 DONE 0.0s

#15 [baseline-awareness internal] load .dockerignore
#15 transferring context: 2B done
#15 DONE 0.0s

#16 [baseline-awareness build 1/4] FROM docker.io/library/swift:6.1-jammy@sha256:512716edb447938962d96627ff0b9f00d5701bfa61d97a5b5654f07a1482c342
#16 DONE 0.0s

#17 [baseline-awareness stage-1 1/2] FROM docker.io/library/ubuntu:22.04@sha256:59ccd419c0dc0edf9e3bff1a3b2b073ea15a2ce4bc45ce7c989278b225b09af3
#17 DONE 0.0s

#18 [planner internal] load .dockerignore
#18 transferring context: 2B done
#18 DONE 0.0s

#19 [bootstrap internal] load build context
#19 transferring context: 1.88MB 5.0s
#19 ...

#20 [persist internal] load build context
#20 ...

#19 [bootstrap internal] load build context
#19 transferring context: 6.09MB 8.8s done
#19 ...

#21 [llm-gateway internal] load build context
#21 transferring context: 6.09MB 8.2s done
#21 DONE 9.0s

#19 [bootstrap internal] load build context
#19 DONE 9.0s

#22 [baseline-awareness internal] load build context
#22 transferring context: 6.09MB 8.2s done
#22 DONE 9.0s

#23 [function-caller internal] load build context
#23 transferring context: 6.09MB 8.7s done
#23 DONE 9.0s

#24 [planner internal] load build context
#24 transferring context: 6.09MB 8.3s done
#24 DONE 9.0s

#25 [tools-factory internal] load build context
#25 transferring context: 6.09MB 8.3s done
#25 DONE 9.0s

#20 [persist internal] load build context
#20 transferring context: 6.09MB 8.7s done
#20 DONE 9.0s

#26 [bootstrap build 2/4] WORKDIR /src
#26 CACHED

#27 [bootstrap build 3/4] COPY . .
#27 DONE 7.8s

#28 [bootstrap build 3/4] COPY . .
#28 CACHED

#29 [function-caller build 3/4] COPY . .
#29 CACHED

#30 [planner build 3/4] COPY . .
#30 CACHED

#31 [persist build 3/4] COPY . .
#31 CACHED

#32 [baseline-awareness build 3/4] COPY . .
#32 CACHED

#33 [tools-factory build 3/4] COPY . .
#33 CACHED

#34 [baseline-awareness build 4/4] RUN swift build -c release --product baseline-awareness-server
#34 ...

#35 [bootstrap build 4/4] RUN swift build -c release --product bootstrap-server
#35 ...

#36 [function-caller build 4/4] RUN swift build -c release --product function-caller-server
#36 ...

#37 [planner build 4/4] RUN swift build -c release --product planner-server
#37 ...

#38 [llm-gateway build 4/4] RUN swift build -c release --product llm-gateway-server
#38 ...

#39 [persist build 4/4] RUN swift build -c release --product persist-server
#39 ...

#40 [tools-factory build 4/4] RUN swift build -c release --product tools-factory-server
#40 ...

#37 [planner build 4/4] RUN swift build -c release --product planner-server
#37 25.41 Building for production...
#37 25.46 [0/6] Write sources
#37 26.02 [3/6] Write swift-version-24593BA9C3E375BF.txt
#37 ...

#40 [tools-factory build 4/4] RUN swift build -c release --product tools-factory-server
#40 27.49 Building for production...
#40 27.55 [0/14] Write sources
#40 28.64 [5/14] Write swift-version-24593BA9C3E375BF.txt
#40 28.69 [6/14] Compiling writer.c
#40 28.96 [7/14] Compiling reader.c
#40 29.32 [8/15] Compiling api.c
#40 29.55 [9/15] Compiling parser.c
#40 30.48 [10/15] Compiling emitter.c
#40 30.54 [11/15] Compiling scanner.c
#40 ...

#37 [planner build 4/4] RUN swift build -c release --product planner-server
#37 35.31 [5/7] Compiling ServiceShared Models.swift
#37 ...

#34 [baseline-awareness build 4/4] RUN swift build -c release --product baseline-awareness-server
#34 25.65 Building for production...
#34 25.74 [0/6] Write sources
#34 26.06 [3/6] Write swift-version-24593BA9C3E375BF.txt
#34 35.29 [5/7] Compiling ServiceShared Models.swift
#34 ...

#36 [function-caller build 4/4] RUN swift build -c release --product function-caller-server
#36 25.69 Building for production...
#36 25.81 [0/14] Write sources
#36 26.78 [5/14] Write swift-version-24593BA9C3E375BF.txt
#36 26.80 [6/14] Compiling reader.c
#36 26.81 [7/14] Compiling writer.c
#36 26.98 [8/14] Compiling parser.c
#36 26.98 [8/14] Compiling api.c
#36 27.53 [10/15] Compiling emitter.c
#36 28.53 [11/15] Compiling scanner.c
#36 ...

#35 [bootstrap build 4/4] RUN swift build -c release --product bootstrap-server
#35 25.69 Building for production...
#35 25.77 [0/7] Write sources
#35 26.30 [4/7] Write swift-version-24593BA9C3E375BF.txt
#35 35.69 [6/8] Compiling ServiceShared Models.swift
#35 ...

#38 [llm-gateway build 4/4] RUN swift build -c release --product llm-gateway-server
#38 25.73 Building for production...
#38 25.81 [0/6] Write sources
#38 26.32 [3/6] Write swift-version-24593BA9C3E375BF.txt
#38 35.44 [5/7] Compiling ServiceShared Models.swift
#38 ...

#39 [persist build 4/4] RUN swift build -c release --product persist-server
#39 25.68 Building for production...
#39 25.76 [0/6] Write sources
#39 26.17 [3/6] Write swift-version-24593BA9C3E375BF.txt
#39 35.93 [5/7] Compiling ServiceShared Models.swift
#39 ...

#38 [llm-gateway build 4/4] RUN swift build -c release --product llm-gateway-server
#38 37.27 [6/8] Compiling LLMGatewayService HTTPKernel.swift
#38 39.00 [7/9] Compiling LLMGatewayServer main.swift
#38 39.03 [7/9] Write Objects.LinkFileList
#38 ...

#34 [baseline-awareness build 4/4] RUN swift build -c release --product baseline-awareness-server
#34 38.81 [6/8] Compiling BaselineAwarenessService BaselineStore.swift
#34 39.18 [7/9] Compiling BaselineAwarenessServer HTTPServer.swift
#34 39.19 /src/Generated/Server/baseline-awareness/main.swift:23:36: error: cannot convert value of type '__socket_type' to expected argument type 'Int32'
#34 39.19  21 | 
#34 39.19  22 |     func start() throws {
#34 39.19  23 |         serverFD = socket(AF_INET, SOCK_STREAM, 0)
#34 39.19     |                                    `- error: cannot convert value of type '__socket_type' to expected argument type 'Int32'
#34 39.19  24 |         guard serverFD >= 0 else { throw RuntimeError.socket }
#34 39.19  25 |         var opt: Int32 = 1
#34 ERROR: process "/bin/sh -c swift build -c release --product baseline-awareness-server" did not complete successfully: exit code: 1

#38 [llm-gateway build 4/4] RUN swift build -c release --product llm-gateway-server
#38 39.93 [8/9] Linking llm-gateway-server
#38 39.95 Build of product 'llm-gateway-server' complete! (38.01s)
#38 DONE 40.3s

#39 [persist build 4/4] RUN swift build -c release --product persist-server
#39 38.03 [6/8] Compiling PersistService HTTPKernel.swift
#39 39.43 [7/9] Compiling PersistServer main.swift
#39 39.47 [7/9] Write Objects.LinkFileList
#39 ...

#40 [tools-factory build 4/4] RUN swift build -c release --product tools-factory-server
#40 38.89 [13/16] Compiling ServiceShared Models.swift
#40 CANCELED

#35 [bootstrap build 4/4] RUN swift build -c release --product bootstrap-server
#35 38.77 [7/9] Compiling BaselineAwarenessService BaselineStore.swift
#35 CANCELED

#37 [planner build 4/4] RUN swift build -c release --product planner-server
#37 38.55 [6/8] Compiling PlannerService HTTPKernel.swift
#37 CANCELED

#39 [persist build 4/4] RUN swift build -c release --product persist-server
#39 CANCELED

#36 [function-caller build 4/4] RUN swift build -c release --product function-caller-server
#36 37.69 [13/16] Compiling ServiceShared Models.swift
#36 CANCELED
------
 > [baseline-awareness build 4/4] RUN swift build -c release --product baseline-awareness-server:
35.29 [5/7] Compiling ServiceShared Models.swift
38.81 [6/8] Compiling BaselineAwarenessService BaselineStore.swift
39.18 [7/9] Compiling BaselineAwarenessServer HTTPServer.swift
39.19 /src/Generated/Server/baseline-awareness/main.swift:23:36: error: cannot convert value of type '__socket_type' to expected argument type 'Int32'
39.19  21 | 
39.19  22 |     func start() throws {
39.19  23 |         serverFD = socket(AF_INET, SOCK_STREAM, 0)
39.19     |                                    `- error: cannot convert value of type '__socket_type' to expected argument type 'Int32'
39.19  24 |         guard serverFD >= 0 else { throw RuntimeError.socket }
39.19  25 |         var opt: Int32 = 1
------
failed to solve: process "/bin/sh -c swift build -c release --product baseline-awareness-server" did not complete successfully: exit code: 1
 Network kong-codex_default  Creating
 Network kong-codex_default  Created
 Container kong-codex-typesense-1  Creating
 Container kong-codex-kong-1  Creating
 Container kong-codex-typesense-1  Created
 Container kong-codex-kong-1  Created
Attaching to kong-1, typesense-1
Gracefully stopping... (press Ctrl+C again to force)
Error response from daemon: mounts denied: 
The path /srv/deploy/repos/kong-codex/kong.yaml is not shared from the host and is not known to Docker.
You can configure shared paths from Docker -> Preferences... -> Resources -> File Sharing.
See https://docs.docker.com/desktop/settings/mac/#file-sharing for more info.
 Container kong-codex-typesense-1  Stopping
 Container kong-codex-kong-1  Stopping
 Container kong-codex-kong-1  Stopped
 Container kong-codex-kong-1  Removing
 Container kong-codex-kong-1  Removed
 Container kong-codex-typesense-1  Stopped
 Container kong-codex-typesense-1  Removing
 Container kong-codex-typesense-1  Removed
 Network kong-codex_default  Removing
 Network kong-codex_default  Removed

[2025-07-17T10:54:59.701070] Running integration tests for fountainai...
[2025-07-17T10:55:59.050590] Integration tests for fountainai failed with exit code 1

[2025-07-17T10:55:59.051342] Running integration tests for kong-codex...
[2025-07-17T10:56:10.125754] Integration tests for kong-codex failed with exit code 1
