[2025-07-17T10:40:43.657234] === New Cycle ===
Building for debugging...
[0/274] Compiling x_algor.cc
[1/274] Compiling x_all.cc
[1/274] Compiling x_attrib.cc
[1/274] Compiling x_exten.cc
[2/274] Compiling x509spki.cc
[2/274] Compiling x509rset.cc
[6/274] Compiling x_crl.cc
[7/274] Compiling x_name.cc
[8/274] Write swift-version-24593BA9C3E375BF.txt
[9/263] Compiling x509_txt.cc
[10/263] Compiling x509_v3.cc
[11/263] Compiling x509name.cc
[12/263] Compiling x509_vpm.cc
[13/263] Compiling x509_trs.cc
[14/265] Compiling x509cset.cc
[14/265] Compiling x509_vfy.cc
[16/274] Compiling x509_set.cc
[18/308] Compiling FunctionCallerService Router.swift
[19/308] Compiling FunctionCallerService HTTPKernel.swift
[20/308] Compiling ToolsFactoryServer main.swift
/srv/deploy/repos/fountainai/Generated/Server/tools-factory/main.swift:23:36: error: cannot convert value of type '__socket_type' to expected argument type 'Int32'
21 | 
22 |     func start() throws {
23 |         serverFD = socket(AF_INET, SOCK_STREAM, 0)
   |                                    `- error: cannot convert value of type '__socket_type' to expected argument type 'Int32'
24 |         guard serverFD >= 0 else { throw RuntimeError.socket }
25 |         var opt: Int32 = 1
[21/308] Emitting module FunctionCallerService
[22/308] Emitting module ToolsFactoryServer
[23/309] Compiling Atomics UnsafeAtomicLazyReference.swift
[23/310] Compiling x509_req.cc
[23/310] Compiling x509_obj.cc
[23/310] Compiling x509_lu.cc
[24/310] Emitting module ClientGenerator

[2025-07-17T10:40:43.658139] Starting swift build...
[2025-07-17T10:40:47.452083] swift build failed with exit code 1
[2025-07-17T10:40:47.587436] [dispatcher] Updated git remote to use token-based authentication.
[2025-07-17T10:40:48.958289] [dispatcher] Running Docker build...
[2025-07-17T10:40:48.959355] [dispatcher] Running tests...
Compose now can delegate build to bake for better performances
Just set COMPOSE_BAKE=true
#0 building with "default" instance using docker driver

#1 [tools-factory internal] load build definition from Dockerfile
#1 transferring dockerfile: 284B 0.0s done
#1 DONE 0.0s

#2 [bootstrap internal] load build definition from Dockerfile
#2 transferring dockerfile: 272B 0.0s done
#2 DONE 0.0s

#3 [llm-gateway internal] load build definition from Dockerfile
#3 transferring dockerfile: 278B 0.0s done
#3 DONE 0.0s

#4 [persist internal] load build definition from Dockerfile
#4 transferring dockerfile: 266B 0.0s done
#4 DONE 0.0s

#5 [planner internal] load build definition from Dockerfile
#5 transferring dockerfile: 266B done
#5 DONE 0.1s

#6 [function-caller internal] load build definition from Dockerfile
#6 transferring dockerfile: 290B 0.0s done
#6 DONE 0.1s

#7 [baseline-awareness internal] load build definition from Dockerfile
#7 transferring dockerfile: 299B done
#7 DONE 0.1s

#8 [baseline-awareness internal] load metadata for docker.io/library/swift:6.1-jammy
#8 DONE 0.5s

#9 [persist internal] load metadata for docker.io/library/ubuntu:22.04
#9 DONE 0.5s

#10 [persist internal] load .dockerignore
#10 transferring context: 2B done
#10 DONE 0.0s

#11 [planner internal] load .dockerignore
#11 transferring context: 2B done
#11 DONE 0.0s

#12 [function-caller internal] load .dockerignore
#12 transferring context: 2B done
#12 DONE 0.0s

#13 [tools-factory build 1/4] FROM docker.io/library/swift:6.1-jammy@sha256:512716edb447938962d96627ff0b9f00d5701bfa61d97a5b5654f07a1482c342
#13 DONE 0.0s

#14 [tools-factory stage-1 1/2] FROM docker.io/library/ubuntu:22.04@sha256:59ccd419c0dc0edf9e3bff1a3b2b073ea15a2ce4bc45ce7c989278b225b09af3
#14 DONE 0.0s

#15 [bootstrap internal] load .dockerignore
#15 transferring context: 2B done
#15 DONE 0.0s

#16 [baseline-awareness internal] load .dockerignore
#16 transferring context: 2B done
#16 DONE 0.0s

#17 [tools-factory internal] load .dockerignore
#17 transferring context: 2B done
#17 DONE 0.0s

#18 [llm-gateway internal] load .dockerignore
#18 transferring context: 2B done
#18 DONE 0.0s

#19 [llm-gateway internal] load build context
#19 transferring context: 5.86MB 5.0s
#19 ...

#20 [baseline-awareness internal] load build context
#20 ...

#19 [llm-gateway internal] load build context
#19 transferring context: 6.42MB 8.0s done
#19 ...

#21 [persist internal] load build context
#21 transferring context: 6.42MB 8.0s done
#21 DONE 8.2s

#22 [tools-factory internal] load build context
#22 transferring context: 6.42MB 7.4s done
#22 DONE 8.1s

#23 [bootstrap internal] load build context
#23 transferring context: 6.42MB 7.9s done
#23 DONE 8.1s

#20 [baseline-awareness internal] load build context
#20 transferring context: 6.42MB 8.0s done
#20 DONE 8.2s

#19 [llm-gateway internal] load build context
#19 DONE 8.2s

#24 [planner internal] load build context
#24 transferring context: 6.42MB 8.0s done
#24 DONE 8.2s

#25 [function-caller internal] load build context
#25 transferring context: 6.42MB 7.9s done
#25 DONE 8.2s

#26 [persist build 2/4] WORKDIR /src
#26 CACHED

#27 [baseline-awareness build 3/4] COPY . .
#27 DONE 7.6s

#28 [planner build 3/4] COPY . .
#28 CACHED

#29 [baseline-awareness build 3/4] COPY . .
#29 CACHED

#30 [llm-gateway build 3/4] COPY . .
#30 CACHED

#31 [persist build 3/4] COPY . .
#31 CACHED

#32 [bootstrap build 3/4] COPY . .
#32 CACHED

#33 [function-caller build 3/4] COPY . .
#33 CACHED

#34 [bootstrap build 4/4] RUN swift build -c release --product bootstrap-server
#34 ...

#35 [persist build 4/4] RUN swift build -c release --product persist-server
#35 ...

#36 [llm-gateway build 4/4] RUN swift build -c release --product llm-gateway-server
#36 ...

#37 [planner build 4/4] RUN swift build -c release --product planner-server
#37 ...

#38 [baseline-awareness build 4/4] RUN swift build -c release --product baseline-awareness-server
#38 ...

#39 [function-caller build 4/4] RUN swift build -c release --product function-caller-server
#39 ...

#40 [tools-factory build 4/4] RUN swift build -c release --product tools-factory-server
#40 ...

#39 [function-caller build 4/4] RUN swift build -c release --product function-caller-server
#39 18.06 Building for production...
#39 18.17 [0/14] Write sources
#39 18.52 [5/14] Compiling writer.c
#39 18.53 [6/14] Compiling reader.c
#39 18.67 [7/14] Compiling api.c
#39 18.72 [8/14] Compiling parser.c
#39 19.30 [9/14] Compiling emitter.c
#39 19.30 [9/14] Write swift-version-24593BA9C3E375BF.txt
#39 19.43 [11/15] Compiling scanner.c
#39 ...

#40 [tools-factory build 4/4] RUN swift build -c release --product tools-factory-server
#40 19.64 Building for production...
#40 19.70 [0/14] Write sources
#40 19.87 [5/14] Compiling writer.c
#40 20.04 [6/14] Compiling reader.c
#40 20.28 [7/14] Compiling api.c
#40 20.42 [8/14] Compiling parser.c
#40 20.92 [9/14] Compiling emitter.c
#40 20.92 [10/14] Write swift-version-24593BA9C3E375BF.txt
#40 21.76 [11/15] Compiling scanner.c
#40 ...

#39 [function-caller build 4/4] RUN swift build -c release --product function-caller-server
#39 26.28 [13/16] Compiling ServiceShared Models.swift
#39 ...

#37 [planner build 4/4] RUN swift build -c release --product planner-server
#37 18.23 Building for production...
#37 18.31 [0/6] Write sources
#37 18.54 [3/6] Write swift-version-24593BA9C3E375BF.txt
#37 24.87 [5/7] Compiling ServiceShared Models.swift
#37 27.28 [6/8] Compiling PlannerService HTTPKernel.swift
#37 ...

#38 [baseline-awareness build 4/4] RUN swift build -c release --product baseline-awareness-server
#38 18.43 Building for production...
#38 18.49 [0/6] Write sources
#38 18.70 [3/6] Write swift-version-24593BA9C3E375BF.txt
#38 25.10 [5/7] Compiling ServiceShared Models.swift
#38 27.36 [6/8] Compiling BaselineAwarenessService BaselineStore.swift
#38 27.65 [7/9] Compiling BaselineAwarenessServer HTTPServer.swift
#38 27.66 /src/Generated/Server/baseline-awareness/main.swift:23:36: error: cannot convert value of type '__socket_type' to expected argument type 'Int32'
#38 27.66  21 | 
#38 27.66  22 |     func start() throws {
#38 27.66  23 |         serverFD = socket(AF_INET, SOCK_STREAM, 0)
#38 27.66     |                                    `- error: cannot convert value of type '__socket_type' to expected argument type 'Int32'
#38 27.66  24 |         guard serverFD >= 0 else { throw RuntimeError.socket }
#38 27.66  25 |         var opt: Int32 = 1
#38 ERROR: process "/bin/sh -c swift build -c release --product baseline-awareness-server" did not complete successfully: exit code: 1

#35 [persist build 4/4] RUN swift build -c release --product persist-server
#35 18.25 Building for production...
#35 18.34 [0/6] Write sources
#35 18.58 [3/6] Write swift-version-24593BA9C3E375BF.txt
#35 24.88 [5/7] Compiling ServiceShared Models.swift
#35 26.85 [6/8] Compiling PersistService HTTPKernel.swift
#35 28.02 [7/9] Compiling PersistServer main.swift
#35 28.09 [7/9] Write Objects.LinkFileList
#35 ...

#36 [llm-gateway build 4/4] RUN swift build -c release --product llm-gateway-server
#36 18.12 Building for production...
#36 18.19 [0/6] Write sources
#36 18.52 [3/6] Write swift-version-24593BA9C3E375BF.txt
#36 24.85 [5/7] Compiling ServiceShared Models.swift
#36 26.55 [6/8] Compiling LLMGatewayService HTTPKernel.swift
#36 28.06 [7/9] Compiling LLMGatewayServer main.swift
#36 28.10 [7/9] Write Objects.LinkFileList
#36 ...

#34 [bootstrap build 4/4] RUN swift build -c release --product bootstrap-server
#34 19.98 Building for production...
#34 20.12 [0/7] Write sources
#34 20.44 [4/7] Write swift-version-24593BA9C3E375BF.txt
#34 27.26 [6/8] Compiling ServiceShared Models.swift
#34 CANCELED

#40 [tools-factory build 4/4] RUN swift build -c release --product tools-factory-server
#40 27.14 [13/16] Compiling ServiceShared Models.swift
#40 CANCELED

#36 [llm-gateway build 4/4] RUN swift build -c release --product llm-gateway-server
#36 CANCELED

#37 [planner build 4/4] RUN swift build -c release --product planner-server
#37 CANCELED

#35 [persist build 4/4] RUN swift build -c release --product persist-server
#35 CANCELED

#39 [function-caller build 4/4] RUN swift build -c release --product function-caller-server
#39 CANCELED
------
 > [baseline-awareness build 4/4] RUN swift build -c release --product baseline-awareness-server:
25.10 [5/7] Compiling ServiceShared Models.swift
27.36 [6/8] Compiling BaselineAwarenessService BaselineStore.swift
27.65 [7/9] Compiling BaselineAwarenessServer HTTPServer.swift
27.66 /src/Generated/Server/baseline-awareness/main.swift:23:36: error: cannot convert value of type '__socket_type' to expected argument type 'Int32'
27.66  21 | 
27.66  22 |     func start() throws {
27.66  23 |         serverFD = socket(AF_INET, SOCK_STREAM, 0)
27.66     |                                    `- error: cannot convert value of type '__socket_type' to expected argument type 'Int32'
27.66  24 |         guard serverFD >= 0 else { throw RuntimeError.socket }
27.66  25 |         var opt: Int32 = 1
------
failed to solve: process "/bin/sh -c swift build -c release --product baseline-awareness-server" did not complete successfully: exit code: 1
 Network kong-codex_default  Creating
 Network kong-codex_default  Created
 Container kong-codex-kong-1  Creating
 Container kong-codex-typesense-1  Creating
 Container kong-codex-typesense-1  Created
 Container kong-codex-kong-1  Created
Attaching to kong-1, typesense-1
Error response from daemon: mounts denied: 
The path /srv/deploy/repos/kong-codex/kong.conf is not shared from the host and is not known to Docker.
You can configure shared paths from Docker -> Preferences... -> Resources -> File Sharing.
See https://docs.docker.com/desktop/settings/mac/#file-sharing for more info.
 Container kong-codex-kong-1  Stopping
 Container kong-codex-typesense-1  Stopping
 Container kong-codex-kong-1  Stopped
 Container kong-codex-kong-1  Removing
 Container kong-codex-kong-1  Removed
 Container kong-codex-typesense-1  Stopped
 Container kong-codex-typesense-1  Removing
 Container kong-codex-typesense-1  Removed
 Network kong-codex_default  Removing
 Network kong-codex_default  Removed

[2025-07-17T10:40:48.959756] Running integration tests for fountainai...
[2025-07-17T10:41:34.540751] Integration tests for fountainai failed with exit code 1

[2025-07-17T10:41:34.540960] Running integration tests for kong-codex...
[2025-07-17T10:41:45.568864] Integration tests for kong-codex failed with exit code 1
