[2025-07-19T00:55:11.776671] === New Cycle ===
Building for debugging...
[0/42] Write swift-version-24593BA9C3E375BF.txt
[2/61] Emitting module PlannerServer
[3/61] Compiling PlannerServer main.swift
/srv/deploy/repos/fountainai/Generated/Server/planner/main.swift:23:33: error: cannot convert value of type '__socket_type' to specified type 'Int32'
 21 | 
 22 |     func start() throws {
 23 |         let socketType: Int32 = SOCK_STREAM
    |                                 `- error: cannot convert value of type '__socket_type' to specified type 'Int32'
 24 | 
 25 |         serverFD = socket(AF_INET, socketType, 0)
[4/61] Emitting module LLMGatewayServer
[5/61] Emitting module PersistServer
[6/61] Compiling LLMGatewayServer main.swift
/srv/deploy/repos/fountainai/Generated/Server/llm-gateway/main.swift:23:33: error: cannot convert value of type '__socket_type' to specified type 'Int32'
 21 | 
 22 |     func start() throws {
 23 |         let socketType: Int32 = SOCK_STREAM
    |                                 `- error: cannot convert value of type '__socket_type' to specified type 'Int32'
 24 | 
 25 |         serverFD = socket(AF_INET, socketType, 0)
[7/61] Compiling PersistServer main.swift
/srv/deploy/repos/fountainai/Generated/Server/persist/main.swift:23:33: error: cannot convert value of type '__socket_type' to specified type 'Int32'
 21 | 
 22 |     func start() throws {
 23 |         let socketType: Int32 = SOCK_STREAM
    |                                 `- error: cannot convert value of type '__socket_type' to specified type 'Int32'
 24 | 
 25 |         serverFD = socket(AF_INET, socketType, 0)
[7/61] Compiling bcm.cc
[7/61] Compiling c-atomics.c
[7/61] Compiling c-nioatomics.c

[2025-07-19T00:55:11.777680] Starting swift build...
[2025-07-19T00:55:13.336802] swift build failed with exit code 1
[2025-07-19T00:55:13.505899] [dispatcher] Updated git remote to use token-based authentication.
[2025-07-19T00:55:15.218016] [dispatcher] Running Docker build...
[2025-07-19T00:55:15.218666] [dispatcher] Running tests...
Compose now can delegate build to bake for better performances
Just set COMPOSE_BAKE=true
#0 building with "default" instance using docker driver

#1 [function-caller internal] load build definition from Dockerfile
#1 transferring dockerfile: 290B done
#1 DONE 0.0s

#2 [baseline-awareness internal] load build definition from Dockerfile
#2 transferring dockerfile: 299B done
#2 DONE 0.0s

#3 [planner internal] load build definition from Dockerfile
#3 transferring dockerfile: 266B done
#3 DONE 0.0s

#4 [llm-gateway internal] load build definition from Dockerfile
#4 transferring dockerfile: 278B done
#4 DONE 0.0s

#5 [bootstrap internal] load build definition from Dockerfile
#5 transferring dockerfile: 272B done
#5 DONE 0.0s

#6 [tools-factory internal] load build definition from Dockerfile
#6 transferring dockerfile: 284B done
#6 DONE 0.0s

#7 [persist internal] load build definition from Dockerfile
#7 transferring dockerfile: 266B done
#7 DONE 0.0s

#8 [tools-factory internal] load metadata for docker.io/library/ubuntu:22.04
#8 DONE 4.0s

#9 [llm-gateway internal] load metadata for docker.io/library/swift:6.1-jammy
#9 DONE 4.0s

#10 [function-caller internal] load .dockerignore
#10 transferring context: 2B 0.0s done
#10 DONE 0.0s

#11 [planner internal] load .dockerignore
#11 transferring context: 2B 0.0s done
#11 DONE 0.1s

#12 [tools-factory internal] load .dockerignore
#12 transferring context: 2B 0.0s done
#12 DONE 0.1s

#13 [function-caller internal] load build context
#13 DONE 0.0s

#14 [baseline-awareness internal] load .dockerignore
#14 transferring context: 2B 0.0s done
#14 DONE 0.1s

#15 [llm-gateway internal] load .dockerignore
#15 transferring context: 2B done
#15 DONE 0.1s

#16 [planner internal] load build context
#16 DONE 0.0s

#17 [tools-factory internal] load build context
#17 DONE 0.0s

#18 [bootstrap internal] load .dockerignore
#18 transferring context: 2B done
#18 DONE 0.1s

#19 [persist internal] load .dockerignore
#19 transferring context: 2B done
#19 DONE 0.1s

#20 [baseline-awareness internal] load build context
#20 DONE 0.0s

#21 [llm-gateway internal] load build context
#21 DONE 0.0s

#22 [persist build 1/4] FROM docker.io/library/swift:6.1-jammy@sha256:512716edb447938962d96627ff0b9f00d5701bfa61d97a5b5654f07a1482c342
#22 resolve docker.io/library/swift:6.1-jammy@sha256:512716edb447938962d96627ff0b9f00d5701bfa61d97a5b5654f07a1482c342
#22 resolve docker.io/library/swift:6.1-jammy@sha256:512716edb447938962d96627ff0b9f00d5701bfa61d97a5b5654f07a1482c342 0.0s done
#22 DONE 0.0s

#23 [bootstrap stage-1 1/2] FROM docker.io/library/ubuntu:22.04@sha256:1ec65b2719518e27d4d25f104d93f9fac60dc437f81452302406825c46fcc9cb
#23 resolve docker.io/library/ubuntu:22.04@sha256:1ec65b2719518e27d4d25f104d93f9fac60dc437f81452302406825c46fcc9cb 0.0s done
#23 CACHED

#24 [persist internal] load build context
#24 transferring context: 8.11MB 4.9s
#24 ...

#25 [bootstrap internal] load build context
#25 ...

#24 [persist internal] load build context
#24 transferring context: 9.53MB 10.0s
#24 ...

#20 [baseline-awareness internal] load build context
#20 ...

#16 [planner internal] load build context
#16 ...

#21 [llm-gateway internal] load build context
#21 ...

#13 [function-caller internal] load build context
#13 ...

#17 [tools-factory internal] load build context
#17 ...

#21 [llm-gateway internal] load build context
#21 transferring context: 9.70MB 11.1s done
#21 DONE 11.2s

#17 [tools-factory internal] load build context
#17 ...

#25 [bootstrap internal] load build context
#25 transferring context: 9.70MB 11.1s done
#25 DONE 11.3s

#24 [persist internal] load build context
#24 transferring context: 9.70MB 11.1s done
#24 DONE 11.3s

#16 [planner internal] load build context
#16 transferring context: 9.70MB 11.1s done
#16 DONE 11.3s

#13 [function-caller internal] load build context
#13 transferring context: 9.70MB 11.0s done
#13 DONE 11.3s

#17 [tools-factory internal] load build context
#17 ...

#20 [baseline-awareness internal] load build context
#20 transferring context: 9.70MB 11.2s done
#20 DONE 11.3s

#26 [tools-factory build 2/4] WORKDIR /src
#26 CACHED

#17 [tools-factory internal] load build context
#17 transferring context: 9.70MB 9.8s done
#17 DONE 11.5s

#27 [tools-factory build 3/4] COPY . .
#27 DONE 12.0s

#28 [baseline-awareness build 3/4] COPY . .
#28 CACHED

#29 [tools-factory build 3/4] COPY . .
#29 CACHED

#30 [persist build 3/4] COPY . .
#30 CACHED

#31 [bootstrap build 3/4] COPY . .
#31 CACHED

#32 [function-caller build 3/4] COPY . .
#32 CACHED

#33 [planner build 3/4] COPY . .
#33 CACHED

#34 [llm-gateway build 4/4] RUN swift build -c release --product llm-gateway-server
#34 ...

#35 [persist build 4/4] RUN swift build -c release --product persist-server
#35 ...

#36 [function-caller build 4/4] RUN swift build -c release --product function-caller-server
#36 ...

#37 [baseline-awareness build 4/4] RUN swift build -c release --product baseline-awareness-server
#37 ...

#38 [planner build 4/4] RUN swift build -c release --product planner-server
#38 ...

#39 [tools-factory build 4/4] RUN swift build -c release --product tools-factory-server
#39 ...

#40 [bootstrap build 4/4] RUN swift build -c release --product bootstrap-server
#40 ...

#38 [planner build 4/4] RUN swift build -c release --product planner-server
#38 16.46 Building for production...
#38 16.52 [0/6] Write sources
#38 16.76 [3/6] Write swift-version-24593BA9C3E375BF.txt
#38 ...

#36 [function-caller build 4/4] RUN swift build -c release --product function-caller-server
#36 16.51 Building for production...
#36 16.61 [0/14] Write sources
#36 17.00 [5/14] Compiling writer.c
#36 17.06 [6/14] Compiling reader.c
#36 17.07 [7/14] Write swift-version-24593BA9C3E375BF.txt
#36 17.30 [8/14] Compiling parser.c
#36 17.30 [9/14] Compiling api.c
#36 17.64 [10/15] Compiling emitter.c
#36 17.97 [11/15] Compiling scanner.c
#36 ...

#38 [planner build 4/4] RUN swift build -c release --product planner-server
#38 22.94 [5/7] Compiling ServiceShared Models.swift
#38 ...

#34 [llm-gateway build 4/4] RUN swift build -c release --product llm-gateway-server
#34 16.49 Building for production...
#34 16.60 [0/6] Write sources
#34 16.84 [3/6] Write swift-version-24593BA9C3E375BF.txt
#34 22.95 [5/7] Compiling ServiceShared Models.swift
#34 24.31 [6/8] Compiling LLMGatewayService HTTPKernel.swift
#34 24.60 [7/9] Compiling LLMGatewayServer main.swift
#34 24.60 /src/Generated/Server/llm-gateway/main.swift:23:33: error: cannot convert value of type '__socket_type' to specified type 'Int32'
#34 24.60  21 | 
#34 24.60  22 |     func start() throws {
#34 24.60  23 |         let socketType: Int32 = SOCK_STREAM
#34 24.60     |                                 `- error: cannot convert value of type '__socket_type' to specified type 'Int32'
#34 24.60  24 | 
#34 24.60  25 |         serverFD = socket(AF_INET, socketType, 0)
#34 ERROR: process "/bin/sh -c swift build -c release --product llm-gateway-server" did not complete successfully: exit code: 1

#39 [tools-factory build 4/4] RUN swift build -c release --product tools-factory-server
#39 16.49 Building for production...
#39 16.60 [0/14] Write sources
#39 16.99 [5/14] Compiling writer.c
#39 17.06 [6/14] Compiling reader.c
#39 17.27 [7/14] Compiling api.c
#39 17.28 [8/14] Compiling parser.c
#39 17.55 [9/14] Compiling emitter.c
#39 17.87 [10/14] Compiling scanner.c
#39 17.87 [10/14] Write swift-version-24593BA9C3E375BF.txt
#39 23.92 [13/16] Compiling ServiceShared Models.swift
#39 ...

#35 [persist build 4/4] RUN swift build -c release --product persist-server
#35 16.48 Building for production...
#35 16.56 [0/6] Write sources
#35 16.75 [3/6] Write swift-version-24593BA9C3E375BF.txt
#35 22.94 [5/7] Compiling ServiceShared Models.swift
#35 24.50 [6/8] Compiling PersistService HTTPKernel.swift
#35 24.90 [7/9] Compiling PersistServer main.swift
#35 24.90 /src/Generated/Server/persist/main.swift:23:33: error: cannot convert value of type '__socket_type' to specified type 'Int32'
#35 24.90  21 | 
#35 24.90  22 |     func start() throws {
#35 24.90  23 |         let socketType: Int32 = SOCK_STREAM
#35 24.90     |                                 `- error: cannot convert value of type '__socket_type' to specified type 'Int32'
#35 24.90  24 | 
#35 24.90  25 |         serverFD = socket(AF_INET, socketType, 0)
#35 ERROR: process "/bin/sh -c swift build -c release --product persist-server" did not complete successfully: exit code: 1

#38 [planner build 4/4] RUN swift build -c release --product planner-server
#38 25.26 [6/8] Compiling PlannerService HTTPKernel.swift
#38 ...

#39 [tools-factory build 4/4] RUN swift build -c release --product tools-factory-server
#39 CANCELED

#36 [function-caller build 4/4] RUN swift build -c release --product function-caller-server
#36 23.39 [13/16] Compiling ServiceShared Models.swift
#36 CANCELED

#37 [baseline-awareness build 4/4] RUN swift build -c release --product baseline-awareness-server
#37 16.54 Building for production...
#37 16.60 [0/6] Write sources
#37 16.86 [3/6] Write swift-version-24593BA9C3E375BF.txt
#37 22.95 [5/7] Compiling ServiceShared Models.swift
#37 CANCELED

#38 [planner build 4/4] RUN swift build -c release --product planner-server
#38 CANCELED

#40 [bootstrap build 4/4] RUN swift build -c release --product bootstrap-server
#40 16.52 Building for production...
#40 16.60 [0/7] Write sources
#40 16.80 [4/7] Write swift-version-24593BA9C3E375BF.txt
#40 22.94 [6/8] Compiling ServiceShared Models.swift
#40 25.30 [7/9] Compiling BaselineAwarenessService BaselineStore.swift
#40 CANCELED
------
 > [persist build 4/4] RUN swift build -c release --product persist-server:
22.94 [5/7] Compiling ServiceShared Models.swift
24.50 [6/8] Compiling PersistService HTTPKernel.swift
24.90 [7/9] Compiling PersistServer main.swift
24.90 /src/Generated/Server/persist/main.swift:23:33: error: cannot convert value of type '__socket_type' to specified type 'Int32'
24.90  21 | 
24.90  22 |     func start() throws {
24.90  23 |         let socketType: Int32 = SOCK_STREAM
24.90     |                                 `- error: cannot convert value of type '__socket_type' to specified type 'Int32'
24.90  24 | 
24.90  25 |         serverFD = socket(AF_INET, socketType, 0)
------
------
 > [llm-gateway build 4/4] RUN swift build -c release --product llm-gateway-server:
22.95 [5/7] Compiling ServiceShared Models.swift
24.31 [6/8] Compiling LLMGatewayService HTTPKernel.swift
24.60 [7/9] Compiling LLMGatewayServer main.swift
24.60 /src/Generated/Server/llm-gateway/main.swift:23:33: error: cannot convert value of type '__socket_type' to specified type 'Int32'
24.60  21 | 
24.60  22 |     func start() throws {
24.60  23 |         let socketType: Int32 = SOCK_STREAM
24.60     |                                 `- error: cannot convert value of type '__socket_type' to specified type 'Int32'
24.60  24 | 
24.60  25 |         serverFD = socket(AF_INET, socketType, 0)
------
failed to solve: process "/bin/sh -c swift build -c release --product llm-gateway-server" did not complete successfully: exit code: 1
 Network kong-codex_default  Creating
 Network kong-codex_default  Created
 Container kong-codex-kong-1  Creating
 Container kong-codex-typesense-1  Creating
 Container kong-codex-typesense-1  Created
 Container kong-codex-kong-1  Created
Attaching to kong-1, typesense-1
Gracefully stopping... (press Ctrl+C again to force)
Error response from daemon: mounts denied: 
The path /srv/deploy/repos/kong-codex/kong.conf is not shared from the host and is not known to Docker.
You can configure shared paths from Docker -> Preferences... -> Resources -> File Sharing.
See https://docs.docker.com/go/mac-file-sharing/ for more info.
 Container kong-codex-kong-1  Stopping
 Container kong-codex-typesense-1  Stopping
 Container kong-codex-kong-1  Stopped
 Container kong-codex-kong-1  Removing
 Container kong-codex-kong-1  Removed
 Container kong-codex-typesense-1  Stopped
 Container kong-codex-typesense-1  Removing
 Container kong-codex-typesense-1  Removed
 Network kong-codex_default  Removing
 Network kong-codex_default  Removed

[2025-07-19T00:55:15.219170] Running integration tests for fountainai...
[2025-07-19T00:56:08.690577] Integration tests for fountainai failed with exit code 1

[2025-07-19T00:56:08.690925] Running integration tests for kong-codex...
[2025-07-19T00:56:10.934428] Integration tests for kong-codex failed with exit code 1
