[2025-07-15T14:57:14.660554] Dispatcher started successfully ðŸŸ¢
[2025-07-15T14:57:14.661189] === New Cycle ===
time="2025-07-15T14:57:15Z" level=warning msg="/srv/deploy/repos/fountainai/docker-compose.yml: the attribute `version` is obsolete, it will be ignored, please remove it to avoid potential confusion"
Compose now can delegate build to bake for better performances
Just set COMPOSE_BAKE=true
#0 building with "default" instance using docker driver

#1 [tools-factory internal] load build definition from Dockerfile
#1 transferring dockerfile: 325B 0.0s done
#1 DONE 0.1s

#2 [planner internal] load build definition from Dockerfile
#2 transferring dockerfile: 319B 0.0s done
#2 DONE 0.1s

#3 [llm-gateway internal] load build definition from Dockerfile
#3 transferring dockerfile: 323B 0.0s done
#3 DONE 0.1s

#4 [bootstrap internal] load build definition from Dockerfile
#4 transferring dockerfile: 321B done
#4 DONE 0.1s

#5 [persist internal] load build definition from Dockerfile
#5 transferring dockerfile: 319B done
#5 DONE 0.1s

#6 [function-caller internal] load build definition from Dockerfile
#6 transferring dockerfile: 327B done
#6 DONE 0.1s

#7 [function-caller internal] load metadata for docker.io/library/ubuntu:22.04
#7 ...

#8 [baseline-awareness internal] load build definition from Dockerfile
#8 transferring dockerfile: 330B done
#8 DONE 0.1s

#7 [baseline-awareness internal] load metadata for docker.io/library/ubuntu:22.04
#7 DONE 1.1s

#9 [tools-factory internal] load metadata for docker.io/library/swift:6.1-jammy
#9 DONE 1.2s

#10 [bootstrap internal] load .dockerignore
#10 transferring context: 2B 0.0s done
#10 DONE 0.1s

#11 [persist internal] load .dockerignore
#11 transferring context: 2B 0.0s done
#11 DONE 0.1s

#12 [llm-gateway internal] load .dockerignore
#12 transferring context: 2B 0.0s done
#12 ...

#13 [tools-factory internal] load .dockerignore
#13 transferring context: 2B 0.0s done
#13 DONE 0.1s

#14 [bootstrap build 1/4] FROM docker.io/library/swift:6.1-jammy@sha256:74fce669eb8620bce0607b9942c8f3b1a1933e7702b4784d7c2cc282715178f8
#14 DONE 0.0s

#15 [bootstrap stage-1 1/2] FROM docker.io/library/ubuntu:22.04@sha256:3c61d3759c2639d4b836d32a2d3c83fa0214e36f195a3421018dbaaf79cbe37f
#15 DONE 0.0s

#16 [baseline-awareness internal] load .dockerignore
#16 transferring context: 2B done
#16 DONE 0.3s

#14 [baseline-awareness build 1/4] FROM docker.io/library/swift:6.1-jammy@sha256:74fce669eb8620bce0607b9942c8f3b1a1933e7702b4784d7c2cc282715178f8
#14 DONE 0.0s

#17 [planner internal] load .dockerignore
#17 transferring context: 2B 0.0s done
#17 DONE 0.3s

#12 [llm-gateway internal] load .dockerignore
#12 DONE 0.3s

#18 [function-caller internal] load .dockerignore
#18 transferring context: 2B done
#18 DONE 0.3s

#15 [baseline-awareness stage-1 1/2] FROM docker.io/library/ubuntu:22.04@sha256:3c61d3759c2639d4b836d32a2d3c83fa0214e36f195a3421018dbaaf79cbe37f
#15 CACHED

#19 [bootstrap internal] load build context
#19 transferring context: 12.45kB 0.1s done
#19 DONE 0.1s

#20 [planner internal] load build context
#20 transferring context: 14.41kB 0.1s done
#20 DONE 0.1s

#21 [persist internal] load build context
#21 transferring context: 10.73kB 0.1s done
#21 DONE 0.1s

#22 [function-caller internal] load build context
#22 transferring context: 11.86kB 0.1s done
#22 DONE 0.1s

#23 [llm-gateway internal] load build context
#23 transferring context: 7.60kB 0.0s done
#23 DONE 0.1s

#24 [baseline-awareness internal] load build context
#24 transferring context: 20.98kB 0.0s done
#24 DONE 0.1s

#25 [tools-factory internal] load build context
#25 transferring context: 11.96kB 0.0s done
#25 DONE 0.1s

#26 [planner build 3/4] COPY ./ .
#26 CACHED

#27 [persist build 3/4] COPY ./ .
#27 CACHED

#28 [function-caller build 3/4] COPY ./ .
#28 CACHED

#29 [bootstrap build 3/4] COPY ./ .
#29 CACHED

#30 [baseline-awareness build 3/4] COPY ./ .
#30 CACHED

#31 [llm-gateway build 3/4] COPY ./ .
#31 CACHED

#32 [tools-factory build 2/4] WORKDIR /src
#32 CACHED

#33 [tools-factory build 3/4] COPY ./ .
#33 CACHED

#34 [llm-gateway build 4/4] RUN swiftc -O HTTPKernel.swift HTTPRequest.swift HTTPResponse.swift Router.swift Handlers.swift Models.swift main.swift -o /server
#34 ...

#35 [bootstrap build 4/4] RUN swiftc -O HTTPKernel.swift HTTPRequest.swift HTTPResponse.swift Router.swift Handlers.swift Models.swift main.swift -o /server
#35 8.996 HTTPKernel.swift:2:8: error: no such module 'ServiceShared'
#35 8.996  1 | import Foundation
#35 8.996  2 | import ServiceShared
#35 8.996    |        `- error: no such module 'ServiceShared'
#35 8.996  3 | 
#35 8.996  4 | /// Bootstrap service kernel. Requires a bearer token when
#35 ...

#34 [llm-gateway build 4/4] RUN swiftc -O HTTPKernel.swift HTTPRequest.swift HTTPResponse.swift Router.swift Handlers.swift Models.swift main.swift -o /server
#34 9.007 HTTPKernel.swift:2:8: error: no such module 'ServiceShared'
#34 9.007  1 | import Foundation
#34 9.007  2 | import ServiceShared
#34 9.007    |        `- error: no such module 'ServiceShared'
#34 9.007  3 | 
#34 9.007  4 | public struct HTTPKernel {
#34 ...

#36 [function-caller build 4/4] RUN swiftc -O HTTPKernel.swift HTTPRequest.swift HTTPResponse.swift Router.swift Handlers.swift Models.swift main.swift -o /server
#36 9.005 HTTPKernel.swift:2:8: error: no such module 'ServiceShared'
#36 9.005  1 | import Foundation
#36 9.005  2 | import ServiceShared
#36 9.005    |        `- error: no such module 'ServiceShared'
#36 9.005  3 | 
#36 9.005  4 | /// Function Caller service kernel. Requires a bearer token when
#36 ERROR: process "/bin/sh -c swiftc -O HTTPKernel.swift HTTPRequest.swift HTTPResponse.swift Router.swift Handlers.swift Models.swift main.swift -o /server" did not complete successfully: exit code: 1

#35 [bootstrap build 4/4] RUN swiftc -O HTTPKernel.swift HTTPRequest.swift HTTPResponse.swift Router.swift Handlers.swift Models.swift main.swift -o /server
#35 ERROR: process "/bin/sh -c swiftc -O HTTPKernel.swift HTTPRequest.swift HTTPResponse.swift Router.swift Handlers.swift Models.swift main.swift -o /server" did not complete successfully: exit code: 1

#37 [baseline-awareness build 4/4] RUN swiftc -O HTTPKernel.swift HTTPRequest.swift HTTPResponse.swift Router.swift Handlers.swift Models.swift main.swift -o /server
#37 9.209 HTTPKernel.swift:2:8: error: no such module 'ServiceShared'
#37 9.209  1 | import Foundation
#37 9.209  2 | import ServiceShared
#37 9.209    |        `- error: no such module 'ServiceShared'
#37 9.209  3 | 
#37 9.209  4 | /// Baseline Awareness service kernel. Requires a bearer token when
#37 ERROR: process "/bin/sh -c swiftc -O HTTPKernel.swift HTTPRequest.swift HTTPResponse.swift Router.swift Handlers.swift Models.swift main.swift -o /server" did not complete successfully: exit code: 1

#38 [planner build 4/4] RUN swiftc -O HTTPKernel.swift HTTPRequest.swift HTTPResponse.swift Router.swift Handlers.swift Models.swift main.swift -o /server
#38 9.029 HTTPKernel.swift:2:8: error: no such module 'ServiceShared'
#38 9.029  1 | import Foundation
#38 9.029  2 | import ServiceShared
#38 9.029    |        `- error: no such module 'ServiceShared'
#38 9.029  3 | 
#38 9.029  4 | /// Planner service kernel. Requires a bearer token when
#38 ERROR: process "/bin/sh -c swiftc -O HTTPKernel.swift HTTPRequest.swift HTTPResponse.swift Router.swift Handlers.swift Models.swift main.swift -o /server" did not complete successfully: exit code: 1

#39 [persist build 4/4] RUN swiftc -O HTTPKernel.swift HTTPRequest.swift HTTPResponse.swift Router.swift Handlers.swift Models.swift main.swift -o /server
#39 9.167 HTTPKernel.swift:2:8: error: no such module 'ServiceShared'
#39 9.167  1 | import Foundation
#39 9.167  2 | import ServiceShared
#39 9.167    |        `- error: no such module 'ServiceShared'
#39 9.167  3 | 
#39 9.167  4 | public struct HTTPKernel {
#39 ERROR: process "/bin/sh -c swiftc -O HTTPKernel.swift HTTPRequest.swift HTTPResponse.swift Router.swift Handlers.swift Models.swift main.swift -o /server" did not complete successfully: exit code: 1

#40 [tools-factory build 4/4] RUN swiftc -O HTTPKernel.swift HTTPRequest.swift HTTPResponse.swift Router.swift Handlers.swift Models.swift main.swift -o /server
#40 8.996 HTTPKernel.swift:2:8: error: no such module 'ServiceShared'
#40 8.996  1 | import Foundation
#40 8.996  2 | import ServiceShared
#40 8.996    |        `- error: no such module 'ServiceShared'
#40 8.996  3 | 
#40 8.996  4 | public struct HTTPKernel {
#40 ERROR: process "/bin/sh -c swiftc -O HTTPKernel.swift HTTPRequest.swift HTTPResponse.swift Router.swift Handlers.swift Models.swift main.swift -o /server" did not complete successfully: exit code: 1

#34 [llm-gateway build 4/4] RUN swiftc -O HTTPKernel.swift HTTPRequest.swift HTTPResponse.swift Router.swift Handlers.swift Models.swift main.swift -o /server
#34 ERROR: process "/bin/sh -c swiftc -O HTTPKernel.swift HTTPRequest.swift HTTPResponse.swift Router.swift Handlers.swift Models.swift main.swift -o /server" did not complete successfully: exit code: 1
------
 > [persist build 4/4] RUN swiftc -O HTTPKernel.swift HTTPRequest.swift HTTPResponse.swift Router.swift Handlers.swift Models.swift main.swift -o /server:
9.167 HTTPKernel.swift:2:8: error: no such module 'ServiceShared'
9.167  1 | import Foundation
9.167  2 | import ServiceShared
9.167    |        `- error: no such module 'ServiceShared'
9.167  3 | 
9.167  4 | public struct HTTPKernel {
------
------
 > [function-caller build 4/4] RUN swiftc -O HTTPKernel.swift HTTPRequest.swift HTTPResponse.swift Router.swift Handlers.swift Models.swift main.swift -o /server:
9.005 HTTPKernel.swift:2:8: error: no such module 'ServiceShared'
9.005  1 | import Foundation
9.005  2 | import ServiceShared
9.005    |        `- error: no such module 'ServiceShared'
9.005  3 | 
9.005  4 | /// Function Caller service kernel. Requires a bearer token when
------
------
 > [bootstrap build 4/4] RUN swiftc -O HTTPKernel.swift HTTPRequest.swift HTTPResponse.swift Router.swift Handlers.swift Models.swift main.swift -o /server:
8.996 HTTPKernel.swift:2:8: error: no such module 'ServiceShared'
8.996  1 | import Foundation
8.996  2 | import ServiceShared
8.996    |        `- error: no such module 'ServiceShared'
8.996  3 | 
8.996  4 | /// Bootstrap service kernel. Requires a bearer token when
------
------
 > [planner build 4/4] RUN swiftc -O HTTPKernel.swift HTTPRequest.swift HTTPResponse.swift Router.swift Handlers.swift Models.swift main.swift -o /server:
9.029 HTTPKernel.swift:2:8: error: no such module 'ServiceShared'
9.029  1 | import Foundation
9.029  2 | import ServiceShared
9.029    |        `- error: no such module 'ServiceShared'
9.029  3 | 
9.029  4 | /// Planner service kernel. Requires a bearer token when
------
------
 > [baseline-awareness build 4/4] RUN swiftc -O HTTPKernel.swift HTTPRequest.swift HTTPResponse.swift Router.swift Handlers.swift Models.swift main.swift -o /server:
9.209 HTTPKernel.swift:2:8: error: no such module 'ServiceShared'
9.209  1 | import Foundation
9.209  2 | import ServiceShared
9.209    |        `- error: no such module 'ServiceShared'
9.209  3 | 
9.209  4 | /// Baseline Awareness service kernel. Requires a bearer token when
------
------
 > [tools-factory build 4/4] RUN swiftc -O HTTPKernel.swift HTTPRequest.swift HTTPResponse.swift Router.swift Handlers.swift Models.swift main.swift -o /server:
8.996 HTTPKernel.swift:2:8: error: no such module 'ServiceShared'
8.996  1 | import Foundation
8.996  2 | import ServiceShared
8.996    |        `- error: no such module 'ServiceShared'
8.996  3 | 
8.996  4 | public struct HTTPKernel {
------
------
 > [llm-gateway build 4/4] RUN swiftc -O HTTPKernel.swift HTTPRequest.swift HTTPResponse.swift Router.swift Handlers.swift Models.swift main.swift -o /server:
9.007 HTTPKernel.swift:2:8: error: no such module 'ServiceShared'
9.007  1 | import Foundation
9.007  2 | import ServiceShared
9.007    |        `- error: no such module 'ServiceShared'
9.007  3 | 
9.007  4 | public struct HTTPKernel {
------
failed to solve: process "/bin/sh -c swiftc -O HTTPKernel.swift HTTPRequest.swift HTTPResponse.swift Router.swift Handlers.swift Models.swift main.swift -o /server" did not complete successfully: exit code: 1
time="2025-07-15T14:57:27Z" level=warning msg="/srv/deploy/repos/fountainai/docker-compose.yml: the attribute `version` is obsolete, it will be ignored, please remove it to avoid potential confusion"
time="2025-07-15T14:57:27Z" level=warning msg="The \"TYPESENSE_API_KEY\" variable is not set. Defaulting to a blank string."
time="2025-07-15T14:57:27Z" level=warning msg="The \"TYPESENSE_API_KEY\" variable is not set. Defaulting to a blank string."
time="2025-07-15T14:57:27Z" level=warning msg="/srv/deploy/repos/kong-codex/docker-compose.yml: the attribute `version` is obsolete, it will be ignored, please remove it to avoid potential confusion"
 Network kong-codex_default  Creating
 Network kong-codex_default  Created
 Container kong-codex-kong-1  Creating
 Container kong-codex-typesense-1  Creating
 Container kong-codex-kong-1  Created
 Container kong-codex-typesense-1  Created
Attaching to kong-1, typesense-1
Gracefully stopping... (press Ctrl+C again to force)
Error response from daemon: mounts denied: 
The path /srv/deploy/repos/kong-codex/kong.conf is not shared from the host and is not known to Docker.
You can configure shared paths from Docker -> Preferences... -> Resources -> File Sharing.
See https://docs.docker.com/desktop/settings/mac/#file-sharing for more info.
time="2025-07-15T14:57:28Z" level=warning msg="The \"TYPESENSE_API_KEY\" variable is not set. Defaulting to a blank string."
time="2025-07-15T14:57:28Z" level=warning msg="The \"TYPESENSE_API_KEY\" variable is not set. Defaulting to a blank string."
time="2025-07-15T14:57:28Z" level=warning msg="/srv/deploy/repos/kong-codex/docker-compose.yml: the attribute `version` is obsolete, it will be ignored, please remove it to avoid potential confusion"
 Container kong-codex-typesense-1  Stopping
 Container kong-codex-kong-1  Stopping
 Container kong-codex-kong-1  Stopped
 Container kong-codex-kong-1  Removing
 Container kong-codex-kong-1  Removed
 Container kong-codex-typesense-1  Stopped
 Container kong-codex-typesense-1  Removing
 Container kong-codex-typesense-1  Removed
 Network kong-codex_default  Removing
 Network kong-codex_default  Removed

[2025-07-15T14:57:14.665299] Running integration tests for fountainai...
[2025-07-15T14:57:27.665843] Integration tests for fountainai failed with exit code 1

[2025-07-15T14:57:27.670140] Running integration tests for kong-codex...
[2025-07-15T14:57:29.391909] Integration tests for kong-codex failed with exit code 1
error: 'fountainai': package 'fountainai' is using Swift tools version 6.1.0 but the installed version is 5.8.1

[2025-07-15T14:57:29.402328] Starting swift build...
[2025-07-15T14:57:30.615280] swift build failed with exit code 1
[2025-07-15T14:57:30.796926] [dispatcher] Updated git remote to use token-based authentication.
[2025-07-15T14:57:33.432818] Opened PR #87 for Fountain-Coach/codex-deployer
