[2025-07-17T09:12:14.475783] === New Cycle ===
Building for debugging...
[0/41] Write swift-version-24593BA9C3E375BF.txt
[2/48] Emitting module PersistServer
[3/48] Compiling PersistServer main.swift
/srv/deploy/repos/fountainai/Generated/Server/persist/main.swift:23:36: error: cannot convert value of type '__socket_type' to expected argument type 'Int32'
21 | 
22 |     func start() throws {
23 |         serverFD = socket(AF_INET, SOCK_STREAM, 0)
   |                                    `- error: cannot convert value of type '__socket_type' to expected argument type 'Int32'
24 |         guard serverFD >= 0 else { throw RuntimeError.socket }
25 |         var opt: Int32 = 1
[4/48] Emitting module LLMGatewayServer
/srv/deploy/repos/fountainai/Generated/Server/llm-gateway/main.swift:23:36: error: cannot convert value of type '__socket_type' to expected argument type 'Int32'
21 | 
22 |     func start() throws {
23 |         serverFD = socket(AF_INET, SOCK_STREAM, 0)
   |                                    `- error: cannot convert value of type '__socket_type' to expected argument type 'Int32'
24 |         guard serverFD >= 0 else { throw RuntimeError.socket }
25 |         var opt: Int32 = 1
[4/48] Compiling c-atomics.c
[4/48] Compiling c-nioatomics.c
[5/48] Emitting module PlannerServer
[5/48] Compiling bcm.cc
/srv/deploy/repos/fountainai/Generated/Server/planner/main.swift:23:36: error: cannot convert value of type '__socket_type' to expected argument type 'Int32'
21 | 
22 |     func start() throws {
23 |         serverFD = socket(AF_INET, SOCK_STREAM, 0)
   |                                    `- error: cannot convert value of type '__socket_type' to expected argument type 'Int32'
24 |         guard serverFD >= 0 else { throw RuntimeError.socket }
25 |         var opt: Int32 = 1

[2025-07-17T09:12:14.476766] Starting swift build...
[2025-07-17T09:12:16.216944] swift build failed with exit code 1
[2025-07-17T09:12:16.524878] [dispatcher] Updated git remote to use token-based authentication.
[2025-07-17T09:12:18.872682] [dispatcher] Running Docker build...
[2025-07-17T09:12:18.873338] [dispatcher] Running tests...
Compose now can delegate build to bake for better performances
Just set COMPOSE_BAKE=true
#0 building with "default" instance using docker driver

#1 [planner internal] load build definition from Dockerfile
#1 transferring dockerfile: 266B done
#1 DONE 0.0s

#2 [function-caller internal] load build definition from Dockerfile
#2 transferring dockerfile: 290B done
#2 DONE 0.0s

#3 [tools-factory internal] load build definition from Dockerfile
#3 transferring dockerfile: 284B done
#3 DONE 0.0s

#4 [llm-gateway internal] load build definition from Dockerfile
#4 transferring dockerfile: 278B 0.0s done
#4 DONE 0.0s

#5 [persist internal] load build definition from Dockerfile
#5 transferring dockerfile: 266B done
#5 DONE 0.0s

#6 [baseline-awareness internal] load build definition from Dockerfile
#6 transferring dockerfile: 299B done
#6 DONE 0.0s

#7 [bootstrap internal] load build definition from Dockerfile
#7 transferring dockerfile: 272B done
#7 DONE 0.0s

#8 [bootstrap internal] load metadata for docker.io/library/swift:6.1-jammy
#8 DONE 1.7s

#9 [bootstrap internal] load metadata for docker.io/library/ubuntu:22.04
#9 DONE 1.6s

#10 [llm-gateway internal] load .dockerignore
#10 transferring context:
#10 transferring context: 2B 0.0s done
#10 DONE 0.0s

#11 [tools-factory internal] load .dockerignore
#11 transferring context: 2B 0.0s done
#11 DONE 0.0s

#12 [persist internal] load .dockerignore
#12 transferring context: 2B 0.0s done
#12 DONE 0.0s

#13 [bootstrap internal] load .dockerignore
#13 transferring context: 2B 0.0s done
#13 DONE 0.0s

#14 [planner internal] load .dockerignore
#14 transferring context: 2B 0.0s done
#14 DONE 0.0s

#15 [function-caller internal] load .dockerignore
#15 transferring context: 2B 0.0s done
#15 DONE 0.1s

#16 [baseline-awareness stage-1 1/2] FROM docker.io/library/ubuntu:22.04@sha256:59ccd419c0dc0edf9e3bff1a3b2b073ea15a2ce4bc45ce7c989278b225b09af3
#16 DONE 0.0s

#17 [baseline-awareness build 1/4] FROM docker.io/library/swift:6.1-jammy@sha256:512716edb447938962d96627ff0b9f00d5701bfa61d97a5b5654f07a1482c342
#17 DONE 0.0s

#18 [baseline-awareness internal] load .dockerignore
#18 transferring context: 2B 0.0s done
#18 DONE 0.1s

#19 [tools-factory internal] load build context
#19 transferring context: 1.44MB 5.0s
#19 ...

#20 [function-caller internal] load build context
#20 ...

#19 [tools-factory internal] load build context
#19 ...

#21 [baseline-awareness internal] load build context
#21 transferring context: 2.20MB 7.7s
#21 ...

#22 [planner internal] load build context
#22 ...

#23 [persist internal] load build context
#23 ...

#24 [llm-gateway internal] load build context
#24 ...

#25 [bootstrap internal] load build context
#25 ...

#24 [llm-gateway internal] load build context
#24 transferring context: 9.25MB 15.1s
#24 ...

#20 [function-caller internal] load build context
#20 ...

#24 [llm-gateway internal] load build context
#24 transferring context: 9.47MB 16.8s done
#24 ...

#21 [baseline-awareness internal] load build context
#21 transferring context: 9.47MB 14.5s done
#21 DONE 17.0s

#23 [persist internal] load build context
#23 transferring context: 9.47MB 16.8s done
#23 DONE 17.1s

#25 [bootstrap internal] load build context
#25 transferring context: 9.47MB 16.8s done
#25 DONE 17.1s

#19 [tools-factory internal] load build context
#19 transferring context: 9.47MB 16.8s done
#19 DONE 17.1s

#26 [llm-gateway build 2/4] WORKDIR /src
#26 CACHED

#24 [llm-gateway internal] load build context
#24 DONE 17.1s

#20 [function-caller internal] load build context
#20 transferring context: 9.47MB 16.8s done
#20 DONE 17.1s

#27 [baseline-awareness build 3/4] COPY . .
#27 ...

#22 [planner internal] load build context
#22 transferring context: 9.47MB 16.8s done
#22 DONE 17.1s

#27 [llm-gateway build 3/4] COPY . .
#27 DONE 15.1s

#28 [tools-factory build 3/4] COPY . .
#28 CACHED

#29 [persist build 3/4] COPY . .
#29 CACHED

#30 [function-caller build 3/4] COPY . .
#30 CACHED

#31 [planner build 3/4] COPY . .
#31 CACHED

#32 [bootstrap build 3/4] COPY . .
#32 CACHED

#33 [llm-gateway build 3/4] COPY . .
#33 CACHED

#34 [llm-gateway build 4/4] RUN swift build -c release --product llm-gateway-server
#34 ...

#35 [persist build 4/4] RUN swift build -c release --product persist-server
#35 ...

#36 [tools-factory build 4/4] RUN swift build -c release --product tools-factory-server
#36 ...

#37 [planner build 4/4] RUN swift build -c release --product planner-server
#37 ...

#38 [baseline-awareness build 4/4] RUN swift build -c release --product baseline-awareness-server
#38 ...

#39 [function-caller build 4/4] RUN swift build -c release --product function-caller-server
#39 ...

#40 [bootstrap build 4/4] RUN swift build -c release --product bootstrap-server
#40 18.60 Building for production...
#40 ...

#36 [tools-factory build 4/4] RUN swift build -c release --product tools-factory-server
#36 18.73 Building for production...
#36 18.88 [0/14] Write sources
#36 19.56 [5/14] Compiling writer.c
#36 19.57 [6/14] Compiling reader.c
#36 19.65 [7/14] Compiling parser.c
#36 19.89 [8/14] Compiling api.c
#36 19.89 [9/14] Write swift-version-24593BA9C3E375BF.txt
#36 20.25 [10/15] Compiling emitter.c
#36 20.65 [11/15] Compiling scanner.c
#36 26.25 [13/16] Compiling ServiceShared Models.swift
#36 ...

#35 [persist build 4/4] RUN swift build -c release --product persist-server
#35 18.67 Building for production...
#35 18.88 [0/6] Write sources
#35 19.11 [3/6] Write swift-version-24593BA9C3E375BF.txt
#35 25.76 [5/7] Compiling ServiceShared Models.swift
#35 27.55 [6/8] Compiling PersistService HTTPKernel.swift
#35 27.88 [7/9] Compiling PersistServer main.swift
#35 27.88 /src/Generated/Server/persist/main.swift:23:36: error: cannot convert value of type '__socket_type' to expected argument type 'Int32'
#35 27.88 21 | 
#35 27.88 22 |     func start() throws {
#35 27.88 23 |         serverFD = socket(AF_INET, SOCK_STREAM, 0)
#35 27.88    |                                    `- error: cannot convert value of type '__socket_type' to expected argument type 'Int32'
#35 27.88 24 |         guard serverFD >= 0 else { throw RuntimeError.socket }
#35 27.88 25 |         var opt: Int32 = 1
#35 ERROR: process "/bin/sh -c swift build -c release --product persist-server" did not complete successfully: exit code: 1

#39 [function-caller build 4/4] RUN swift build -c release --product function-caller-server
#39 18.64 Building for production...
#39 18.88 [0/14] Write sources
#39 19.54 [5/14] Compiling writer.c
#39 19.65 [6/14] Compiling reader.c
#39 19.83 [7/14] Compiling api.c
#39 19.97 [8/14] Compiling parser.c
#39 20.08 [9/14] Compiling emitter.c
#39 20.60 [10/14] Compiling scanner.c
#39 20.60 [11/14] Write swift-version-24593BA9C3E375BF.txt
#39 26.40 [13/16] Compiling ServiceShared Models.swift
#39 ...

#34 [llm-gateway build 4/4] RUN swift build -c release --product llm-gateway-server
#34 18.63 Building for production...
#34 18.88 [0/6] Write sources
#34 19.10 [3/6] Write swift-version-24593BA9C3E375BF.txt
#34 25.83 [5/7] Compiling ServiceShared Models.swift
#34 27.31 [6/8] Compiling LLMGatewayService HTTPKernel.swift
#34 27.84 [7/9] Compiling LLMGatewayServer main.swift
#34 27.84 /src/Generated/Server/llm-gateway/main.swift:23:36: error: cannot convert value of type '__socket_type' to expected argument type 'Int32'
#34 27.84 21 | 
#34 27.84 22 |     func start() throws {
#34 27.84 23 |         serverFD = socket(AF_INET, SOCK_STREAM, 0)
#34 27.84    |                                    `- error: cannot convert value of type '__socket_type' to expected argument type 'Int32'
#34 27.84 24 |         guard serverFD >= 0 else { throw RuntimeError.socket }
#34 27.84 25 |         var opt: Int32 = 1
#34 ERROR: process "/bin/sh -c swift build -c release --product llm-gateway-server" did not complete successfully: exit code: 1

#37 [planner build 4/4] RUN swift build -c release --product planner-server
#37 18.74 Building for production...
#37 18.88 [0/6] Write sources
#37 19.10 [3/6] Write swift-version-24593BA9C3E375BF.txt
#37 25.76 [5/7] Compiling ServiceShared Models.swift
#37 28.68 [6/8] Compiling PlannerService HTTPKernel.swift
#37 ...

#40 [bootstrap build 4/4] RUN swift build -c release --product bootstrap-server
#40 18.87 [0/7] Write sources
#40 19.12 [4/7] Write swift-version-24593BA9C3E375BF.txt
#40 25.80 [6/8] Compiling ServiceShared Models.swift
#40 28.68 [7/9] Compiling BaselineAwarenessService BaselineStore.swift
#40 CANCELED

#38 [baseline-awareness build 4/4] RUN swift build -c release --product baseline-awareness-server
#38 18.75 Building for production...
#38 18.88 [0/6] Write sources
#38 19.16 [3/6] Write swift-version-24593BA9C3E375BF.txt
#38 25.76 [5/7] Compiling ServiceShared Models.swift
#38 28.31 [6/8] Compiling BaselineAwarenessService BaselineStore.swift
#38 CANCELED

#39 [function-caller build 4/4] RUN swift build -c release --product function-caller-server
#39 CANCELED

#37 [planner build 4/4] RUN swift build -c release --product planner-server
#37 CANCELED

#36 [tools-factory build 4/4] RUN swift build -c release --product tools-factory-server
#36 CANCELED
------
 > [persist build 4/4] RUN swift build -c release --product persist-server:
25.76 [5/7] Compiling ServiceShared Models.swift
27.55 [6/8] Compiling PersistService HTTPKernel.swift
27.88 [7/9] Compiling PersistServer main.swift
27.88 /src/Generated/Server/persist/main.swift:23:36: error: cannot convert value of type '__socket_type' to expected argument type 'Int32'
27.88 21 | 
27.88 22 |     func start() throws {
27.88 23 |         serverFD = socket(AF_INET, SOCK_STREAM, 0)
27.88    |                                    `- error: cannot convert value of type '__socket_type' to expected argument type 'Int32'
27.88 24 |         guard serverFD >= 0 else { throw RuntimeError.socket }
27.88 25 |         var opt: Int32 = 1
------
------
 > [llm-gateway build 4/4] RUN swift build -c release --product llm-gateway-server:
25.83 [5/7] Compiling ServiceShared Models.swift
27.31 [6/8] Compiling LLMGatewayService HTTPKernel.swift
27.84 [7/9] Compiling LLMGatewayServer main.swift
27.84 /src/Generated/Server/llm-gateway/main.swift:23:36: error: cannot convert value of type '__socket_type' to expected argument type 'Int32'
27.84 21 | 
27.84 22 |     func start() throws {
27.84 23 |         serverFD = socket(AF_INET, SOCK_STREAM, 0)
27.84    |                                    `- error: cannot convert value of type '__socket_type' to expected argument type 'Int32'
27.84 24 |         guard serverFD >= 0 else { throw RuntimeError.socket }
27.84 25 |         var opt: Int32 = 1
------
failed to solve: process "/bin/sh -c swift build -c release --product llm-gateway-server" did not complete successfully: exit code: 1
 Network kong-codex_default  Creating
 Network kong-codex_default  Created
 Container kong-codex-kong-1  Creating
 Container kong-codex-typesense-1  Creating
 Container kong-codex-kong-1  Created
 Container kong-codex-typesense-1  Created
Attaching to kong-1, typesense-1
Gracefully stopping... (press Ctrl+C again to force)
Error response from daemon: mounts denied: 
The path /srv/deploy/repos/kong-codex/kong.conf is not shared from the host and is not known to Docker.
You can configure shared paths from Docker -> Preferences... -> Resources -> File Sharing.
See https://docs.docker.com/desktop/settings/mac/#file-sharing for more info.
 Container kong-codex-typesense-1  Stopping
 Container kong-codex-kong-1  Stopping
 Container kong-codex-kong-1  Stopped
 Container kong-codex-kong-1  Removing
 Container kong-codex-kong-1  Removed
 Container kong-codex-typesense-1  Stopped
 Container kong-codex-typesense-1  Removing
 Container kong-codex-typesense-1  Removed
 Network kong-codex_default  Removing
 Network kong-codex_default  Removed

[2025-07-17T09:12:18.873555] Running integration tests for fountainai...
[2025-07-17T09:13:22.599470] Integration tests for fountainai failed with exit code 1

[2025-07-17T09:13:22.599708] Running integration tests for kong-codex...
[2025-07-17T09:13:33.657533] Integration tests for kong-codex failed with exit code 1
