[2025-07-17T11:05:40.061623] === New Cycle ===
Building for debugging...
[0/50] Compiling f_string.cc
[0/50] Compiling f_int.cc
[0/50] Compiling asn_pack.cc
[0/53] Compiling asn1_par.cc
[4/63] Compiling a_utctm.cc
[5/63] Compiling asn1_lib.cc
[6/63] Compiling tasn_dec.cc
[7/63] Write swift-version-24593BA9C3E375BF.txt
[8/50] Compiling a_type.cc
[9/50] Compiling a_time.cc
[10/50] Compiling a_octet.cc
[11/50] Compiling a_strnid.cc
[12/53] Compiling a_strex.cc
[13/59] Compiling a_object.cc
[14/59] Compiling a_mbstr.cc
[16/84] Emitting module Generator
[17/85] Emitting module ToolsFactoryServer
[18/85] Compiling ToolsFactoryServer main.swift
/srv/deploy/repos/fountainai/Generated/Server/tools-factory/main.swift:23:36: error: cannot convert value of type '__socket_type' to expected argument type 'Int32'
21 | 
22 |     func start() throws {
23 |         serverFD = socket(AF_INET, SOCK_STREAM, 0)
   |                                    `- error: cannot convert value of type '__socket_type' to expected argument type 'Int32'
24 |         guard serverFD >= 0 else { throw RuntimeError.socket }
25 |         var opt: Int32 = 1
[19/85] Emitting module FunctionCallerServer
[20/85] Compiling FunctionCallerServer main.swift
/srv/deploy/repos/fountainai/Generated/Server/function-caller/main.swift:23:36: error: cannot convert value of type '__socket_type' to expected argument type 'Int32'
21 | 
22 |     func start() throws {
23 |         serverFD = socket(AF_INET, SOCK_STREAM, 0)
   |                                    `- error: cannot convert value of type '__socket_type' to expected argument type 'Int32'
24 |         guard serverFD >= 0 else { throw RuntimeError.socket }
25 |         var opt: Int32 = 1
[21/85] Compiling a_int.cc
[21/85] Compiling a_i2d_fp.cc
[21/85] Compiling bcm.cc

[2025-07-17T11:05:40.062658] Starting swift build...
[2025-07-17T11:05:42.204689] swift build failed with exit code 1
[2025-07-17T11:05:42.332417] [dispatcher] Updated git remote to use token-based authentication.
[2025-07-17T11:05:43.220371] git push failed with exit code 1
