[2025-07-17T10:38:37.479602] === New Cycle ===
Building for debugging...
[0/308] Compiling bn-armv8-win.S
[1/308] Compiling bn-armv8-linux.S
[1/308] Compiling bn-586-linux.S
[1/308] Compiling bn-586-apple.S
[1/308] Compiling armv8-mont-win.S
[1/308] Compiling bn-armv8-apple.S
[6/308] Compiling armv8-mont-linux.S
[7/308] Compiling aesv8-gcm-armv8-win.S
[7/308] Compiling armv8-mont-apple.S
[9/308] Compiling armv4-mont-linux.S
[10/308] Compiling aesv8-gcm-armv8-apple.S
[11/308] Compiling aesv8-gcm-armv8-linux.S
[12/308] Compiling aesv8-armv8-win.S
[13/308] Compiling aesv8-armv8-apple.S
[13/308] Compiling aesv8-armv8-linux.S
[15/308] Compiling aesni-x86_64-linux.S
[16/308] Compiling aesv8-armv7-linux.S
[16/308] Compiling aesni-x86_64-apple.S
[18/308] Compiling aesni-x86-linux.S
[19/308] Compiling aesni-x86-apple.S
[19/308] Compiling aesni-gcm-x86_64-linux.S
[21/308] Compiling aesni-gcm-x86_64-apple.S
[22/308] Compiling aes-gcm-avx2-x86_64-apple.S
[22/308] Compiling aes-gcm-avx2-x86_64-linux.S
[24/308] Compiling aes-gcm-avx10-x86_64-linux.S
[25/308] Compiling aes-gcm-avx10-x86_64-apple.S
[26/308] Write swift-version-24593BA9C3E375BF.txt
[27/297] Compiling x_spki.cc
[28/297] Compiling x_val.cc
[28/297] Compiling x_sig.cc
[30/297] Compiling x_x509.cc
[30/297] Compiling x_x509a.cc
[32/297] Compiling x_pubkey.cc
[33/297] Compiling x_req.cc
[34/341] Compiling d1_both.cc
[36/341] Compiling Atomics AtomicInteger.swift
[37/342] Compiling Atomics IntegerOperations.swift
[38/343] Compiling Atomics AtomicReference.swift
[39/344] Compiling Atomics AtomicOptionalWrappable.swift
[40/345] Emitting module ToolsFactoryServer
[41/345] Compiling ToolsFactoryServer main.swift
/srv/deploy/repos/fountainai/Generated/Server/tools-factory/main.swift:23:36: error: cannot convert value of type '__socket_type' to expected argument type 'Int32'
21 | 
22 |     func start() throws {
23 |         serverFD = socket(AF_INET, SOCK_STREAM, 0)
   |                                    `- error: cannot convert value of type '__socket_type' to expected argument type 'Int32'
24 |         guard serverFD >= 0 else { throw RuntimeError.socket }
25 |         var opt: Int32 = 1
[42/345] Emitting module FunctionCallerService
[43/345] Compiling Atomics AtomicStorage.swift
[44/346] Compiling FunctionCallerService Models.swift
[45/346] Compiling FunctionCallerService Handlers.swift
[46/346] Compiling FunctionCallerService Dispatcher.swift
[46/346] Compiling x_crl.cc
[46/346] Compiling x_exten.cc
[46/346] Compiling x_name.cc
[47/346] Emitting module ClientGenerator

[2025-07-17T10:38:37.480563] Starting swift build...
[2025-07-17T10:38:41.943789] swift build failed with exit code 1
[2025-07-17T10:38:42.115501] [dispatcher] Updated git remote to use token-based authentication.
[2025-07-17T10:38:46.801381] [dispatcher] Running Docker build...
[2025-07-17T10:38:46.803225] [dispatcher] Running tests...
Compose now can delegate build to bake for better performances
Just set COMPOSE_BAKE=true
#0 building with "default" instance using docker driver

#1 [llm-gateway internal] load build definition from Dockerfile
#1 transferring dockerfile: 278B done
#1 DONE 0.0s

#2 [function-caller internal] load build definition from Dockerfile
#2 transferring dockerfile: 290B done
#2 DONE 0.0s

#3 [persist internal] load build definition from Dockerfile
#3 transferring dockerfile: 266B done
#3 DONE 0.0s

#4 [planner internal] load build definition from Dockerfile
#4 transferring dockerfile: 266B done
#4 DONE 0.0s

#5 [bootstrap internal] load build definition from Dockerfile
#5 transferring dockerfile: 272B done
#5 DONE 0.0s

#6 [tools-factory internal] load build definition from Dockerfile
#6 transferring dockerfile: 284B done
#6 DONE 0.0s

#7 [baseline-awareness internal] load build definition from Dockerfile
#7 transferring dockerfile: 299B done
#7 DONE 0.1s

#8 [baseline-awareness internal] load metadata for docker.io/library/swift:6.1-jammy
#8 DONE 0.8s

#9 [function-caller internal] load metadata for docker.io/library/ubuntu:22.04
#9 DONE 0.8s

#10 [persist internal] load .dockerignore
#10 transferring context: 2B done
#10 DONE 0.0s

#11 [planner internal] load .dockerignore
#11 transferring context: 2B done
#11 DONE 0.0s

#12 [tools-factory internal] load .dockerignore
#12 transferring context: 2B done
#12 DONE 0.0s

#13 [bootstrap internal] load .dockerignore
#13 transferring context: 2B done
#13 DONE 0.0s

#14 [bootstrap build 1/4] FROM docker.io/library/swift:6.1-jammy@sha256:512716edb447938962d96627ff0b9f00d5701bfa61d97a5b5654f07a1482c342
#14 DONE 0.0s

#15 [bootstrap stage-1 1/2] FROM docker.io/library/ubuntu:22.04@sha256:59ccd419c0dc0edf9e3bff1a3b2b073ea15a2ce4bc45ce7c989278b225b09af3
#15 DONE 0.0s

#16 [function-caller internal] load .dockerignore
#16 transferring context: 2B done
#16 DONE 0.0s

#17 [baseline-awareness internal] load .dockerignore
#17 transferring context: 2B done
#17 DONE 0.0s

#18 [llm-gateway internal] load .dockerignore
#18 transferring context: 2B done
#18 DONE 0.0s

#19 [function-caller internal] load build context
#19 transferring context: 6.21MB 5.0s
#19 ...

#20 [baseline-awareness internal] load build context
#20 ...

#19 [function-caller internal] load build context
#19 ...

#21 [persist internal] load build context
#21 transferring context: 6.80MB 7.0s done
#21 DONE 7.5s

#19 [function-caller internal] load build context
#19 transferring context: 6.80MB 7.3s done
#19 DONE 7.5s

#22 [llm-gateway internal] load build context
#22 transferring context: 6.80MB 7.3s done
#22 DONE 7.5s

#23 [planner internal] load build context
#23 transferring context: 6.80MB 7.3s done
#23 DONE 7.5s

#20 [baseline-awareness internal] load build context
#20 transferring context: 6.80MB 7.3s done
#20 DONE 7.5s

#24 [tools-factory internal] load build context
#24 transferring context: 6.80MB 7.3s done
#24 DONE 7.5s

#25 [bootstrap internal] load build context
#25 transferring context: 6.80MB 7.3s done
#25 DONE 7.5s

#26 [tools-factory build 2/4] WORKDIR /src
#26 CACHED

#27 [baseline-awareness build 3/4] COPY . .
#27 DONE 7.8s

#28 [planner build 3/4] COPY . .
#28 CACHED

#29 [function-caller build 3/4] COPY . .
#29 CACHED

#30 [llm-gateway build 3/4] COPY . .
#30 CACHED

#31 [tools-factory build 3/4] COPY . .
#31 CACHED

#32 [baseline-awareness build 3/4] COPY . .
#32 CACHED

#33 [bootstrap build 3/4] COPY . .
#33 CACHED

#34 [bootstrap build 4/4] RUN swift build -c release --product bootstrap-server
#34 ...

#35 [baseline-awareness build 4/4] RUN swift build -c release --product baseline-awareness-server
#35 ...

#36 [persist build 4/4] RUN swift build -c release --product persist-server
#36 ...

#37 [planner build 4/4] RUN swift build -c release --product planner-server
#37 ...

#38 [llm-gateway build 4/4] RUN swift build -c release --product llm-gateway-server
#38 ...

#39 [function-caller build 4/4] RUN swift build -c release --product function-caller-server
#39 ...

#40 [tools-factory build 4/4] RUN swift build -c release --product tools-factory-server
#40 ...

#38 [llm-gateway build 4/4] RUN swift build -c release --product llm-gateway-server
#38 19.42 Building for production...
#38 19.47 [0/6] Write sources
#38 19.83 [3/6] Write swift-version-24593BA9C3E375BF.txt
#38 ...

#40 [tools-factory build 4/4] RUN swift build -c release --product tools-factory-server
#40 19.94 Building for production...
#40 19.99 [0/14] Write sources
#40 20.15 [5/14] Compiling writer.c
#40 20.15 [6/14] Compiling reader.c
#40 20.33 [7/14] Compiling api.c
#40 20.45 [8/14] Write swift-version-24593BA9C3E375BF.txt
#40 20.55 [9/14] Compiling parser.c
#40 20.91 [10/15] Compiling emitter.c
#40 21.20 [11/15] Compiling scanner.c
#40 ...

#38 [llm-gateway build 4/4] RUN swift build -c release --product llm-gateway-server
#38 25.59 [5/7] Compiling ServiceShared Models.swift
#38 26.54 [6/8] Compiling LLMGatewayService HTTPKernel.swift
#38 27.61 [7/9] Compiling LLMGatewayServer main.swift
#38 27.62 [7/9] Write Objects.LinkFileList
#38 28.40 [8/9] Linking llm-gateway-server
#38 28.47 Build of product 'llm-gateway-server' complete! (26.88s)
#38 ...

#35 [baseline-awareness build 4/4] RUN swift build -c release --product baseline-awareness-server
#35 19.53 Building for production...
#35 19.59 [0/6] Write sources
#35 19.82 [3/6] Write swift-version-24593BA9C3E375BF.txt
#35 25.63 [5/7] Compiling ServiceShared Models.swift
#35 27.54 [6/8] Compiling BaselineAwarenessService BaselineStore.swift
#35 27.79 [7/9] Compiling BaselineAwarenessServer HTTPServer.swift
#35 27.79 /src/Generated/Server/baseline-awareness/main.swift:23:36: error: cannot convert value of type '__socket_type' to expected argument type 'Int32'
#35 27.79  21 | 
#35 27.79  22 |     func start() throws {
#35 27.79  23 |         serverFD = socket(AF_INET, SOCK_STREAM, 0)
#35 27.79     |                                    `- error: cannot convert value of type '__socket_type' to expected argument type 'Int32'
#35 27.79  24 |         guard serverFD >= 0 else { throw RuntimeError.socket }
#35 27.79  25 |         var opt: Int32 = 1
#35 ERROR: process "/bin/sh -c swift build -c release --product baseline-awareness-server" did not complete successfully: exit code: 1

#36 [persist build 4/4] RUN swift build -c release --product persist-server
#36 20.01 Building for production...
#36 20.08 [0/6] Write sources
#36 20.27 [3/6] Write swift-version-24593BA9C3E375BF.txt
#36 25.82 [5/7] Compiling ServiceShared Models.swift
#36 26.98 [6/8] Compiling PersistService HTTPKernel.swift
#36 27.89 [7/9] Compiling PersistServer main.swift
#36 27.90 [7/9] Write Objects.LinkFileList
#36 28.39 [8/9] Linking persist-server
#36 28.46 Build of product 'persist-server' complete! (26.88s)
#36 DONE 28.6s

#39 [function-caller build 4/4] RUN swift build -c release --product function-caller-server
#39 19.45 Building for production...
#39 19.48 [0/14] Write sources
#39 19.79 [5/14] Compiling writer.c
#39 19.80 [6/14] Compiling reader.c
#39 19.89 [7/14] Write swift-version-24593BA9C3E375BF.txt
#39 19.94 [8/14] Compiling parser.c
#39 19.98 [9/14] Compiling api.c
#39 20.60 [10/15] Compiling emitter.c
#39 20.82 [11/15] Compiling scanner.c
#39 25.77 [13/16] Compiling ServiceShared Models.swift
#39 ...

#38 [llm-gateway build 4/4] RUN swift build -c release --product llm-gateway-server
#38 DONE 28.7s

#37 [planner build 4/4] RUN swift build -c release --product planner-server
#37 19.43 Building for production...
#37 19.47 [0/6] Write sources
#37 19.66 [3/6] Write swift-version-24593BA9C3E375BF.txt
#37 25.24 [5/7] Compiling ServiceShared Models.swift
#37 27.34 [6/8] Compiling PlannerService HTTPKernel.swift
#37 28.33 [7/9] Compiling PlannerServer main.swift
#37 28.40 [7/9] Write Objects.LinkFileList
#37 CANCELED

#34 [bootstrap build 4/4] RUN swift build -c release --product bootstrap-server
#34 19.43 Building for production...
#34 19.47 [0/7] Write sources
#34 19.66 [4/7] Write swift-version-24593BA9C3E375BF.txt
#34 25.51 [6/8] Compiling ServiceShared Models.swift
#34 27.36 [7/9] Compiling BaselineAwarenessService BaselineStore.swift
#34 CANCELED

#39 [function-caller build 4/4] RUN swift build -c release --product function-caller-server
#39 CANCELED

#40 [tools-factory build 4/4] RUN swift build -c release --product tools-factory-server
#40 26.23 [13/16] Compiling ServiceShared Models.swift
#40 CANCELED
------
 > [baseline-awareness build 4/4] RUN swift build -c release --product baseline-awareness-server:
25.63 [5/7] Compiling ServiceShared Models.swift
27.54 [6/8] Compiling BaselineAwarenessService BaselineStore.swift
27.79 [7/9] Compiling BaselineAwarenessServer HTTPServer.swift
27.79 /src/Generated/Server/baseline-awareness/main.swift:23:36: error: cannot convert value of type '__socket_type' to expected argument type 'Int32'
27.79  21 | 
27.79  22 |     func start() throws {
27.79  23 |         serverFD = socket(AF_INET, SOCK_STREAM, 0)
27.79     |                                    `- error: cannot convert value of type '__socket_type' to expected argument type 'Int32'
27.79  24 |         guard serverFD >= 0 else { throw RuntimeError.socket }
27.79  25 |         var opt: Int32 = 1
------
failed to solve: process "/bin/sh -c swift build -c release --product baseline-awareness-server" did not complete successfully: exit code: 1
 Network kong-codex_default  Creating
 Network kong-codex_default  Created
 Container kong-codex-kong-1  Creating
 Container kong-codex-typesense-1  Creating
 Container kong-codex-kong-1  Created
 Container kong-codex-typesense-1  Created
Attaching to kong-1, typesense-1
Gracefully stopping... (press Ctrl+C again to force)
Error response from daemon: mounts denied: 
The path /srv/deploy/repos/kong-codex/kong.conf is not shared from the host and is not known to Docker.
You can configure shared paths from Docker -> Preferences... -> Resources -> File Sharing.
See https://docs.docker.com/desktop/settings/mac/#file-sharing for more info.
 Container kong-codex-typesense-1  Stopping
 Container kong-codex-kong-1  Stopping
 Container kong-codex-kong-1  Stopped
 Container kong-codex-kong-1  Removing
 Container kong-codex-kong-1  Removed
 Container kong-codex-typesense-1  Stopped
 Container kong-codex-typesense-1  Removing
 Container kong-codex-typesense-1  Removed
 Network kong-codex_default  Removing
 Network kong-codex_default  Removed

[2025-07-17T10:38:46.803552] Running integration tests for fountainai...
[2025-07-17T10:39:32.606616] Integration tests for fountainai failed with exit code 1

[2025-07-17T10:39:32.606811] Running integration tests for kong-codex...
[2025-07-17T10:39:43.604132] Integration tests for kong-codex failed with exit code 1
