[2025-07-18T20:17:50.603605] === New Cycle ===
Building for debugging...
[0/42] Write swift-version-24593BA9C3E375BF.txt
[2/61] Emitting module PersistServer
[3/61] Compiling PersistServer main.swift
/srv/deploy/repos/fountainai/Generated/Server/persist/main.swift:23:33: error: cannot convert value of type '__socket_type' to specified type 'Int32'
 21 | 
 22 |     func start() throws {
 23 |         let socketType: Int32 = SOCK_STREAM
    |                                 `- error: cannot convert value of type '__socket_type' to specified type 'Int32'
 24 | 
 25 |         serverFD = socket(AF_INET, socketType, 0)
[4/61] Emitting module PlannerServer
[5/61] Emitting module LLMGatewayServer
[6/61] Compiling PlannerServer main.swift
/srv/deploy/repos/fountainai/Generated/Server/planner/main.swift:23:33: error: cannot convert value of type '__socket_type' to specified type 'Int32'
 21 | 
 22 |     func start() throws {
 23 |         let socketType: Int32 = SOCK_STREAM
    |                                 `- error: cannot convert value of type '__socket_type' to specified type 'Int32'
 24 | 
 25 |         serverFD = socket(AF_INET, socketType, 0)
[7/61] Compiling LLMGatewayServer main.swift
/srv/deploy/repos/fountainai/Generated/Server/llm-gateway/main.swift:23:33: error: cannot convert value of type '__socket_type' to specified type 'Int32'
 21 | 
 22 |     func start() throws {
 23 |         let socketType: Int32 = SOCK_STREAM
    |                                 `- error: cannot convert value of type '__socket_type' to specified type 'Int32'
 24 | 
 25 |         serverFD = socket(AF_INET, socketType, 0)
[7/61] Compiling c-nioatomics.c
[7/61] Compiling c-atomics.c
[7/61] Compiling bcm.cc

[2025-07-18T20:17:50.604589] Starting swift build...
[2025-07-18T20:17:52.516241] swift build failed with exit code 1
[2025-07-18T20:17:52.699586] [dispatcher] Updated git remote to use token-based authentication.
[2025-07-18T20:17:54.133865] [dispatcher] Running Docker build...
[2025-07-18T20:17:54.134477] [dispatcher] Running tests...
Compose now can delegate build to bake for better performances
Just set COMPOSE_BAKE=true
#0 building with "default" instance using docker driver

#1 [persist internal] load build definition from Dockerfile
#1 transferring dockerfile: 266B done
#1 DONE 0.0s

#2 [llm-gateway internal] load build definition from Dockerfile
#2 transferring dockerfile: 278B done
#2 DONE 0.0s

#3 [tools-factory internal] load build definition from Dockerfile
#3 transferring dockerfile: 284B done
#3 DONE 0.0s

#4 [planner internal] load build definition from Dockerfile
#4 transferring dockerfile: 266B done
#4 DONE 0.0s

#5 [baseline-awareness internal] load build definition from Dockerfile
#5 transferring dockerfile: 299B done
#5 DONE 0.0s

#6 [bootstrap internal] load build definition from Dockerfile
#6 transferring dockerfile: 272B done
#6 DONE 0.0s

#7 [function-caller internal] load build definition from Dockerfile
#7 transferring dockerfile: 290B done
#7 DONE 0.0s

#8 [function-caller internal] load metadata for docker.io/library/swift:6.1-jammy
#8 DONE 1.6s

#9 [bootstrap internal] load metadata for docker.io/library/ubuntu:22.04
#9 DONE 1.6s

#10 [function-caller internal] load .dockerignore
#10 transferring context: 2B done
#10 DONE 0.0s

#11 [baseline-awareness internal] load .dockerignore
#11 transferring context: 2B done
#11 DONE 0.0s

#12 [persist internal] load .dockerignore
#12 transferring context: 2B done
#12 DONE 0.0s

#13 [tools-factory internal] load .dockerignore
#13 transferring context: 2B done
#13 DONE 0.0s

#14 [llm-gateway internal] load .dockerignore
#14 transferring context: 2B done
#14 DONE 0.0s

#15 [planner internal] load .dockerignore
#15 transferring context: 2B done
#15 DONE 0.0s

#16 [bootstrap internal] load .dockerignore
#16 transferring context: 2B done
#16 DONE 0.0s

#17 [function-caller build 1/4] FROM docker.io/library/swift:6.1-jammy@sha256:512716edb447938962d96627ff0b9f00d5701bfa61d97a5b5654f07a1482c342
#17 resolve docker.io/library/swift:6.1-jammy@sha256:512716edb447938962d96627ff0b9f00d5701bfa61d97a5b5654f07a1482c342 0.0s done
#17 DONE 0.0s

#18 [planner stage-1 1/2] FROM docker.io/library/ubuntu:22.04@sha256:1ec65b2719518e27d4d25f104d93f9fac60dc437f81452302406825c46fcc9cb
#18 resolve docker.io/library/ubuntu:22.04@sha256:1ec65b2719518e27d4d25f104d93f9fac60dc437f81452302406825c46fcc9cb 0.0s done
#18 CACHED

#19 [planner internal] load build context
#19 transferring context: 1.47MB 5.0s
#19 ...

#20 [bootstrap internal] load build context
#20 ...

#19 [planner internal] load build context
#19 transferring context: 9.08MB 10.0s
#19 ...

#21 [tools-factory internal] load build context
#21 ...

#22 [baseline-awareness internal] load build context
#22 ...

#23 [llm-gateway internal] load build context
#23 ...

#24 [function-caller internal] load build context
#24 ...

#25 [persist internal] load build context
#25 ...

#23 [llm-gateway internal] load build context
#23 transferring context: 9.69MB 13.5s done
#23 ...

#21 [tools-factory internal] load build context
#21 transferring context: 9.69MB 12.6s done
#21 DONE 13.7s

#24 [function-caller internal] load build context
#24 transferring context: 9.69MB 13.5s done
#24 DONE 13.7s

#20 [bootstrap internal] load build context
#20 transferring context: 9.69MB 13.5s done
#20 DONE 13.7s

#25 [persist internal] load build context
#25 transferring context: 9.69MB 13.5s done
#25 DONE 13.8s

#23 [llm-gateway internal] load build context
#23 DONE 13.8s

#22 [baseline-awareness internal] load build context
#22 transferring context: 9.69MB 13.5s done
#22 DONE 13.8s

#19 [planner internal] load build context
#19 transferring context: 9.69MB 13.5s done
#19 DONE 13.8s

#26 [bootstrap build 2/4] WORKDIR /src
#26 CACHED

#27 [planner build 3/4] COPY . .
#27 DONE 11.9s

#28 [function-caller build 3/4] COPY . .
#28 CACHED

#29 [baseline-awareness build 3/4] COPY . .
#29 CACHED

#30 [planner build 3/4] COPY . .
#30 CACHED

#31 [persist build 3/4] COPY . .
#31 CACHED

#32 [bootstrap build 3/4] COPY . .
#32 CACHED

#33 [llm-gateway build 3/4] COPY . .
#33 CACHED

#34 [persist build 4/4] RUN swift build -c release --product persist-server
#34 ...

#35 [planner build 4/4] RUN swift build -c release --product planner-server
#35 ...

#36 [function-caller build 4/4] RUN swift build -c release --product function-caller-server
#36 ...

#37 [bootstrap build 4/4] RUN swift build -c release --product bootstrap-server
#37 ...

#38 [baseline-awareness build 4/4] RUN swift build -c release --product baseline-awareness-server
#38 ...

#39 [tools-factory build 4/4] RUN swift build -c release --product tools-factory-server
#39 ...

#40 [llm-gateway build 4/4] RUN swift build -c release --product llm-gateway-server
#40 ...

#39 [tools-factory build 4/4] RUN swift build -c release --product tools-factory-server
#39 16.49 Building for production...
#39 16.60 [0/14] Write sources
#39 16.92 [5/14] Write swift-version-24593BA9C3E375BF.txt
#39 17.31 [6/15] Compiling writer.c
#39 17.39 [7/15] Compiling reader.c
#39 17.53 [8/15] Compiling parser.c
#39 17.57 [9/15] Compiling api.c
#39 18.12 [10/15] Compiling emitter.c
#39 18.44 [11/15] Compiling scanner.c
#39 ...

#36 [function-caller build 4/4] RUN swift build -c release --product function-caller-server
#36 16.64 Building for production...
#36 16.70 [0/14] Write sources
#36 17.17 [5/14] Write swift-version-24593BA9C3E375BF.txt
#36 17.29 [6/14] Compiling writer.c
#36 17.35 [7/14] Compiling reader.c
#36 17.64 [8/15] Compiling api.c
#36 17.97 [9/15] Compiling parser.c
#36 18.44 [10/15] Compiling scanner.c
#36 19.14 [11/15] Compiling emitter.c
#36 ...

#39 [tools-factory build 4/4] RUN swift build -c release --product tools-factory-server
#39 25.20 [13/16] Compiling ServiceShared Models.swift
#39 ...

#40 [llm-gateway build 4/4] RUN swift build -c release --product llm-gateway-server
#40 16.58 Building for production...
#40 16.64 [0/6] Write sources
#40 16.86 [3/6] Write swift-version-24593BA9C3E375BF.txt
#40 25.24 [5/7] Compiling ServiceShared Models.swift
#40 ...

#35 [planner build 4/4] RUN swift build -c release --product planner-server
#35 16.52 Building for production...
#35 16.60 [0/6] Write sources
#35 16.86 [3/6] Write swift-version-24593BA9C3E375BF.txt
#35 25.01 [5/7] Compiling ServiceShared Models.swift
#35 ...

#34 [persist build 4/4] RUN swift build -c release --product persist-server
#34 16.51 Building for production...
#34 16.59 [0/6] Write sources
#34 16.88 [3/6] Write swift-version-24593BA9C3E375BF.txt
#34 25.02 [5/7] Compiling ServiceShared Models.swift
#34 26.82 [6/8] Compiling PersistService HTTPKernel.swift
#34 ...

#37 [bootstrap build 4/4] RUN swift build -c release --product bootstrap-server
#37 16.52 Building for production...
#37 16.60 [0/7] Write sources
#37 16.91 [4/7] Write swift-version-24593BA9C3E375BF.txt
#37 25.01 [6/8] Compiling ServiceShared Models.swift
#37 ...

#38 [baseline-awareness build 4/4] RUN swift build -c release --product baseline-awareness-server
#38 16.53 Building for production...
#38 16.59 [0/6] Write sources
#38 16.88 [3/6] Write swift-version-24593BA9C3E375BF.txt
#38 25.08 [5/7] Compiling ServiceShared Models.swift
#38 ...

#40 [llm-gateway build 4/4] RUN swift build -c release --product llm-gateway-server
#40 26.89 [6/8] Compiling LLMGatewayService HTTPKernel.swift
#40 27.19 [7/9] Compiling LLMGatewayServer main.swift
#40 27.19 /src/Generated/Server/llm-gateway/main.swift:23:33: error: cannot convert value of type '__socket_type' to specified type 'Int32'
#40 27.19  21 | 
#40 27.19  22 |     func start() throws {
#40 27.19  23 |         let socketType: Int32 = SOCK_STREAM
#40 27.19     |                                 `- error: cannot convert value of type '__socket_type' to specified type 'Int32'
#40 27.19  24 | 
#40 27.19  25 |         serverFD = socket(AF_INET, socketType, 0)
#40 ERROR: process "/bin/sh -c swift build -c release --product llm-gateway-server" did not complete successfully: exit code: 1

#34 [persist build 4/4] RUN swift build -c release --product persist-server
#34 27.31 [7/9] Compiling PersistServer main.swift
#34 27.31 /src/Generated/Server/persist/main.swift:23:33: error: cannot convert value of type '__socket_type' to specified type 'Int32'
#34 27.31  21 | 
#34 27.31  22 |     func start() throws {
#34 27.31  23 |         let socketType: Int32 = SOCK_STREAM
#34 27.31     |                                 `- error: cannot convert value of type '__socket_type' to specified type 'Int32'
#34 27.31  24 | 
#34 27.31  25 |         serverFD = socket(AF_INET, socketType, 0)
#34 ERROR: process "/bin/sh -c swift build -c release --product persist-server" did not complete successfully: exit code: 1

#38 [baseline-awareness build 4/4] RUN swift build -c release --product baseline-awareness-server
#38 27.86 [6/8] Compiling BaselineAwarenessService BaselineStore.swift
#38 ...

#35 [planner build 4/4] RUN swift build -c release --product planner-server
#35 27.57 [6/8] Compiling PlannerService HTTPKernel.swift
#35 CANCELED

#36 [function-caller build 4/4] RUN swift build -c release --product function-caller-server
#36 25.72 [13/16] Compiling ServiceShared Models.swift
#36 CANCELED

#38 [baseline-awareness build 4/4] RUN swift build -c release --product baseline-awareness-server
#38 CANCELED

#37 [bootstrap build 4/4] RUN swift build -c release --product bootstrap-server
#37 27.72 [7/9] Compiling BaselineAwarenessService BaselineStore.swift
#37 CANCELED

#39 [tools-factory build 4/4] RUN swift build -c release --product tools-factory-server
#39 CANCELED
------
 > [llm-gateway build 4/4] RUN swift build -c release --product llm-gateway-server:
25.24 [5/7] Compiling ServiceShared Models.swift
26.89 [6/8] Compiling LLMGatewayService HTTPKernel.swift
27.19 [7/9] Compiling LLMGatewayServer main.swift
27.19 /src/Generated/Server/llm-gateway/main.swift:23:33: error: cannot convert value of type '__socket_type' to specified type 'Int32'
27.19  21 | 
27.19  22 |     func start() throws {
27.19  23 |         let socketType: Int32 = SOCK_STREAM
27.19     |                                 `- error: cannot convert value of type '__socket_type' to specified type 'Int32'
27.19  24 | 
27.19  25 |         serverFD = socket(AF_INET, socketType, 0)
------
------
 > [persist build 4/4] RUN swift build -c release --product persist-server:
25.02 [5/7] Compiling ServiceShared Models.swift
26.82 [6/8] Compiling PersistService HTTPKernel.swift
27.31 [7/9] Compiling PersistServer main.swift
27.31 /src/Generated/Server/persist/main.swift:23:33: error: cannot convert value of type '__socket_type' to specified type 'Int32'
27.31  21 | 
27.31  22 |     func start() throws {
27.31  23 |         let socketType: Int32 = SOCK_STREAM
27.31     |                                 `- error: cannot convert value of type '__socket_type' to specified type 'Int32'
27.31  24 | 
27.31  25 |         serverFD = socket(AF_INET, socketType, 0)
------
failed to solve: process "/bin/sh -c swift build -c release --product persist-server" did not complete successfully: exit code: 1
 Network kong-codex_default  Creating
 Network kong-codex_default  Created
 Container kong-codex-kong-1  Creating
 Container kong-codex-typesense-1  Creating
 Container kong-codex-typesense-1  Created
 Container kong-codex-kong-1  Created
Attaching to kong-1, typesense-1
Gracefully stopping... (press Ctrl+C again to force)
Error response from daemon: mounts denied: 
The path /srv/deploy/repos/kong-codex/kong.conf is not shared from the host and is not known to Docker.
You can configure shared paths from Docker -> Preferences... -> Resources -> File Sharing.
See https://docs.docker.com/go/mac-file-sharing/ for more info.
 Container kong-codex-kong-1  Stopping
 Container kong-codex-typesense-1  Stopping
 Container kong-codex-kong-1  Stopped
 Container kong-codex-kong-1  Removing
 Container kong-codex-kong-1  Removed
 Container kong-codex-typesense-1  Stopped
 Container kong-codex-typesense-1  Removing
 Container kong-codex-typesense-1  Removed
 Network kong-codex_default  Removing
 Network kong-codex_default  Removed

[2025-07-18T20:17:54.134699] Running integration tests for fountainai...
[2025-07-18T20:18:50.101149] Integration tests for fountainai failed with exit code 1

[2025-07-18T20:18:50.101457] Running integration tests for kong-codex...
[2025-07-18T20:18:52.581707] Integration tests for kong-codex failed with exit code 1
