[2025-07-17T11:57:06.137477] === New Cycle ===
Building for debugging...
[0/436] Compiling ssl_stat.cc
[0/436] Compiling ssl_versions.cc
[1/436] Compiling ssl_transcript.cc
[3/436] Compiling ssl_file.cc
[4/436] Compiling ssl_privkey.cc
[5/436] Compiling ssl_key_share.cc
[6/436] Write swift-version-24593BA9C3E375BF.txt
[7/431] Compiling ssl_session.cc
[8/433] Compiling ssl_lib.cc
[10/435] Emitting module PlannerServer
[11/435] Compiling PlannerServer main.swift
/srv/deploy/repos/fountainai/Generated/Server/planner/main.swift:29:36: error: cannot convert value of type '__socket_type' to expected argument type 'Int32'
 27 |         #endif
 28 | 
 29 |         serverFD = socket(AF_INET, socketType, 0)
    |                                    `- error: cannot convert value of type '__socket_type' to expected argument type 'Int32'
 30 |         guard serverFD >= 0 else { throw RuntimeError.socket }
 31 |         var opt: Int32 = 1
[11/435] Compiling ssl_cert.cc
[11/435] Compiling ssl_buffer.cc
[11/435] Compiling ssl_credential.cc
[11/435] Compiling ssl_aead_ctx.cc
[11/435] Compiling ssl_asn1.cc
[11/435] Compiling ssl_cipher.cc

[2025-07-17T11:57:06.138216] Starting swift build...
[2025-07-17T11:57:09.400470] swift build failed with exit code 1
[2025-07-17T11:57:09.532775] [dispatcher] Updated git remote to use token-based authentication.
[2025-07-17T11:57:11.858775] [dispatcher] Running Docker build...
[2025-07-17T11:57:11.860000] [dispatcher] Running tests...
Compose now can delegate build to bake for better performances
Just set COMPOSE_BAKE=true
#0 building with "default" instance using docker driver

#1 [tools-factory internal] load build definition from Dockerfile
#1 transferring dockerfile: 284B 0.0s done
#1 DONE 0.1s

#2 [persist internal] load build definition from Dockerfile
#2 transferring dockerfile: 266B 0.0s done
#2 DONE 0.1s

#3 [bootstrap internal] load build definition from Dockerfile
#3 transferring dockerfile: 272B 0.0s done
#3 DONE 0.1s

#4 [planner internal] load build definition from Dockerfile
#4 transferring dockerfile: 266B 0.0s done
#4 DONE 0.1s

#5 [llm-gateway internal] load build definition from Dockerfile
#5 transferring dockerfile: 278B 0.0s done
#5 DONE 0.1s

#6 [function-caller internal] load build definition from Dockerfile
#6 transferring dockerfile: 290B done
#6 DONE 0.2s

#7 [baseline-awareness internal] load build definition from Dockerfile
#7 transferring dockerfile: 299B done
#7 DONE 0.2s

#8 [function-caller internal] load metadata for docker.io/library/ubuntu:22.04
#8 DONE 1.2s

#9 [llm-gateway internal] load metadata for docker.io/library/swift:6.1-jammy
#9 DONE 1.2s

#10 [planner internal] load .dockerignore
#10 transferring context: 2B done
#10 DONE 0.0s

#11 [persist internal] load .dockerignore
#11 transferring context: 2B 0.0s done
#11 DONE 0.0s

#12 [bootstrap internal] load .dockerignore
#12 transferring context: 2B done
#12 DONE 0.0s

#13 [planner internal] load build context
#13 DONE 0.0s

#14 [persist build 1/4] FROM docker.io/library/swift:6.1-jammy@sha256:512716edb447938962d96627ff0b9f00d5701bfa61d97a5b5654f07a1482c342
#14 DONE 0.0s

#15 [persist stage-1 1/2] FROM docker.io/library/ubuntu:22.04@sha256:59ccd419c0dc0edf9e3bff1a3b2b073ea15a2ce4bc45ce7c989278b225b09af3
#15 DONE 0.0s

#16 [tools-factory internal] load .dockerignore
#16 transferring context: 2B done
#16 DONE 0.1s

#17 [llm-gateway internal] load .dockerignore
#17 transferring context: 2B done
#17 DONE 0.1s

#18 [function-caller internal] load .dockerignore
#18 transferring context: 2B done
#18 DONE 0.1s

#14 [baseline-awareness build 1/4] FROM docker.io/library/swift:6.1-jammy@sha256:512716edb447938962d96627ff0b9f00d5701bfa61d97a5b5654f07a1482c342
#14 DONE 0.0s

#15 [baseline-awareness stage-1 1/2] FROM docker.io/library/ubuntu:22.04@sha256:59ccd419c0dc0edf9e3bff1a3b2b073ea15a2ce4bc45ce7c989278b225b09af3
#15 DONE 0.0s

#19 [baseline-awareness internal] load .dockerignore
#19 transferring context: 2B done
#19 DONE 0.1s

#20 [baseline-awareness internal] load build context
#20 transferring context: 4.53MB 5.0s
#20 ...

#21 [function-caller internal] load build context
#21 ...

#20 [baseline-awareness internal] load build context
#20 ...

#22 [llm-gateway internal] load build context
#22 transferring context: 10.60MB 10.0s
#22 ...

#23 [bootstrap internal] load build context
#23 ...

#13 [planner internal] load build context
#13 ...

#24 [tools-factory internal] load build context
#24 ...

#25 [persist internal] load build context
#25 transferring context: 10.61MB 10.7s done
#25 ...

#13 [planner internal] load build context
#13 transferring context: 10.61MB 10.7s done
#13 DONE 11.5s

#21 [function-caller internal] load build context
#21 transferring context: 10.61MB 10.7s done
#21 DONE 11.5s

#24 [tools-factory internal] load build context
#24 transferring context: 10.61MB 10.0s done
#24 DONE 11.5s

#23 [bootstrap internal] load build context
#23 transferring context: 10.61MB 10.7s done
#23 DONE 11.5s

#20 [baseline-awareness internal] load build context
#20 transferring context: 10.61MB 10.7s done
#20 DONE 11.5s

#22 [llm-gateway internal] load build context
#22 transferring context: 10.61MB 10.7s done
#22 DONE 11.7s

#25 [persist internal] load build context
#25 DONE 11.8s

#26 [tools-factory build 2/4] WORKDIR /src
#26 CACHED

#27 [function-caller build 3/4] COPY . .
#27 DONE 14.9s

#28 [function-caller build 3/4] COPY . .
#28 CACHED

#29 [baseline-awareness build 3/4] COPY . .
#29 CACHED

#30 [llm-gateway build 3/4] COPY . .
#30 CACHED

#31 [tools-factory build 3/4] COPY . .
#31 CACHED

#32 [persist build 3/4] COPY . .
#32 CACHED

#33 [bootstrap build 3/4] COPY . .
#33 CACHED

#34 [persist build 4/4] RUN swift build -c release --product persist-server
#34 ...

#35 [llm-gateway build 4/4] RUN swift build -c release --product llm-gateway-server
#35 ...

#36 [function-caller build 4/4] RUN swift build -c release --product function-caller-server
#36 ...

#37 [tools-factory build 4/4] RUN swift build -c release --product tools-factory-server
#37 ...

#38 [planner build 4/4] RUN swift build -c release --product planner-server
#38 ...

#39 [baseline-awareness build 4/4] RUN swift build -c release --product baseline-awareness-server
#39 ...

#40 [bootstrap build 4/4] RUN swift build -c release --product bootstrap-server
#40 18.94 Building for production...
#40 19.00 [0/7] Write sources
#40 ...

#36 [function-caller build 4/4] RUN swift build -c release --product function-caller-server
#36 18.99 Building for production...
#36 19.06 [0/14] Write sources
#36 19.45 [5/14] Compiling writer.c
#36 19.49 [6/14] Compiling reader.c
#36 19.66 [7/14] Write swift-version-24593BA9C3E375BF.txt
#36 19.76 [8/14] Compiling parser.c
#36 19.87 [9/14] Compiling api.c
#36 20.53 [10/15] Compiling emitter.c
#36 20.61 [11/15] Compiling scanner.c
#36 ...

#37 [tools-factory build 4/4] RUN swift build -c release --product tools-factory-server
#37 18.96 Building for production...
#37 19.00 [0/14] Write sources
#37 19.46 [5/14] Compiling writer.c
#37 19.48 [6/14] Compiling reader.c
#37 19.63 [7/14] Compiling parser.c
#37 19.64 [8/14] Write swift-version-24593BA9C3E375BF.txt
#37 19.71 [9/14] Compiling api.c
#37 20.57 [10/15] Compiling emitter.c
#37 20.60 [11/15] Compiling scanner.c
#37 26.39 [13/16] Compiling ServiceShared Models.swift
#37 ...

#36 [function-caller build 4/4] RUN swift build -c release --product function-caller-server
#36 26.97 [13/16] Compiling ServiceShared Models.swift
#36 ...

#35 [llm-gateway build 4/4] RUN swift build -c release --product llm-gateway-server
#35 19.12 Building for production...
#35 19.17 [0/6] Write sources
#35 19.42 [3/6] Write swift-version-24593BA9C3E375BF.txt
#35 26.10 [5/7] Compiling ServiceShared Models.swift
#35 27.29 [6/8] Compiling LLMGatewayService HTTPKernel.swift
#35 27.65 [7/9] Compiling LLMGatewayServer main.swift
#35 27.65 /src/Generated/Server/llm-gateway/main.swift:29:36: error: cannot convert value of type '__socket_type' to expected argument type 'Int32'
#35 27.65  27 |         #endif
#35 27.65  28 | 
#35 27.65  29 |         serverFD = socket(AF_INET, socketType, 0)
#35 27.65     |                                    `- error: cannot convert value of type '__socket_type' to expected argument type 'Int32'
#35 27.65  30 |         guard serverFD >= 0 else { throw RuntimeError.socket }
#35 27.65  31 |         var opt: Int32 = 1
#35 ERROR: process "/bin/sh -c swift build -c release --product llm-gateway-server" did not complete successfully: exit code: 1

#34 [persist build 4/4] RUN swift build -c release --product persist-server
#34 19.34 Building for production...
#34 19.39 [0/6] Write sources
#34 19.66 [3/6] Write swift-version-24593BA9C3E375BF.txt
#34 26.02 [5/7] Compiling ServiceShared Models.swift
#34 27.56 [6/8] Compiling PersistService HTTPKernel.swift
#34 28.09 [7/9] Compiling PersistServer main.swift
#34 28.09 /src/Generated/Server/persist/main.swift:29:36: error: cannot convert value of type '__socket_type' to expected argument type 'Int32'
#34 28.09  27 |         #endif
#34 28.09  28 | 
#34 28.09  29 |         serverFD = socket(AF_INET, socketType, 0)
#34 28.09     |                                    `- error: cannot convert value of type '__socket_type' to expected argument type 'Int32'
#34 28.09  30 |         guard serverFD >= 0 else { throw RuntimeError.socket }
#34 28.09  31 |         var opt: Int32 = 1
#34 ERROR: process "/bin/sh -c swift build -c release --product persist-server" did not complete successfully: exit code: 1

#39 [baseline-awareness build 4/4] RUN swift build -c release --product baseline-awareness-server
#39 19.28 Building for production...
#39 19.36 [0/6] Write sources
#39 19.60 [3/6] Write swift-version-24593BA9C3E375BF.txt
#39 25.92 [5/7] Compiling ServiceShared Models.swift
#39 28.39 [6/8] Compiling BaselineAwarenessService BaselineStore.swift
#39 CANCELED

#38 [planner build 4/4] RUN swift build -c release --product planner-server
#38 19.10 Building for production...
#38 19.14 [0/6] Write sources
#38 19.48 [3/6] Write swift-version-24593BA9C3E375BF.txt
#38 25.93 [5/7] Compiling ServiceShared Models.swift
#38 28.48 [6/8] Compiling PlannerService HTTPKernel.swift
#38 CANCELED

#40 [bootstrap build 4/4] RUN swift build -c release --product bootstrap-server
#40 19.37 [4/7] Write swift-version-24593BA9C3E375BF.txt
#40 26.13 [6/8] Compiling ServiceShared Models.swift
#40 28.50 [7/9] Compiling BaselineAwarenessService BaselineStore.swift
#40 CANCELED

#36 [function-caller build 4/4] RUN swift build -c release --product function-caller-server
#36 CANCELED

#37 [tools-factory build 4/4] RUN swift build -c release --product tools-factory-server
#37 CANCELED
------
 > [llm-gateway build 4/4] RUN swift build -c release --product llm-gateway-server:
26.10 [5/7] Compiling ServiceShared Models.swift
27.29 [6/8] Compiling LLMGatewayService HTTPKernel.swift
27.65 [7/9] Compiling LLMGatewayServer main.swift
27.65 /src/Generated/Server/llm-gateway/main.swift:29:36: error: cannot convert value of type '__socket_type' to expected argument type 'Int32'
27.65  27 |         #endif
27.65  28 | 
27.65  29 |         serverFD = socket(AF_INET, socketType, 0)
27.65     |                                    `- error: cannot convert value of type '__socket_type' to expected argument type 'Int32'
27.65  30 |         guard serverFD >= 0 else { throw RuntimeError.socket }
27.65  31 |         var opt: Int32 = 1
------
------
 > [persist build 4/4] RUN swift build -c release --product persist-server:
26.02 [5/7] Compiling ServiceShared Models.swift
27.56 [6/8] Compiling PersistService HTTPKernel.swift
28.09 [7/9] Compiling PersistServer main.swift
28.09 /src/Generated/Server/persist/main.swift:29:36: error: cannot convert value of type '__socket_type' to expected argument type 'Int32'
28.09  27 |         #endif
28.09  28 | 
28.09  29 |         serverFD = socket(AF_INET, socketType, 0)
28.09     |                                    `- error: cannot convert value of type '__socket_type' to expected argument type 'Int32'
28.09  30 |         guard serverFD >= 0 else { throw RuntimeError.socket }
28.09  31 |         var opt: Int32 = 1
------
failed to solve: process "/bin/sh -c swift build -c release --product llm-gateway-server" did not complete successfully: exit code: 1
 Network kong-codex_default  Creating
 Network kong-codex_default  Created
 Container kong-codex-typesense-1  Creating
 Container kong-codex-kong-1  Creating
 Container kong-codex-typesense-1  Created
 Container kong-codex-kong-1  Created
Attaching to kong-1, typesense-1
Gracefully stopping... (press Ctrl+C again to force)
Error response from daemon: mounts denied: 
The path /srv/deploy/repos/kong-codex/kong.conf is not shared from the host and is not known to Docker.
You can configure shared paths from Docker -> Preferences... -> Resources -> File Sharing.
See https://docs.docker.com/desktop/settings/mac/#file-sharing for more info.
 Container kong-codex-typesense-1  Stopping
 Container kong-codex-kong-1  Stopping
 Container kong-codex-kong-1  Stopped
 Container kong-codex-kong-1  Removing
 Container kong-codex-kong-1  Removed
 Container kong-codex-typesense-1  Stopped
 Container kong-codex-typesense-1  Removing
 Container kong-codex-typesense-1  Removed
 Network kong-codex_default  Removing
 Network kong-codex_default  Removed

[2025-07-17T11:57:11.860268] Running integration tests for fountainai...
[2025-07-17T11:58:09.516545] Integration tests for fountainai failed with exit code 1

[2025-07-17T11:58:09.516897] Running integration tests for kong-codex...
[2025-07-17T11:58:11.501104] Integration tests for kong-codex failed with exit code 1
