[2025-07-17T09:56:09.347887] === New Cycle ===
Building for debugging...
[0/407] Compiling chacha20_poly1305_x86_64-apple.S
[0/407] Compiling chacha20_poly1305_x86_64-linux.S
[2/407] Write swift-version-24593BA9C3E375BF.txt
[3/407] Compiling chacha20_poly1305_armv8-win.S
[4/402] Compiling chacha20_poly1305_armv8-apple.S
[5/402] Compiling chacha20_poly1305_armv8-linux.S
[7/406] Emitting module PlannerServer
[8/406] Emitting module PersistServer
[9/406] Compiling PersistServer main.swift
/srv/deploy/repos/fountainai/Generated/Server/persist/main.swift:23:43: error: initializer 'init(_:)' requires that '__socket_type' conform to 'BinaryFloatingPoint'
21 | 
22 |     func start() throws {
23 |         serverFD = socket(Int32(AF_INET), Int32(SOCK_STREAM), 0)
   |                                           `- error: initializer 'init(_:)' requires that '__socket_type' conform to 'BinaryFloatingPoint'
24 |         guard serverFD >= 0 else { throw RuntimeError.socket }
25 |         var opt: Int32 = 1

Swift.FixedWidthInteger.init:2:19: note: where 'T' = '__socket_type'
1 | protocol FixedWidthInteger {
2 | @inlinable public init<T>(_ source: T) where T : BinaryFloatingPoint}
  |                   `- note: where 'T' = '__socket_type'
3 | 
[10/406] Compiling PlannerServer main.swift
/srv/deploy/repos/fountainai/Generated/Server/planner/main.swift:23:43: error: initializer 'init(_:)' requires that '__socket_type' conform to 'BinaryFloatingPoint'
21 | 
22 |     func start() throws {
23 |         serverFD = socket(Int32(AF_INET), Int32(SOCK_STREAM), 0)
   |                                           `- error: initializer 'init(_:)' requires that '__socket_type' conform to 'BinaryFloatingPoint'
24 |         guard serverFD >= 0 else { throw RuntimeError.socket }
25 |         var opt: Int32 = 1

Swift.FixedWidthInteger.init:2:19: note: where 'T' = '__socket_type'
1 | protocol FixedWidthInteger {
2 | @inlinable public init<T>(_ source: T) where T : BinaryFloatingPoint}
  |                   `- note: where 'T' = '__socket_type'
3 | 
[10/406] Compiling bio_ssl.cc
[66/406] Compiling d1_pkt.cc
[104/406] Compiling d1_srtp.cc
[104/406] Compiling d1_both.cc
[104/406] Compiling d1_lib.cc
[104/406] Compiling dtls_method.cc

[2025-07-17T09:56:09.349021] Starting swift build...
[2025-07-17T09:56:12.288084] swift build failed with exit code 1
