[2025-07-18T23:22:48.359188] === New Cycle ===
Building for debugging...
[0/42] Write swift-version-24593BA9C3E375BF.txt
[2/61] Emitting module PersistServer
[3/61] Compiling PersistServer main.swift
/srv/deploy/repos/fountainai/Generated/Server/persist/main.swift:23:33: error: cannot convert value of type '__socket_type' to specified type 'Int32'
 21 | 
 22 |     func start() throws {
 23 |         let socketType: Int32 = SOCK_STREAM
    |                                 `- error: cannot convert value of type '__socket_type' to specified type 'Int32'
 24 | 
 25 |         serverFD = socket(AF_INET, socketType, 0)
[4/61] Emitting module PlannerServer
[5/61] Compiling PlannerServer main.swift
/srv/deploy/repos/fountainai/Generated/Server/planner/main.swift:23:33: error: cannot convert value of type '__socket_type' to specified type 'Int32'
 21 | 
 22 |     func start() throws {
 23 |         let socketType: Int32 = SOCK_STREAM
    |                                 `- error: cannot convert value of type '__socket_type' to specified type 'Int32'
 24 | 
 25 |         serverFD = socket(AF_INET, socketType, 0)
[5/61] Compiling c-nioatomics.c
[5/61] Compiling c-atomics.c
[6/61] Emitting module LLMGatewayServer
[6/61] Compiling bcm.cc

[2025-07-18T23:22:48.360068] Starting swift build...
[2025-07-18T23:22:50.301822] swift build failed with exit code 1
[2025-07-18T23:22:50.499090] [dispatcher] Updated git remote to use token-based authentication.
[2025-07-18T23:22:51.737090] [dispatcher] Running Docker build...
[2025-07-18T23:22:51.737812] [dispatcher] Running tests...
Compose now can delegate build to bake for better performances
Just set COMPOSE_BAKE=true
#0 building with "default" instance using docker driver

#1 [function-caller internal] load build definition from Dockerfile
#1 transferring dockerfile: 290B done
#1 DONE 0.0s

#2 [persist internal] load build definition from Dockerfile
#2 transferring dockerfile: 266B done
#2 DONE 0.0s

#3 [planner internal] load build definition from Dockerfile
#3 transferring dockerfile: 266B done
#3 DONE 0.0s

#4 [llm-gateway internal] load build definition from Dockerfile
#4 transferring dockerfile: 278B done
#4 DONE 0.0s

#5 [baseline-awareness internal] load build definition from Dockerfile
#5 transferring dockerfile: 299B done
#5 DONE 0.0s

#6 [tools-factory internal] load build definition from Dockerfile
#6 transferring dockerfile: 284B done
#6 DONE 0.0s

#7 [bootstrap internal] load build definition from Dockerfile
#7 transferring dockerfile: 272B done
#7 DONE 0.0s

#8 [bootstrap internal] load metadata for docker.io/library/swift:6.1-jammy
#8 DONE 1.6s

#9 [function-caller internal] load metadata for docker.io/library/ubuntu:22.04
#9 DONE 1.5s

#10 [bootstrap internal] load .dockerignore
#10 transferring context: 2B done
#10 DONE 0.0s

#11 [llm-gateway internal] load .dockerignore
#11 transferring context: 2B done
#11 DONE 0.1s

#12 [planner internal] load .dockerignore
#12 transferring context: 2B done
#12 DONE 0.1s

#13 [tools-factory internal] load .dockerignore
#13 transferring context: 2B done
#13 DONE 0.1s

#14 [persist internal] load .dockerignore
#14 transferring context: 2B 0.0s done
#14 DONE 0.1s

#15 [baseline-awareness internal] load .dockerignore
#15 transferring context: 2B 0.0s done
#15 DONE 0.1s

#16 [function-caller internal] load .dockerignore
#16 transferring context: 2B 0.0s done
#16 DONE 0.1s

#17 [function-caller build 1/4] FROM docker.io/library/swift:6.1-jammy@sha256:512716edb447938962d96627ff0b9f00d5701bfa61d97a5b5654f07a1482c342
#17 resolve docker.io/library/swift:6.1-jammy@sha256:512716edb447938962d96627ff0b9f00d5701bfa61d97a5b5654f07a1482c342 0.1s done
#17 DONE 0.1s

#18 [tools-factory stage-1 1/2] FROM docker.io/library/ubuntu:22.04@sha256:1ec65b2719518e27d4d25f104d93f9fac60dc437f81452302406825c46fcc9cb
#18 resolve docker.io/library/ubuntu:22.04@sha256:1ec65b2719518e27d4d25f104d93f9fac60dc437f81452302406825c46fcc9cb 0.1s done
#18 CACHED

#19 [baseline-awareness internal] load build context
#19 transferring context: 1.67MB 5.1s
#19 ...

#20 [llm-gateway internal] load build context
#20 ...

#19 [baseline-awareness internal] load build context
#19 ...

#21 [planner internal] load build context
#21 transferring context: 9.14MB 10.1s
#21 ...

#22 [tools-factory internal] load build context
#22 ...

#23 [function-caller internal] load build context
#23 ...

#24 [persist internal] load build context
#24 ...

#25 [bootstrap internal] load build context
#25 ...

#24 [persist internal] load build context
#24 transferring context: 9.69MB 13.3s done
#24 ...

#25 [bootstrap internal] load build context
#25 transferring context: 9.69MB 13.3s done
#25 DONE 13.5s

#19 [baseline-awareness internal] load build context
#19 transferring context: 9.69MB 13.2s done
#19 DONE 13.5s

#22 [tools-factory internal] load build context
#22 transferring context: 9.69MB 12.4s done
#22 DONE 13.5s

#23 [function-caller internal] load build context
#23 transferring context: 9.69MB 13.2s done
#23 DONE 13.5s

#20 [llm-gateway internal] load build context
#20 transferring context: 9.69MB 13.3s done
#20 DONE 13.5s

#21 [planner internal] load build context
#21 transferring context: 9.69MB 13.3s done
#21 DONE 13.5s

#24 [persist internal] load build context
#24 DONE 13.5s

#26 [bootstrap build 2/4] WORKDIR /src
#26 CACHED

#27 [llm-gateway build 3/4] COPY . .
#27 DONE 12.3s

#28 [baseline-awareness build 3/4] COPY . .
#28 CACHED

#29 [planner build 3/4] COPY . .
#29 CACHED

#30 [llm-gateway build 3/4] COPY . .
#30 CACHED

#31 [persist build 3/4] COPY . .
#31 CACHED

#32 [function-caller build 3/4] COPY . .
#32 CACHED

#33 [tools-factory build 3/4] COPY . .
#33 CACHED

#34 [baseline-awareness build 4/4] RUN swift build -c release --product baseline-awareness-server
#34 ...

#35 [bootstrap build 4/4] RUN swift build -c release --product bootstrap-server
#35 ...

#36 [function-caller build 4/4] RUN swift build -c release --product function-caller-server
#36 ...

#37 [persist build 4/4] RUN swift build -c release --product persist-server
#37 ...

#38 [llm-gateway build 4/4] RUN swift build -c release --product llm-gateway-server
#38 ...

#39 [planner build 4/4] RUN swift build -c release --product planner-server
#39 ...

#40 [tools-factory build 4/4] RUN swift build -c release --product tools-factory-server
#40 ...

#38 [llm-gateway build 4/4] RUN swift build -c release --product llm-gateway-server
#38 15.82 Building for production...
#38 16.05 [0/6] Write sources
#38 16.26 [3/6] Write swift-version-24593BA9C3E375BF.txt
#38 ...

#36 [function-caller build 4/4] RUN swift build -c release --product function-caller-server
#36 16.24 Building for production...
#36 16.33 [0/14] Write sources
#36 16.78 [5/14] Compiling writer.c
#36 16.79 [6/14] Write swift-version-24593BA9C3E375BF.txt
#36 16.81 [7/14] Compiling reader.c
#36 17.03 [8/15] Compiling parser.c
#36 17.06 [9/15] Compiling api.c
#36 17.82 [10/15] Compiling emitter.c
#36 18.92 [11/15] Compiling scanner.c
#36 ...

#38 [llm-gateway build 4/4] RUN swift build -c release --product llm-gateway-server
#38 23.00 [5/7] Compiling ServiceShared Models.swift
#38 24.09 [6/8] Compiling LLMGatewayService HTTPKernel.swift
#38 24.47 [7/9] Compiling LLMGatewayServer main.swift
#38 24.47 /src/Generated/Server/llm-gateway/main.swift:23:33: error: cannot convert value of type '__socket_type' to specified type 'Int32'
#38 24.47  21 | 
#38 24.47  22 |     func start() throws {
#38 24.47  23 |         let socketType: Int32 = SOCK_STREAM
#38 24.47     |                                 `- error: cannot convert value of type '__socket_type' to specified type 'Int32'
#38 24.47  24 | 
#38 24.47  25 |         serverFD = socket(AF_INET, socketType, 0)
#38 ERROR: process "/bin/sh -c swift build -c release --product llm-gateway-server" did not complete successfully: exit code: 1

#40 [tools-factory build 4/4] RUN swift build -c release --product tools-factory-server
#40 16.19 Building for production...
#40 16.25 [0/14] Write sources
#40 16.78 [5/14] Compiling writer.c
#40 16.80 [6/14] Compiling reader.c
#40 16.97 [7/14] Compiling api.c
#40 16.98 [8/14] Compiling parser.c
#40 17.76 [9/14] Compiling emitter.c
#40 17.80 [10/14] Compiling scanner.c
#40 17.81 [11/14] Write swift-version-24593BA9C3E375BF.txt
#40 24.34 [13/16] Compiling ServiceShared Models.swift
#40 ...

#37 [persist build 4/4] RUN swift build -c release --product persist-server
#37 16.23 Building for production...
#37 16.33 [0/6] Write sources
#37 16.57 [3/6] Write swift-version-24593BA9C3E375BF.txt
#37 22.88 [5/7] Compiling ServiceShared Models.swift
#37 24.41 [6/8] Compiling PersistService HTTPKernel.swift
#37 24.83 [7/9] Compiling PersistServer main.swift
#37 24.83 /src/Generated/Server/persist/main.swift:23:33: error: cannot convert value of type '__socket_type' to specified type 'Int32'
#37 24.83  21 | 
#37 24.83  22 |     func start() throws {
#37 24.83  23 |         let socketType: Int32 = SOCK_STREAM
#37 24.83     |                                 `- error: cannot convert value of type '__socket_type' to specified type 'Int32'
#37 24.83  24 | 
#37 24.83  25 |         serverFD = socket(AF_INET, socketType, 0)
#37 ERROR: process "/bin/sh -c swift build -c release --product persist-server" did not complete successfully: exit code: 1

#34 [baseline-awareness build 4/4] RUN swift build -c release --product baseline-awareness-server
#34 16.18 Building for production...
#34 16.23 [0/6] Write sources
#34 16.47 [3/6] Write swift-version-24593BA9C3E375BF.txt
#34 22.78 [5/7] Compiling ServiceShared Models.swift
#34 24.76 [6/8] Compiling BaselineAwarenessService BaselineStore.swift
#34 25.16 [7/9] Compiling BaselineAwarenessServer HTTPServer.swift
#34 25.16 /src/Generated/Server/baseline-awareness/main.swift:26:36: error: cannot convert value of type '__socket_type' to expected argument type 'Int32'
#34 25.16  24 | 
#34 25.16  25 |     func start() throws {
#34 25.16  26 |         serverFD = socket(AF_INET, SOCK_STREAM, 0)
#34 25.16     |                                    `- error: cannot convert value of type '__socket_type' to expected argument type 'Int32'
#34 25.16  27 |         guard serverFD >= 0 else { throw RuntimeError.socket }
#34 25.16  28 |         var opt: Int32 = 1
#34 ERROR: process "/bin/sh -c swift build -c release --product baseline-awareness-server" did not complete successfully: exit code: 1

#39 [planner build 4/4] RUN swift build -c release --product planner-server
#39 16.22 Building for production...
#39 16.29 [0/6] Write sources
#39 16.50 [3/6] Write swift-version-24593BA9C3E375BF.txt
#39 22.91 [5/7] Compiling ServiceShared Models.swift
#39 24.82 [6/8] Compiling PlannerService HTTPKernel.swift
#39 25.16 [7/9] Compiling PlannerServer main.swift
#39 25.16 /src/Generated/Server/planner/main.swift:23:33: error: cannot convert value of type '__socket_type' to specified type 'Int32'
#39 25.16  21 | 
#39 25.16  22 |     func start() throws {
#39 25.16  23 |         let socketType: Int32 = SOCK_STREAM
#39 25.16     |                                 `- error: cannot convert value of type '__socket_type' to specified type 'Int32'
#39 25.16  24 | 
#39 25.16  25 |         serverFD = socket(AF_INET, socketType, 0)
#39 ERROR: process "/bin/sh -c swift build -c release --product planner-server" did not complete successfully: exit code: 1

#35 [bootstrap build 4/4] RUN swift build -c release --product bootstrap-server
#35 16.32 Building for production...
#35 16.38 [0/7] Write sources
#35 16.57 [4/7] Write swift-version-24593BA9C3E375BF.txt
#35 22.80 [6/8] Compiling ServiceShared Models.swift
#35 25.09 [7/9] Compiling BaselineAwarenessService BaselineStore.swift
#35 ...

#40 [tools-factory build 4/4] RUN swift build -c release --product tools-factory-server
#40 CANCELED

#36 [function-caller build 4/4] RUN swift build -c release --product function-caller-server
#36 23.16 [13/16] Compiling ServiceShared Models.swift
#36 CANCELED

#35 [bootstrap build 4/4] RUN swift build -c release --product bootstrap-server
#35 CANCELED
------
 > [planner build 4/4] RUN swift build -c release --product planner-server:
22.91 [5/7] Compiling ServiceShared Models.swift
24.82 [6/8] Compiling PlannerService HTTPKernel.swift
25.16 [7/9] Compiling PlannerServer main.swift
25.16 /src/Generated/Server/planner/main.swift:23:33: error: cannot convert value of type '__socket_type' to specified type 'Int32'
25.16  21 | 
25.16  22 |     func start() throws {
25.16  23 |         let socketType: Int32 = SOCK_STREAM
25.16     |                                 `- error: cannot convert value of type '__socket_type' to specified type 'Int32'
25.16  24 | 
25.16  25 |         serverFD = socket(AF_INET, socketType, 0)
------
------
 > [persist build 4/4] RUN swift build -c release --product persist-server:
22.88 [5/7] Compiling ServiceShared Models.swift
24.41 [6/8] Compiling PersistService HTTPKernel.swift
24.83 [7/9] Compiling PersistServer main.swift
24.83 /src/Generated/Server/persist/main.swift:23:33: error: cannot convert value of type '__socket_type' to specified type 'Int32'
24.83  21 | 
24.83  22 |     func start() throws {
24.83  23 |         let socketType: Int32 = SOCK_STREAM
24.83     |                                 `- error: cannot convert value of type '__socket_type' to specified type 'Int32'
24.83  24 | 
24.83  25 |         serverFD = socket(AF_INET, socketType, 0)
------
------
 > [llm-gateway build 4/4] RUN swift build -c release --product llm-gateway-server:
23.00 [5/7] Compiling ServiceShared Models.swift
24.09 [6/8] Compiling LLMGatewayService HTTPKernel.swift
24.47 [7/9] Compiling LLMGatewayServer main.swift
24.47 /src/Generated/Server/llm-gateway/main.swift:23:33: error: cannot convert value of type '__socket_type' to specified type 'Int32'
24.47  21 | 
24.47  22 |     func start() throws {
24.47  23 |         let socketType: Int32 = SOCK_STREAM
24.47     |                                 `- error: cannot convert value of type '__socket_type' to specified type 'Int32'
24.47  24 | 
24.47  25 |         serverFD = socket(AF_INET, socketType, 0)
------
------
 > [baseline-awareness build 4/4] RUN swift build -c release --product baseline-awareness-server:
22.78 [5/7] Compiling ServiceShared Models.swift
24.76 [6/8] Compiling BaselineAwarenessService BaselineStore.swift
25.16 [7/9] Compiling BaselineAwarenessServer HTTPServer.swift
25.16 /src/Generated/Server/baseline-awareness/main.swift:26:36: error: cannot convert value of type '__socket_type' to expected argument type 'Int32'
25.16  24 | 
25.16  25 |     func start() throws {
25.16  26 |         serverFD = socket(AF_INET, SOCK_STREAM, 0)
25.16     |                                    `- error: cannot convert value of type '__socket_type' to expected argument type 'Int32'
25.16  27 |         guard serverFD >= 0 else { throw RuntimeError.socket }
25.16  28 |         var opt: Int32 = 1
------
failed to solve: process "/bin/sh -c swift build -c release --product persist-server" did not complete successfully: exit code: 1
 Network kong-codex_default  Creating
 Network kong-codex_default  Created
 Container kong-codex-kong-1  Creating
 Container kong-codex-typesense-1  Creating
 Container kong-codex-typesense-1  Created
 Container kong-codex-kong-1  Created
Attaching to kong-1, typesense-1
Gracefully stopping... (press Ctrl+C again to force)
Error response from daemon: mounts denied: 
The path /srv/deploy/repos/kong-codex/kong.conf is not shared from the host and is not known to Docker.
You can configure shared paths from Docker -> Preferences... -> Resources -> File Sharing.
See https://docs.docker.com/go/mac-file-sharing/ for more info.
 Container kong-codex-kong-1  Stopping
 Container kong-codex-typesense-1  Stopping
 Container kong-codex-kong-1  Stopped
 Container kong-codex-kong-1  Removing
 Container kong-codex-kong-1  Removed
 Container kong-codex-typesense-1  Stopped
 Container kong-codex-typesense-1  Removing
 Container kong-codex-typesense-1  Removed
 Network kong-codex_default  Removing
 Network kong-codex_default  Removed

[2025-07-18T23:22:51.738028] Running integration tests for fountainai...
[2025-07-18T23:23:45.401004] Integration tests for fountainai failed with exit code 1

[2025-07-18T23:23:45.401260] Running integration tests for kong-codex...
[2025-07-18T23:23:47.645662] Integration tests for kong-codex failed with exit code 1
