[2025-07-15T15:09:18.509976] Dispatcher started successfully ðŸŸ¢
[2025-07-15T15:09:18.511108] === New Cycle ===
error: 'fountainai': package 'fountainai' is using Swift tools version 6.1.0 but the installed version is 5.8.1

[2025-07-15T15:09:18.511379] Starting swift build...
[2025-07-15T15:09:20.122181] swift build failed with exit code 1
[2025-07-15T15:09:20.274705] [dispatcher] Updated git remote to use token-based authentication.
[2025-07-15T15:09:22.383354] Opened PR #89 for Fountain-Coach/codex-deployer
[2025-07-15T15:10:54.774652] PR #89 merged
[2025-07-15T15:10:56.354523] [dispatcher] Running Docker build...
[2025-07-15T15:10:56.355309] [dispatcher] Running tests...
time="2025-07-15T15:10:56Z" level=warning msg="/srv/deploy/repos/fountainai/docker-compose.yml: the attribute `version` is obsolete, it will be ignored, please remove it to avoid potential confusion"
Compose now can delegate build to bake for better performances
Just set COMPOSE_BAKE=true
#0 building with "default" instance using docker driver

#1 [baseline-awareness internal] load build definition from Dockerfile
#1 transferring dockerfile: 330B 0.0s done
#1 DONE 0.0s

#2 [planner internal] load build definition from Dockerfile
#2 transferring dockerfile: 319B done
#2 DONE 0.0s

#3 [function-caller internal] load build definition from Dockerfile
#3 transferring dockerfile: 327B done
#3 DONE 0.0s

#4 [persist internal] load build definition from Dockerfile
#4 transferring dockerfile: 319B done
#4 DONE 0.1s

#5 [bootstrap internal] load build definition from Dockerfile
#5 transferring dockerfile: 321B done
#5 DONE 0.1s

#6 [llm-gateway internal] load build definition from Dockerfile
#6 transferring dockerfile: 323B done
#6 DONE 0.1s

#7 [tools-factory internal] load build definition from Dockerfile
#7 transferring dockerfile: 325B done
#7 DONE 0.1s

#8 [llm-gateway internal] load metadata for docker.io/library/swift:6.1-jammy
#8 DONE 0.5s

#9 [llm-gateway internal] load metadata for docker.io/library/ubuntu:22.04
#9 DONE 1.1s

#10 [baseline-awareness internal] load .dockerignore
#10 transferring context: 2B done
#10 DONE 0.0s

#11 [tools-factory build 1/4] FROM docker.io/library/swift:6.1-jammy@sha256:74fce669eb8620bce0607b9942c8f3b1a1933e7702b4784d7c2cc282715178f8
#11 DONE 0.0s

#12 [llm-gateway internal] load .dockerignore
#12 transferring context: 2B done
#12 DONE 0.0s

#13 [persist internal] load .dockerignore
#13 transferring context: 2B done
#13 DONE 0.0s

#14 [bootstrap internal] load .dockerignore
#14 transferring context: 2B done
#14 DONE 0.0s

#15 [planner internal] load .dockerignore
#15 transferring context: 2B done
#15 DONE 0.0s

#16 [function-caller internal] load .dockerignore
#16 transferring context: 2B done
#16 DONE 0.0s

#17 [tools-factory internal] load .dockerignore
#17 transferring context: 2B done
#17 DONE 0.0s

#18 [tools-factory stage-1 1/2] FROM docker.io/library/ubuntu:22.04@sha256:3c61d3759c2639d4b836d32a2d3c83fa0214e36f195a3421018dbaaf79cbe37f
#18 CACHED

#19 [baseline-awareness internal] load build context
#19 transferring context: 20.98kB 0.0s done
#19 DONE 0.0s

#20 [persist internal] load build context
#20 transferring context: 10.73kB 0.0s done
#20 DONE 0.0s

#21 [llm-gateway internal] load build context
#21 transferring context: 7.60kB 0.0s done
#21 DONE 0.1s

#22 [bootstrap internal] load build context
#22 transferring context: 12.45kB done
#22 DONE 0.1s

#23 [planner internal] load build context
#23 transferring context: 14.41kB 0.0s done
#23 DONE 0.1s

#24 [baseline-awareness build 3/4] COPY ./ .
#24 CACHED

#25 [tools-factory internal] load build context
#25 transferring context: 11.96kB 0.0s done
#25 DONE 0.1s

#26 [function-caller internal] load build context
#26 transferring context: 11.86kB 0.0s done
#26 DONE 0.1s

#27 [persist build 3/4] COPY ./ .
#27 CACHED

#28 [llm-gateway build 3/4] COPY ./ .
#28 CACHED

#29 [tools-factory build 3/4] COPY ./ .
#29 CACHED

#30 [bootstrap build 3/4] COPY ./ .
#30 CACHED

#31 [planner build 3/4] COPY ./ .
#31 CACHED

#32 [bootstrap build 2/4] WORKDIR /src
#32 CACHED

#33 [function-caller build 3/4] COPY ./ .
#33 CACHED

#34 [bootstrap build 4/4] RUN swiftc -O HTTPKernel.swift HTTPRequest.swift HTTPResponse.swift Router.swift Handlers.swift Models.swift main.swift -o /server
#34 4.998 HTTPKernel.swift:2:8: error: no such module 'ServiceShared'
#34 4.998  1 | import Foundation
#34 4.998  2 | import ServiceShared
#34 4.998    |        `- error: no such module 'ServiceShared'
#34 4.998  3 | 
#34 4.998  4 | /// Bootstrap service kernel. Requires a bearer token when
#34 ERROR: process "/bin/sh -c swiftc -O HTTPKernel.swift HTTPRequest.swift HTTPResponse.swift Router.swift Handlers.swift Models.swift main.swift -o /server" did not complete successfully: exit code: 1

#35 [planner build 4/4] RUN swiftc -O HTTPKernel.swift HTTPRequest.swift HTTPResponse.swift Router.swift Handlers.swift Models.swift main.swift -o /server
#35 4.996 HTTPKernel.swift:2:8: error: no such module 'ServiceShared'
#35 4.996  1 | import Foundation
#35 4.996  2 | import ServiceShared
#35 4.996    |        `- error: no such module 'ServiceShared'
#35 4.996  3 | 
#35 4.996  4 | /// Planner service kernel. Requires a bearer token when
#35 ERROR: process "/bin/sh -c swiftc -O HTTPKernel.swift HTTPRequest.swift HTTPResponse.swift Router.swift Handlers.swift Models.swift main.swift -o /server" did not complete successfully: exit code: 1

#36 [persist build 4/4] RUN swiftc -O HTTPKernel.swift HTTPRequest.swift HTTPResponse.swift Router.swift Handlers.swift Models.swift main.swift -o /server
#36 5.268 HTTPKernel.swift:2:8: error: no such module 'ServiceShared'
#36 5.268  1 | import Foundation
#36 5.268  2 | import ServiceShared
#36 5.268    |        `- error: no such module 'ServiceShared'
#36 5.268  3 | 
#36 5.268  4 | public struct HTTPKernel {
#36 ERROR: process "/bin/sh -c swiftc -O HTTPKernel.swift HTTPRequest.swift HTTPResponse.swift Router.swift Handlers.swift Models.swift main.swift -o /server" did not complete successfully: exit code: 1

#37 [llm-gateway build 4/4] RUN swiftc -O HTTPKernel.swift HTTPRequest.swift HTTPResponse.swift Router.swift Handlers.swift Models.swift main.swift -o /server
#37 5.337 HTTPKernel.swift:2:8: error: no such module 'ServiceShared'
#37 5.337  1 | import Foundation
#37 5.337  2 | import ServiceShared
#37 5.337    |        `- error: no such module 'ServiceShared'
#37 5.337  3 | 
#37 5.337  4 | public struct HTTPKernel {
#37 ERROR: process "/bin/sh -c swiftc -O HTTPKernel.swift HTTPRequest.swift HTTPResponse.swift Router.swift Handlers.swift Models.swift main.swift -o /server" did not complete successfully: exit code: 1

#38 [function-caller build 4/4] RUN swiftc -O HTTPKernel.swift HTTPRequest.swift HTTPResponse.swift Router.swift Handlers.swift Models.swift main.swift -o /server
#38 5.328 HTTPKernel.swift:2:8: error: no such module 'ServiceShared'
#38 5.328  1 | import Foundation
#38 5.328  2 | import ServiceShared
#38 5.328    |        `- error: no such module 'ServiceShared'
#38 5.328  3 | 
#38 5.328  4 | /// Function Caller service kernel. Requires a bearer token when
#38 ERROR: process "/bin/sh -c swiftc -O HTTPKernel.swift HTTPRequest.swift HTTPResponse.swift Router.swift Handlers.swift Models.swift main.swift -o /server" did not complete successfully: exit code: 1

#39 [tools-factory build 4/4] RUN swiftc -O HTTPKernel.swift HTTPRequest.swift HTTPResponse.swift Router.swift Handlers.swift Models.swift main.swift -o /server
#39 5.329 HTTPKernel.swift:2:8: error: no such module 'ServiceShared'
#39 5.329  1 | import Foundation
#39 5.329  2 | import ServiceShared
#39 5.329    |        `- error: no such module 'ServiceShared'
#39 5.329  3 | 
#39 5.329  4 | public struct HTTPKernel {
#39 ERROR: process "/bin/sh -c swiftc -O HTTPKernel.swift HTTPRequest.swift HTTPResponse.swift Router.swift Handlers.swift Models.swift main.swift -o /server" did not complete successfully: exit code: 1

#40 [baseline-awareness build 4/4] RUN swiftc -O HTTPKernel.swift HTTPRequest.swift HTTPResponse.swift Router.swift Handlers.swift Models.swift main.swift -o /server
#40 5.321 HTTPKernel.swift:2:8: error: no such module 'ServiceShared'
#40 5.321  1 | import Foundation
#40 5.321  2 | import ServiceShared
#40 5.321    |        `- error: no such module 'ServiceShared'
#40 5.321  3 | 
#40 5.321  4 | /// Baseline Awareness service kernel. Requires a bearer token when
#40 ERROR: process "/bin/sh -c swiftc -O HTTPKernel.swift HTTPRequest.swift HTTPResponse.swift Router.swift Handlers.swift Models.swift main.swift -o /server" did not complete successfully: exit code: 1
------
 > [llm-gateway build 4/4] RUN swiftc -O HTTPKernel.swift HTTPRequest.swift HTTPResponse.swift Router.swift Handlers.swift Models.swift main.swift -o /server:
5.337 HTTPKernel.swift:2:8: error: no such module 'ServiceShared'
5.337  1 | import Foundation
5.337  2 | import ServiceShared
5.337    |        `- error: no such module 'ServiceShared'
5.337  3 | 
5.337  4 | public struct HTTPKernel {
------
------
 > [baseline-awareness build 4/4] RUN swiftc -O HTTPKernel.swift HTTPRequest.swift HTTPResponse.swift Router.swift Handlers.swift Models.swift main.swift -o /server:
5.321 HTTPKernel.swift:2:8: error: no such module 'ServiceShared'
5.321  1 | import Foundation
5.321  2 | import ServiceShared
5.321    |        `- error: no such module 'ServiceShared'
5.321  3 | 
5.321  4 | /// Baseline Awareness service kernel. Requires a bearer token when
------
------
 > [tools-factory build 4/4] RUN swiftc -O HTTPKernel.swift HTTPRequest.swift HTTPResponse.swift Router.swift Handlers.swift Models.swift main.swift -o /server:
5.329 HTTPKernel.swift:2:8: error: no such module 'ServiceShared'
5.329  1 | import Foundation
5.329  2 | import ServiceShared
5.329    |        `- error: no such module 'ServiceShared'
5.329  3 | 
5.329  4 | public struct HTTPKernel {
------
------
 > [function-caller build 4/4] RUN swiftc -O HTTPKernel.swift HTTPRequest.swift HTTPResponse.swift Router.swift Handlers.swift Models.swift main.swift -o /server:
5.328 HTTPKernel.swift:2:8: error: no such module 'ServiceShared'
5.328  1 | import Foundation
5.328  2 | import ServiceShared
5.328    |        `- error: no such module 'ServiceShared'
5.328  3 | 
5.328  4 | /// Function Caller service kernel. Requires a bearer token when
------
------
 > [planner build 4/4] RUN swiftc -O HTTPKernel.swift HTTPRequest.swift HTTPResponse.swift Router.swift Handlers.swift Models.swift main.swift -o /server:
4.996 HTTPKernel.swift:2:8: error: no such module 'ServiceShared'
4.996  1 | import Foundation
4.996  2 | import ServiceShared
4.996    |        `- error: no such module 'ServiceShared'
4.996  3 | 
4.996  4 | /// Planner service kernel. Requires a bearer token when
------
------
 > [persist build 4/4] RUN swiftc -O HTTPKernel.swift HTTPRequest.swift HTTPResponse.swift Router.swift Handlers.swift Models.swift main.swift -o /server:
5.268 HTTPKernel.swift:2:8: error: no such module 'ServiceShared'
5.268  1 | import Foundation
5.268  2 | import ServiceShared
5.268    |        `- error: no such module 'ServiceShared'
5.268  3 | 
5.268  4 | public struct HTTPKernel {
------
------
 > [bootstrap build 4/4] RUN swiftc -O HTTPKernel.swift HTTPRequest.swift HTTPResponse.swift Router.swift Handlers.swift Models.swift main.swift -o /server:
4.998 HTTPKernel.swift:2:8: error: no such module 'ServiceShared'
4.998  1 | import Foundation
4.998  2 | import ServiceShared
4.998    |        `- error: no such module 'ServiceShared'
4.998  3 | 
4.998  4 | /// Bootstrap service kernel. Requires a bearer token when
------
failed to solve: process "/bin/sh -c swiftc -O HTTPKernel.swift HTTPRequest.swift HTTPResponse.swift Router.swift Handlers.swift Models.swift main.swift -o /server" did not complete successfully: exit code: 1
time="2025-07-15T15:11:04Z" level=warning msg="/srv/deploy/repos/fountainai/docker-compose.yml: the attribute `version` is obsolete, it will be ignored, please remove it to avoid potential confusion"
time="2025-07-15T15:11:04Z" level=warning msg="The \"TYPESENSE_API_KEY\" variable is not set. Defaulting to a blank string."
time="2025-07-15T15:11:04Z" level=warning msg="The \"TYPESENSE_API_KEY\" variable is not set. Defaulting to a blank string."
time="2025-07-15T15:11:04Z" level=warning msg="/srv/deploy/repos/kong-codex/docker-compose.yml: the attribute `version` is obsolete, it will be ignored, please remove it to avoid potential confusion"
 Network kong-codex_default  Creating
 Network kong-codex_default  Created
 Container kong-codex-kong-1  Creating
 Container kong-codex-typesense-1  Creating
 Container kong-codex-kong-1  Created
 Container kong-codex-typesense-1  Created
Attaching to kong-1, typesense-1
Gracefully stopping... (press Ctrl+C again to force)
Error response from daemon: mounts denied: 
The path /srv/deploy/repos/kong-codex/kong.conf is not shared from the host and is not known to Docker.
You can configure shared paths from Docker -> Preferences... -> Resources -> File Sharing.
See https://docs.docker.com/desktop/settings/mac/#file-sharing for more info.
time="2025-07-15T15:11:04Z" level=warning msg="The \"TYPESENSE_API_KEY\" variable is not set. Defaulting to a blank string."
time="2025-07-15T15:11:04Z" level=warning msg="The \"TYPESENSE_API_KEY\" variable is not set. Defaulting to a blank string."
time="2025-07-15T15:11:04Z" level=warning msg="/srv/deploy/repos/kong-codex/docker-compose.yml: the attribute `version` is obsolete, it will be ignored, please remove it to avoid potential confusion"
 Container kong-codex-kong-1  Stopping
 Container kong-codex-typesense-1  Stopping
 Container kong-codex-kong-1  Stopped
 Container kong-codex-kong-1  Removing
 Container kong-codex-kong-1  Removed
 Container kong-codex-typesense-1  Stopped
 Container kong-codex-typesense-1  Removing
 Container kong-codex-typesense-1  Removed
 Network kong-codex_default  Removing
 Network kong-codex_default  Removed

[2025-07-15T15:10:56.355533] Running integration tests for fountainai...
[2025-07-15T15:11:04.233875] Integration tests for fountainai failed with exit code 1

[2025-07-15T15:11:04.234124] Running integration tests for kong-codex...
[2025-07-15T15:11:05.126387] Integration tests for kong-codex failed with exit code 1
