[2025-07-17T05:56:23.055054] === New Cycle ===
Building for debugging...
[0/316] Compiling co-586-apple.S
[0/316] Compiling bsaes-armv7-linux.S
[0/316] Compiling bn-armv8-apple.S
[1/316] Compiling co-586-linux.S
[1/316] Compiling bn-586-linux.S
[1/316] Compiling bn-armv8-win.S
[1/316] Compiling bn-armv8-linux.S
[7/316] Compiling bn-586-apple.S
[7/316] Compiling armv8-mont-apple.S
[8/316] Compiling armv8-mont-win.S
[10/316] Compiling aesv8-gcm-armv8-win.S
[11/316] Compiling armv4-mont-linux.S
[12/316] Compiling aesv8-armv8-win.S
[12/316] Compiling aesv8-gcm-armv8-apple.S
[14/316] Compiling aesv8-armv8-linux.S
[15/316] Compiling aesv8-gcm-armv8-linux.S
[16/316] Compiling aesv8-armv8-apple.S
[17/316] Write swift-version-24593BA9C3E375BF.txt
[17/316] Compiling armv8-mont-linux.S
[19/312] Compiling aesni-x86_64-linux.S
[20/312] Compiling aesv8-armv7-linux.S
[21/312] Compiling aesni-x86_64-apple.S
[22/312] Compiling aesni-x86-linux.S
[23/312] Compiling aesni-x86-apple.S
[24/312] Compiling aesni-gcm-x86_64-apple.S
[25/312] Compiling aesni-gcm-x86_64-linux.S
[27/346] Compiling DequeModule Deque+Testing.swift
[28/347] Emitting module PersistServer
[29/347] Compiling Atomics AtomicInteger.swift
[30/347] Compiling Atomics AtomicOptionalWrappable.swift
[31/348] Compiling Atomics AtomicStorage.swift
[32/348] Compiling Atomics IntegerOperations.swift
[33/348] Emitting module BaselineAwarenessService
[34/351] Emitting module PlannerServer
[35/351] Compiling PersistServer main.swift
/srv/deploy/repos/fountainai/Generated/Server/persist/main.swift:23:36: error: initializer 'init(_:)' requires that '__socket_type' conform to 'BinaryFloatingPoint'
21 | 
22 |     func start() throws {
23 |         serverFD = socket(AF_INET, Int32(SOCK_STREAM), 0)
   |                                    `- error: initializer 'init(_:)' requires that '__socket_type' conform to 'BinaryFloatingPoint'
24 |         guard serverFD >= 0 else { throw RuntimeError.socket }
25 |         var opt: Int32 = 1

Swift.FixedWidthInteger.init:2:19: note: where 'T' = '__socket_type'
1 | protocol FixedWidthInteger {
2 | @inlinable public init<T>(_ source: T) where T : BinaryFloatingPoint}
  |                   `- note: where 'T' = '__socket_type'
3 | 
[36/351] Compiling PlannerServer main.swift
/srv/deploy/repos/fountainai/Generated/Server/planner/main.swift:23:36: error: initializer 'init(_:)' requires that '__socket_type' conform to 'BinaryFloatingPoint'
21 | 
22 |     func start() throws {
23 |         serverFD = socket(AF_INET, Int32(SOCK_STREAM), 0)
   |                                    `- error: initializer 'init(_:)' requires that '__socket_type' conform to 'BinaryFloatingPoint'
24 |         guard serverFD >= 0 else { throw RuntimeError.socket }
25 |         var opt: Int32 = 1

Swift.FixedWidthInteger.init:2:19: note: where 'T' = '__socket_type'
1 | protocol FixedWidthInteger {
2 | @inlinable public init<T>(_ source: T) where T : BinaryFloatingPoint}
  |                   `- note: where 'T' = '__socket_type'
3 | 
[37/351] Compiling Atomics PointerConformances.swift
[38/351] Compiling Atomics Primitives.native.swift
[39/351] Compiling Atomics AtomicBool.swift
[40/351] Compiling Atomics IntegerConformances.swift
[43/352] Emitting module LLMGatewayServer
[44/353] Compiling LLMGatewayServer main.swift
/srv/deploy/repos/fountainai/Generated/Server/llm-gateway/main.swift:23:36: error: initializer 'init(_:)' requires that '__socket_type' conform to 'BinaryFloatingPoint'
21 | 
22 |     func start() throws {
23 |         serverFD = socket(AF_INET, Int32(SOCK_STREAM), 0)
   |                                    `- error: initializer 'init(_:)' requires that '__socket_type' conform to 'BinaryFloatingPoint'
24 |         guard serverFD >= 0 else { throw RuntimeError.socket }
25 |         var opt: Int32 = 1

Swift.FixedWidthInteger.init:2:19: note: where 'T' = '__socket_type'
1 | protocol FixedWidthInteger {
2 | @inlinable public init<T>(_ source: T) where T : BinaryFloatingPoint}
  |                   `- note: where 'T' = '__socket_type'
3 | 
[44/353] Compiling bio_ssl.cc

[2025-07-17T05:56:23.055995] Starting swift build...
[2025-07-17T05:56:25.463072] swift build failed with exit code 1
