[2025-07-18T21:15:11.528836] === New Cycle ===
Building for debugging...
[0/42] Write swift-version-24593BA9C3E375BF.txt
[2/68] Emitting module PersistServer
[3/68] Compiling Atomics AtomicInteger.swift
[4/69] Compiling PlannerServer main.swift
/srv/deploy/repos/fountainai/Generated/Server/planner/main.swift:23:33: error: cannot convert value of type '__socket_type' to specified type 'Int32'
 21 | 
 22 |     func start() throws {
 23 |         let socketType: Int32 = SOCK_STREAM
    |                                 `- error: cannot convert value of type '__socket_type' to specified type 'Int32'
 24 | 
 25 |         serverFD = socket(AF_INET, socketType, 0)
[5/69] Emitting module PlannerServer
[6/69] Compiling PersistServer main.swift
/srv/deploy/repos/fountainai/Generated/Server/persist/main.swift:23:33: error: cannot convert value of type '__socket_type' to specified type 'Int32'
 21 | 
 22 |     func start() throws {
 23 |         let socketType: Int32 = SOCK_STREAM
    |                                 `- error: cannot convert value of type '__socket_type' to specified type 'Int32'
 24 | 
 25 |         serverFD = socket(AF_INET, socketType, 0)
[7/69] Compiling Atomics AtomicBool.swift
[7/69] Compiling c-atomics.c
[7/69] Compiling bcm.cc
[7/69] Compiling c-nioatomics.c

[2025-07-18T21:15:11.530733] Starting swift build...
[2025-07-18T21:15:13.625101] swift build failed with exit code 1
[2025-07-18T21:15:13.826936] [dispatcher] Updated git remote to use token-based authentication.
[2025-07-18T21:15:16.187135] [dispatcher] Running Docker build...
[2025-07-18T21:15:16.187890] [dispatcher] Running tests...
Compose now can delegate build to bake for better performances
Just set COMPOSE_BAKE=true
#0 building with "default" instance using docker driver

#1 [function-caller internal] load build definition from Dockerfile
#1 transferring dockerfile: 290B done
#1 DONE 0.0s

#2 [bootstrap internal] load build definition from Dockerfile
#2 transferring dockerfile: 272B done
#2 DONE 0.0s

#3 [tools-factory internal] load build definition from Dockerfile
#3 transferring dockerfile: 284B done
#3 DONE 0.0s

#4 [persist internal] load build definition from Dockerfile
#4 transferring dockerfile: 266B done
#4 DONE 0.0s

#5 [baseline-awareness internal] load build definition from Dockerfile
#5 transferring dockerfile: 299B done
#5 DONE 0.0s

#6 [planner internal] load build definition from Dockerfile
#6 transferring dockerfile: 266B done
#6 DONE 0.0s

#7 [llm-gateway internal] load build definition from Dockerfile
#7 transferring dockerfile: 278B done
#7 DONE 0.0s

#8 [llm-gateway internal] load metadata for docker.io/library/swift:6.1-jammy
#8 DONE 0.5s

#9 [baseline-awareness internal] load metadata for docker.io/library/ubuntu:22.04
#9 DONE 0.6s

#10 [tools-factory internal] load .dockerignore
#10 transferring context: 2B done
#10 DONE 0.0s

#11 [bootstrap internal] load .dockerignore
#11 transferring context: 2B done
#11 DONE 0.0s

#12 [llm-gateway internal] load .dockerignore
#12 transferring context: 2B done
#12 DONE 0.0s

#13 [function-caller internal] load .dockerignore
#13 transferring context: 2B done
#13 DONE 0.0s

#14 [planner internal] load .dockerignore
#14 transferring context: 2B done
#14 DONE 0.0s

#15 [persist internal] load .dockerignore
#15 transferring context: 2B 0.0s done
#15 DONE 0.1s

#16 [baseline-awareness internal] load .dockerignore
#16 transferring context: 2B done
#16 DONE 0.1s

#17 [baseline-awareness build 1/4] FROM docker.io/library/swift:6.1-jammy@sha256:512716edb447938962d96627ff0b9f00d5701bfa61d97a5b5654f07a1482c342
#17 resolve docker.io/library/swift:6.1-jammy@sha256:512716edb447938962d96627ff0b9f00d5701bfa61d97a5b5654f07a1482c342 0.0s done
#17 DONE 0.0s

#18 [baseline-awareness stage-1 1/2] FROM docker.io/library/ubuntu:22.04@sha256:1ec65b2719518e27d4d25f104d93f9fac60dc437f81452302406825c46fcc9cb
#18 resolve docker.io/library/ubuntu:22.04@sha256:1ec65b2719518e27d4d25f104d93f9fac60dc437f81452302406825c46fcc9cb 0.0s done
#18 CACHED

#19 [function-caller internal] load build context
#19 transferring context: 1.88MB 5.0s
#19 ...

#20 [persist internal] load build context
#20 ...

#19 [function-caller internal] load build context
#19 ...

#21 [tools-factory internal] load build context
#21 transferring context: 9.29MB 10.1s
#21 ...

#22 [bootstrap internal] load build context
#22 ...

#23 [planner internal] load build context
#23 ...

#24 [llm-gateway internal] load build context
#24 ...

#25 [baseline-awareness internal] load build context
#25 ...

#24 [llm-gateway internal] load build context
#24 transferring context: 9.81MB 13.7s done
#24 ...

#23 [planner internal] load build context
#23 transferring context: 9.81MB 12.1s done
#23 DONE 13.9s

#26 [planner build 2/4] WORKDIR /src
#26 CACHED

#20 [persist internal] load build context
#20 transferring context: 9.81MB 13.7s done
#20 ...

#19 [function-caller internal] load build context
#19 transferring context: 9.81MB 13.7s done
#19 DONE 14.3s

#21 [tools-factory internal] load build context
#21 transferring context: 9.81MB 13.7s done
#21 DONE 14.4s

#20 [persist internal] load build context
#20 DONE 14.4s

#22 [bootstrap internal] load build context
#22 transferring context: 9.81MB 13.7s done
#22 DONE 14.4s

#25 [baseline-awareness internal] load build context
#25 transferring context: 9.81MB 13.6s done
#25 DONE 14.4s

#24 [llm-gateway internal] load build context
#24 DONE 14.4s

#27 [baseline-awareness build 3/4] COPY . .
#27 DONE 12.7s

#28 [bootstrap build 3/4] COPY . .
#28 CACHED

#29 [llm-gateway build 3/4] COPY . .
#29 CACHED

#30 [persist build 3/4] COPY . .
#30 CACHED

#31 [tools-factory build 3/4] COPY . .
#31 CACHED

#32 [function-caller build 3/4] COPY . .
#32 CACHED

#33 [baseline-awareness build 3/4] COPY . .
#33 CACHED

#34 [persist build 4/4] RUN swift build -c release --product persist-server
#34 ...

#35 [function-caller build 4/4] RUN swift build -c release --product function-caller-server
#35 ...

#36 [tools-factory build 4/4] RUN swift build -c release --product tools-factory-server
#36 ...

#37 [baseline-awareness build 4/4] RUN swift build -c release --product baseline-awareness-server
#37 ...

#38 [bootstrap build 4/4] RUN swift build -c release --product bootstrap-server
#38 ...

#39 [llm-gateway build 4/4] RUN swift build -c release --product llm-gateway-server
#39 ...

#40 [planner build 4/4] RUN swift build -c release --product planner-server
#40 ...

#38 [bootstrap build 4/4] RUN swift build -c release --product bootstrap-server
#38 16.07 Building for production...
#38 16.13 [0/7] Write sources
#38 16.29 [4/7] Write swift-version-24593BA9C3E375BF.txt
#38 ...

#36 [tools-factory build 4/4] RUN swift build -c release --product tools-factory-server
#36 16.28 Building for production...
#36 16.33 [0/14] Write sources
#36 16.58 [5/14] Compiling writer.c
#36 16.58 [5/14] Write swift-version-24593BA9C3E375BF.txt
#36 16.71 [7/14] Compiling reader.c
#36 16.76 [8/14] Compiling api.c
#36 16.95 [9/14] Compiling parser.c
#36 17.45 [10/15] Compiling emitter.c
#36 17.64 [11/15] Compiling scanner.c
#36 ...

#38 [bootstrap build 4/4] RUN swift build -c release --product bootstrap-server
#38 23.23 [6/8] Compiling ServiceShared Models.swift
#38 25.23 [7/9] Compiling BaselineAwarenessService BaselineStore.swift
#38 ...

#34 [persist build 4/4] RUN swift build -c release --product persist-server
#34 16.08 Building for production...
#34 16.15 [0/6] Write sources
#34 16.29 [3/6] Write swift-version-24593BA9C3E375BF.txt
#34 23.23 [5/7] Compiling ServiceShared Models.swift
#34 24.39 [6/8] Compiling PersistService HTTPKernel.swift
#34 24.68 [7/9] Compiling PersistServer main.swift
#34 24.68 /src/Generated/Server/persist/main.swift:23:33: error: cannot convert value of type '__socket_type' to specified type 'Int32'
#34 24.68  21 | 
#34 24.68  22 |     func start() throws {
#34 24.68  23 |         let socketType: Int32 = SOCK_STREAM
#34 24.68     |                                 `- error: cannot convert value of type '__socket_type' to specified type 'Int32'
#34 24.68  24 | 
#34 24.68  25 |         serverFD = socket(AF_INET, socketType, 0)
#34 ERROR: process "/bin/sh -c swift build -c release --product persist-server" did not complete successfully: exit code: 1

#39 [llm-gateway build 4/4] RUN swift build -c release --product llm-gateway-server
#39 16.10 Building for production...
#39 16.15 [0/6] Write sources
#39 16.32 [3/6] Write swift-version-24593BA9C3E375BF.txt
#39 23.23 [5/7] Compiling ServiceShared Models.swift
#39 24.28 [6/8] Compiling LLMGatewayService HTTPKernel.swift
#39 24.55 [7/9] Compiling LLMGatewayServer main.swift
#39 24.55 /src/Generated/Server/llm-gateway/main.swift:23:33: error: cannot convert value of type '__socket_type' to specified type 'Int32'
#39 24.55  21 | 
#39 24.55  22 |     func start() throws {
#39 24.55  23 |         let socketType: Int32 = SOCK_STREAM
#39 24.55     |                                 `- error: cannot convert value of type '__socket_type' to specified type 'Int32'
#39 24.55  24 | 
#39 24.55  25 |         serverFD = socket(AF_INET, socketType, 0)
#39 ERROR: process "/bin/sh -c swift build -c release --product llm-gateway-server" did not complete successfully: exit code: 1

#35 [function-caller build 4/4] RUN swift build -c release --product function-caller-server
#35 16.10 Building for production...
#35 16.15 [0/14] Write sources
#35 16.29 [5/14] Write swift-version-24593BA9C3E375BF.txt
#35 16.59 [6/15] Compiling writer.c
#35 16.63 [7/15] Compiling reader.c
#35 16.91 [8/15] Compiling api.c
#35 17.01 [9/15] Compiling parser.c
#35 17.69 [10/15] Compiling scanner.c
#35 17.93 [11/15] Compiling emitter.c
#35 23.23 [13/16] Compiling ServiceShared Models.swift
#35 ...

#40 [planner build 4/4] RUN swift build -c release --product planner-server
#40 16.08 Building for production...
#40 16.15 [0/6] Write sources
#40 16.32 [3/6] Write swift-version-24593BA9C3E375BF.txt
#40 23.23 [5/7] Compiling ServiceShared Models.swift
#40 25.10 [6/8] Compiling PlannerService HTTPKernel.swift
#40 25.36 [7/9] Compiling PlannerServer main.swift
#40 25.36 /src/Generated/Server/planner/main.swift:23:33: error: cannot convert value of type '__socket_type' to specified type 'Int32'
#40 25.36  21 | 
#40 25.36  22 |     func start() throws {
#40 25.36  23 |         let socketType: Int32 = SOCK_STREAM
#40 25.36     |                                 `- error: cannot convert value of type '__socket_type' to specified type 'Int32'
#40 25.36  24 | 
#40 25.36  25 |         serverFD = socket(AF_INET, socketType, 0)
#40 ERROR: process "/bin/sh -c swift build -c release --product planner-server" did not complete successfully: exit code: 1

#37 [baseline-awareness build 4/4] RUN swift build -c release --product baseline-awareness-server
#37 16.11 Building for production...
#37 16.15 [0/6] Write sources
#37 16.30 [3/6] Write swift-version-24593BA9C3E375BF.txt
#37 23.23 [5/7] Compiling ServiceShared Models.swift
#37 25.10 [6/8] Compiling BaselineAwarenessService BaselineStore.swift
#37 25.38 [7/9] Compiling BaselineAwarenessServer HTTPServer.swift
#37 25.38 /src/Generated/Server/baseline-awareness/main.swift:26:36: error: cannot convert value of type '__socket_type' to expected argument type 'Int32'
#37 25.38  24 | 
#37 25.38  25 |     func start() throws {
#37 25.38  26 |         serverFD = socket(AF_INET, SOCK_STREAM, 0)
#37 25.38     |                                    `- error: cannot convert value of type '__socket_type' to expected argument type 'Int32'
#37 25.38  27 |         guard serverFD >= 0 else { throw RuntimeError.socket }
#37 25.38  28 |         var opt: Int32 = 1
#37 ERROR: process "/bin/sh -c swift build -c release --product baseline-awareness-server" did not complete successfully: exit code: 1

#36 [tools-factory build 4/4] RUN swift build -c release --product tools-factory-server
#36 23.23 [13/16] Compiling ServiceShared Models.swift
#36 CANCELED

#38 [bootstrap build 4/4] RUN swift build -c release --product bootstrap-server
#38 CANCELED

#35 [function-caller build 4/4] RUN swift build -c release --product function-caller-server
#35 CANCELED
------
 > [planner build 4/4] RUN swift build -c release --product planner-server:
23.23 [5/7] Compiling ServiceShared Models.swift
25.10 [6/8] Compiling PlannerService HTTPKernel.swift
25.36 [7/9] Compiling PlannerServer main.swift
25.36 /src/Generated/Server/planner/main.swift:23:33: error: cannot convert value of type '__socket_type' to specified type 'Int32'
25.36  21 | 
25.36  22 |     func start() throws {
25.36  23 |         let socketType: Int32 = SOCK_STREAM
25.36     |                                 `- error: cannot convert value of type '__socket_type' to specified type 'Int32'
25.36  24 | 
25.36  25 |         serverFD = socket(AF_INET, socketType, 0)
------
------
 > [llm-gateway build 4/4] RUN swift build -c release --product llm-gateway-server:
23.23 [5/7] Compiling ServiceShared Models.swift
24.28 [6/8] Compiling LLMGatewayService HTTPKernel.swift
24.55 [7/9] Compiling LLMGatewayServer main.swift
24.55 /src/Generated/Server/llm-gateway/main.swift:23:33: error: cannot convert value of type '__socket_type' to specified type 'Int32'
24.55  21 | 
24.55  22 |     func start() throws {
24.55  23 |         let socketType: Int32 = SOCK_STREAM
24.55     |                                 `- error: cannot convert value of type '__socket_type' to specified type 'Int32'
24.55  24 | 
24.55  25 |         serverFD = socket(AF_INET, socketType, 0)
------
------
 > [baseline-awareness build 4/4] RUN swift build -c release --product baseline-awareness-server:
23.23 [5/7] Compiling ServiceShared Models.swift
25.10 [6/8] Compiling BaselineAwarenessService BaselineStore.swift
25.38 [7/9] Compiling BaselineAwarenessServer HTTPServer.swift
25.38 /src/Generated/Server/baseline-awareness/main.swift:26:36: error: cannot convert value of type '__socket_type' to expected argument type 'Int32'
25.38  24 | 
25.38  25 |     func start() throws {
25.38  26 |         serverFD = socket(AF_INET, SOCK_STREAM, 0)
25.38     |                                    `- error: cannot convert value of type '__socket_type' to expected argument type 'Int32'
25.38  27 |         guard serverFD >= 0 else { throw RuntimeError.socket }
25.38  28 |         var opt: Int32 = 1
------
------
 > [persist build 4/4] RUN swift build -c release --product persist-server:
23.23 [5/7] Compiling ServiceShared Models.swift
24.39 [6/8] Compiling PersistService HTTPKernel.swift
24.68 [7/9] Compiling PersistServer main.swift
24.68 /src/Generated/Server/persist/main.swift:23:33: error: cannot convert value of type '__socket_type' to specified type 'Int32'
24.68  21 | 
24.68  22 |     func start() throws {
24.68  23 |         let socketType: Int32 = SOCK_STREAM
24.68     |                                 `- error: cannot convert value of type '__socket_type' to specified type 'Int32'
24.68  24 | 
24.68  25 |         serverFD = socket(AF_INET, socketType, 0)
------
failed to solve: process "/bin/sh -c swift build -c release --product llm-gateway-server" did not complete successfully: exit code: 1
 Network kong-codex_default  Creating
 Network kong-codex_default  Created
 Container kong-codex-kong-1  Creating
 Container kong-codex-typesense-1  Creating
 Container kong-codex-kong-1  Created
 Container kong-codex-typesense-1  Created
Attaching to kong-1, typesense-1
Gracefully stopping... (press Ctrl+C again to force)
Error response from daemon: mounts denied: 
The path /srv/deploy/repos/kong-codex/kong.conf is not shared from the host and is not known to Docker.
You can configure shared paths from Docker -> Preferences... -> Resources -> File Sharing.
See https://docs.docker.com/go/mac-file-sharing/ for more info.
 Container kong-codex-typesense-1  Stopping
 Container kong-codex-kong-1  Stopping
 Container kong-codex-kong-1  Stopped
 Container kong-codex-kong-1  Removing
 Container kong-codex-kong-1  Removed
 Container kong-codex-typesense-1  Stopped
 Container kong-codex-typesense-1  Removing
 Container kong-codex-typesense-1  Removed
 Network kong-codex_default  Removing
 Network kong-codex_default  Removed

[2025-07-18T21:15:16.188106] Running integration tests for fountainai...
[2025-07-18T21:16:09.814617] Integration tests for fountainai failed with exit code 1

[2025-07-18T21:16:09.815709] Running integration tests for kong-codex...
[2025-07-18T21:16:11.823707] Integration tests for kong-codex failed with exit code 1
