[2025-07-17T09:49:44.555233] === New Cycle ===
Building for debugging...
[0/437] Compiling ssl_transcript.cc
[0/437] Compiling ssl_stat.cc
[2/437] Compiling ssl_versions.cc
[3/437] Compiling ssl_file.cc
[4/437] Compiling ssl_privkey.cc
[5/437] Write swift-version-24593BA9C3E375BF.txt
[6/432] Compiling ssl_key_share.cc
[7/432] Compiling ssl_session.cc
[8/434] Compiling ssl_lib.cc
[10/436] Emitting module PlannerServer
[11/436] Compiling PlannerServer main.swift
/srv/deploy/repos/fountainai/Generated/Server/planner/main.swift:23:43: error: initializer 'init(_:)' requires that '__socket_type' conform to 'BinaryFloatingPoint'
21 | 
22 |     func start() throws {
23 |         serverFD = socket(Int32(AF_INET), Int32(SOCK_STREAM), 0)
   |                                           `- error: initializer 'init(_:)' requires that '__socket_type' conform to 'BinaryFloatingPoint'
24 |         guard serverFD >= 0 else { throw RuntimeError.socket }
25 |         var opt: Int32 = 1

Swift.FixedWidthInteger.init:2:19: note: where 'T' = '__socket_type'
1 | protocol FixedWidthInteger {
2 | @inlinable public init<T>(_ source: T) where T : BinaryFloatingPoint}
  |                   `- note: where 'T' = '__socket_type'
3 | 
[12/436] Emitting module PersistServer
[12/436] Compiling ssl_asn1.cc
[12/436] Compiling ssl_buffer.cc
[12/436] Compiling ssl_aead_ctx.cc
[12/436] Compiling ssl_credential.cc
/srv/deploy/repos/fountainai/Generated/Server/persist/main.swift:23:43: error: initializer 'init(_:)' requires that '__socket_type' conform to 'BinaryFloatingPoint'
21 | 
22 |     func start() throws {
23 |         serverFD = socket(Int32(AF_INET), Int32(SOCK_STREAM), 0)
   |                                           `- error: initializer 'init(_:)' requires that '__socket_type' conform to 'BinaryFloatingPoint'
24 |         guard serverFD >= 0 else { throw RuntimeError.socket }
25 |         var opt: Int32 = 1

Swift.FixedWidthInteger.init:2:19: note: where 'T' = '__socket_type'
1 | protocol FixedWidthInteger {
2 | @inlinable public init<T>(_ source: T) where T : BinaryFloatingPoint}
  |                   `- note: where 'T' = '__socket_type'
3 | 
[12/436] Compiling ssl_cert.cc
[12/436] Compiling ssl_cipher.cc

[2025-07-17T09:49:44.556264] Starting swift build...
[2025-07-17T09:49:48.181182] swift build failed with exit code 1
