[2025-07-17T07:47:18.070788] === New Cycle ===
Building for debugging...
[0/396] Compiling chacha-x86-apple.S
[1/396] Compiling chacha-armv8-win.S
[2/396] Compiling chacha-armv8-linux.S
[3/396] Write swift-version-24593BA9C3E375BF.txt
[4/391] Compiling chacha-armv8-apple.S
[5/391] Compiling chacha-armv4-linux.S
[7/395] Emitting module PersistServer
[8/395] Compiling PersistServer main.swift
/srv/deploy/repos/fountainai/Generated/Server/persist/main.swift:23:36: error: cannot convert value of type '__socket_type' to expected argument type 'Int32'
21 | 
22 |     func start() throws {
23 |         serverFD = socket(AF_INET, SOCK_STREAM, 0)
   |                                    `- error: cannot convert value of type '__socket_type' to expected argument type 'Int32'
24 |         guard serverFD >= 0 else { throw RuntimeError.socket }
25 |         var opt: Int32 = 1
[9/395] Emitting module PlannerServer
[10/395] Compiling PlannerServer main.swift
/srv/deploy/repos/fountainai/Generated/Server/planner/main.swift:23:36: error: cannot convert value of type '__socket_type' to expected argument type 'Int32'
21 | 
22 |     func start() throws {
23 |         serverFD = socket(AF_INET, SOCK_STREAM, 0)
   |                                    `- error: cannot convert value of type '__socket_type' to expected argument type 'Int32'
24 |         guard serverFD >= 0 else { throw RuntimeError.socket }
25 |         var opt: Int32 = 1
[10/395] Compiling dtls_record.cc
[10/395] Compiling d1_pkt.cc
[10/395] Compiling d1_srtp.cc
[10/395] Compiling d1_lib.cc
[10/395] Compiling dtls_method.cc
[10/395] Compiling d1_both.cc

[2025-07-17T07:47:18.081200] Starting swift build...
[2025-07-17T07:47:21.095434] swift build failed with exit code 1
[2025-07-17T07:47:21.281894] [dispatcher] Updated git remote to use token-based authentication.
[2025-07-17T07:47:23.282979] [dispatcher] Running Docker build...
[2025-07-17T07:47:23.284287] [dispatcher] Running tests...
Compose now can delegate build to bake for better performances
Just set COMPOSE_BAKE=true
#0 building with "default" instance using docker driver

#1 [persist internal] load build definition from Dockerfile
#1 transferring dockerfile: 266B 0.0s done
#1 DONE 0.1s

#2 [bootstrap internal] load build definition from Dockerfile
#2 transferring dockerfile: 272B 0.0s done
#2 DONE 0.1s

#3 [llm-gateway internal] load build definition from Dockerfile
#3 transferring dockerfile: 278B done
#3 DONE 0.1s

#4 [function-caller internal] load build definition from Dockerfile
#4 transferring dockerfile: 290B done
#4 DONE 0.1s

#5 [planner internal] load build definition from Dockerfile
#5 transferring dockerfile: 266B done
#5 DONE 0.1s

#6 [persist internal] load metadata for docker.io/library/swift:6.1-jammy
#6 ...

#7 [tools-factory internal] load build definition from Dockerfile
#7 transferring dockerfile: 284B done
#7 DONE 0.1s

#8 [baseline-awareness internal] load build definition from Dockerfile
#8 transferring dockerfile: 299B done
#8 DONE 0.1s

#6 [baseline-awareness internal] load metadata for docker.io/library/swift:6.1-jammy
#6 DONE 0.6s

#9 [baseline-awareness internal] load metadata for docker.io/library/ubuntu:22.04
#9 DONE 0.6s

#10 [llm-gateway internal] load .dockerignore
#10 transferring context: 2B done
#10 DONE 0.0s

#11 [planner internal] load .dockerignore
#11 transferring context: 2B done
#11 DONE 0.0s

#12 [baseline-awareness internal] load .dockerignore
#12 transferring context: 2B done
#12 DONE 0.1s

#13 [persist internal] load .dockerignore
#13 transferring context: 2B done
#13 DONE 0.0s

#14 [baseline-awareness build 1/4] FROM docker.io/library/swift:6.1-jammy@sha256:512716edb447938962d96627ff0b9f00d5701bfa61d97a5b5654f07a1482c342
#14 DONE 0.0s

#15 [tools-factory internal] load .dockerignore
#15 transferring context: 2B done
#15 DONE 0.1s

#16 [baseline-awareness stage-1 1/2] FROM docker.io/library/ubuntu:22.04@sha256:59ccd419c0dc0edf9e3bff1a3b2b073ea15a2ce4bc45ce7c989278b225b09af3
#16 DONE 0.0s

#17 [bootstrap internal] load .dockerignore
#17 transferring context: 2B done
#17 DONE 0.0s

#18 [function-caller internal] load .dockerignore
#18 transferring context: 2B done
#18 DONE 0.1s

#19 [function-caller internal] load build context
#19 transferring context: 911.57kB 5.0s
#19 ...

#20 [tools-factory internal] load build context
#20 ...

#19 [function-caller internal] load build context
#19 ...

#21 [llm-gateway internal] load build context
#21 transferring context: 7.37MB 9.6s done
#21 DONE 9.7s

#20 [tools-factory internal] load build context
#20 transferring context: 7.37MB 9.6s done
#20 DONE 9.8s

#19 [function-caller internal] load build context
#19 transferring context: 7.37MB 9.7s done
#19 DONE 9.8s

#22 [baseline-awareness internal] load build context
#22 transferring context: 7.37MB 9.6s done
#22 DONE 9.8s

#23 [planner internal] load build context
#23 transferring context: 7.37MB 8.6s done
#23 DONE 9.8s

#24 [bootstrap internal] load build context
#24 transferring context: 7.37MB 9.6s done
#24 DONE 9.8s

#25 [persist internal] load build context
#25 transferring context: 7.37MB 9.7s done
#25 DONE 9.8s

#26 [function-caller build 2/4] WORKDIR /src
#26 CACHED

#27 [baseline-awareness build 3/4] COPY . .
#27 DONE 12.7s

#28 [baseline-awareness build 3/4] COPY . .
#28 CACHED

#29 [tools-factory build 3/4] COPY . .
#29 CACHED

#30 [function-caller build 3/4] COPY . .
#30 CACHED

#31 [planner build 3/4] COPY . .
#31 CACHED

#32 [bootstrap build 3/4] COPY . .
#32 CACHED

#33 [persist build 3/4] COPY . .
#33 CACHED

#34 [tools-factory build 4/4] RUN swift build -c release --product tools-factory-server
#34 ...

#35 [function-caller build 4/4] RUN swift build -c release --product function-caller-server
#35 ...

#36 [planner build 4/4] RUN swift build -c release --product planner-server
#36 ...

#37 [baseline-awareness build 4/4] RUN swift build -c release --product baseline-awareness-server
#37 ...

#38 [bootstrap build 4/4] RUN swift build -c release --product bootstrap-server
#38 ...

#39 [llm-gateway build 4/4] RUN swift build -c release --product llm-gateway-server
#39 ...

#40 [persist build 4/4] RUN swift build -c release --product persist-server
#40 16.34 Building for production...
#40 16.39 [0/6] Write sources
#40 ...

#37 [baseline-awareness build 4/4] RUN swift build -c release --product baseline-awareness-server
#37 16.41 Building for production...
#37 16.46 [0/6] Write sources
#37 16.69 [3/6] Write swift-version-24593BA9C3E375BF.txt
#37 ...

#35 [function-caller build 4/4] RUN swift build -c release --product function-caller-server
#35 16.39 Building for production...
#35 16.44 [0/14] Write sources
#35 16.73 [5/14] Compiling writer.c
#35 16.84 [6/14] Compiling reader.c
#35 16.92 [7/14] Write swift-version-24593BA9C3E375BF.txt
#35 17.27 [8/15] Compiling api.c
#35 17.35 [9/15] Compiling parser.c
#35 17.77 [10/15] Compiling emitter.c
#35 17.94 [11/15] Compiling scanner.c
#35 ...

#37 [baseline-awareness build 4/4] RUN swift build -c release --product baseline-awareness-server
#37 22.64 [5/7] Compiling ServiceShared Models.swift
#37 24.54 [6/8] Compiling BaselineAwarenessService BaselineStore.swift
#37 25.24 [7/9] Compiling BaselineAwarenessServer HTTPServer.swift
#37 25.24 /src/Generated/Server/baseline-awareness/main.swift:23:36: error: cannot convert value of type '__socket_type' to expected argument type 'Int32'
#37 25.24  21 | 
#37 25.24  22 |     func start() throws {
#37 25.24  23 |         serverFD = socket(AF_INET, SOCK_STREAM, 0)
#37 25.24     |                                    `- error: cannot convert value of type '__socket_type' to expected argument type 'Int32'
#37 25.24  24 |         guard serverFD >= 0 else { throw RuntimeError.socket }
#37 25.24  25 |         var opt: Int32 = 1
#37 ...

#39 [llm-gateway build 4/4] RUN swift build -c release --product llm-gateway-server
#39 16.39 Building for production...
#39 16.46 [0/6] Write sources
#39 16.76 [3/6] Write swift-version-24593BA9C3E375BF.txt
#39 23.00 [5/7] Compiling ServiceShared Models.swift
#39 23.88 [6/8] Compiling LLMGatewayService HTTPKernel.swift
#39 24.16 [7/9] Compiling LLMGatewayServer main.swift
#39 24.16 /src/Generated/Server/llm-gateway/main.swift:23:36: error: cannot convert value of type '__socket_type' to expected argument type 'Int32'
#39 24.16 21 | 
#39 24.16 22 |     func start() throws {
#39 24.16 23 |         serverFD = socket(AF_INET, SOCK_STREAM, 0)
#39 24.16    |                                    `- error: cannot convert value of type '__socket_type' to expected argument type 'Int32'
#39 24.16 24 |         guard serverFD >= 0 else { throw RuntimeError.socket }
#39 24.16 25 |         var opt: Int32 = 1
#39 ERROR: process "/bin/sh -c swift build -c release --product llm-gateway-server" did not complete successfully: exit code: 1

#40 [persist build 4/4] RUN swift build -c release --product persist-server
#40 16.70 [3/6] Write swift-version-24593BA9C3E375BF.txt
#40 22.70 [5/7] Compiling ServiceShared Models.swift
#40 23.97 [6/8] Compiling PersistService HTTPKernel.swift
#40 24.52 [7/9] Compiling PersistServer main.swift
#40 24.52 /src/Generated/Server/persist/main.swift:23:36: error: cannot convert value of type '__socket_type' to expected argument type 'Int32'
#40 24.52 21 | 
#40 24.52 22 |     func start() throws {
#40 24.52 23 |         serverFD = socket(AF_INET, SOCK_STREAM, 0)
#40 24.52    |                                    `- error: cannot convert value of type '__socket_type' to expected argument type 'Int32'
#40 24.52 24 |         guard serverFD >= 0 else { throw RuntimeError.socket }
#40 24.52 25 |         var opt: Int32 = 1
#40 ERROR: process "/bin/sh -c swift build -c release --product persist-server" did not complete successfully: exit code: 1

#34 [tools-factory build 4/4] RUN swift build -c release --product tools-factory-server
#34 16.39 Building for production...
#34 16.46 [0/14] Write sources
#34 16.73 [5/14] Compiling writer.c
#34 16.82 [6/14] Compiling reader.c
#34 16.83 [7/14] Compiling api.c
#34 16.87 [8/14] Write swift-version-24593BA9C3E375BF.txt
#34 17.05 [9/15] Compiling parser.c
#34 17.77 [10/15] Compiling scanner.c
#34 17.78 [11/15] Compiling emitter.c
#34 22.99 [13/16] Compiling ServiceShared Models.swift
#34 ...

#37 [baseline-awareness build 4/4] RUN swift build -c release --product baseline-awareness-server
#37 ERROR: process "/bin/sh -c swift build -c release --product baseline-awareness-server" did not complete successfully: exit code: 1

#36 [planner build 4/4] RUN swift build -c release --product planner-server
#36 16.42 Building for production...
#36 16.49 [0/6] Write sources
#36 16.68 [3/6] Write swift-version-24593BA9C3E375BF.txt
#36 22.91 [5/7] Compiling ServiceShared Models.swift
#36 24.82 [6/8] Compiling PlannerService HTTPKernel.swift
#36 25.21 [7/9] Compiling PlannerServer main.swift
#36 25.21 /src/Generated/Server/planner/main.swift:23:36: error: cannot convert value of type '__socket_type' to expected argument type 'Int32'
#36 25.21 21 | 
#36 25.21 22 |     func start() throws {
#36 25.21 23 |         serverFD = socket(AF_INET, SOCK_STREAM, 0)
#36 25.21    |                                    `- error: cannot convert value of type '__socket_type' to expected argument type 'Int32'
#36 25.21 24 |         guard serverFD >= 0 else { throw RuntimeError.socket }
#36 25.21 25 |         var opt: Int32 = 1
#36 ERROR: process "/bin/sh -c swift build -c release --product planner-server" did not complete successfully: exit code: 1

#38 [bootstrap build 4/4] RUN swift build -c release --product bootstrap-server
#38 16.47 Building for production...
#38 16.57 [0/7] Write sources
#38 16.97 [4/7] Write swift-version-24593BA9C3E375BF.txt
#38 22.63 [6/8] Compiling ServiceShared Models.swift
#38 24.82 [7/9] Compiling BaselineAwarenessService BaselineStore.swift
#38 ...

#34 [tools-factory build 4/4] RUN swift build -c release --product tools-factory-server
#34 CANCELED

#35 [function-caller build 4/4] RUN swift build -c release --product function-caller-server
#35 23.00 [13/16] Compiling ServiceShared Models.swift
#35 CANCELED

#38 [bootstrap build 4/4] RUN swift build -c release --product bootstrap-server
#38 CANCELED
------
 > [baseline-awareness build 4/4] RUN swift build -c release --product baseline-awareness-server:
22.64 [5/7] Compiling ServiceShared Models.swift
24.54 [6/8] Compiling BaselineAwarenessService BaselineStore.swift
25.24 [7/9] Compiling BaselineAwarenessServer HTTPServer.swift
25.24 /src/Generated/Server/baseline-awareness/main.swift:23:36: error: cannot convert value of type '__socket_type' to expected argument type 'Int32'
25.24  21 | 
25.24  22 |     func start() throws {
25.24  23 |         serverFD = socket(AF_INET, SOCK_STREAM, 0)
25.24     |                                    `- error: cannot convert value of type '__socket_type' to expected argument type 'Int32'
25.24  24 |         guard serverFD >= 0 else { throw RuntimeError.socket }
25.24  25 |         var opt: Int32 = 1
------
------
 > [persist build 4/4] RUN swift build -c release --product persist-server:
22.70 [5/7] Compiling ServiceShared Models.swift
23.97 [6/8] Compiling PersistService HTTPKernel.swift
24.52 [7/9] Compiling PersistServer main.swift
24.52 /src/Generated/Server/persist/main.swift:23:36: error: cannot convert value of type '__socket_type' to expected argument type 'Int32'
24.52 21 | 
24.52 22 |     func start() throws {
24.52 23 |         serverFD = socket(AF_INET, SOCK_STREAM, 0)
24.52    |                                    `- error: cannot convert value of type '__socket_type' to expected argument type 'Int32'
24.52 24 |         guard serverFD >= 0 else { throw RuntimeError.socket }
24.52 25 |         var opt: Int32 = 1
------
------
 > [planner build 4/4] RUN swift build -c release --product planner-server:
22.91 [5/7] Compiling ServiceShared Models.swift
24.82 [6/8] Compiling PlannerService HTTPKernel.swift
25.21 [7/9] Compiling PlannerServer main.swift
25.21 /src/Generated/Server/planner/main.swift:23:36: error: cannot convert value of type '__socket_type' to expected argument type 'Int32'
25.21 21 | 
25.21 22 |     func start() throws {
25.21 23 |         serverFD = socket(AF_INET, SOCK_STREAM, 0)
25.21    |                                    `- error: cannot convert value of type '__socket_type' to expected argument type 'Int32'
25.21 24 |         guard serverFD >= 0 else { throw RuntimeError.socket }
25.21 25 |         var opt: Int32 = 1
------
------
 > [llm-gateway build 4/4] RUN swift build -c release --product llm-gateway-server:
23.00 [5/7] Compiling ServiceShared Models.swift
23.88 [6/8] Compiling LLMGatewayService HTTPKernel.swift
24.16 [7/9] Compiling LLMGatewayServer main.swift
24.16 /src/Generated/Server/llm-gateway/main.swift:23:36: error: cannot convert value of type '__socket_type' to expected argument type 'Int32'
24.16 21 | 
24.16 22 |     func start() throws {
24.16 23 |         serverFD = socket(AF_INET, SOCK_STREAM, 0)
24.16    |                                    `- error: cannot convert value of type '__socket_type' to expected argument type 'Int32'
24.16 24 |         guard serverFD >= 0 else { throw RuntimeError.socket }
24.16 25 |         var opt: Int32 = 1
------
failed to solve: process "/bin/sh -c swift build -c release --product llm-gateway-server" did not complete successfully: exit code: 1
 Network kong-codex_default  Creating
 Network kong-codex_default  Created
 Container kong-codex-kong-1  Creating
 Container kong-codex-typesense-1  Creating
 Container kong-codex-typesense-1  Created
 Container kong-codex-kong-1  Created
Attaching to kong-1, typesense-1
Error response from daemon: mounts denied: 
The path /srv/deploy/repos/kong-codex/kong.yaml is not shared from the host and is not known to Docker.
You can configure shared paths from Docker -> Preferences... -> Resources -> File Sharing.
See https://docs.docker.com/desktop/settings/mac/#file-sharing for more info.
 Container kong-codex-kong-1  Stopping
 Container kong-codex-typesense-1  Stopping
 Container kong-codex-kong-1  Stopped
 Container kong-codex-kong-1  Removing
 Container kong-codex-kong-1  Removed
 Container kong-codex-typesense-1  Stopped
 Container kong-codex-typesense-1  Removing
 Container kong-codex-typesense-1  Removed
 Network kong-codex_default  Removing
 Network kong-codex_default  Removed

[2025-07-17T07:47:23.285039] Running integration tests for fountainai...
[2025-07-17T07:48:13.866242] Integration tests for fountainai failed with exit code 1

[2025-07-17T07:48:13.866901] Running integration tests for kong-codex...
[2025-07-17T07:48:25.260768] Integration tests for kong-codex failed with exit code 1
