[2025-07-17T09:20:29.775951] === New Cycle ===
[0/1] Planning build
Building for debugging...
[0/446] Compiling CNIOBoringSSLShims shims.c
[1/446] Write swift-version-24593BA9C3E375BF.txt
[2/444] Compiling tls_method.cc
[2/444] Compiling tls13_enc.cc
[2/444] Compiling tls13_both.cc
[3/444] Compiling t1_enc.cc
[3/444] Compiling tls13_client.cc
[3/444] Compiling tls13_server.cc
[8/444] Compiling tls_record.cc
[9/469] Compiling ssl_x509.cc
[11/471] Compiling ToolsFactoryService Router.swift
[12/472] Compiling PlannerServer main.swift
/srv/deploy/repos/fountainai/Generated/Server/planner/main.swift:23:36: error: cannot convert value of type '__socket_type' to expected argument type 'Int32'
21 | 
22 |     func start() throws {
23 |         serverFD = socket(AF_INET, SOCK_STREAM, 0)
   |                                    `- error: cannot convert value of type '__socket_type' to expected argument type 'Int32'
24 |         guard serverFD >= 0 else { throw RuntimeError.socket }
25 |         var opt: Int32 = 1
[13/472] Compiling LLMGatewayServer main.swift
/srv/deploy/repos/fountainai/Generated/Server/llm-gateway/main.swift:23:36: error: cannot convert value of type '__socket_type' to expected argument type 'Int32'
21 | 
22 |     func start() throws {
23 |         serverFD = socket(AF_INET, SOCK_STREAM, 0)
   |                                    `- error: cannot convert value of type '__socket_type' to expected argument type 'Int32'
24 |         guard serverFD >= 0 else { throw RuntimeError.socket }
25 |         var opt: Int32 = 1
[14/472] Compiling PersistServer main.swift
/srv/deploy/repos/fountainai/Generated/Server/persist/main.swift:23:36: error: cannot convert value of type '__socket_type' to expected argument type 'Int32'
21 | 
22 |     func start() throws {
23 |         serverFD = socket(AF_INET, SOCK_STREAM, 0)
   |                                    `- error: cannot convert value of type '__socket_type' to expected argument type 'Int32'
24 |         guard serverFD >= 0 else { throw RuntimeError.socket }
25 |         var opt: Int32 = 1
[15/472] Compiling ToolsFactoryService HTTPKernel.swift
[16/472] Emitting module LLMGatewayServer
[17/472] Compiling FunctionCallerService Logger.swift
[18/473] Compiling ModelEmitter ModelEmitter.swift
[19/473] Emitting module ModelEmitter
[20/473] Compiling FunctionCallerService Models.swift
[21/473] Compiling FunctionCallerService HTTPRequest.swift

[2025-07-17T09:20:29.776749] Starting swift build...
[2025-07-17T09:20:38.659167] swift build failed with exit code 1
