[2025-07-17T08:14:43.510359] === New Cycle ===
[0/1] Planning build
Building for debugging...
[0/316] Compiling bn-armv8-apple.S
[0/316] Compiling bn-586-linux.S
[2/316] Compiling bn-586-apple.S
[2/316] Write swift-version-24593BA9C3E375BF.txt
[4/311] Compiling armv8-mont-win.S
[5/311] Compiling armv8-mont-linux.S
[7/315] Emitting module PlannerServer
[8/315] Compiling PlannerServer main.swift
/srv/deploy/repos/fountainai/Generated/Server/planner/main.swift:23:36: error: cannot convert value of type '__socket_type' to expected argument type 'Int32'
21 | 
22 |     func start() throws {
23 |         serverFD = socket(AF_INET, SOCK_STREAM, 0)
   |                                    `- error: cannot convert value of type '__socket_type' to expected argument type 'Int32'
24 |         guard serverFD >= 0 else { throw RuntimeError.socket }
25 |         var opt: Int32 = 1
[9/315] Emitting module PersistServer
[10/315] Compiling PersistServer main.swift
/srv/deploy/repos/fountainai/Generated/Server/persist/main.swift:23:36: error: cannot convert value of type '__socket_type' to expected argument type 'Int32'
21 | 
22 |     func start() throws {
23 |         serverFD = socket(AF_INET, SOCK_STREAM, 0)
   |                                    `- error: cannot convert value of type '__socket_type' to expected argument type 'Int32'
24 |         guard serverFD >= 0 else { throw RuntimeError.socket }
25 |         var opt: Int32 = 1
[10/315] Compiling d1_pkt.cc
[10/315] Compiling d1_lib.cc
[10/315] Compiling d1_both.cc
[10/315] Compiling dtls_record.cc
[10/315] Compiling d1_srtp.cc
[10/315] Compiling dtls_method.cc

[2025-07-17T08:14:43.512613] Starting swift build...
[2025-07-17T08:14:49.443370] swift build failed with exit code 1
[2025-07-17T08:14:49.789223] [dispatcher] Updated git remote to use token-based authentication.
[2025-07-17T08:14:51.086293] [dispatcher] Running Docker build...
[2025-07-17T08:14:51.087269] [dispatcher] Running tests...
Compose now can delegate build to bake for better performances
Just set COMPOSE_BAKE=true
#0 building with "default" instance using docker driver

#1 [bootstrap internal] load build definition from Dockerfile
#1 transferring dockerfile: 272B 0.0s done
#1 DONE 0.0s

#2 [function-caller internal] load build definition from Dockerfile
#2 transferring dockerfile: 290B 0.0s done
#2 DONE 0.0s

#3 [llm-gateway internal] load build definition from Dockerfile
#3 transferring dockerfile: 278B done
#3 DONE 0.0s

#4 [persist internal] load build definition from Dockerfile
#4 transferring dockerfile: 266B done
#4 DONE 0.0s

#5 [baseline-awareness internal] load build definition from Dockerfile
#5 transferring dockerfile: 299B done
#5 DONE 0.1s

#6 [tools-factory internal] load build definition from Dockerfile
#6 transferring dockerfile: 284B done
#6 DONE 0.1s

#7 [planner internal] load build definition from Dockerfile
#7 transferring dockerfile: 266B done
#7 DONE 0.1s

#8 [planner internal] load metadata for docker.io/library/ubuntu:22.04
#8 DONE 0.5s

#9 [planner internal] load metadata for docker.io/library/swift:6.1-jammy
#9 DONE 1.3s

#10 [function-caller internal] load .dockerignore
#10 transferring context: 2B done
#10 DONE 0.0s

#11 [baseline-awareness internal] load .dockerignore
#11 transferring context: 2B done
#11 DONE 0.0s

#12 [persist internal] load .dockerignore
#12 transferring context: 2B done
#12 DONE 0.0s

#13 [planner internal] load .dockerignore
#13 transferring context: 2B done
#13 DONE 0.0s

#14 [bootstrap build 1/4] FROM docker.io/library/swift:6.1-jammy@sha256:512716edb447938962d96627ff0b9f00d5701bfa61d97a5b5654f07a1482c342
#14 DONE 0.0s

#15 [bootstrap stage-1 1/2] FROM docker.io/library/ubuntu:22.04@sha256:59ccd419c0dc0edf9e3bff1a3b2b073ea15a2ce4bc45ce7c989278b225b09af3
#15 DONE 0.0s

#16 [llm-gateway internal] load .dockerignore
#16 transferring context: 2B done
#16 DONE 0.0s

#17 [tools-factory internal] load .dockerignore
#17 transferring context: 2B done
#17 DONE 0.0s

#18 [bootstrap internal] load .dockerignore
#18 transferring context: 2B done
#18 DONE 0.1s

#19 [function-caller internal] load build context
#19 transferring context: 7.13MB 5.1s
#19 ...

#20 [tools-factory internal] load build context
#20 ...

#21 [baseline-awareness internal] load build context
#21 ...

#20 [tools-factory internal] load build context
#20 ...

#22 [persist internal] load build context
#22 ...

#23 [llm-gateway internal] load build context
#23 transferring context: 13.19MB 10.2s
#23 ...

#24 [bootstrap internal] load build context
#24 ...

#25 [planner internal] load build context
#25 ...

#22 [persist internal] load build context
#22 transferring context: 19.95MB 14.3s done
#22 ...

#21 [baseline-awareness internal] load build context
#21 transferring context: 19.95MB 14.3s done
#21 DONE 14.5s

#22 [persist internal] load build context
#22 DONE 14.5s

#24 [bootstrap internal] load build context
#24 transferring context: 19.95MB 13.4s done
#24 DONE 14.5s

#19 [function-caller internal] load build context
#19 transferring context: 19.95MB 14.3s done
#19 DONE 14.5s

#25 [planner internal] load build context
#25 transferring context: 19.95MB 14.2s done
#25 DONE 14.5s

#23 [llm-gateway internal] load build context
#23 transferring context: 19.95MB 14.3s done
#23 DONE 14.5s

#20 [tools-factory internal] load build context
#20 transferring context: 19.95MB 14.2s done
#20 DONE 14.5s

#26 [tools-factory build 2/4] WORKDIR /src
#26 CACHED

#27 [planner build 3/4] COPY . .
#27 DONE 12.5s

#28 [tools-factory build 3/4] COPY . .
#28 CACHED

#29 [function-caller build 3/4] COPY . .
#29 CACHED

#30 [llm-gateway build 3/4] COPY . .
#30 CACHED

#31 [persist build 3/4] COPY . .
#31 CACHED

#32 [planner build 3/4] COPY . .
#32 CACHED

#33 [bootstrap build 3/4] COPY . .
#33 CACHED

#34 [baseline-awareness build 4/4] RUN swift build -c release --product baseline-awareness-server
#34 ...

#35 [persist build 4/4] RUN swift build -c release --product persist-server
#35 ...

#36 [planner build 4/4] RUN swift build -c release --product planner-server
#36 ...

#37 [tools-factory build 4/4] RUN swift build -c release --product tools-factory-server
#37 ...

#38 [llm-gateway build 4/4] RUN swift build -c release --product llm-gateway-server
#38 ...

#39 [function-caller build 4/4] RUN swift build -c release --product function-caller-server
#39 ...

#40 [bootstrap build 4/4] RUN swift build -c release --product bootstrap-server
#40 16.95 Building for production...
#40 17.03 [0/7] Write sources
#40 ...

#39 [function-caller build 4/4] RUN swift build -c release --product function-caller-server
#39 17.06 Building for production...
#39 17.17 [0/14] Write sources
#39 17.98 [5/14] Compiling writer.c
#39 18.00 [6/14] Compiling reader.c
#39 18.19 [7/14] Compiling api.c
#39 18.21 [8/14] Compiling parser.c
#39 18.53 [9/14] Compiling emitter.c
#39 18.84 [10/14] Compiling scanner.c
#39 18.85 [11/14] Write swift-version-24593BA9C3E375BF.txt
#39 ...

#37 [tools-factory build 4/4] RUN swift build -c release --product tools-factory-server
#37 17.12 Building for production...
#37 17.22 [0/14] Write sources
#37 17.91 [5/14] Compiling writer.c
#37 17.96 [6/14] Compiling reader.c
#37 18.14 [7/14] Compiling parser.c
#37 18.34 [8/14] Compiling api.c
#37 18.34 [9/14] Write swift-version-24593BA9C3E375BF.txt
#37 18.72 [10/15] Compiling scanner.c
#37 18.90 [11/15] Compiling emitter.c
#37 26.85 [13/16] Compiling ServiceShared Models.swift
#37 ...

#38 [llm-gateway build 4/4] RUN swift build -c release --product llm-gateway-server
#38 16.96 Building for production...
#38 17.03 [0/6] Write sources
#38 17.36 [3/6] Write swift-version-24593BA9C3E375BF.txt
#38 26.11 [5/7] Compiling ServiceShared Models.swift
#38 ...

#36 [planner build 4/4] RUN swift build -c release --product planner-server
#36 17.06 Building for production...
#36 17.16 [0/6] Write sources
#36 17.50 [3/6] Write swift-version-24593BA9C3E375BF.txt
#36 26.11 [5/7] Compiling ServiceShared Models.swift
#36 ...

#35 [persist build 4/4] RUN swift build -c release --product persist-server
#35 17.13 Building for production...
#35 17.20 [0/6] Write sources
#35 17.44 [3/6] Write swift-version-24593BA9C3E375BF.txt
#35 26.10 [5/7] Compiling ServiceShared Models.swift
#35 ...

#39 [function-caller build 4/4] RUN swift build -c release --product function-caller-server
#39 27.32 [13/16] Compiling ServiceShared Models.swift
#39 ...

#40 [bootstrap build 4/4] RUN swift build -c release --product bootstrap-server
#40 17.35 [4/7] Write swift-version-24593BA9C3E375BF.txt
#40 26.11 [6/8] Compiling ServiceShared Models.swift
#40 ...

#34 [baseline-awareness build 4/4] RUN swift build -c release --product baseline-awareness-server
#34 18.47 Building for production...
#34 18.57 [0/6] Write sources
#34 18.85 [3/6] Write swift-version-24593BA9C3E375BF.txt
#34 26.54 [5/7] Compiling ServiceShared Models.swift
#34 ...

#35 [persist build 4/4] RUN swift build -c release --product persist-server
#35 28.58 [6/8] Compiling PersistService HTTPKernel.swift
#35 29.39 [7/9] Compiling PersistServer main.swift
#35 29.39 /src/Generated/Server/persist/main.swift:23:36: error: cannot convert value of type '__socket_type' to expected argument type 'Int32'
#35 29.39 21 | 
#35 29.39 22 |     func start() throws {
#35 29.39 23 |         serverFD = socket(AF_INET, SOCK_STREAM, 0)
#35 29.39    |                                    `- error: cannot convert value of type '__socket_type' to expected argument type 'Int32'
#35 29.39 24 |         guard serverFD >= 0 else { throw RuntimeError.socket }
#35 29.39 25 |         var opt: Int32 = 1
#35 ERROR: process "/bin/sh -c swift build -c release --product persist-server" did not complete successfully: exit code: 1

#40 [bootstrap build 4/4] RUN swift build -c release --product bootstrap-server
#40 30.35 [7/9] Compiling BaselineAwarenessService BaselineStore.swift
#40 31.96 [8/10] Compiling BootstrapService HTTPKernel.swift
#40 32.26 [9/11] Compiling BootstrapServer main.swift
#40 32.26 /src/Generated/Server/bootstrap/main.swift:23:36: error: cannot convert value of type '__socket_type' to expected argument type 'Int32'
#40 32.26 21 | 
#40 32.26 22 |     func start() throws {
#40 32.26 23 |         serverFD = socket(AF_INET, SOCK_STREAM, 0)
#40 32.26    |                                    `- error: cannot convert value of type '__socket_type' to expected argument type 'Int32'
#40 32.26 24 |         guard serverFD >= 0 else { throw RuntimeError.socket }
#40 32.26 25 |         var opt: Int32 = 1
#40 ERROR: process "/bin/sh -c swift build -c release --product bootstrap-server" did not complete successfully: exit code: 1

#38 [llm-gateway build 4/4] RUN swift build -c release --product llm-gateway-server
#38 28.82 [6/8] Compiling LLMGatewayService HTTPKernel.swift
#38 29.39 [7/9] Compiling LLMGatewayServer main.swift
#38 29.39 /src/Generated/Server/llm-gateway/main.swift:23:36: error: cannot convert value of type '__socket_type' to expected argument type 'Int32'
#38 29.39 21 | 
#38 29.39 22 |     func start() throws {
#38 29.39 23 |         serverFD = socket(AF_INET, SOCK_STREAM, 0)
#38 29.39    |                                    `- error: cannot convert value of type '__socket_type' to expected argument type 'Int32'
#38 29.39 24 |         guard serverFD >= 0 else { throw RuntimeError.socket }
#38 29.39 25 |         var opt: Int32 = 1
#38 ERROR: process "/bin/sh -c swift build -c release --product llm-gateway-server" did not complete successfully: exit code: 1

#36 [planner build 4/4] RUN swift build -c release --product planner-server
#36 30.08 [6/8] Compiling PlannerService HTTPKernel.swift
#36 30.87 [7/9] Compiling PlannerServer main.swift
#36 30.87 /src/Generated/Server/planner/main.swift:23:36: error: cannot convert value of type '__socket_type' to expected argument type 'Int32'
#36 30.87 21 | 
#36 30.87 22 |     func start() throws {
#36 30.87 23 |         serverFD = socket(AF_INET, SOCK_STREAM, 0)
#36 30.87    |                                    `- error: cannot convert value of type '__socket_type' to expected argument type 'Int32'
#36 30.87 24 |         guard serverFD >= 0 else { throw RuntimeError.socket }
#36 30.87 25 |         var opt: Int32 = 1
#36 ERROR: process "/bin/sh -c swift build -c release --product planner-server" did not complete successfully: exit code: 1

#34 [baseline-awareness build 4/4] RUN swift build -c release --product baseline-awareness-server
#34 30.80 [6/8] Compiling BaselineAwarenessService BaselineStore.swift
#34 31.23 [7/9] Compiling BaselineAwarenessServer HTTPServer.swift
#34 31.23 /src/Generated/Server/baseline-awareness/main.swift:23:36: error: cannot convert value of type '__socket_type' to expected argument type 'Int32'
#34 31.23  21 | 
#34 31.23  22 |     func start() throws {
#34 31.23  23 |         serverFD = socket(AF_INET, SOCK_STREAM, 0)
#34 31.23     |                                    `- error: cannot convert value of type '__socket_type' to expected argument type 'Int32'
#34 31.23  24 |         guard serverFD >= 0 else { throw RuntimeError.socket }
#34 31.23  25 |         var opt: Int32 = 1
#34 ERROR: process "/bin/sh -c swift build -c release --product baseline-awareness-server" did not complete successfully: exit code: 1

#37 [tools-factory build 4/4] RUN swift build -c release --product tools-factory-server
#37 CANCELED

#39 [function-caller build 4/4] RUN swift build -c release --product function-caller-server
#39 CANCELED
------
 > [llm-gateway build 4/4] RUN swift build -c release --product llm-gateway-server:
26.11 [5/7] Compiling ServiceShared Models.swift
28.82 [6/8] Compiling LLMGatewayService HTTPKernel.swift
29.39 [7/9] Compiling LLMGatewayServer main.swift
29.39 /src/Generated/Server/llm-gateway/main.swift:23:36: error: cannot convert value of type '__socket_type' to expected argument type 'Int32'
29.39 21 | 
29.39 22 |     func start() throws {
29.39 23 |         serverFD = socket(AF_INET, SOCK_STREAM, 0)
29.39    |                                    `- error: cannot convert value of type '__socket_type' to expected argument type 'Int32'
29.39 24 |         guard serverFD >= 0 else { throw RuntimeError.socket }
29.39 25 |         var opt: Int32 = 1
------
------
 > [bootstrap build 4/4] RUN swift build -c release --product bootstrap-server:
30.35 [7/9] Compiling BaselineAwarenessService BaselineStore.swift
31.96 [8/10] Compiling BootstrapService HTTPKernel.swift
32.26 [9/11] Compiling BootstrapServer main.swift
32.26 /src/Generated/Server/bootstrap/main.swift:23:36: error: cannot convert value of type '__socket_type' to expected argument type 'Int32'
32.26 21 | 
32.26 22 |     func start() throws {
32.26 23 |         serverFD = socket(AF_INET, SOCK_STREAM, 0)
32.26    |                                    `- error: cannot convert value of type '__socket_type' to expected argument type 'Int32'
32.26 24 |         guard serverFD >= 0 else { throw RuntimeError.socket }
32.26 25 |         var opt: Int32 = 1
------
------
 > [planner build 4/4] RUN swift build -c release --product planner-server:
26.11 [5/7] Compiling ServiceShared Models.swift
30.08 [6/8] Compiling PlannerService HTTPKernel.swift
30.87 [7/9] Compiling PlannerServer main.swift
30.87 /src/Generated/Server/planner/main.swift:23:36: error: cannot convert value of type '__socket_type' to expected argument type 'Int32'
30.87 21 | 
30.87 22 |     func start() throws {
30.87 23 |         serverFD = socket(AF_INET, SOCK_STREAM, 0)
30.87    |                                    `- error: cannot convert value of type '__socket_type' to expected argument type 'Int32'
30.87 24 |         guard serverFD >= 0 else { throw RuntimeError.socket }
30.87 25 |         var opt: Int32 = 1
------
------
 > [persist build 4/4] RUN swift build -c release --product persist-server:
26.10 [5/7] Compiling ServiceShared Models.swift
28.58 [6/8] Compiling PersistService HTTPKernel.swift
29.39 [7/9] Compiling PersistServer main.swift
29.39 /src/Generated/Server/persist/main.swift:23:36: error: cannot convert value of type '__socket_type' to expected argument type 'Int32'
29.39 21 | 
29.39 22 |     func start() throws {
29.39 23 |         serverFD = socket(AF_INET, SOCK_STREAM, 0)
29.39    |                                    `- error: cannot convert value of type '__socket_type' to expected argument type 'Int32'
29.39 24 |         guard serverFD >= 0 else { throw RuntimeError.socket }
29.39 25 |         var opt: Int32 = 1
------
------
 > [baseline-awareness build 4/4] RUN swift build -c release --product baseline-awareness-server:
26.54 [5/7] Compiling ServiceShared Models.swift
30.80 [6/8] Compiling BaselineAwarenessService BaselineStore.swift
31.23 [7/9] Compiling BaselineAwarenessServer HTTPServer.swift
31.23 /src/Generated/Server/baseline-awareness/main.swift:23:36: error: cannot convert value of type '__socket_type' to expected argument type 'Int32'
31.23  21 | 
31.23  22 |     func start() throws {
31.23  23 |         serverFD = socket(AF_INET, SOCK_STREAM, 0)
31.23     |                                    `- error: cannot convert value of type '__socket_type' to expected argument type 'Int32'
31.23  24 |         guard serverFD >= 0 else { throw RuntimeError.socket }
31.23  25 |         var opt: Int32 = 1
------
failed to solve: process "/bin/sh -c swift build -c release --product persist-server" did not complete successfully: exit code: 1
 Network kong-codex_default  Creating
 Network kong-codex_default  Created
 Container kong-codex-kong-1  Creating
 Container kong-codex-typesense-1  Creating
 Container kong-codex-kong-1  Created
 Container kong-codex-typesense-1  Created
Attaching to kong-1, typesense-1
Gracefully stopping... (press Ctrl+C again to force)
Error response from daemon: mounts denied: 
The path /srv/deploy/repos/kong-codex/kong.conf is not shared from the host and is not known to Docker.
You can configure shared paths from Docker -> Preferences... -> Resources -> File Sharing.
See https://docs.docker.com/desktop/settings/mac/#file-sharing for more info.
 Container kong-codex-typesense-1  Stopping
 Container kong-codex-kong-1  Stopping
 Container kong-codex-kong-1  Stopped
 Container kong-codex-kong-1  Removing
 Container kong-codex-kong-1  Removed
 Container kong-codex-typesense-1  Stopped
 Container kong-codex-typesense-1  Removing
 Container kong-codex-typesense-1  Removed
 Network kong-codex_default  Removing
 Network kong-codex_default  Removed

[2025-07-17T08:14:51.087583] Running integration tests for fountainai...
[2025-07-17T08:15:54.084976] Integration tests for fountainai failed with exit code 1

[2025-07-17T08:15:54.085308] Running integration tests for kong-codex...
[2025-07-17T08:16:05.273863] Integration tests for kong-codex failed with exit code 1
