[2025-07-17T08:07:31.584293] === New Cycle ===
Building for debugging...
[0/336] Compiling ghashv8-armv8-apple.S
[1/336] Compiling ghashv8-armv8-linux.S
[2/336] Compiling ghashv8-armv7-linux.S
[3/336] Compiling ghash-x86_64-linux.S
[4/336] Compiling ghash-x86_64-apple.S
[5/336] Write swift-version-24593BA9C3E375BF.txt
[6/331] Compiling ghash-x86-linux.S
[7/331] Compiling ghash-x86-apple.S
[9/335] Emitting module PlannerServer
[10/335] Compiling PlannerServer main.swift
/srv/deploy/repos/fountainai/Generated/Server/planner/main.swift:23:36: error: cannot convert value of type '__socket_type' to expected argument type 'Int32'
21 | 
22 |     func start() throws {
23 |         serverFD = socket(AF_INET, SOCK_STREAM, 0)
   |                                    `- error: cannot convert value of type '__socket_type' to expected argument type 'Int32'
24 |         guard serverFD >= 0 else { throw RuntimeError.socket }
25 |         var opt: Int32 = 1
[11/335] Compiling PersistServer main.swift
/srv/deploy/repos/fountainai/Generated/Server/persist/main.swift:23:36: error: cannot convert value of type '__socket_type' to expected argument type 'Int32'
21 | 
22 |     func start() throws {
23 |         serverFD = socket(AF_INET, SOCK_STREAM, 0)
   |                                    `- error: cannot convert value of type '__socket_type' to expected argument type 'Int32'
24 |         guard serverFD >= 0 else { throw RuntimeError.socket }
25 |         var opt: Int32 = 1
[12/335] Emitting module PersistServer
[12/335] Compiling d1_srtp.cc
[12/335] Compiling d1_pkt.cc
[12/335] Compiling dtls_method.cc
[12/335] Compiling d1_both.cc
[12/335] Compiling d1_lib.cc
[12/335] Compiling dtls_record.cc

[2025-07-17T08:07:31.585126] Starting swift build...
[2025-07-17T08:07:33.682377] swift build failed with exit code 1
[2025-07-17T08:07:33.834682] [dispatcher] Updated git remote to use token-based authentication.
[2025-07-17T08:07:35.726701] [dispatcher] Running Docker build...
[2025-07-17T08:07:35.727556] [dispatcher] Running tests...
Compose now can delegate build to bake for better performances
Just set COMPOSE_BAKE=true
#0 building with "default" instance using docker driver

#1 [planner internal] load build definition from Dockerfile
#1 transferring dockerfile: 266B done
#1 DONE 0.0s

#2 [tools-factory internal] load build definition from Dockerfile
#2 transferring dockerfile: 284B done
#2 DONE 0.0s

#3 [persist internal] load build definition from Dockerfile
#3 transferring dockerfile: 266B done
#3 DONE 0.0s

#4 [llm-gateway internal] load build definition from Dockerfile
#4 transferring dockerfile: 278B done
#4 DONE 0.0s

#5 [function-caller internal] load build definition from Dockerfile
#5 transferring dockerfile: 290B done
#5 DONE 0.0s

#6 [baseline-awareness internal] load build definition from Dockerfile
#6 transferring dockerfile: 299B done
#6 DONE 0.0s

#7 [bootstrap internal] load build definition from Dockerfile
#7 transferring dockerfile: 272B done
#7 DONE 0.0s

#8 [bootstrap internal] load metadata for docker.io/library/ubuntu:22.04
#8 DONE 0.5s

#9 [llm-gateway internal] load metadata for docker.io/library/swift:6.1-jammy
#9 DONE 0.5s

#10 [bootstrap internal] load .dockerignore
#10 transferring context: 2B done
#10 DONE 0.0s

#11 [persist internal] load .dockerignore
#11 transferring context: 2B 0.0s done
#11 DONE 0.0s

#12 [llm-gateway internal] load .dockerignore
#12 transferring context: 2B done
#12 DONE 0.0s

#13 [baseline-awareness internal] load .dockerignore
#13 transferring context: 2B done
#13 DONE 0.0s

#14 [baseline-awareness build 1/4] FROM docker.io/library/swift:6.1-jammy@sha256:512716edb447938962d96627ff0b9f00d5701bfa61d97a5b5654f07a1482c342
#14 DONE 0.0s

#15 [baseline-awareness stage-1 1/2] FROM docker.io/library/ubuntu:22.04@sha256:59ccd419c0dc0edf9e3bff1a3b2b073ea15a2ce4bc45ce7c989278b225b09af3
#15 DONE 0.0s

#16 [function-caller internal] load .dockerignore
#16 transferring context: 2B done
#16 DONE 0.0s

#17 [tools-factory internal] load .dockerignore
#17 transferring context: 2B done
#17 DONE 0.0s

#18 [planner internal] load .dockerignore
#18 transferring context: 2B done
#18 DONE 0.0s

#19 [planner internal] load build context
#19 transferring context: 1.23MB 5.0s
#19 ...

#20 [tools-factory internal] load build context
#20 ...

#19 [planner internal] load build context
#19 transferring context: 7.45MB 9.0s done
#19 ...

#21 [persist internal] load build context
#21 transferring context: 7.45MB 9.0s done
#21 DONE 9.2s

#22 [baseline-awareness internal] load build context
#22 transferring context: 7.45MB 9.0s done
#22 DONE 9.1s

#20 [tools-factory internal] load build context
#20 transferring context: 7.45MB 9.0s done
#20 DONE 9.1s

#19 [planner internal] load build context
#19 DONE 9.2s

#23 [function-caller internal] load build context
#23 transferring context: 7.45MB 9.0s done
#23 DONE 9.2s

#24 [bootstrap internal] load build context
#24 transferring context: 7.45MB 9.0s done
#24 DONE 9.2s

#25 [bootstrap build 2/4] WORKDIR /src
#25 CACHED

#26 [tools-factory build 3/4] COPY . .
#26 ...

#27 [llm-gateway internal] load build context
#27 transferring context: 7.45MB 8.6s done
#27 DONE 9.3s

#26 [llm-gateway build 3/4] COPY . .
#26 DONE 13.9s

#28 [tools-factory build 3/4] COPY . .
#28 CACHED

#29 [bootstrap build 3/4] COPY . .
#29 CACHED

#30 [llm-gateway build 3/4] COPY . .
#30 CACHED

#31 [baseline-awareness build 3/4] COPY . .
#31 CACHED

#32 [planner build 3/4] COPY . .
#32 CACHED

#33 [function-caller build 3/4] COPY . .
#33 CACHED

#34 [planner build 4/4] RUN swift build -c release --product planner-server
#34 ...

#35 [function-caller build 4/4] RUN swift build -c release --product function-caller-server
#35 ...

#36 [bootstrap build 4/4] RUN swift build -c release --product bootstrap-server
#36 ...

#37 [baseline-awareness build 4/4] RUN swift build -c release --product baseline-awareness-server
#37 ...

#38 [llm-gateway build 4/4] RUN swift build -c release --product llm-gateway-server
#38 ...

#39 [persist build 4/4] RUN swift build -c release --product persist-server
#39 ...

#40 [tools-factory build 4/4] RUN swift build -c release --product tools-factory-server
#40 ...

#34 [planner build 4/4] RUN swift build -c release --product planner-server
#34 26.89 Building for production...
#34 26.97 [0/6] Write sources
#34 27.32 [3/6] Write swift-version-24593BA9C3E375BF.txt
#34 ...

#40 [tools-factory build 4/4] RUN swift build -c release --product tools-factory-server
#40 27.13 Building for production...
#40 27.19 [0/14] Write sources
#40 27.55 [5/14] Write swift-version-24593BA9C3E375BF.txt
#40 27.96 [6/15] Compiling writer.c
#40 28.03 [7/15] Compiling reader.c
#40 28.21 [8/15] Compiling parser.c
#40 28.33 [9/15] Compiling api.c
#40 28.88 [10/15] Compiling emitter.c
#40 28.99 [11/15] Compiling scanner.c
#40 ...

#34 [planner build 4/4] RUN swift build -c release --product planner-server
#34 35.61 [5/7] Compiling ServiceShared Models.swift
#34 ...

#35 [function-caller build 4/4] RUN swift build -c release --product function-caller-server
#35 27.05 Building for production...
#35 27.15 [0/14] Write sources
#35 27.50 [5/14] Write swift-version-24593BA9C3E375BF.txt
#35 27.96 [6/15] Compiling writer.c
#35 28.00 [7/15] Compiling reader.c
#35 28.29 [8/15] Compiling api.c
#35 28.60 [9/15] Compiling parser.c
#35 28.85 [10/15] Compiling scanner.c
#35 28.90 [11/15] Compiling emitter.c
#35 36.02 [13/16] Compiling ServiceShared Models.swift
#35 ...

#36 [bootstrap build 4/4] RUN swift build -c release --product bootstrap-server
#36 27.20 Building for production...
#36 27.28 [0/7] Write sources
#36 27.48 [4/7] Write swift-version-24593BA9C3E375BF.txt
#36 35.86 [6/8] Compiling ServiceShared Models.swift
#36 ...

#37 [baseline-awareness build 4/4] RUN swift build -c release --product baseline-awareness-server
#37 27.03 Building for production...
#37 27.09 [0/6] Write sources
#37 27.32 [3/6] Write swift-version-24593BA9C3E375BF.txt
#37 35.78 [5/7] Compiling ServiceShared Models.swift
#37 ...

#39 [persist build 4/4] RUN swift build -c release --product persist-server
#39 27.19 Building for production...
#39 27.28 [0/6] Write sources
#39 27.54 [3/6] Write swift-version-24593BA9C3E375BF.txt
#39 35.70 [5/7] Compiling ServiceShared Models.swift
#39 37.42 [6/8] Compiling PersistService HTTPKernel.swift
#39 ...

#40 [tools-factory build 4/4] RUN swift build -c release --product tools-factory-server
#40 36.67 [13/16] Compiling ServiceShared Models.swift
#40 ...

#39 [persist build 4/4] RUN swift build -c release --product persist-server
#39 38.00 [7/9] Compiling PersistServer main.swift
#39 38.00 /src/Generated/Server/persist/main.swift:23:36: error: cannot convert value of type '__socket_type' to expected argument type 'Int32'
#39 38.00 21 | 
#39 38.00 22 |     func start() throws {
#39 38.00 23 |         serverFD = socket(AF_INET, SOCK_STREAM, 0)
#39 38.00    |                                    `- error: cannot convert value of type '__socket_type' to expected argument type 'Int32'
#39 38.00 24 |         guard serverFD >= 0 else { throw RuntimeError.socket }
#39 38.00 25 |         var opt: Int32 = 1
#39 ERROR: process "/bin/sh -c swift build -c release --product persist-server" did not complete successfully: exit code: 1

#34 [planner build 4/4] RUN swift build -c release --product planner-server
#34 38.60 [6/8] Compiling PlannerService HTTPKernel.swift
#34 ...

#36 [bootstrap build 4/4] RUN swift build -c release --product bootstrap-server
#36 CANCELED

#40 [tools-factory build 4/4] RUN swift build -c release --product tools-factory-server
#40 CANCELED

#37 [baseline-awareness build 4/4] RUN swift build -c release --product baseline-awareness-server
#37 38.30 [6/8] Compiling BaselineAwarenessService BaselineStore.swift
#37 CANCELED

#38 [llm-gateway build 4/4] RUN swift build -c release --product llm-gateway-server
#38 29.73 Building for production...
#38 29.94 [0/6] Write sources
#38 32.57 [3/6] Write swift-version-24593BA9C3E375BF.txt
#38 CANCELED

#34 [planner build 4/4] RUN swift build -c release --product planner-server
#34 CANCELED

#35 [function-caller build 4/4] RUN swift build -c release --product function-caller-server
#35 CANCELED
------
 > [persist build 4/4] RUN swift build -c release --product persist-server:
35.70 [5/7] Compiling ServiceShared Models.swift
37.42 [6/8] Compiling PersistService HTTPKernel.swift
38.00 [7/9] Compiling PersistServer main.swift
38.00 /src/Generated/Server/persist/main.swift:23:36: error: cannot convert value of type '__socket_type' to expected argument type 'Int32'
38.00 21 | 
38.00 22 |     func start() throws {
38.00 23 |         serverFD = socket(AF_INET, SOCK_STREAM, 0)
38.00    |                                    `- error: cannot convert value of type '__socket_type' to expected argument type 'Int32'
38.00 24 |         guard serverFD >= 0 else { throw RuntimeError.socket }
38.00 25 |         var opt: Int32 = 1
------
failed to solve: process "/bin/sh -c swift build -c release --product persist-server" did not complete successfully: exit code: 1
 Network kong-codex_default  Creating
 Network kong-codex_default  Created
 Container kong-codex-typesense-1  Creating
 Container kong-codex-kong-1  Creating
 Container kong-codex-typesense-1  Created
 Container kong-codex-kong-1  Created
Attaching to kong-1, typesense-1
Error response from daemon: mounts denied: 
The path /srv/deploy/repos/kong-codex/kong.yaml is not shared from the host and is not known to Docker.
You can configure shared paths from Docker -> Preferences... -> Resources -> File Sharing.
See https://docs.docker.com/desktop/settings/mac/#file-sharing for more info.
 Container kong-codex-kong-1  Stopping
 Container kong-codex-typesense-1  Stopping
 Container kong-codex-kong-1  Stopped
 Container kong-codex-kong-1  Removing
 Container kong-codex-kong-1  Removed
 Container kong-codex-typesense-1  Stopped
 Container kong-codex-typesense-1  Removing
 Container kong-codex-typesense-1  Removed
 Network kong-codex_default  Removing
 Network kong-codex_default  Removed

[2025-07-17T08:07:35.727827] Running integration tests for fountainai...
[2025-07-17T08:08:39.027060] Integration tests for fountainai failed with exit code 1

[2025-07-17T08:08:39.027291] Running integration tests for kong-codex...
[2025-07-17T08:08:41.022513] Integration tests for kong-codex failed with exit code 1
