[2025-07-18T17:01:29.754495] DISPATCHER_INTERVAL not set; using default 60
[2025-07-18T17:01:29.754674] DISPATCHER_USE_PRS not set; pull request workflow enabled
[2025-07-18T17:01:29.754914] DISPATCHER_BUILD_DOCKER not set; docker builds disabled
[2025-07-18T17:01:29.759925] Dispatcher started successfully ðŸŸ¢
[2025-07-18T17:01:29.760081] === New Cycle ===
[0/1] Planning build
Building for debugging...
[0/197] Compiling rand.cc
[0/197] Compiling getentropy.cc
[0/196] Compiling ios.cc
[0/197] Compiling trusty.cc
[0/197] Compiling passive.cc
[3/198] Compiling windows.cc
[6/198] Compiling forkunsafe.cc
[7/198] Compiling poly1305_arm_asm.S
[8/198] Compiling urandom.cc
[9/198] Compiling deterministic.cc
[10/198] Write swift-version-24593BA9C3E375BF.txt
[11/193] Compiling poly1305_vec.cc
[12/193] Compiling poly1305_arm.cc
[13/193] Compiling fork_detect.cc
[14/193] Compiling poly1305.cc
[15/216] Compiling pool.cc
[17/229] Emitting module PersistServer
[18/229] Compiling PersistServer main.swift
/srv/deploy/repos/fountainai/Generated/Server/persist/main.swift:23:33: error: cannot convert value of type '__socket_type' to specified type 'Int32'
 21 | 
 22 |     func start() throws {
 23 |         let socketType: Int32 = SOCK_STREAM
    |                                 `- error: cannot convert value of type '__socket_type' to specified type 'Int32'
 24 | 
 25 |         serverFD = socket(AF_INET, socketType, 0)
[19/229] Emitting module PlannerServer
[20/229] Compiling PlannerServer main.swift
/srv/deploy/repos/fountainai/Generated/Server/planner/main.swift:23:33: error: cannot convert value of type '__socket_type' to specified type 'Int32'
 21 | 
 22 |     func start() throws {
 23 |         let socketType: Int32 = SOCK_STREAM
    |                                 `- error: cannot convert value of type '__socket_type' to specified type 'Int32'
 24 | 
 25 |         serverFD = socket(AF_INET, socketType, 0)
[21/229] Emitting module LLMGatewayServer
[21/229] Compiling pkcs8_x509.cc
[21/229] Compiling p5_pbev2.cc
[21/229] Compiling pkcs8.cc

[2025-07-18T17:01:29.760344] Starting swift build...
[2025-07-18T17:01:39.833470] swift build failed with exit code 1
