[2025-07-15T16:19:59.392297] === New Cycle ===
Building for debugging...
[0/406] Compiling ssl_stat.cc
[0/406] Compiling ssl_privkey.cc
[0/406] Compiling ssl_versions.cc
[1/406] Compiling ssl_key_share.cc
[1/406] Compiling ssl_transcript.cc
[5/406] Compiling ssl_session.cc
[6/406] Compiling ssl_x509.cc
[7/406] Compiling ssl_lib.cc
[8/406] Compiling ssl_buffer.cc
[9/406] Write swift-version-24593BA9C3E375BF.txt
[10/406] Compiling ssl_file.cc
[11/406] Compiling ssl_cipher.cc
[12/406] Compiling ssl_cert.cc
[13/406] Compiling ssl_asn1.cc
[14/415] Compiling ssl_credential.cc
[15/442] Compiling ssl_aead_ctx.cc
[17/442] Compiling PlannerService LLMGatewayClient.swift
/srv/deploy/repos/fountainai/Generated/Server/planner/LLMGatewayClient.swift:23:19: error: cannot find 'URLRequest' in scope
21 |         }
22 | 
23 |         var req = URLRequest(url: baseURL.appendingPathComponent("chat"))
   |                   `- error: cannot find 'URLRequest' in scope
24 |         req.httpMethod = "POST"
25 |         let body: [String: Any] = [

/srv/deploy/repos/fountainai/Generated/Server/planner/LLMGatewayClient.swift:31:46: error: type 'URLSession' (aka 'AnyObject') has no member 'shared'
29 |         req.httpBody = try JSONSerialization.data(withJSONObject: body)
30 |         req.setValue("application/json", forHTTPHeaderField: "Content-Type")
31 |         let (data, _) = try await URLSession.shared.data(for: req)
   |                                              `- error: type 'URLSession' (aka 'AnyObject') has no member 'shared'
32 |         if let json = try? JSONSerialization.jsonObject(with: data) as? [String: Any],
33 |            let choices = json["choices"] as? [[String: Any]],

/srv/deploy/repos/fountainai/Generated/Server/planner/LLMGatewayClient.swift:34:52: error: type of expression is ambiguous without a type annotation
32 |         if let json = try? JSONSerialization.jsonObject(with: data) as? [String: Any],
33 |            let choices = json["choices"] as? [[String: Any]],
34 |            let message = choices.first?["message"] as? [String: Any],
   |                                                    `- error: type of expression is ambiguous without a type annotation
35 |            let content = message["content"] as? String {
36 |             return content
[18/442] Compiling DequeModule _DequeSlot.swift
[19/442] Compiling DequeModule Deque.swift
[20/444] Compiling Atomics AtomicStorage.swift
[21/444] Compiling Atomics AtomicValue.swift
[22/444] Compiling Atomics UnsafeAtomic.swift
[23/444] Compiling Atomics UnsafeAtomicLazyReference.swift
[24/446] Compiling Atomics AtomicMemoryOrderings.swift
[25/446] Compiling Atomics DoubleWord.swift
[26/446] Emitting module PlannerService
[26/446] Compiling s3_both.cc
[26/446] Compiling handshake_server.cc
[26/446] Compiling s3_lib.cc
[26/446] Compiling s3_pkt.cc

[2025-07-15T16:19:59.394263] Starting swift build...
[2025-07-15T16:20:06.097617] swift build failed with exit code 1
