[2025-07-17T08:51:18.583638] === New Cycle ===
Building for debugging...
[0/127] Compiling curve25519_64_adx.cc
[1/127] Compiling params.cc
[2/127] Compiling des.cc
[2/127] Compiling dsa.cc
[4/127] Compiling x25519-asm-arm.S
[5/127] Write swift-version-24593BA9C3E375BF.txt
[6/127] Compiling dh_asn1.cc
[6/123] Compiling spake25519.cc
[8/122] Compiling digest_extra.cc
[9/124] Compiling cpu_intel.cc
[10/124] Compiling crypto.cc
[11/126] Compiling cpu_arm_freebsd.cc
[11/126] Compiling cpu_arm_linux.cc
[13/126] Compiling cpu_aarch64_win.cc
[14/131] Compiling curve25519.cc
[16/139] Emitting module PlannerServer
[17/139] Compiling PlannerServer main.swift
/srv/deploy/repos/fountainai/Generated/Server/planner/main.swift:23:36: error: cannot convert value of type '__socket_type' to expected argument type 'Int32'
21 | 
22 |     func start() throws {
23 |         serverFD = socket(AF_INET, SOCK_STREAM, 0)
   |                                    `- error: cannot convert value of type '__socket_type' to expected argument type 'Int32'
24 |         guard serverFD >= 0 else { throw RuntimeError.socket }
25 |         var opt: Int32 = 1
[17/152] Compiling bcm.cc

[2025-07-17T08:51:18.584974] Starting swift build...
[2025-07-17T08:51:21.632151] swift build failed with exit code 1
[2025-07-17T08:51:21.749883] [dispatcher] Updated git remote to use token-based authentication.
[2025-07-17T08:51:24.224804] [dispatcher] Running Docker build...
[2025-07-17T08:51:24.225969] [dispatcher] Running tests...
Compose now can delegate build to bake for better performances
Just set COMPOSE_BAKE=true
#0 building with "default" instance using docker driver

#1 [baseline-awareness internal] load build definition from Dockerfile
#1 transferring dockerfile: 299B 0.0s done
#1 DONE 0.1s

#2 [function-caller internal] load build definition from Dockerfile
#2 transferring dockerfile: 290B 0.0s done
#2 DONE 0.1s

#3 [llm-gateway internal] load build definition from Dockerfile
#3 transferring dockerfile: 278B 0.0s done
#3 DONE 0.1s

#4 [planner internal] load build definition from Dockerfile
#4 transferring dockerfile: 266B 0.0s done
#4 DONE 0.1s

#5 [tools-factory internal] load build definition from Dockerfile
#5 transferring dockerfile: 284B 0.0s done
#5 DONE 0.1s

#6 [bootstrap internal] load build definition from Dockerfile
#6 transferring dockerfile: 272B 0.0s done
#6 DONE 0.1s

#7 [persist internal] load build definition from Dockerfile
#7 transferring dockerfile: 266B done
#7 DONE 0.1s

#8 [bootstrap internal] load metadata for docker.io/library/ubuntu:22.04
#8 ...

#9 [baseline-awareness internal] load metadata for docker.io/library/swift:6.1-jammy
#9 DONE 0.8s

#8 [persist internal] load metadata for docker.io/library/ubuntu:22.04
#8 DONE 1.2s

#10 [llm-gateway internal] load .dockerignore
#10 transferring context: 2B done
#10 DONE 0.0s

#11 [baseline-awareness internal] load .dockerignore
#11 transferring context: 2B done
#11 DONE 0.0s

#12 [planner internal] load .dockerignore
#12 transferring context: 2B done
#12 DONE 0.0s

#13 [tools-factory internal] load .dockerignore
#13 transferring context: 2B done
#13 DONE 0.0s

#14 [persist internal] load .dockerignore
#14 transferring context: 2B done
#14 DONE 0.0s

#15 [bootstrap build 1/4] FROM docker.io/library/swift:6.1-jammy@sha256:512716edb447938962d96627ff0b9f00d5701bfa61d97a5b5654f07a1482c342
#15 DONE 0.0s

#16 [bootstrap stage-1 1/2] FROM docker.io/library/ubuntu:22.04@sha256:59ccd419c0dc0edf9e3bff1a3b2b073ea15a2ce4bc45ce7c989278b225b09af3
#16 DONE 0.0s

#17 [function-caller internal] load .dockerignore
#17 transferring context: 2B done
#17 DONE 0.0s

#18 [bootstrap internal] load .dockerignore
#18 transferring context: 2B done
#18 DONE 0.1s

#19 [llm-gateway internal] load build context
#19 transferring context: 2.32MB 5.1s
#19 ...

#20 [function-caller internal] load build context
#20 ...

#19 [llm-gateway internal] load build context
#19 ...

#21 [bootstrap internal] load build context
#21 transferring context: 9.14MB 9.1s
#21 ...

#22 [planner internal] load build context
#22 ...

#23 [persist internal] load build context
#23 ...

#24 [baseline-awareness internal] load build context
#24 ...

#25 [tools-factory internal] load build context
#25 ...

#24 [baseline-awareness internal] load build context
#24 transferring context: 9.58MB 13.5s done
#24 ...

#21 [bootstrap internal] load build context
#21 transferring context: 9.58MB 12.5s done
#21 DONE 13.7s

#19 [llm-gateway internal] load build context
#19 transferring context: 9.58MB 13.5s done
#19 DONE 13.8s

#20 [function-caller internal] load build context
#20 transferring context: 9.58MB 13.5s done
#20 DONE 13.8s

#24 [baseline-awareness internal] load build context
#24 DONE 13.8s

#25 [tools-factory internal] load build context
#25 transferring context: 9.58MB 13.5s done
#25 DONE 13.8s

#22 [planner internal] load build context
#22 transferring context: 9.58MB 13.5s done
#22 DONE 13.8s

#23 [persist internal] load build context
#23 transferring context: 9.58MB 13.5s done
#23 DONE 13.9s

#26 [planner build 2/4] WORKDIR /src
#26 CACHED

#27 [function-caller build 3/4] COPY . .
#27 DONE 11.3s

#28 [llm-gateway build 3/4] COPY . .
#28 CACHED

#29 [baseline-awareness build 3/4] COPY . .
#29 CACHED

#30 [tools-factory build 3/4] COPY . .
#30 CACHED

#31 [planner build 3/4] COPY . .
#31 CACHED

#32 [function-caller build 3/4] COPY . .
#32 CACHED

#33 [persist build 3/4] COPY . .
#33 CACHED

#34 [baseline-awareness build 4/4] RUN swift build -c release --product baseline-awareness-server
#34 ...

#35 [llm-gateway build 4/4] RUN swift build -c release --product llm-gateway-server
#35 ...

#36 [bootstrap build 4/4] RUN swift build -c release --product bootstrap-server
#36 ...

#37 [function-caller build 4/4] RUN swift build -c release --product function-caller-server
#37 ...

#38 [tools-factory build 4/4] RUN swift build -c release --product tools-factory-server
#38 ...

#39 [planner build 4/4] RUN swift build -c release --product planner-server
#39 ...

#40 [persist build 4/4] RUN swift build -c release --product persist-server
#40 ...

#37 [function-caller build 4/4] RUN swift build -c release --product function-caller-server
#37 16.69 Building for production...
#37 16.77 [0/14] Write sources
#37 17.33 [5/14] Compiling reader.c
#37 17.34 [6/14] Compiling writer.c
#37 17.46 [7/14] Compiling parser.c
#37 17.53 [8/14] Compiling api.c
#37 18.14 [9/14] Compiling emitter.c
#37 18.19 [10/14] Compiling scanner.c
#37 18.19 [11/14] Write swift-version-24593BA9C3E375BF.txt
#37 ...

#38 [tools-factory build 4/4] RUN swift build -c release --product tools-factory-server
#38 16.74 Building for production...
#38 16.79 [0/14] Write sources
#38 17.33 [5/14] Compiling writer.c
#38 17.37 [6/14] Compiling reader.c
#38 17.48 [7/14] Compiling parser.c
#38 17.57 [8/14] Compiling api.c
#38 18.11 [9/14] Compiling emitter.c
#38 18.37 [10/14] Write swift-version-24593BA9C3E375BF.txt
#38 18.37 [10/14] Compiling scanner.c
#38 ...

#37 [function-caller build 4/4] RUN swift build -c release --product function-caller-server
#37 25.10 [13/16] Compiling ServiceShared Models.swift
#37 ...

#34 [baseline-awareness build 4/4] RUN swift build -c release --product baseline-awareness-server
#34 17.09 Building for production...
#34 17.17 [0/6] Write sources
#34 17.51 [3/6] Write swift-version-24593BA9C3E375BF.txt
#34 25.04 [5/7] Compiling ServiceShared Models.swift
#34 ...

#40 [persist build 4/4] RUN swift build -c release --product persist-server
#40 17.05 Building for production...
#40 17.11 [0/6] Write sources
#40 17.42 [3/6] Write swift-version-24593BA9C3E375BF.txt
#40 25.03 [5/7] Compiling ServiceShared Models.swift
#40 26.39 [6/8] Compiling PersistService HTTPKernel.swift
#40 26.81 [7/9] Compiling PersistServer main.swift
#40 26.81 /src/Generated/Server/persist/main.swift:23:36: error: cannot convert value of type '__socket_type' to expected argument type 'Int32'
#40 26.81 21 | 
#40 26.81 22 |     func start() throws {
#40 26.81 23 |         serverFD = socket(AF_INET, SOCK_STREAM, 0)
#40 26.81    |                                    `- error: cannot convert value of type '__socket_type' to expected argument type 'Int32'
#40 26.81 24 |         guard serverFD >= 0 else { throw RuntimeError.socket }
#40 26.81 25 |         var opt: Int32 = 1
#40 ...

#35 [llm-gateway build 4/4] RUN swift build -c release --product llm-gateway-server
#35 17.27 Building for production...
#35 17.35 [0/6] Write sources
#35 17.48 [3/6] Write swift-version-24593BA9C3E375BF.txt
#35 25.08 [5/7] Compiling ServiceShared Models.swift
#35 26.23 [6/8] Compiling LLMGatewayService HTTPKernel.swift
#35 26.61 [7/9] Compiling LLMGatewayServer main.swift
#35 26.61 /src/Generated/Server/llm-gateway/main.swift:23:36: error: cannot convert value of type '__socket_type' to expected argument type 'Int32'
#35 26.61 21 | 
#35 26.61 22 |     func start() throws {
#35 26.61 23 |         serverFD = socket(AF_INET, SOCK_STREAM, 0)
#35 26.61    |                                    `- error: cannot convert value of type '__socket_type' to expected argument type 'Int32'
#35 26.61 24 |         guard serverFD >= 0 else { throw RuntimeError.socket }
#35 26.61 25 |         var opt: Int32 = 1
#35 ERROR: process "/bin/sh -c swift build -c release --product llm-gateway-server" did not complete successfully: exit code: 1

#40 [persist build 4/4] RUN swift build -c release --product persist-server
#40 ERROR: process "/bin/sh -c swift build -c release --product persist-server" did not complete successfully: exit code: 1

#36 [bootstrap build 4/4] RUN swift build -c release --product bootstrap-server
#36 17.36 Building for production...
#36 17.45 [0/7] Write sources
#36 17.61 [4/7] Write swift-version-24593BA9C3E375BF.txt
#36 25.03 [6/8] Compiling ServiceShared Models.swift
#36 ...

#34 [baseline-awareness build 4/4] RUN swift build -c release --product baseline-awareness-server
#34 27.33 [6/8] Compiling BaselineAwarenessService BaselineStore.swift
#34 ...

#38 [tools-factory build 4/4] RUN swift build -c release --product tools-factory-server
#38 25.30 [13/16] Compiling ServiceShared Models.swift
#38 CANCELED

#39 [planner build 4/4] RUN swift build -c release --product planner-server
#39 17.81 Building for production...
#39 17.87 [0/6] Write sources
#39 18.21 [3/6] Write swift-version-24593BA9C3E375BF.txt
#39 25.08 [5/7] Compiling ServiceShared Models.swift
#39 27.17 [6/8] Compiling PlannerService HTTPKernel.swift
#39 ...

#37 [function-caller build 4/4] RUN swift build -c release --product function-caller-server
#37 CANCELED

#36 [bootstrap build 4/4] RUN swift build -c release --product bootstrap-server
#36 CANCELED

#34 [baseline-awareness build 4/4] RUN swift build -c release --product baseline-awareness-server
#34 CANCELED

#39 [planner build 4/4] RUN swift build -c release --product planner-server
#39 CANCELED
------
 > [persist build 4/4] RUN swift build -c release --product persist-server:
25.03 [5/7] Compiling ServiceShared Models.swift
26.39 [6/8] Compiling PersistService HTTPKernel.swift
26.81 [7/9] Compiling PersistServer main.swift
26.81 /src/Generated/Server/persist/main.swift:23:36: error: cannot convert value of type '__socket_type' to expected argument type 'Int32'
26.81 21 | 
26.81 22 |     func start() throws {
26.81 23 |         serverFD = socket(AF_INET, SOCK_STREAM, 0)
26.81    |                                    `- error: cannot convert value of type '__socket_type' to expected argument type 'Int32'
26.81 24 |         guard serverFD >= 0 else { throw RuntimeError.socket }
26.81 25 |         var opt: Int32 = 1
------
------
 > [llm-gateway build 4/4] RUN swift build -c release --product llm-gateway-server:
25.08 [5/7] Compiling ServiceShared Models.swift
26.23 [6/8] Compiling LLMGatewayService HTTPKernel.swift
26.61 [7/9] Compiling LLMGatewayServer main.swift
26.61 /src/Generated/Server/llm-gateway/main.swift:23:36: error: cannot convert value of type '__socket_type' to expected argument type 'Int32'
26.61 21 | 
26.61 22 |     func start() throws {
26.61 23 |         serverFD = socket(AF_INET, SOCK_STREAM, 0)
26.61    |                                    `- error: cannot convert value of type '__socket_type' to expected argument type 'Int32'
26.61 24 |         guard serverFD >= 0 else { throw RuntimeError.socket }
26.61 25 |         var opt: Int32 = 1
------
failed to solve: process "/bin/sh -c swift build -c release --product llm-gateway-server" did not complete successfully: exit code: 1
 Network kong-codex_default  Creating
 Network kong-codex_default  Created
 Container kong-codex-typesense-1  Creating
 Container kong-codex-kong-1  Creating
 Container kong-codex-typesense-1  Created
 Container kong-codex-kong-1  Created
Attaching to kong-1, typesense-1
Error response from daemon: mounts denied: 
The path /srv/deploy/repos/kong-codex/kong.conf is not shared from the host and is not known to Docker.
You can configure shared paths from Docker -> Preferences... -> Resources -> File Sharing.
See https://docs.docker.com/desktop/settings/mac/#file-sharing for more info.
 Container kong-codex-typesense-1  Stopping
 Container kong-codex-kong-1  Stopping
 Container kong-codex-kong-1  Stopped
 Container kong-codex-kong-1  Removing
 Container kong-codex-kong-1  Removed
 Container kong-codex-typesense-1  Stopped
 Container kong-codex-typesense-1  Removing
 Container kong-codex-typesense-1  Removed
 Network kong-codex_default  Removing
 Network kong-codex_default  Removed

[2025-07-17T08:51:24.226241] Running integration tests for fountainai...
[2025-07-17T08:52:19.174034] Integration tests for fountainai failed with exit code 1

[2025-07-17T08:52:19.174238] Running integration tests for kong-codex...
[2025-07-17T08:52:21.500780] Integration tests for kong-codex failed with exit code 1
