[2025-07-17T11:54:53.610638] === New Cycle ===
[0/1] Planning build
Building for debugging...
[0/445] Compiling CNIOBoringSSLShims shims.c
[1/445] Write swift-version-24593BA9C3E375BF.txt
[2/444] Compiling t1_enc.cc
[3/444] Compiling tls13_enc.cc
[3/444] Compiling tls_record.cc
[3/444] Compiling tls13_client.cc
[3/444] Compiling tls13_server.cc
[3/444] Compiling tls_method.cc
[5/444] Compiling tls13_both.cc
[9/450] Wrapping AST for PlannerService for debugging
[10/454] Wrapping AST for Yams for debugging
[11/464] Wrapping AST for PersistService for debugging
[12/464] Wrapping AST for LLMGatewayService for debugging
[14/464] Compiling DequeModule Deque.swift
[15/464] Compiling DequeModule _DequeSlot.swift
[15/466] Compiling ssl_x509.cc
[17/466] Compiling DequeModule Deque+Testing.swift
[18/467] Emitting module PersistServer
[19/467] Compiling PersistServer main.swift
/srv/deploy/repos/fountainai/Generated/Server/persist/main.swift:29:36: error: cannot convert value of type '__socket_type' to expected argument type 'Int32'
 27 |         #endif
 28 | 
 29 |         serverFD = socket(AF_INET, socketType, 0)
    |                                    `- error: cannot convert value of type '__socket_type' to expected argument type 'Int32'
 30 |         guard serverFD >= 0 else { throw RuntimeError.socket }
 31 |         var opt: Int32 = 1
[20/467] Emitting module LLMGatewayServer
[21/467] Emitting module PlannerServer
[22/467] Compiling PlannerServer main.swift
/srv/deploy/repos/fountainai/Generated/Server/planner/main.swift:29:36: error: cannot convert value of type '__socket_type' to expected argument type 'Int32'
 27 |         #endif
 28 | 
 29 |         serverFD = socket(AF_INET, socketType, 0)
    |                                    `- error: cannot convert value of type '__socket_type' to expected argument type 'Int32'
 30 |         guard serverFD >= 0 else { throw RuntimeError.socket }
 31 |         var opt: Int32 = 1
[23/467] Compiling LLMGatewayServer main.swift
/srv/deploy/repos/fountainai/Generated/Server/llm-gateway/main.swift:29:36: error: cannot convert value of type '__socket_type' to expected argument type 'Int32'
 27 |         #endif
 28 | 
 29 |         serverFD = socket(AF_INET, socketType, 0)
    |                                    `- error: cannot convert value of type '__socket_type' to expected argument type 'Int32'
 30 |         guard serverFD >= 0 else { throw RuntimeError.socket }
 31 |         var opt: Int32 = 1
[23/467] Compiling ssl_stat.cc
[23/467] Compiling ssl_versions.cc
[23/467] Compiling ssl_transcript.cc

[2025-07-17T11:54:53.611743] Starting swift build...
[2025-07-17T11:55:01.227885] swift build failed with exit code 1
[2025-07-17T11:55:01.534770] [dispatcher] Updated git remote to use token-based authentication.
[2025-07-17T11:55:03.221016] [dispatcher] Running Docker build...
[2025-07-17T11:55:03.221804] [dispatcher] Running tests...
Compose now can delegate build to bake for better performances
Just set COMPOSE_BAKE=true
#0 building with "default" instance using docker driver

#1 [baseline-awareness internal] load build definition from Dockerfile
#1 transferring dockerfile: 299B done
#1 DONE 0.0s

#2 [llm-gateway internal] load build definition from Dockerfile
#2 transferring dockerfile: 278B done
#2 DONE 0.0s

#3 [tools-factory internal] load build definition from Dockerfile
#3 transferring dockerfile: 284B done
#3 DONE 0.0s

#4 [persist internal] load build definition from Dockerfile
#4 transferring dockerfile: 266B 0.0s done
#4 DONE 0.0s

#5 [bootstrap internal] load build definition from Dockerfile
#5 transferring dockerfile: 272B done
#5 DONE 0.1s

#6 [planner internal] load build definition from Dockerfile
#6 transferring dockerfile: 266B 0.0s done
#6 DONE 0.1s

#7 [function-caller internal] load build definition from Dockerfile
#7 transferring dockerfile: 290B done
#7 DONE 0.1s

#8 [function-caller internal] load metadata for docker.io/library/ubuntu:22.04
#8 DONE 0.7s

#9 [baseline-awareness internal] load metadata for docker.io/library/swift:6.1-jammy
#9 DONE 0.8s

#10 [llm-gateway internal] load .dockerignore
#10 transferring context: 2B done
#10 DONE 0.0s

#11 [tools-factory internal] load .dockerignore
#11 transferring context: 2B done
#11 DONE 0.0s

#12 [baseline-awareness internal] load .dockerignore
#12 transferring context: 2B done
#12 DONE 0.1s

#13 [function-caller build 1/4] FROM docker.io/library/swift:6.1-jammy@sha256:512716edb447938962d96627ff0b9f00d5701bfa61d97a5b5654f07a1482c342
#13 DONE 0.0s

#14 [function-caller stage-1 1/2] FROM docker.io/library/ubuntu:22.04@sha256:59ccd419c0dc0edf9e3bff1a3b2b073ea15a2ce4bc45ce7c989278b225b09af3
#14 DONE 0.0s

#15 [planner internal] load .dockerignore
#15 transferring context: 2B done
#15 DONE 0.1s

#16 [persist internal] load .dockerignore
#16 transferring context: 2B done
#16 DONE 0.1s

#17 [bootstrap internal] load .dockerignore
#17 transferring context: 2B done
#17 DONE 0.1s

#18 [function-caller internal] load .dockerignore
#18 transferring context: 2B done
#18 DONE 0.1s

#19 [baseline-awareness internal] load build context
#19 transferring context: 16.21MB 4.9s
#19 ...

#20 [persist internal] load build context
#20 ...

#19 [baseline-awareness internal] load build context
#19 transferring context: 22.29MB 10.0s
#19 ...

#21 [planner internal] load build context
#21 ...

#22 [llm-gateway internal] load build context
#22 ...

#23 [tools-factory internal] load build context
#23 ...

#24 [bootstrap internal] load build context
#24 ...

#25 [function-caller internal] load build context
#25 ...

#24 [bootstrap internal] load build context
#24 transferring context: 29.05MB 14.0s done
#24 ...

#21 [planner internal] load build context
#21 transferring context: 29.05MB 14.0s done
#21 DONE 14.5s

#25 [function-caller internal] load build context
#25 transferring context: 29.05MB 14.0s done
#25 DONE 14.5s

#22 [llm-gateway internal] load build context
#22 transferring context: 29.05MB 13.4s done
#22 DONE 14.5s

#24 [bootstrap internal] load build context
#24 DONE 14.5s

#20 [persist internal] load build context
#20 transferring context: 29.05MB 14.0s done
#20 DONE 14.5s

#23 [tools-factory internal] load build context
#23 transferring context: 29.05MB 14.0s done
#23 DONE 14.6s

#19 [baseline-awareness internal] load build context
#19 transferring context: 29.05MB 14.0s done
#19 DONE 14.6s

#26 [persist build 2/4] WORKDIR /src
#26 CACHED

#27 [persist build 3/4] COPY . .
#27 DONE 15.8s

#28 [bootstrap build 3/4] COPY . .
#28 CACHED

#29 [llm-gateway build 3/4] COPY . .
#29 CACHED

#30 [tools-factory build 3/4] COPY . .
#30 CACHED

#31 [planner build 3/4] COPY . .
#31 CACHED

#32 [persist build 3/4] COPY . .
#32 CACHED

#33 [baseline-awareness build 3/4] COPY . .
#33 CACHED

#34 [tools-factory build 4/4] RUN swift build -c release --product tools-factory-server
#34 ...

#35 [persist build 4/4] RUN swift build -c release --product persist-server
#35 ...

#36 [planner build 4/4] RUN swift build -c release --product planner-server
#36 ...

#37 [baseline-awareness build 4/4] RUN swift build -c release --product baseline-awareness-server
#37 ...

#38 [function-caller build 4/4] RUN swift build -c release --product function-caller-server
#38 ...

#39 [llm-gateway build 4/4] RUN swift build -c release --product llm-gateway-server
#39 ...

#40 [bootstrap build 4/4] RUN swift build -c release --product bootstrap-server
#40 ...

#38 [function-caller build 4/4] RUN swift build -c release --product function-caller-server
#38 19.36 Building for production...
#38 19.41 [0/14] Write sources
#38 19.76 [5/14] Compiling reader.c
#38 19.76 [6/14] Compiling writer.c
#38 19.90 [7/14] Write swift-version-24593BA9C3E375BF.txt
#38 20.49 [8/15] Compiling parser.c
#38 20.55 [9/15] Compiling emitter.c
#38 20.56 [10/15] Compiling api.c
#38 20.82 [11/15] Compiling scanner.c
#38 ...

#34 [tools-factory build 4/4] RUN swift build -c release --product tools-factory-server
#34 19.53 Building for production...
#34 19.59 [0/14] Write sources
#34 19.82 [5/14] Compiling writer.c
#34 19.86 [6/14] Compiling reader.c
#34 20.04 [7/14] Compiling parser.c
#34 20.18 [8/14] Write swift-version-24593BA9C3E375BF.txt
#34 20.18 [9/14] Compiling api.c
#34 21.01 [10/15] Compiling emitter.c
#34 21.18 [11/15] Compiling scanner.c
#34 ...

#38 [function-caller build 4/4] RUN swift build -c release --product function-caller-server
#38 26.82 [13/16] Compiling ServiceShared Models.swift
#38 ...

#35 [persist build 4/4] RUN swift build -c release --product persist-server
#35 19.42 Building for production...
#35 19.48 [0/6] Write sources
#35 19.81 [3/6] Write swift-version-24593BA9C3E375BF.txt
#35 26.21 [5/7] Compiling ServiceShared Models.swift
#35 27.60 [6/8] Compiling PersistService HTTPKernel.swift
#35 27.93 [7/9] Compiling PersistServer main.swift
#35 27.93 /src/Generated/Server/persist/main.swift:29:36: error: cannot convert value of type '__socket_type' to expected argument type 'Int32'
#35 27.93  27 |         #endif
#35 27.93  28 | 
#35 27.93  29 |         serverFD = socket(AF_INET, socketType, 0)
#35 27.93     |                                    `- error: cannot convert value of type '__socket_type' to expected argument type 'Int32'
#35 27.93  30 |         guard serverFD >= 0 else { throw RuntimeError.socket }
#35 27.93  31 |         var opt: Int32 = 1
#35 ERROR: process "/bin/sh -c swift build -c release --product persist-server" did not complete successfully: exit code: 1

#39 [llm-gateway build 4/4] RUN swift build -c release --product llm-gateway-server
#39 19.76 Building for production...
#39 19.80 [0/6] Write sources
#39 20.11 [3/6] Write swift-version-24593BA9C3E375BF.txt
#39 26.03 [5/7] Compiling ServiceShared Models.swift
#39 27.45 [6/8] Compiling LLMGatewayService HTTPKernel.swift
#39 27.80 [7/9] Compiling LLMGatewayServer main.swift
#39 27.81 /src/Generated/Server/llm-gateway/main.swift:29:36: error: cannot convert value of type '__socket_type' to expected argument type 'Int32'
#39 27.81  27 |         #endif
#39 27.81  28 | 
#39 27.81  29 |         serverFD = socket(AF_INET, socketType, 0)
#39 27.81     |                                    `- error: cannot convert value of type '__socket_type' to expected argument type 'Int32'
#39 27.81  30 |         guard serverFD >= 0 else { throw RuntimeError.socket }
#39 27.81  31 |         var opt: Int32 = 1
#39 ERROR: process "/bin/sh -c swift build -c release --product llm-gateway-server" did not complete successfully: exit code: 1

#36 [planner build 4/4] RUN swift build -c release --product planner-server
#36 20.37 Building for production...
#36 20.43 [0/6] Write sources
#36 20.61 [3/6] Write swift-version-24593BA9C3E375BF.txt
#36 26.58 [5/7] Compiling ServiceShared Models.swift
#36 28.51 [6/8] Compiling PlannerService HTTPKernel.swift
#36 28.87 [7/9] Compiling PlannerServer main.swift
#36 28.87 /src/Generated/Server/planner/main.swift:29:36: error: cannot convert value of type '__socket_type' to expected argument type 'Int32'
#36 28.87  27 |         #endif
#36 28.87  28 | 
#36 28.87  29 |         serverFD = socket(AF_INET, socketType, 0)
#36 28.87     |                                    `- error: cannot convert value of type '__socket_type' to expected argument type 'Int32'
#36 28.87  30 |         guard serverFD >= 0 else { throw RuntimeError.socket }
#36 28.87  31 |         var opt: Int32 = 1
#36 ...

#37 [baseline-awareness build 4/4] RUN swift build -c release --product baseline-awareness-server
#37 19.52 Building for production...
#37 19.56 [0/6] Write sources
#37 19.86 [3/6] Write swift-version-24593BA9C3E375BF.txt
#37 26.07 [5/7] Compiling ServiceShared Models.swift
#37 28.32 [6/8] Compiling BaselineAwarenessService BaselineStore.swift
#37 28.74 [7/9] Compiling BaselineAwarenessServer HTTPServer.swift
#37 28.74 /src/Generated/Server/baseline-awareness/main.swift:23:36: error: cannot convert value of type '__socket_type' to expected argument type 'Int32'
#37 28.74  21 | 
#37 28.74  22 |     func start() throws {
#37 28.74  23 |         serverFD = socket(AF_INET, SOCK_STREAM, 0)
#37 28.74     |                                    `- error: cannot convert value of type '__socket_type' to expected argument type 'Int32'
#37 28.74  24 |         guard serverFD >= 0 else { throw RuntimeError.socket }
#37 28.74  25 |         var opt: Int32 = 1
#37 ERROR: process "/bin/sh -c swift build -c release --product baseline-awareness-server" did not complete successfully: exit code: 1

#38 [function-caller build 4/4] RUN swift build -c release --product function-caller-server
#38 CANCELED

#40 [bootstrap build 4/4] RUN swift build -c release --product bootstrap-server
#40 19.37 Building for production...
#40 19.41 [0/7] Write sources
#40 19.65 [4/7] Write swift-version-24593BA9C3E375BF.txt
#40 26.17 [6/8] Compiling ServiceShared Models.swift
#40 28.53 [7/9] Compiling BaselineAwarenessService BaselineStore.swift
#40 CANCELED

#36 [planner build 4/4] RUN swift build -c release --product planner-server
#36 CANCELED

#34 [tools-factory build 4/4] RUN swift build -c release --product tools-factory-server
#34 26.92 [13/16] Compiling ServiceShared Models.swift
#34 CANCELED
------
 > [persist build 4/4] RUN swift build -c release --product persist-server:
26.21 [5/7] Compiling ServiceShared Models.swift
27.60 [6/8] Compiling PersistService HTTPKernel.swift
27.93 [7/9] Compiling PersistServer main.swift
27.93 /src/Generated/Server/persist/main.swift:29:36: error: cannot convert value of type '__socket_type' to expected argument type 'Int32'
27.93  27 |         #endif
27.93  28 | 
27.93  29 |         serverFD = socket(AF_INET, socketType, 0)
27.93     |                                    `- error: cannot convert value of type '__socket_type' to expected argument type 'Int32'
27.93  30 |         guard serverFD >= 0 else { throw RuntimeError.socket }
27.93  31 |         var opt: Int32 = 1
------
------
 > [baseline-awareness build 4/4] RUN swift build -c release --product baseline-awareness-server:
26.07 [5/7] Compiling ServiceShared Models.swift
28.32 [6/8] Compiling BaselineAwarenessService BaselineStore.swift
28.74 [7/9] Compiling BaselineAwarenessServer HTTPServer.swift
28.74 /src/Generated/Server/baseline-awareness/main.swift:23:36: error: cannot convert value of type '__socket_type' to expected argument type 'Int32'
28.74  21 | 
28.74  22 |     func start() throws {
28.74  23 |         serverFD = socket(AF_INET, SOCK_STREAM, 0)
28.74     |                                    `- error: cannot convert value of type '__socket_type' to expected argument type 'Int32'
28.74  24 |         guard serverFD >= 0 else { throw RuntimeError.socket }
28.74  25 |         var opt: Int32 = 1
------
------
 > [llm-gateway build 4/4] RUN swift build -c release --product llm-gateway-server:
26.03 [5/7] Compiling ServiceShared Models.swift
27.45 [6/8] Compiling LLMGatewayService HTTPKernel.swift
27.80 [7/9] Compiling LLMGatewayServer main.swift
27.81 /src/Generated/Server/llm-gateway/main.swift:29:36: error: cannot convert value of type '__socket_type' to expected argument type 'Int32'
27.81  27 |         #endif
27.81  28 | 
27.81  29 |         serverFD = socket(AF_INET, socketType, 0)
27.81     |                                    `- error: cannot convert value of type '__socket_type' to expected argument type 'Int32'
27.81  30 |         guard serverFD >= 0 else { throw RuntimeError.socket }
27.81  31 |         var opt: Int32 = 1
------
failed to solve: process "/bin/sh -c swift build -c release --product llm-gateway-server" did not complete successfully: exit code: 1
 Network kong-codex_default  Creating
 Network kong-codex_default  Created
 Container kong-codex-kong-1  Creating
 Container kong-codex-typesense-1  Creating
 Container kong-codex-kong-1  Created
 Container kong-codex-typesense-1  Created
Attaching to kong-1, typesense-1
Error response from daemon: mounts denied: 
The path /srv/deploy/repos/kong-codex/kong.conf is not shared from the host and is not known to Docker.
You can configure shared paths from Docker -> Preferences... -> Resources -> File Sharing.
See https://docs.docker.com/desktop/settings/mac/#file-sharing for more info.
 Container kong-codex-kong-1  Stopping
 Container kong-codex-typesense-1  Stopping
 Container kong-codex-kong-1  Stopped
 Container kong-codex-kong-1  Removing
 Container kong-codex-kong-1  Removed
 Container kong-codex-typesense-1  Stopped
 Container kong-codex-typesense-1  Removing
 Container kong-codex-typesense-1  Removed
 Network kong-codex_default  Removing
 Network kong-codex_default  Removed

[2025-07-17T11:55:03.222070] Running integration tests for fountainai...
[2025-07-17T11:56:04.147826] Integration tests for fountainai failed with exit code 1

[2025-07-17T11:56:04.148070] Running integration tests for kong-codex...
[2025-07-17T11:56:06.099179] Integration tests for kong-codex failed with exit code 1
