[2025-07-17T12:05:39.262505] === New Cycle ===
Building for debugging...
[0/403] Write sources
[1/409] Compiling err_data.cc
[2/409] Write swift-version-24593BA9C3E375BF.txt
[3/404] Compiling chacha20_poly1305_x86_64-linux.S
[4/406] Compiling bio_ssl.cc
[5/408] Compiling d1_srtp.cc
[7/408] Emitting module PlannerServer
[7/408] Compiling dtls_record.cc
[8/408] Compiling d1_pkt.cc
[10/408] Compiling PlannerServer main.swift
/srv/deploy/repos/fountainai/Generated/Server/planner/main.swift:29:36: error: cannot convert value of type '__socket_type' to expected argument type 'Int32'
 27 |         #endif
 28 | 
 29 |         serverFD = socket(AF_INET, socketType, 0)
    |                                    `- error: cannot convert value of type '__socket_type' to expected argument type 'Int32'
 30 |         guard serverFD >= 0 else { throw RuntimeError.socket }
 31 |         var opt: Int32 = 1
[10/408] Compiling d1_lib.cc
[12/408] Emitting module PersistServer
[13/408] Compiling PersistServer main.swift
/srv/deploy/repos/fountainai/Generated/Server/persist/main.swift:29:36: error: cannot convert value of type '__socket_type' to expected argument type 'Int32'
 27 |         #endif
 28 | 
 29 |         serverFD = socket(AF_INET, socketType, 0)
    |                                    `- error: cannot convert value of type '__socket_type' to expected argument type 'Int32'
 30 |         guard serverFD >= 0 else { throw RuntimeError.socket }
 31 |         var opt: Int32 = 1
[13/408] Compiling d1_both.cc
[13/408] Compiling dtls_method.cc
[14/426] Compiling Atomics ManagedAtomic.swift
[15/426] Compiling Atomics ManagedAtomicLazyReference.swift
[16/428] Compiling Atomics UnsafeAtomic.swift
[17/428] Compiling Atomics UnsafeAtomicLazyReference.swift
[18/428] Compiling Atomics AtomicMemoryOrderings.swift
[19/428] Compiling Atomics DoubleWord.swift
[20/428] Compiling Atomics AtomicStorage.swift
[21/428] Compiling Atomics AtomicValue.swift
[22/428] Compiling Atomics IntegerOperations.swift
[23/428] Compiling Atomics Unmanaged extensions.swift
[24/428] Compiling Atomics AtomicInteger.swift
[25/428] Compiling Atomics AtomicOptionalWrappable.swift
[26/428] Compiling Atomics AtomicReference.swift
[27/428] Compiling Atomics OptionalRawRepresentable.swift
[28/428] Compiling Atomics RawRepresentable.swift
[29/428] Compiling Atomics AtomicBool.swift
[30/428] Compiling Atomics IntegerConformances.swift
[31/428] Compiling Atomics PointerConformances.swift
[32/428] Compiling Atomics Primitives.native.swift
[33/428] Emitting module Atomics

[2025-07-17T12:05:39.263622] Starting swift build...
[2025-07-17T12:05:44.112908] swift build failed with exit code 1
