[2025-07-17T09:06:57.288094] === New Cycle ===
Building for debugging...
[0/41] Write swift-version-24593BA9C3E375BF.txt
[2/52] Compiling DequeModule _DequeSlot.swift
[3/52] Compiling DequeModule Deque+Codable.swift
[4/52] Compiling DequeModule Deque+Extras.swift
[5/52] Emitting module LLMGatewayServer
[6/52] Compiling LLMGatewayServer main.swift
/srv/deploy/repos/fountainai/Generated/Server/llm-gateway/main.swift:23:36: error: cannot convert value of type '__socket_type' to expected argument type 'Int32'
21 | 
22 |     func start() throws {
23 |         serverFD = socket(AF_INET, SOCK_STREAM, 0)
   |                                    `- error: cannot convert value of type '__socket_type' to expected argument type 'Int32'
24 |         guard serverFD >= 0 else { throw RuntimeError.socket }
25 |         var opt: Int32 = 1
[7/52] Emitting module PersistServer
[8/52] Compiling PersistServer main.swift
/srv/deploy/repos/fountainai/Generated/Server/persist/main.swift:23:36: error: cannot convert value of type '__socket_type' to expected argument type 'Int32'
21 | 
22 |     func start() throws {
23 |         serverFD = socket(AF_INET, SOCK_STREAM, 0)
   |                                    `- error: cannot convert value of type '__socket_type' to expected argument type 'Int32'
24 |         guard serverFD >= 0 else { throw RuntimeError.socket }
25 |         var opt: Int32 = 1
[9/52] Compiling DequeModule Deque+Hashable.swift
[10/52] Emitting module PlannerServer
[11/52] Compiling PlannerServer main.swift
/srv/deploy/repos/fountainai/Generated/Server/planner/main.swift:23:36: error: cannot convert value of type '__socket_type' to expected argument type 'Int32'
21 | 
22 |     func start() throws {
23 |         serverFD = socket(AF_INET, SOCK_STREAM, 0)
   |                                    `- error: cannot convert value of type '__socket_type' to expected argument type 'Int32'
24 |         guard serverFD >= 0 else { throw RuntimeError.socket }
25 |         var opt: Int32 = 1
[12/52] Emitting module Parser
[12/52] Compiling bcm.cc
[12/52] Compiling c-nioatomics.c
[12/52] Compiling c-atomics.c

[2025-07-17T09:06:57.289292] Starting swift build...
[2025-07-17T09:06:59.845531] swift build failed with exit code 1
