[2025-07-17T08:25:27.513342] === New Cycle ===
Building for debugging...
[0/284] Compiling x_sig.cc
[1/284] Compiling x_exten.cc
[1/284] Compiling x_req.cc
[3/284] Compiling x_val.cc
[4/284] Compiling x_spki.cc
[5/284] Compiling x_pubkey.cc
[6/284] Compiling x_name.cc
[7/284] Compiling x_crl.cc
[8/284] Write swift-version-24593BA9C3E375BF.txt
[9/279] Compiling x_algor.cc
[10/279] Compiling x509spki.cc
[11/279] Compiling x_attrib.cc
[12/279] Compiling x_all.cc
[13/283] Compiling x509rset.cc
[14/287] Compiling x509name.cc
[15/289] Compiling x509_vpm.cc
[16/289] Compiling x509cset.cc
[18/342] Compiling PlannerServer main.swift
/srv/deploy/repos/fountainai/Generated/Server/planner/main.swift:23:36: error: cannot convert value of type '__socket_type' to expected argument type 'Int32'
21 | 
22 |     func start() throws {
23 |         serverFD = socket(AF_INET, SOCK_STREAM, 0)
   |                                    `- error: cannot convert value of type '__socket_type' to expected argument type 'Int32'
24 |         guard serverFD >= 0 else { throw RuntimeError.socket }
25 |         var opt: Int32 = 1
[19/342] Emitting module PersistServer
[20/342] Compiling PersistServer main.swift
/srv/deploy/repos/fountainai/Generated/Server/persist/main.swift:23:36: error: cannot convert value of type '__socket_type' to expected argument type 'Int32'
21 | 
22 |     func start() throws {
23 |         serverFD = socket(AF_INET, SOCK_STREAM, 0)
   |                                    `- error: cannot convert value of type '__socket_type' to expected argument type 'Int32'
24 |         guard serverFD >= 0 else { throw RuntimeError.socket }
25 |         var opt: Int32 = 1
[21/342] Emitting module PlannerServer
[21/342] Compiling x509_vfy.cc
[22/342] Compiling Algorithms RandomSample.swift
[23/342] Compiling Algorithms Reductions.swift
[24/342] Compiling DequeModule Deque+Hashable.swift
[25/342] Compiling Algorithms Permutations.swift
[26/342] Compiling Algorithms Product.swift

[2025-07-17T08:25:27.514298] Starting swift build...
[2025-07-17T08:25:30.528911] swift build failed with exit code 1
