[2025-07-17T11:17:56.461224] === New Cycle ===
Building for debugging...
[0/436] Compiling ssl_versions.cc
[1/436] Compiling ssl_transcript.cc
[1/436] Compiling ssl_stat.cc
[3/436] Compiling ssl_file.cc
[4/436] Compiling ssl_key_share.cc
[5/436] Compiling ssl_privkey.cc
[6/436] Compiling ssl_session.cc
[7/436] Write swift-version-24593BA9C3E375BF.txt
[8/432] Compiling ssl_lib.cc
[9/433] Compiling ssl_cert.cc
[10/433] Compiling ssl_asn1.cc
[12/433] Emitting module Yams
[12/434] Compiling ssl_buffer.cc
[12/434] Compiling ssl_credential.cc
[14/434] Compiling ssl_cipher.cc
[15/434] Compiling ssl_aead_ctx.cc
[17/450] Compiling s3_pkt.cc
[19/450] Compiling DequeModule Deque.swift
[20/455] Emitting module LLMGatewayServer
[21/455] Compiling DequeModule _DequeSlot.swift
[22/455] Emitting module PersistServer
[23/456] Compiling PersistServer main.swift
/srv/deploy/repos/fountainai/Generated/Server/persist/main.swift:29:36: error: cannot convert value of type '__socket_type' to expected argument type 'Int32'
 27 |         #endif
 28 | 
 29 |         serverFD = socket(AF_INET, socketType, 0)
    |                                    `- error: cannot convert value of type '__socket_type' to expected argument type 'Int32'
 30 |         guard serverFD >= 0 else { throw RuntimeError.socket }
 31 |         var opt: Int32 = 1
[24/456] Compiling DequeModule Deque+Testing.swift
[25/456] Compiling DequeModule Deque+CustomReflectable.swift
[26/456] Compiling DequeModule Deque+Descriptions.swift
[27/456] Compiling DequeModule Deque._Storage.swift
[27/456] Compiling handshake_server.cc
[27/456] Compiling s3_lib.cc
[27/456] Compiling s3_both.cc
[28/456] Emitting module PlannerServer

[2025-07-17T11:17:56.461829] Starting swift build...
[2025-07-17T11:18:01.943304] swift build failed with exit code 1
[2025-07-17T11:18:02.047323] [dispatcher] Updated git remote to use token-based authentication.
[2025-07-17T11:18:04.253296] [dispatcher] Running Docker build...
[2025-07-17T11:18:04.254325] [dispatcher] Running tests...
Compose now can delegate build to bake for better performances
Just set COMPOSE_BAKE=true
#0 building with "default" instance using docker driver

#1 [planner internal] load build definition from Dockerfile
#1 transferring dockerfile: 266B 0.0s done
#1 DONE 0.0s

#2 [function-caller internal] load build definition from Dockerfile
#2 transferring dockerfile: 290B done
#2 DONE 0.0s

#3 [baseline-awareness internal] load build definition from Dockerfile
#3 transferring dockerfile: 299B 0.0s done
#3 DONE 0.0s

#4 [llm-gateway internal] load build definition from Dockerfile
#4 transferring dockerfile: 278B done
#4 DONE 0.0s

#5 [bootstrap internal] load build definition from Dockerfile
#5 transferring dockerfile: 272B done
#5 DONE 0.0s

#6 [tools-factory internal] load build definition from Dockerfile
#6 transferring dockerfile: 284B done
#6 DONE 0.1s

#7 [persist internal] load build definition from Dockerfile
#7 transferring dockerfile: 266B done
#7 DONE 0.1s

#8 [persist internal] load metadata for docker.io/library/ubuntu:22.04
#8 DONE 0.5s

#9 [llm-gateway internal] load metadata for docker.io/library/swift:6.1-jammy
#9 DONE 0.5s

#10 [llm-gateway internal] load .dockerignore
#10 transferring context: 2B done
#10 DONE 0.0s

#11 [function-caller internal] load .dockerignore
#11 transferring context: 2B done
#11 DONE 0.0s

#12 [baseline-awareness internal] load .dockerignore
#12 transferring context: 2B done
#12 DONE 0.0s

#13 [tools-factory internal] load .dockerignore
#13 transferring context: 2B done
#13 DONE 0.0s

#14 [tools-factory build 1/4] FROM docker.io/library/swift:6.1-jammy@sha256:512716edb447938962d96627ff0b9f00d5701bfa61d97a5b5654f07a1482c342
#14 DONE 0.0s

#15 [tools-factory stage-1 1/2] FROM docker.io/library/ubuntu:22.04@sha256:59ccd419c0dc0edf9e3bff1a3b2b073ea15a2ce4bc45ce7c989278b225b09af3
#15 DONE 0.0s

#16 [planner internal] load .dockerignore
#16 transferring context: 2B done
#16 DONE 0.0s

#17 [persist internal] load .dockerignore
#17 transferring context: 2B done
#17 DONE 0.0s

#18 [bootstrap internal] load .dockerignore
#18 transferring context: 2B done
#18 DONE 0.0s

#19 [persist internal] load build context
#19 transferring context: 7.74MB 5.0s
#19 ...

#20 [bootstrap internal] load build context
#20 ...

#19 [persist internal] load build context
#19 ...

#21 [function-caller internal] load build context
#21 transferring context: 13.95MB 9.8s
#21 ...

#22 [llm-gateway internal] load build context
#22 ...

#23 [planner internal] load build context
#23 ...

#24 [tools-factory internal] load build context
#24 ...

#25 [baseline-awareness internal] load build context
#25 transferring context: 13.99MB 10.7s done
#25 DONE 10.9s

#24 [tools-factory internal] load build context
#24 transferring context: 13.99MB 10.6s done
#24 ...

#21 [function-caller internal] load build context
#21 transferring context: 13.99MB 10.4s done
#21 DONE 11.0s

#20 [bootstrap internal] load build context
#20 transferring context: 13.99MB 10.7s done
#20 DONE 11.0s

#22 [llm-gateway internal] load build context
#22 transferring context: 13.99MB 10.7s done
#22 DONE 11.0s

#19 [persist internal] load build context
#19 transferring context: 13.99MB 10.7s done
#19 DONE 11.0s

#23 [planner internal] load build context
#23 transferring context: 13.99MB 10.7s done
#23 DONE 11.0s

#24 [tools-factory internal] load build context
#24 DONE 11.0s

#26 [baseline-awareness build 2/4] WORKDIR /src
#26 CACHED

#27 [llm-gateway build 3/4] COPY . .
#27 DONE 13.6s

#28 [function-caller build 3/4] COPY . .
#28 CACHED

#29 [llm-gateway build 3/4] COPY . .
#29 CACHED

#30 [planner build 3/4] COPY . .
#30 CACHED

#31 [bootstrap build 3/4] COPY . .
#31 CACHED

#32 [tools-factory build 3/4] COPY . .
#32 CACHED

#33 [persist build 3/4] COPY . .
#33 CACHED

#34 [bootstrap build 4/4] RUN swift build -c release --product bootstrap-server
#34 ...

#35 [function-caller build 4/4] RUN swift build -c release --product function-caller-server
#35 ...

#36 [persist build 4/4] RUN swift build -c release --product persist-server
#36 ...

#37 [llm-gateway build 4/4] RUN swift build -c release --product llm-gateway-server
#37 ...

#38 [baseline-awareness build 4/4] RUN swift build -c release --product baseline-awareness-server
#38 ...

#39 [tools-factory build 4/4] RUN swift build -c release --product tools-factory-server
#39 ...

#40 [planner build 4/4] RUN swift build -c release --product planner-server
#40 ...

#39 [tools-factory build 4/4] RUN swift build -c release --product tools-factory-server
#39 19.29 Building for production...
#39 19.39 [0/14] Write sources
#39 19.94 [5/14] Compiling writer.c
#39 19.96 [6/14] Compiling reader.c
#39 20.15 [7/14] Compiling api.c
#39 20.30 [8/14] Compiling parser.c
#39 20.78 [9/14] Compiling emitter.c
#39 21.03 [10/14] Write swift-version-24593BA9C3E375BF.txt
#39 21.03 [11/14] Compiling scanner.c
#39 ...

#35 [function-caller build 4/4] RUN swift build -c release --product function-caller-server
#35 19.43 Building for production...
#35 19.52 [0/14] Write sources
#35 19.95 [5/14] Compiling reader.c
#35 19.96 [6/14] Compiling writer.c
#35 20.09 [7/14] Write swift-version-24593BA9C3E375BF.txt
#35 20.14 [8/14] Compiling api.c
#35 20.22 [9/14] Compiling parser.c
#35 20.77 [10/15] Compiling emitter.c
#35 21.07 [11/15] Compiling scanner.c
#35 ...

#39 [tools-factory build 4/4] RUN swift build -c release --product tools-factory-server
#39 28.66 [13/16] Compiling ServiceShared Models.swift
#39 ...

#40 [planner build 4/4] RUN swift build -c release --product planner-server
#40 19.31 Building for production...
#40 19.39 [0/6] Write sources
#40 19.80 [3/6] Write swift-version-24593BA9C3E375BF.txt
#40 27.49 [5/7] Compiling ServiceShared Models.swift
#40 ...

#34 [bootstrap build 4/4] RUN swift build -c release --product bootstrap-server
#34 19.35 Building for production...
#34 19.42 [0/7] Write sources
#34 19.79 [4/7] Write swift-version-24593BA9C3E375BF.txt
#34 27.19 [6/8] Compiling ServiceShared Models.swift
#34 ...

#37 [llm-gateway build 4/4] RUN swift build -c release --product llm-gateway-server
#37 19.59 Building for production...
#37 19.67 [0/6] Write sources
#37 19.97 [3/6] Write swift-version-24593BA9C3E375BF.txt
#37 27.18 [5/7] Compiling ServiceShared Models.swift
#37 29.44 [6/8] Compiling LLMGatewayService HTTPKernel.swift
#37 ...

#38 [baseline-awareness build 4/4] RUN swift build -c release --product baseline-awareness-server
#38 19.31 Building for production...
#38 19.39 [0/6] Write sources
#38 19.78 [3/6] Write swift-version-24593BA9C3E375BF.txt
#38 27.19 [5/7] Compiling ServiceShared Models.swift
#38 ...

#36 [persist build 4/4] RUN swift build -c release --product persist-server
#36 19.88 Building for production...
#36 19.95 [0/6] Write sources
#36 20.21 [3/6] Write swift-version-24593BA9C3E375BF.txt
#36 27.77 [5/7] Compiling ServiceShared Models.swift
#36 29.66 [6/8] Compiling PersistService HTTPKernel.swift
#36 ...

#40 [planner build 4/4] RUN swift build -c release --product planner-server
#40 30.09 [6/8] Compiling PlannerService HTTPKernel.swift
#40 31.47 [7/9] Compiling PlannerServer main.swift
#40 31.47 /src/Generated/Server/planner/main.swift:29:36: error: cannot convert value of type '__socket_type' to expected argument type 'Int32'
#40 31.47  27 |         #endif
#40 31.47  28 | 
#40 31.47  29 |         serverFD = socket(AF_INET, socketType, 0)
#40 31.47     |                                    `- error: cannot convert value of type '__socket_type' to expected argument type 'Int32'
#40 31.47  30 |         guard serverFD >= 0 else { throw RuntimeError.socket }
#40 31.47  31 |         var opt: Int32 = 1
#40 ...

#36 [persist build 4/4] RUN swift build -c release --product persist-server
#36 31.48 [7/9] Compiling PersistServer main.swift
#36 31.48 /src/Generated/Server/persist/main.swift:29:36: error: cannot convert value of type '__socket_type' to expected argument type 'Int32'
#36 31.48  27 |         #endif
#36 31.48  28 | 
#36 31.48  29 |         serverFD = socket(AF_INET, socketType, 0)
#36 31.48     |                                    `- error: cannot convert value of type '__socket_type' to expected argument type 'Int32'
#36 31.48  30 |         guard serverFD >= 0 else { throw RuntimeError.socket }
#36 31.48  31 |         var opt: Int32 = 1
#36 ERROR: process "/bin/sh -c swift build -c release --product persist-server" did not complete successfully: exit code: 1

#37 [llm-gateway build 4/4] RUN swift build -c release --product llm-gateway-server
#37 31.47 [7/9] Compiling LLMGatewayServer main.swift
#37 31.47 /src/Generated/Server/llm-gateway/main.swift:29:36: error: cannot convert value of type '__socket_type' to expected argument type 'Int32'
#37 31.47  27 |         #endif
#37 31.47  28 | 
#37 31.47  29 |         serverFD = socket(AF_INET, socketType, 0)
#37 31.47     |                                    `- error: cannot convert value of type '__socket_type' to expected argument type 'Int32'
#37 31.47  30 |         guard serverFD >= 0 else { throw RuntimeError.socket }
#37 31.47  31 |         var opt: Int32 = 1
#37 ERROR: process "/bin/sh -c swift build -c release --product llm-gateway-server" did not complete successfully: exit code: 1

#40 [planner build 4/4] RUN swift build -c release --product planner-server
#40 ERROR: process "/bin/sh -c swift build -c release --product planner-server" did not complete successfully: exit code: 1

#38 [baseline-awareness build 4/4] RUN swift build -c release --product baseline-awareness-server
#38 30.91 [6/8] Compiling BaselineAwarenessService BaselineStore.swift
#38 32.33 [7/9] Compiling BaselineAwarenessServer HTTPServer.swift
#38 32.33 /src/Generated/Server/baseline-awareness/main.swift:23:36: error: cannot convert value of type '__socket_type' to expected argument type 'Int32'
#38 32.33  21 | 
#38 32.33  22 |     func start() throws {
#38 32.33  23 |         serverFD = socket(AF_INET, SOCK_STREAM, 0)
#38 32.33     |                                    `- error: cannot convert value of type '__socket_type' to expected argument type 'Int32'
#38 32.33  24 |         guard serverFD >= 0 else { throw RuntimeError.socket }
#38 32.33  25 |         var opt: Int32 = 1
#38 ERROR: process "/bin/sh -c swift build -c release --product baseline-awareness-server" did not complete successfully: exit code: 1

#34 [bootstrap build 4/4] RUN swift build -c release --product bootstrap-server
#34 30.92 [7/9] Compiling BaselineAwarenessService BaselineStore.swift
#34 CANCELED

#35 [function-caller build 4/4] RUN swift build -c release --product function-caller-server
#35 29.52 [13/16] Compiling ServiceShared Models.swift
#35 CANCELED

#39 [tools-factory build 4/4] RUN swift build -c release --product tools-factory-server
#39 CANCELED
------
 > [baseline-awareness build 4/4] RUN swift build -c release --product baseline-awareness-server:
27.19 [5/7] Compiling ServiceShared Models.swift
30.91 [6/8] Compiling BaselineAwarenessService BaselineStore.swift
32.33 [7/9] Compiling BaselineAwarenessServer HTTPServer.swift
32.33 /src/Generated/Server/baseline-awareness/main.swift:23:36: error: cannot convert value of type '__socket_type' to expected argument type 'Int32'
32.33  21 | 
32.33  22 |     func start() throws {
32.33  23 |         serverFD = socket(AF_INET, SOCK_STREAM, 0)
32.33     |                                    `- error: cannot convert value of type '__socket_type' to expected argument type 'Int32'
32.33  24 |         guard serverFD >= 0 else { throw RuntimeError.socket }
32.33  25 |         var opt: Int32 = 1
------
------
 > [persist build 4/4] RUN swift build -c release --product persist-server:
27.77 [5/7] Compiling ServiceShared Models.swift
29.66 [6/8] Compiling PersistService HTTPKernel.swift
31.48 [7/9] Compiling PersistServer main.swift
31.48 /src/Generated/Server/persist/main.swift:29:36: error: cannot convert value of type '__socket_type' to expected argument type 'Int32'
31.48  27 |         #endif
31.48  28 | 
31.48  29 |         serverFD = socket(AF_INET, socketType, 0)
31.48     |                                    `- error: cannot convert value of type '__socket_type' to expected argument type 'Int32'
31.48  30 |         guard serverFD >= 0 else { throw RuntimeError.socket }
31.48  31 |         var opt: Int32 = 1
------
------
 > [planner build 4/4] RUN swift build -c release --product planner-server:
27.49 [5/7] Compiling ServiceShared Models.swift
30.09 [6/8] Compiling PlannerService HTTPKernel.swift
31.47 [7/9] Compiling PlannerServer main.swift
31.47 /src/Generated/Server/planner/main.swift:29:36: error: cannot convert value of type '__socket_type' to expected argument type 'Int32'
31.47  27 |         #endif
31.47  28 | 
31.47  29 |         serverFD = socket(AF_INET, socketType, 0)
31.47     |                                    `- error: cannot convert value of type '__socket_type' to expected argument type 'Int32'
31.47  30 |         guard serverFD >= 0 else { throw RuntimeError.socket }
31.47  31 |         var opt: Int32 = 1
------
------
 > [llm-gateway build 4/4] RUN swift build -c release --product llm-gateway-server:
27.18 [5/7] Compiling ServiceShared Models.swift
29.44 [6/8] Compiling LLMGatewayService HTTPKernel.swift
31.47 [7/9] Compiling LLMGatewayServer main.swift
31.47 /src/Generated/Server/llm-gateway/main.swift:29:36: error: cannot convert value of type '__socket_type' to expected argument type 'Int32'
31.47  27 |         #endif
31.47  28 | 
31.47  29 |         serverFD = socket(AF_INET, socketType, 0)
31.47     |                                    `- error: cannot convert value of type '__socket_type' to expected argument type 'Int32'
31.47  30 |         guard serverFD >= 0 else { throw RuntimeError.socket }
31.47  31 |         var opt: Int32 = 1
------
failed to solve: process "/bin/sh -c swift build -c release --product llm-gateway-server" did not complete successfully: exit code: 1
 Network kong-codex_default  Creating
 Network kong-codex_default  Created
 Container kong-codex-typesense-1  Creating
 Container kong-codex-kong-1  Creating
 Container kong-codex-kong-1  Created
 Container kong-codex-typesense-1  Created
Attaching to kong-1, typesense-1
Error response from daemon: mounts denied: 
The path /srv/deploy/repos/kong-codex/kong.conf is not shared from the host and is not known to Docker.
You can configure shared paths from Docker -> Preferences... -> Resources -> File Sharing.
See https://docs.docker.com/desktop/settings/mac/#file-sharing for more info.
 Container kong-codex-typesense-1  Stopping
 Container kong-codex-kong-1  Stopping
 Container kong-codex-kong-1  Stopped
 Container kong-codex-kong-1  Removing
 Container kong-codex-kong-1  Removed
 Container kong-codex-typesense-1  Stopped
 Container kong-codex-typesense-1  Removing
 Container kong-codex-typesense-1  Removed
 Network kong-codex_default  Removing
 Network kong-codex_default  Removed

[2025-07-17T11:18:04.254571] Running integration tests for fountainai...
[2025-07-17T11:19:03.822605] Integration tests for fountainai failed with exit code 1

[2025-07-17T11:19:03.822800] Running integration tests for kong-codex...
[2025-07-17T11:19:14.968453] Integration tests for kong-codex failed with exit code 1
