[2025-07-20T17:55:33.673767] === New Cycle ===
Building for debugging...
[0/223] Compiling thread_win.cc
[1/223] Compiling thread_pthread.cc
[2/223] Write swift-version-24593BA9C3E375BF.txt
[3/217] Compiling trust_token.cc
[4/217] Compiling voprf.cc
[5/217] Compiling pmbtoken.cc
[6/217] Compiling a_digest.cc
[7/217] Compiling thread_none.cc
[8/219] Compiling thread.cc
[9/219] Compiling a_verify.cc
[10/253] Compiling a_sign.cc
[11/253] Compiling stack.cc
[13/253] Emitting module PlannerServer
[14/253] Compiling PlannerServer main.swift
/srv/deploy/repos/fountainai/Generated/Server/planner/main.swift:23:33: error: cannot convert value of type '__socket_type' to specified type 'Int32'
 21 | 
 22 |     func start() throws {
 23 |         let socketType: Int32 = SOCK_STREAM
    |                                 `- error: cannot convert value of type '__socket_type' to specified type 'Int32'
 24 | 
 25 |         serverFD = socket(AF_INET, socketType, 0)
[15/253] Compiling DequeModule Deque+ExpressibleByArrayLiteral.swift
[15/253] Compiling slhdsa.cc
[15/253] Compiling spake2plus.cc
[16/253] Compiling DequeModule Deque+Hashable.swift

[2025-07-20T17:55:33.674677] Starting swift build...
[2025-07-20T17:55:35.657184] swift build failed with exit code 1
[2025-07-20T17:55:35.755594] [dispatcher] Updated git remote to use token-based authentication.
[2025-07-20T17:55:37.373170] [dispatcher] Running Docker build...
[2025-07-20T17:55:37.374139] [dispatcher] Running tests...
Compose now can delegate build to bake for better performances
Just set COMPOSE_BAKE=true
#0 building with "default" instance using docker driver

#1 [llm-gateway internal] load build definition from Dockerfile
#1 transferring dockerfile: 278B 0.0s done
#1 DONE 0.0s

#2 [tools-factory internal] load build definition from Dockerfile
#2 transferring dockerfile: 284B done
#2 DONE 0.0s

#3 [planner internal] load build definition from Dockerfile
#3 transferring dockerfile: 266B done
#3 DONE 0.0s

#4 [baseline-awareness internal] load build definition from Dockerfile
#4 transferring dockerfile: 299B done
#4 DONE 0.0s

#5 [function-caller internal] load build definition from Dockerfile
#5 transferring dockerfile: 290B 0.0s done
#5 DONE 0.0s

#6 [persist internal] load build definition from Dockerfile
#6 transferring dockerfile: 266B 0.0s done
#6 DONE 0.0s

#7 [bootstrap internal] load build definition from Dockerfile
#7 transferring dockerfile: 272B 0.0s done
#7 DONE 0.1s

#8 [baseline-awareness internal] load metadata for docker.io/library/swift:6.1-jammy
#8 DONE 0.5s

#9 [function-caller internal] load metadata for docker.io/library/ubuntu:22.04
#9 DONE 0.5s

#10 [baseline-awareness internal] load .dockerignore
#10 transferring context: 2B done
#10 DONE 0.0s

#11 [tools-factory internal] load .dockerignore
#11 transferring context: 2B done
#11 DONE 0.0s

#12 [planner internal] load .dockerignore
#12 transferring context: 2B done
#12 DONE 0.0s

#13 [persist internal] load .dockerignore
#13 transferring context: 2B done
#13 DONE 0.0s

#14 [baseline-awareness internal] load build context
#14 DONE 0.0s

#15 [persist internal] load build context
#15 DONE 0.0s

#16 [tools-factory internal] load build context
#16 DONE 0.0s

#17 [bootstrap internal] load .dockerignore
#17 transferring context: 2B done
#17 DONE 0.0s

#18 [planner internal] load build context
#18 DONE 0.0s

#19 [llm-gateway internal] load .dockerignore
#19 transferring context: 2B done
#19 DONE 0.1s

#20 [function-caller internal] load .dockerignore
#20 transferring context: 2B done
#20 DONE 0.1s

#21 [bootstrap stage-1 1/2] FROM docker.io/library/ubuntu:22.04@sha256:1ec65b2719518e27d4d25f104d93f9fac60dc437f81452302406825c46fcc9cb
#21 resolve docker.io/library/ubuntu:22.04@sha256:1ec65b2719518e27d4d25f104d93f9fac60dc437f81452302406825c46fcc9cb 0.0s done
#21 DONE 0.1s

#22 [bootstrap build 1/4] FROM docker.io/library/swift:6.1-jammy@sha256:512716edb447938962d96627ff0b9f00d5701bfa61d97a5b5654f07a1482c342
#22 resolve docker.io/library/swift:6.1-jammy@sha256:512716edb447938962d96627ff0b9f00d5701bfa61d97a5b5654f07a1482c342 0.1s done
#22 DONE 0.1s

#22 [function-caller build 1/4] FROM docker.io/library/swift:6.1-jammy@sha256:512716edb447938962d96627ff0b9f00d5701bfa61d97a5b5654f07a1482c342
#22 resolve docker.io/library/swift:6.1-jammy@sha256:512716edb447938962d96627ff0b9f00d5701bfa61d97a5b5654f07a1482c342 0.1s done
#22 DONE 0.1s

#21 [planner stage-1 1/2] FROM docker.io/library/ubuntu:22.04@sha256:1ec65b2719518e27d4d25f104d93f9fac60dc437f81452302406825c46fcc9cb
#21 resolve docker.io/library/ubuntu:22.04@sha256:1ec65b2719518e27d4d25f104d93f9fac60dc437f81452302406825c46fcc9cb 0.0s done
#21 CACHED

#23 [function-caller internal] load build context
#23 ...

#18 [planner internal] load build context
#18 transferring context: 4.00MB 4.9s done
#18 DONE 5.0s

#24 [llm-gateway internal] load build context
#24 transferring context: 4.00MB 4.9s done
#24 DONE 4.9s

#14 [baseline-awareness internal] load build context
#14 transferring context: 4.00MB 4.9s done
#14 DONE 5.0s

#16 [tools-factory internal] load build context
#16 transferring context: 4.00MB 4.9s done
#16 DONE 5.0s

#15 [persist internal] load build context
#15 transferring context: 4.00MB 4.9s done
#15 DONE 5.0s

#25 [bootstrap internal] load build context
#25 transferring context: 4.00MB 4.7s done
#25 DONE 5.0s

#23 [function-caller internal] load build context
#23 transferring context: 4.00MB 4.9s done
#23 DONE 5.0s

#26 [llm-gateway build 2/4] WORKDIR /src
#26 CACHED

#27 [function-caller build 3/4] COPY . .
#27 DONE 4.4s

#28 [llm-gateway build 3/4] COPY . .
#28 CACHED

#29 [tools-factory build 3/4] COPY . .
#29 CACHED

#30 [baseline-awareness build 3/4] COPY . .
#30 CACHED

#31 [bootstrap build 3/4] COPY . .
#31 CACHED

#32 [persist build 3/4] COPY . .
#32 CACHED

#33 [function-caller build 3/4] COPY . .
#33 CACHED

#34 [baseline-awareness build 4/4] RUN swift build -c release --product baseline-awareness-server
#34 ...

#35 [tools-factory build 4/4] RUN swift build -c release --product tools-factory-server
#35 ...

#36 [llm-gateway build 4/4] RUN swift build -c release --product llm-gateway-server
#36 ...

#37 [function-caller build 4/4] RUN swift build -c release --product function-caller-server
#37 ...

#38 [persist build 4/4] RUN swift build -c release --product persist-server
#38 ...

#39 [planner build 4/4] RUN swift build -c release --product planner-server
#39 ...

#40 [bootstrap build 4/4] RUN swift build -c release --product bootstrap-server
#40 ...

#37 [function-caller build 4/4] RUN swift build -c release --product function-caller-server
#37 14.22 Building for production...
#37 14.26 [0/14] Write sources
#37 14.44 [5/14] Compiling writer.c
#37 14.45 [6/14] Compiling reader.c
#37 14.82 [7/14] Compiling api.c
#37 14.89 [8/14] Compiling parser.c
#37 15.12 [9/14] Compiling emitter.c
#37 15.50 [10/14] Compiling scanner.c
#37 15.50 [11/14] Write swift-version-24593BA9C3E375BF.txt
#37 ...

#35 [tools-factory build 4/4] RUN swift build -c release --product tools-factory-server
#35 14.59 Building for production...
#35 14.62 [0/14] Write sources
#35 14.85 [5/14] Compiling reader.c
#35 14.88 [6/14] Compiling writer.c
#35 14.96 [7/14] Compiling api.c
#35 15.00 [8/14] Write swift-version-24593BA9C3E375BF.txt
#35 15.08 [9/14] Compiling parser.c
#35 15.49 [10/15] Compiling emitter.c
#35 16.13 [11/15] Compiling scanner.c
#35 ...

#37 [function-caller build 4/4] RUN swift build -c release --product function-caller-server
#37 21.96 [13/16] Compiling ServiceShared Models.swift
#37 ...

#36 [llm-gateway build 4/4] RUN swift build -c release --product llm-gateway-server
#36 14.57 Building for production...
#36 14.61 [0/6] Write sources
#36 14.90 [3/6] Write swift-version-24593BA9C3E375BF.txt
#36 20.83 [5/7] Compiling ServiceShared Models.swift
#36 22.06 [6/8] Compiling LLMGatewayService HTTPKernel.swift
#36 22.46 [7/9] Compiling LLMGatewayServer main.swift
#36 22.46 /src/Generated/Server/llm-gateway/main.swift:23:33: error: cannot convert value of type '__socket_type' to specified type 'Int32'
#36 22.46  21 | 
#36 22.46  22 |     func start() throws {
#36 22.46  23 |         let socketType: Int32 = SOCK_STREAM
#36 22.46     |                                 `- error: cannot convert value of type '__socket_type' to specified type 'Int32'
#36 22.46  24 | 
#36 22.46  25 |         serverFD = socket(AF_INET, socketType, 0)
#36 ERROR: process "/bin/sh -c swift build -c release --product llm-gateway-server" did not complete successfully: exit code: 1

#35 [tools-factory build 4/4] RUN swift build -c release --product tools-factory-server
#35 22.01 [13/16] Compiling ServiceShared Models.swift
#35 ...

#38 [persist build 4/4] RUN swift build -c release --product persist-server
#38 15.93 Building for production...
#38 16.26 [0/6] Write sources
#38 16.43 [3/6] Write swift-version-24593BA9C3E375BF.txt
#38 22.19 [5/7] Compiling ServiceShared Models.swift
#38 CANCELED

#34 [baseline-awareness build 4/4] RUN swift build -c release --product baseline-awareness-server
#34 14.36 Building for production...
#34 14.39 [0/6] Write sources
#34 14.82 [3/6] Write swift-version-24593BA9C3E375BF.txt
#34 20.48 [5/7] Compiling ServiceShared Models.swift
#34 23.00 [6/8] Compiling BaselineAwarenessService BaselineStore.swift
#34 CANCELED

#39 [planner build 4/4] RUN swift build -c release --product planner-server
#39 14.24 Building for production...
#39 14.28 [0/6] Write sources
#39 14.53 [3/6] Write swift-version-24593BA9C3E375BF.txt
#39 20.34 [5/7] Compiling ServiceShared Models.swift
#39 22.86 [6/8] Compiling PlannerService HTTPKernel.swift
#39 CANCELED

#40 [bootstrap build 4/4] RUN swift build -c release --product bootstrap-server
#40 14.78 Building for production...
#40 14.82 [0/7] Write sources
#40 14.99 [4/7] Write swift-version-24593BA9C3E375BF.txt
#40 20.73 [6/8] Compiling ServiceShared Models.swift
#40 23.19 [7/9] Compiling BaselineAwarenessService BaselineStore.swift
#40 CANCELED

#35 [tools-factory build 4/4] RUN swift build -c release --product tools-factory-server
#35 CANCELED

#37 [function-caller build 4/4] RUN swift build -c release --product function-caller-server
#37 CANCELED
------
 > [llm-gateway build 4/4] RUN swift build -c release --product llm-gateway-server:
20.83 [5/7] Compiling ServiceShared Models.swift
22.06 [6/8] Compiling LLMGatewayService HTTPKernel.swift
22.46 [7/9] Compiling LLMGatewayServer main.swift
22.46 /src/Generated/Server/llm-gateway/main.swift:23:33: error: cannot convert value of type '__socket_type' to specified type 'Int32'
22.46  21 | 
22.46  22 |     func start() throws {
22.46  23 |         let socketType: Int32 = SOCK_STREAM
22.46     |                                 `- error: cannot convert value of type '__socket_type' to specified type 'Int32'
22.46  24 | 
22.46  25 |         serverFD = socket(AF_INET, socketType, 0)
------
failed to solve: process "/bin/sh -c swift build -c release --product llm-gateway-server" did not complete successfully: exit code: 1
 Network kong-codex_default  Creating
 Network kong-codex_default  Created
 Container kong-codex-typesense-1  Creating
 Container kong-codex-kong-1  Creating
 Container kong-codex-kong-1  Created
 Container kong-codex-typesense-1  Created
Attaching to kong-1, typesense-1
Gracefully stopping... (press Ctrl+C again to force)
Error response from daemon: mounts denied: 
The path /srv/deploy/repos/kong-codex/kong.conf is not shared from the host and is not known to Docker.
You can configure shared paths from Docker -> Preferences... -> Resources -> File Sharing.
See https://docs.docker.com/go/mac-file-sharing/ for more info.
 Container kong-codex-typesense-1  Stopping
 Container kong-codex-kong-1  Stopping
 Container kong-codex-kong-1  Stopped
 Container kong-codex-kong-1  Removing
 Container kong-codex-kong-1  Removed
 Container kong-codex-typesense-1  Stopped
 Container kong-codex-typesense-1  Removing
 Container kong-codex-typesense-1  Removed
 Network kong-codex_default  Removing
 Network kong-codex_default  Removed

[2025-07-20T17:55:37.374383] Running integration tests for fountainai...
[2025-07-20T17:56:11.292553] Integration tests for fountainai failed with exit code 1

[2025-07-20T17:56:11.292751] Running integration tests for kong-codex...
[2025-07-20T17:56:22.535578] Integration tests for kong-codex failed with exit code 1
