[2025-07-17T06:00:02.135282] === New Cycle ===
[0/1] Planning build
Building for debugging...
[0/271] Compiling x509_txt.cc
[1/271] Compiling x509cset.cc
[2/271] Compiling x509name.cc
[3/271] Compiling x509_v3.cc
[4/271] Compiling x509_set.cc
[5/271] Compiling x509_vpm.cc
[5/271] Compiling x509_trs.cc
[7/271] Write swift-version-24593BA9C3E375BF.txt
[8/266] Compiling x509_vfy.cc
[10/268] Emitting module PlannerServer
[11/268] Compiling PlannerServer main.swift
/srv/deploy/repos/fountainai/Generated/Server/planner/main.swift:23:36: error: initializer 'init(_:)' requires that '__socket_type' conform to 'BinaryFloatingPoint'
21 | 
22 |     func start() throws {
23 |         serverFD = socket(AF_INET, Int32(SOCK_STREAM), 0)
   |                                    `- error: initializer 'init(_:)' requires that '__socket_type' conform to 'BinaryFloatingPoint'
24 |         guard serverFD >= 0 else { throw RuntimeError.socket }
25 |         var opt: Int32 = 1

Swift.FixedWidthInteger.init:2:19: note: where 'T' = '__socket_type'
1 | protocol FixedWidthInteger {
2 | @inlinable public init<T>(_ source: T) where T : BinaryFloatingPoint}
  |                   `- note: where 'T' = '__socket_type'
3 | 
[11/268] Compiling x509_lu.cc
[11/268] Compiling x509_cmp.cc
[11/268] Compiling x509_d2.cc
[11/268] Compiling x509_obj.cc
[11/268] Compiling x509_ext.cc
[11/268] Compiling x509_def.cc
[11/268] Compiling x509_req.cc

[2025-07-17T06:00:02.136325] Starting swift build...
[2025-07-17T06:00:07.127978] swift build failed with exit code 1
[2025-07-17T06:00:07.216943] [dispatcher] Updated git remote to use token-based authentication.
[2025-07-17T06:00:08.672013] [dispatcher] Running Docker build...
[2025-07-17T06:00:08.672978] [dispatcher] Running tests...
Compose now can delegate build to bake for better performances
Just set COMPOSE_BAKE=true
#0 building with "default" instance using docker driver

#1 [tools-factory internal] load build definition from Dockerfile
#1 transferring dockerfile: 284B 0.0s done
#1 DONE 0.0s

#2 [planner internal] load build definition from Dockerfile
#2 transferring dockerfile: 266B done
#2 DONE 0.0s

#3 [llm-gateway internal] load build definition from Dockerfile
#3 transferring dockerfile: 278B 0.0s done
#3 DONE 0.1s

#4 [persist internal] load build definition from Dockerfile
#4 transferring dockerfile: 266B done
#4 DONE 0.1s

#5 [function-caller internal] load build definition from Dockerfile
#5 transferring dockerfile: 290B done
#5 DONE 0.1s

#6 [bootstrap internal] load build definition from Dockerfile
#6 transferring dockerfile: 272B done
#6 DONE 0.1s

#7 [baseline-awareness internal] load build definition from Dockerfile
#7 transferring dockerfile: 299B done
#7 DONE 0.1s

#8 [baseline-awareness internal] load metadata for docker.io/library/ubuntu:22.04
#8 DONE 0.6s

#9 [tools-factory internal] load metadata for docker.io/library/swift:6.1-jammy
#9 DONE 0.6s

#10 [bootstrap internal] load .dockerignore
#10 transferring context: 2B done
#10 DONE 0.0s

#11 [baseline-awareness internal] load .dockerignore
#11 transferring context: 2B done
#11 DONE 0.0s

#12 [tools-factory internal] load .dockerignore
#12 transferring context: 2B done
#12 DONE 0.0s

#13 [planner internal] load .dockerignore
#13 transferring context: 2B done
#13 DONE 0.0s

#14 [llm-gateway internal] load .dockerignore
#14 transferring context: 2B done
#14 DONE 0.0s

#15 [persist internal] load .dockerignore
#15 transferring context: 2B done
#15 DONE 0.0s

#16 [function-caller build 1/4] FROM docker.io/library/swift:6.1-jammy@sha256:512716edb447938962d96627ff0b9f00d5701bfa61d97a5b5654f07a1482c342
#16 DONE 0.0s

#17 [function-caller stage-1 1/2] FROM docker.io/library/ubuntu:22.04@sha256:59ccd419c0dc0edf9e3bff1a3b2b073ea15a2ce4bc45ce7c989278b225b09af3
#17 DONE 0.0s

#18 [function-caller internal] load .dockerignore
#18 transferring context: 2B done
#18 DONE 0.1s

#19 [function-caller internal] load build context
#19 transferring context: 24.42MB 5.0s
#19 ...

#20 [tools-factory internal] load build context
#20 ...

#21 [baseline-awareness internal] load build context
#21 ...

#20 [tools-factory internal] load build context
#20 ...

#22 [bootstrap internal] load build context
#22 ...

#23 [planner internal] load build context
#23 transferring context: 72.71MB 10.1s
#23 ...

#24 [persist internal] load build context
#24 ...

#25 [llm-gateway internal] load build context
#25 ...

#24 [persist internal] load build context
#24 transferring context: 98.88MB 15.2s
#24 ...

#19 [function-caller internal] load build context
#19 ...

#24 [persist internal] load build context
#24 ...

#21 [baseline-awareness internal] load build context
#21 ...

#24 [persist internal] load build context
#24 ...

#20 [tools-factory internal] load build context
#20 transferring context: 137.05MB 20.2s
#20 ...

#22 [bootstrap internal] load build context
#22 ...

#23 [planner internal] load build context
#23 ...

#21 [baseline-awareness internal] load build context
#21 ...

#25 [llm-gateway internal] load build context
#25 ...

#22 [bootstrap internal] load build context
#22 transferring context: 177.84MB 25.4s
#22 ...

#19 [function-caller internal] load build context
#19 ...

#22 [bootstrap internal] load build context
#22 ...

#24 [persist internal] load build context
#24 ...

#20 [tools-factory internal] load build context
#20 transferring context: 211.20MB 30.5s
#20 ...

#21 [baseline-awareness internal] load build context
#21 ...

#23 [planner internal] load build context
#23 ...

#25 [llm-gateway internal] load build context
#25 ...

#23 [planner internal] load build context
#23 transferring context: 234.89MB 35.7s
#23 ...

#19 [function-caller internal] load build context
#19 ...

#23 [planner internal] load build context
#23 ...

#22 [bootstrap internal] load build context
#22 ...

#24 [persist internal] load build context
#24 ...

#22 [bootstrap internal] load build context
#22 ...

#20 [tools-factory internal] load build context
#20 ...

#21 [baseline-awareness internal] load build context
#21 transferring context: 291.54MB 40.7s
#21 ...

#20 [tools-factory internal] load build context
#20 ...

#25 [llm-gateway internal] load build context
#25 ...

#20 [tools-factory internal] load build context
#20 transferring context: 372.32MB 45.9s
#20 ...

#19 [function-caller internal] load build context
#19 ...

#20 [tools-factory internal] load build context
#20 ...

#23 [planner internal] load build context
#23 ...

#20 [tools-factory internal] load build context
#20 transferring context: 410.49MB 50.5s done
#20 ...

#24 [persist internal] load build context
#24 ...

#22 [bootstrap internal] load build context
#22 ...

#21 [baseline-awareness internal] load build context
#21 ...

#22 [bootstrap internal] load build context
#22 transferring context: 410.49MB 51.2s done
#22 ...

#25 [llm-gateway internal] load build context
#25 ...

#20 [tools-factory internal] load build context
#20 DONE 51.5s

#19 [function-caller internal] load build context
#19 transferring context: 410.49MB 51.1s done
#19 ...

#24 [persist internal] load build context
#24 transferring context: 410.49MB 51.1s done
#24 DONE 51.6s

#26 [tools-factory build 2/4] WORKDIR /src
#26 CACHED

#22 [bootstrap internal] load build context
#22 DONE 51.7s

#27 [tools-factory build 3/4] COPY . .
#27 ...

#23 [planner internal] load build context
#23 transferring context: 410.49MB 51.1s done
#23 DONE 51.7s

#19 [function-caller internal] load build context
#19 DONE 51.7s

#21 [baseline-awareness internal] load build context
#21 transferring context: 410.49MB 51.6s done
#21 DONE 51.7s

#25 [llm-gateway internal] load build context
#25 transferring context: 410.49MB 50.7s done
#25 DONE 51.7s

#27 [llm-gateway build 3/4] COPY . .
#27 DONE 12.0s

#28 [function-caller build 3/4] COPY . .
#28 CACHED

#29 [bootstrap build 3/4] COPY . .
#29 CACHED

#30 [planner build 3/4] COPY . .
#30 CACHED

#31 [baseline-awareness build 3/4] COPY . .
#31 CACHED

#32 [tools-factory build 3/4] COPY . .
#32 CACHED

#33 [llm-gateway build 3/4] COPY . .
#33 CACHED

#34 [function-caller build 4/4] RUN swift build -c release --product function-caller-server
#34 ...

#35 [llm-gateway build 4/4] RUN swift build -c release --product llm-gateway-server
#35 ...

#36 [tools-factory build 4/4] RUN swift build -c release --product tools-factory-server
#36 ...

#37 [planner build 4/4] RUN swift build -c release --product planner-server
#37 ...

#38 [baseline-awareness build 4/4] RUN swift build -c release --product baseline-awareness-server
#38 ...

#39 [persist build 4/4] RUN swift build -c release --product persist-server
#39 ...

#40 [bootstrap build 4/4] RUN swift build -c release --product bootstrap-server
#40 17.68 Building for production...
#40 17.73 [0/7] Write sources
#40 ...

#35 [llm-gateway build 4/4] RUN swift build -c release --product llm-gateway-server
#35 17.77 Building for production...
#35 17.84 [0/6] Write sources
#35 18.01 [3/6] Write swift-version-24593BA9C3E375BF.txt
#35 ...

#34 [function-caller build 4/4] RUN swift build -c release --product function-caller-server
#34 17.82 Building for production...
#34 17.88 [0/14] Write sources
#34 18.29 [5/14] Compiling reader.c
#34 18.30 [6/14] Compiling writer.c
#34 18.30 [7/14] Write swift-version-24593BA9C3E375BF.txt
#34 18.50 [8/14] Compiling parser.c
#34 18.82 [9/15] Compiling api.c
#34 20.20 [10/15] Compiling emitter.c
#34 20.64 [11/15] Compiling scanner.c
#34 ...

#35 [llm-gateway build 4/4] RUN swift build -c release --product llm-gateway-server
#35 24.50 [5/7] Compiling ServiceShared Models.swift
#35 25.61 [6/8] Compiling LLMGatewayService HTTPKernel.swift
#35 26.03 [7/9] Compiling LLMGatewayServer main.swift
#35 26.03 /src/Generated/Server/llm-gateway/main.swift:23:36: error: initializer 'init(_:)' requires that '__socket_type' conform to 'BinaryFloatingPoint'
#35 26.03 21 | 
#35 26.03 22 |     func start() throws {
#35 26.03 23 |         serverFD = socket(AF_INET, Int32(SOCK_STREAM), 0)
#35 26.03    |                                    `- error: initializer 'init(_:)' requires that '__socket_type' conform to 'BinaryFloatingPoint'
#35 26.03 24 |         guard serverFD >= 0 else { throw RuntimeError.socket }
#35 26.03 25 |         var opt: Int32 = 1
#35 26.03 
#35 26.03 Swift.FixedWidthInteger.init:2:19: note: where 'T' = '__socket_type'
#35 26.03 1 | protocol FixedWidthInteger {
#35 26.03 2 | @inlinable public init<T>(_ source: T) where T : BinaryFloatingPoint}
#35 26.03   |                   `- note: where 'T' = '__socket_type'
#35 26.03 3 | 
#35 ERROR: process "/bin/sh -c swift build -c release --product llm-gateway-server" did not complete successfully: exit code: 1

#36 [tools-factory build 4/4] RUN swift build -c release --product tools-factory-server
#36 17.75 Building for production...
#36 17.81 [0/14] Write sources
#36 18.31 [5/14] Write swift-version-24593BA9C3E375BF.txt
#36 18.31 [5/14] Compiling writer.c
#36 18.38 [7/14] Compiling reader.c
#36 18.59 [8/15] Compiling api.c
#36 18.73 [9/15] Compiling parser.c
#36 19.90 [10/15] Compiling emitter.c
#36 20.21 [11/15] Compiling scanner.c
#36 25.31 [13/16] Compiling ServiceShared Models.swift
#36 ...

#39 [persist build 4/4] RUN swift build -c release --product persist-server
#39 17.74 Building for production...
#39 17.79 [0/6] Write sources
#39 18.02 [3/6] Write swift-version-24593BA9C3E375BF.txt
#39 24.69 [5/7] Compiling ServiceShared Models.swift
#39 26.20 [6/8] Compiling PersistService HTTPKernel.swift
#39 26.62 [7/9] Compiling PersistServer main.swift
#39 26.62 /src/Generated/Server/persist/main.swift:23:36: error: initializer 'init(_:)' requires that '__socket_type' conform to 'BinaryFloatingPoint'
#39 26.62 21 | 
#39 26.62 22 |     func start() throws {
#39 26.62 23 |         serverFD = socket(AF_INET, Int32(SOCK_STREAM), 0)
#39 26.62    |                                    `- error: initializer 'init(_:)' requires that '__socket_type' conform to 'BinaryFloatingPoint'
#39 26.62 24 |         guard serverFD >= 0 else { throw RuntimeError.socket }
#39 26.62 25 |         var opt: Int32 = 1
#39 26.62 
#39 26.62 Swift.FixedWidthInteger.init:2:19: note: where 'T' = '__socket_type'
#39 26.62 1 | protocol FixedWidthInteger {
#39 26.62 2 | @inlinable public init<T>(_ source: T) where T : BinaryFloatingPoint}
#39 26.62   |                   `- note: where 'T' = '__socket_type'
#39 26.62 3 | 
#39 ERROR: process "/bin/sh -c swift build -c release --product persist-server" did not complete successfully: exit code: 1

#38 [baseline-awareness build 4/4] RUN swift build -c release --product baseline-awareness-server
#38 17.69 Building for production...
#38 17.75 [0/6] Write sources
#38 18.01 [3/6] Write swift-version-24593BA9C3E375BF.txt
#38 24.39 [5/7] Compiling ServiceShared Models.swift
#38 26.56 [6/8] Compiling BaselineAwarenessService BaselineStore.swift
#38 CANCELED

#40 [bootstrap build 4/4] RUN swift build -c release --product bootstrap-server
#40 18.01 [4/7] Write swift-version-24593BA9C3E375BF.txt
#40 24.68 [6/8] Compiling ServiceShared Models.swift
#40 CANCELED

#34 [function-caller build 4/4] RUN swift build -c release --product function-caller-server
#34 24.90 [13/16] Compiling ServiceShared Models.swift
#34 CANCELED

#37 [planner build 4/4] RUN swift build -c release --product planner-server
#37 17.72 Building for production...
#37 17.79 [0/6] Write sources
#37 18.01 [3/6] Write swift-version-24593BA9C3E375BF.txt
#37 24.30 [5/7] Compiling ServiceShared Models.swift
#37 CANCELED

#36 [tools-factory build 4/4] RUN swift build -c release --product tools-factory-server
#36 CANCELED
------
 > [llm-gateway build 4/4] RUN swift build -c release --product llm-gateway-server:
26.03 23 |         serverFD = socket(AF_INET, Int32(SOCK_STREAM), 0)
26.03    |                                    `- error: initializer 'init(_:)' requires that '__socket_type' conform to 'BinaryFloatingPoint'
26.03 24 |         guard serverFD >= 0 else { throw RuntimeError.socket }
26.03 25 |         var opt: Int32 = 1
26.03 
26.03 Swift.FixedWidthInteger.init:2:19: note: where 'T' = '__socket_type'
26.03 1 | protocol FixedWidthInteger {
26.03 2 | @inlinable public init<T>(_ source: T) where T : BinaryFloatingPoint}
26.03   |                   `- note: where 'T' = '__socket_type'
26.03 3 | 
------
------
 > [persist build 4/4] RUN swift build -c release --product persist-server:
26.62 23 |         serverFD = socket(AF_INET, Int32(SOCK_STREAM), 0)
26.62    |                                    `- error: initializer 'init(_:)' requires that '__socket_type' conform to 'BinaryFloatingPoint'
26.62 24 |         guard serverFD >= 0 else { throw RuntimeError.socket }
26.62 25 |         var opt: Int32 = 1
26.62 
26.62 Swift.FixedWidthInteger.init:2:19: note: where 'T' = '__socket_type'
26.62 1 | protocol FixedWidthInteger {
26.62 2 | @inlinable public init<T>(_ source: T) where T : BinaryFloatingPoint}
26.62   |                   `- note: where 'T' = '__socket_type'
26.62 3 | 
------
failed to solve: process "/bin/sh -c swift build -c release --product llm-gateway-server" did not complete successfully: exit code: 1
 Network kong-codex_default  Creating
 Network kong-codex_default  Created
 Container kong-codex-kong-1  Creating
 Container kong-codex-typesense-1  Creating
 Container kong-codex-typesense-1  Created
 Container kong-codex-kong-1  Created
Attaching to kong-1, typesense-1
Gracefully stopping... (press Ctrl+C again to force)
Error response from daemon: mounts denied: 
The path /srv/deploy/repos/kong-codex/kong.conf is not shared from the host and is not known to Docker.
You can configure shared paths from Docker -> Preferences... -> Resources -> File Sharing.
See https://docs.docker.com/desktop/settings/mac/#file-sharing for more info.
 Container kong-codex-typesense-1  Stopping
 Container kong-codex-kong-1  Stopping
 Container kong-codex-kong-1  Stopped
 Container kong-codex-kong-1  Removing
 Container kong-codex-kong-1  Removed
 Container kong-codex-typesense-1  Stopped
 Container kong-codex-typesense-1  Removing
 Container kong-codex-typesense-1  Removed
 Network kong-codex_default  Removing
 Network kong-codex_default  Removed

[2025-07-17T06:00:08.673678] Running integration tests for fountainai...
[2025-07-17T06:01:40.525695] Integration tests for fountainai failed with exit code 1

[2025-07-17T06:01:40.526020] Running integration tests for kong-codex...
[2025-07-17T06:01:51.597948] Integration tests for kong-codex failed with exit code 1
