[2025-07-17T07:42:44.986182] === New Cycle ===
Building for debugging...
[0/402] Write sources
[1/408] Compiling md5-586-apple.S
[1/408] Compiling md5-586-linux.S
[3/408] Write swift-version-24593BA9C3E375BF.txt
[4/408] Compiling err_data.cc
[5/403] Compiling chacha20_poly1305_x86_64-linux.S
[6/403] Compiling chacha20_poly1305_x86_64-apple.S
[8/407] Emitting module PersistServer
[9/407] Emitting module PlannerServer
[10/407] Compiling PlannerServer main.swift
/srv/deploy/repos/fountainai/Generated/Server/planner/main.swift:23:36: error: cannot convert value of type '__socket_type' to expected argument type 'Int32'
21 | 
22 |     func start() throws {
23 |         serverFD = socket(AF_INET, SOCK_STREAM, 0)
   |                                    `- error: cannot convert value of type '__socket_type' to expected argument type 'Int32'
24 |         guard serverFD >= 0 else { throw RuntimeError.socket }
25 |         var opt: Int32 = 1
[11/407] Compiling PersistServer main.swift
/srv/deploy/repos/fountainai/Generated/Server/persist/main.swift:23:36: error: cannot convert value of type '__socket_type' to expected argument type 'Int32'
21 | 
22 |     func start() throws {
23 |         serverFD = socket(AF_INET, SOCK_STREAM, 0)
   |                                    `- error: cannot convert value of type '__socket_type' to expected argument type 'Int32'
24 |         guard serverFD >= 0 else { throw RuntimeError.socket }
25 |         var opt: Int32 = 1
[11/407] Compiling d1_pkt.cc
[11/407] Compiling dtls_method.cc
[11/407] Compiling d1_both.cc
[11/407] Compiling d1_lib.cc
[11/407] Compiling d1_srtp.cc
[11/407] Compiling dtls_record.cc

[2025-07-17T07:42:44.987874] Starting swift build...
[2025-07-17T07:42:46.800499] swift build failed with exit code 1
[2025-07-17T07:42:46.921260] [dispatcher] Updated git remote to use token-based authentication.
[2025-07-17T07:42:49.555350] [dispatcher] Running Docker build...
[2025-07-17T07:42:49.561122] [dispatcher] Running tests...
Compose now can delegate build to bake for better performances
Just set COMPOSE_BAKE=true
#0 building with "default" instance using docker driver

#1 [llm-gateway internal] load build definition from Dockerfile
#1 transferring dockerfile: 278B 0.0s done
#1 DONE 0.0s

#2 [tools-factory internal] load build definition from Dockerfile
#2 transferring dockerfile: 284B 0.0s done
#2 DONE 0.0s

#3 [planner internal] load build definition from Dockerfile
#3 transferring dockerfile: 266B done
#3 DONE 0.0s

#4 [persist internal] load build definition from Dockerfile
#4 transferring dockerfile: 266B done
#4 DONE 0.0s

#5 [function-caller internal] load build definition from Dockerfile
#5 transferring dockerfile: 290B done
#5 DONE 0.0s

#6 [baseline-awareness internal] load build definition from Dockerfile
#6 transferring dockerfile: 299B done
#6 DONE 0.0s

#7 [bootstrap internal] load build definition from Dockerfile
#7 transferring dockerfile: 272B done
#7 DONE 0.0s

#8 [bootstrap internal] load metadata for docker.io/library/ubuntu:22.04
#8 DONE 1.0s

#9 [persist internal] load metadata for docker.io/library/swift:6.1-jammy
#9 DONE 1.0s

#10 [function-caller internal] load .dockerignore
#10 transferring context: 2B done
#10 DONE 0.0s

#11 [planner internal] load .dockerignore
#11 transferring context: 2B done
#11 DONE 0.0s

#12 [bootstrap internal] load .dockerignore
#12 transferring context: 2B done
#12 DONE 0.0s

#13 [baseline-awareness internal] load .dockerignore
#13 transferring context: 2B done
#13 DONE 0.0s

#14 [persist build 1/4] FROM docker.io/library/swift:6.1-jammy@sha256:512716edb447938962d96627ff0b9f00d5701bfa61d97a5b5654f07a1482c342
#14 DONE 0.0s

#15 [persist stage-1 1/2] FROM docker.io/library/ubuntu:22.04@sha256:59ccd419c0dc0edf9e3bff1a3b2b073ea15a2ce4bc45ce7c989278b225b09af3
#15 DONE 0.0s

#16 [persist internal] load .dockerignore
#16 transferring context: 2B done
#16 DONE 0.0s

#17 [tools-factory internal] load .dockerignore
#17 transferring context: 2B done
#17 DONE 0.0s

#18 [llm-gateway internal] load .dockerignore
#18 transferring context: 2B done
#18 DONE 0.0s

#19 [tools-factory internal] load build context
#19 transferring context: 1.22MB 5.0s
#19 ...

#20 [persist internal] load build context
#20 ...

#19 [tools-factory internal] load build context
#19 ...

#21 [planner internal] load build context
#21 ...

#22 [function-caller internal] load build context
#22 transferring context: 7.37MB 10.1s
#22 ...

#23 [bootstrap internal] load build context
#23 ...

#24 [baseline-awareness internal] load build context
#24 ...

#25 [llm-gateway internal] load build context
#25 transferring context: 7.40MB 10.3s done
#25 ...

#24 [baseline-awareness internal] load build context
#24 transferring context: 7.40MB 10.3s done
#24 ...

#23 [bootstrap internal] load build context
#23 transferring context: 7.40MB 10.4s done
#23 DONE 10.6s

#21 [planner internal] load build context
#21 transferring context: 7.40MB 10.0s done
#21 DONE 10.6s

#19 [tools-factory internal] load build context
#19 transferring context: 7.40MB 10.4s done
#19 DONE 10.6s

#22 [function-caller internal] load build context
#22 transferring context: 7.40MB 10.4s done
#22 DONE 10.6s

#25 [llm-gateway internal] load build context
#25 DONE 10.6s

#24 [baseline-awareness internal] load build context
#24 DONE 10.6s

#20 [persist internal] load build context
#20 transferring context: 7.40MB 10.3s done
#20 DONE 10.6s

#26 [planner build 2/4] WORKDIR /src
#26 CACHED

#27 [persist build 3/4] COPY . .
#27 DONE 11.1s

#28 [persist build 3/4] COPY . .
#28 CACHED

#29 [function-caller build 3/4] COPY . .
#29 CACHED

#30 [bootstrap build 3/4] COPY . .
#30 CACHED

#31 [tools-factory build 3/4] COPY . .
#31 CACHED

#32 [baseline-awareness build 3/4] COPY . .
#32 CACHED

#33 [llm-gateway build 3/4] COPY . .
#33 CACHED

#34 [llm-gateway build 4/4] RUN swift build -c release --product llm-gateway-server
#34 ...

#35 [persist build 4/4] RUN swift build -c release --product persist-server
#35 ...

#36 [baseline-awareness build 4/4] RUN swift build -c release --product baseline-awareness-server
#36 ...

#37 [planner build 4/4] RUN swift build -c release --product planner-server
#37 ...

#38 [function-caller build 4/4] RUN swift build -c release --product function-caller-server
#38 ...

#39 [tools-factory build 4/4] RUN swift build -c release --product tools-factory-server
#39 ...

#40 [bootstrap build 4/4] RUN swift build -c release --product bootstrap-server
#40 ...

#36 [baseline-awareness build 4/4] RUN swift build -c release --product baseline-awareness-server
#36 15.22 Building for production...
#36 15.27 [0/6] Write sources
#36 15.48 [3/6] Write swift-version-24593BA9C3E375BF.txt
#36 ...

#39 [tools-factory build 4/4] RUN swift build -c release --product tools-factory-server
#39 15.38 Building for production...
#39 15.42 [0/14] Write sources
#39 15.88 [5/14] Write swift-version-24593BA9C3E375BF.txt
#39 15.88 [5/14] Compiling writer.c
#39 15.90 [7/14] Compiling reader.c
#39 16.07 [8/14] Compiling parser.c
#39 16.13 [9/14] Compiling api.c
#39 16.44 [10/15] Compiling emitter.c
#39 16.71 [11/15] Compiling scanner.c
#39 21.25 [13/16] Compiling ServiceShared Models.swift
#39 ...

#34 [llm-gateway build 4/4] RUN swift build -c release --product llm-gateway-server
#34 15.33 Building for production...
#34 15.37 [0/6] Write sources
#34 15.57 [3/6] Write swift-version-24593BA9C3E375BF.txt
#34 20.86 [5/7] Compiling ServiceShared Models.swift
#34 22.04 [6/8] Compiling LLMGatewayService HTTPKernel.swift
#34 22.35 [7/9] Compiling LLMGatewayServer main.swift
#34 22.35 /src/Generated/Server/llm-gateway/main.swift:23:36: error: cannot convert value of type '__socket_type' to expected argument type 'Int32'
#34 22.35 21 | 
#34 22.35 22 |     func start() throws {
#34 22.35 23 |         serverFD = socket(AF_INET, SOCK_STREAM, 0)
#34 22.35    |                                    `- error: cannot convert value of type '__socket_type' to expected argument type 'Int32'
#34 22.35 24 |         guard serverFD >= 0 else { throw RuntimeError.socket }
#34 22.35 25 |         var opt: Int32 = 1
#34 ERROR: process "/bin/sh -c swift build -c release --product llm-gateway-server" did not complete successfully: exit code: 1

#38 [function-caller build 4/4] RUN swift build -c release --product function-caller-server
#38 15.38 Building for production...
#38 15.42 [0/14] Write sources
#38 15.89 [5/14] Compiling writer.c
#38 15.90 [6/14] Compiling reader.c
#38 16.02 [7/14] Compiling api.c
#38 16.22 [8/14] Compiling parser.c
#38 16.46 [9/14] Compiling emitter.c
#38 16.97 [10/14] Compiling scanner.c
#38 16.97 [10/14] Write swift-version-24593BA9C3E375BF.txt
#38 22.83 [13/16] Compiling ServiceShared Models.swift
#38 ...

#35 [persist build 4/4] RUN swift build -c release --product persist-server
#35 15.37 Building for production...
#35 15.41 [0/6] Write sources
#35 15.64 [3/6] Write swift-version-24593BA9C3E375BF.txt
#35 20.71 [5/7] Compiling ServiceShared Models.swift
#35 22.19 [6/8] Compiling PersistService HTTPKernel.swift
#35 22.67 [7/9] Compiling PersistServer main.swift
#35 22.67 /src/Generated/Server/persist/main.swift:23:36: error: cannot convert value of type '__socket_type' to expected argument type 'Int32'
#35 22.67 21 | 
#35 22.67 22 |     func start() throws {
#35 22.67 23 |         serverFD = socket(AF_INET, SOCK_STREAM, 0)
#35 22.67    |                                    `- error: cannot convert value of type '__socket_type' to expected argument type 'Int32'
#35 22.67 24 |         guard serverFD >= 0 else { throw RuntimeError.socket }
#35 22.67 25 |         var opt: Int32 = 1
#35 ERROR: process "/bin/sh -c swift build -c release --product persist-server" did not complete successfully: exit code: 1

#37 [planner build 4/4] RUN swift build -c release --product planner-server
#37 15.44 Building for production...
#37 15.51 [0/6] Write sources
#37 15.72 [3/6] Write swift-version-24593BA9C3E375BF.txt
#37 20.84 [5/7] Compiling ServiceShared Models.swift
#37 CANCELED

#38 [function-caller build 4/4] RUN swift build -c release --product function-caller-server
#38 CANCELED

#40 [bootstrap build 4/4] RUN swift build -c release --product bootstrap-server
#40 15.26 Building for production...
#40 15.30 [0/7] Write sources
#40 15.50 [4/7] Write swift-version-24593BA9C3E375BF.txt
#40 20.78 [6/8] Compiling ServiceShared Models.swift
#40 CANCELED

#39 [tools-factory build 4/4] RUN swift build -c release --product tools-factory-server
#39 CANCELED

#36 [baseline-awareness build 4/4] RUN swift build -c release --product baseline-awareness-server
#36 20.95 [5/7] Compiling ServiceShared Models.swift
#36 CANCELED
------
 > [persist build 4/4] RUN swift build -c release --product persist-server:
20.71 [5/7] Compiling ServiceShared Models.swift
22.19 [6/8] Compiling PersistService HTTPKernel.swift
22.67 [7/9] Compiling PersistServer main.swift
22.67 /src/Generated/Server/persist/main.swift:23:36: error: cannot convert value of type '__socket_type' to expected argument type 'Int32'
22.67 21 | 
22.67 22 |     func start() throws {
22.67 23 |         serverFD = socket(AF_INET, SOCK_STREAM, 0)
22.67    |                                    `- error: cannot convert value of type '__socket_type' to expected argument type 'Int32'
22.67 24 |         guard serverFD >= 0 else { throw RuntimeError.socket }
22.67 25 |         var opt: Int32 = 1
------
------
 > [llm-gateway build 4/4] RUN swift build -c release --product llm-gateway-server:
20.86 [5/7] Compiling ServiceShared Models.swift
22.04 [6/8] Compiling LLMGatewayService HTTPKernel.swift
22.35 [7/9] Compiling LLMGatewayServer main.swift
22.35 /src/Generated/Server/llm-gateway/main.swift:23:36: error: cannot convert value of type '__socket_type' to expected argument type 'Int32'
22.35 21 | 
22.35 22 |     func start() throws {
22.35 23 |         serverFD = socket(AF_INET, SOCK_STREAM, 0)
22.35    |                                    `- error: cannot convert value of type '__socket_type' to expected argument type 'Int32'
22.35 24 |         guard serverFD >= 0 else { throw RuntimeError.socket }
22.35 25 |         var opt: Int32 = 1
------
failed to solve: process "/bin/sh -c swift build -c release --product llm-gateway-server" did not complete successfully: exit code: 1
 Network kong-codex_default  Creating
 Network kong-codex_default  Created
 Container kong-codex-kong-1  Creating
 Container kong-codex-typesense-1  Creating
 Container kong-codex-typesense-1  Created
 Container kong-codex-kong-1  Created
Attaching to kong-1, typesense-1
Error response from daemon: mounts denied: 
The path /srv/deploy/repos/kong-codex/kong.conf is not shared from the host and is not known to Docker.
You can configure shared paths from Docker -> Preferences... -> Resources -> File Sharing.
See https://docs.docker.com/desktop/settings/mac/#file-sharing for more info.
 Container kong-codex-typesense-1  Stopping
 Container kong-codex-kong-1  Stopping
 Container kong-codex-kong-1  Stopped
 Container kong-codex-kong-1  Removing
 Container kong-codex-kong-1  Removed
 Container kong-codex-typesense-1  Stopped
 Container kong-codex-typesense-1  Removing
 Container kong-codex-typesense-1  Removed
 Network kong-codex_default  Removing
 Network kong-codex_default  Removed

[2025-07-17T07:42:49.561639] Running integration tests for fountainai...
[2025-07-17T07:43:35.978775] Integration tests for fountainai failed with exit code 1

[2025-07-17T07:43:35.978920] Running integration tests for kong-codex...
[2025-07-17T07:43:46.833946] Integration tests for kong-codex failed with exit code 1
