[2025-07-17T11:20:15.008646] === New Cycle ===
Building for debugging...
[0/421] Compiling s3_both.cc
[0/421] Compiling s3_lib.cc
[2/421] Compiling handshake.cc
[3/421] Compiling encrypted_client_hello.cc
[4/421] Compiling handshake_client.cc
[5/421] Compiling handoff.cc
[6/421] Compiling handshake_server.cc
[7/421] Compiling extensions.cc
[8/421] Compiling bio_ssl.cc
[9/421] Compiling d1_srtp.cc
[10/421] Compiling d1_pkt.cc
[11/421] Compiling md5-x86_64-linux.S
[12/421] Compiling md5-x86_64-apple.S
[13/421] Write swift-version-24593BA9C3E375BF.txt
[14/421] Compiling dtls_record.cc
[14/417] Compiling md5-586-linux.S
[16/417] Compiling dtls_method.cc
[17/417] Compiling md5-586-apple.S
[18/417] Compiling chacha20_poly1305_x86_64-linux.S
[19/417] Compiling chacha20_poly1305_armv8-win.S
[19/417] Compiling chacha20_poly1305_x86_64-apple.S
[21/417] Compiling d1_lib.cc
[22/427] Wrapping AST for Yams for debugging
[23/427] Compiling d1_both.cc
[24/438] Compiling chacha20_poly1305_armv8-apple.S
[25/438] Compiling chacha20_poly1305_armv8-linux.S
[26/438] Compiling chacha-x86_64-linux.S
[27/438] Compiling err_data.cc
[28/438] Compiling chacha-x86_64-apple.S
[29/438] Compiling chacha-x86-apple.S
[30/438] Compiling chacha-x86-linux.S
[32/438] Compiling DequeModule _DequeBufferHeader.swift
[32/439] Compiling chacha-armv8-win.S
[33/439] Compiling chacha-armv8-apple.S
[34/439] Compiling chacha-armv8-linux.S
[36/439] Compiling DequeModule _DequeBuffer.swift
[37/439] Compiling DequeModule Deque+Equatable.swift
[38/439] Compiling DequeModule Deque+ExpressibleByArrayLiteral.swift
[38/439] Compiling aes128gcmsiv-x86_64-linux.S
[38/439] Compiling chacha-armv4-linux.S
[41/439] Compiling PlannerServer main.swift
/srv/deploy/repos/fountainai/Generated/Server/planner/main.swift:29:36: error: cannot convert value of type '__socket_type' to expected argument type 'Int32'
 27 |         #endif
 28 | 
 29 |         serverFD = socket(AF_INET, socketType, 0)
    |                                    `- error: cannot convert value of type '__socket_type' to expected argument type 'Int32'
 30 |         guard serverFD >= 0 else { throw RuntimeError.socket }
 31 |         var opt: Int32 = 1
[42/439] Emitting module PlannerServer
[43/439] Emitting module PersistServer
[44/439] Emitting module LLMGatewayServer
[45/439] Compiling LLMGatewayServer main.swift
/srv/deploy/repos/fountainai/Generated/Server/llm-gateway/main.swift:29:36: error: cannot convert value of type '__socket_type' to expected argument type 'Int32'
 27 |         #endif
 28 | 
 29 |         serverFD = socket(AF_INET, socketType, 0)
    |                                    `- error: cannot convert value of type '__socket_type' to expected argument type 'Int32'
 30 |         guard serverFD >= 0 else { throw RuntimeError.socket }
 31 |         var opt: Int32 = 1
[45/439] Compiling aes128gcmsiv-x86_64-apple.S
[47/439] Compiling PersistServer main.swift
/srv/deploy/repos/fountainai/Generated/Server/persist/main.swift:29:36: error: cannot convert value of type '__socket_type' to expected argument type 'Int32'
 27 |         #endif
 28 | 
 29 |         serverFD = socket(AF_INET, socketType, 0)
    |                                    `- error: cannot convert value of type '__socket_type' to expected argument type 'Int32'
 30 |         guard serverFD >= 0 else { throw RuntimeError.socket }
 31 |         var opt: Int32 = 1
[47/439] Compiling x86_64-mont5-apple.S
[48/439] Compiling x86_64-mont-linux.S
[48/439] Compiling x86_64-mont-apple.S
[48/439] Compiling x86_64-mont5-linux.S
[49/439] Compiling DequeModule Deque._Storage.swift

[2025-07-17T11:20:15.009880] Starting swift build...
[2025-07-17T11:20:20.621094] swift build failed with exit code 1
[2025-07-17T11:20:20.757852] [dispatcher] Updated git remote to use token-based authentication.
[2025-07-17T11:20:23.516396] [dispatcher] Running Docker build...
[2025-07-17T11:20:23.517932] [dispatcher] Running tests...
Compose now can delegate build to bake for better performances
Just set COMPOSE_BAKE=true
#0 building with "default" instance using docker driver

#1 [llm-gateway internal] load build definition from Dockerfile
#1 transferring dockerfile: 278B done
#1 DONE 0.0s

#2 [tools-factory internal] load build definition from Dockerfile
#2 transferring dockerfile: 284B done
#2 DONE 0.0s

#3 [function-caller internal] load build definition from Dockerfile
#3 transferring dockerfile: 290B done
#3 DONE 0.0s

#4 [bootstrap internal] load build definition from Dockerfile
#4 transferring dockerfile: 272B done
#4 DONE 0.0s

#5 [persist internal] load build definition from Dockerfile
#5 transferring dockerfile: 266B done
#5 DONE 0.0s

#6 [baseline-awareness internal] load build definition from Dockerfile
#6 transferring dockerfile: 299B done
#6 DONE 0.0s

#7 [planner internal] load build definition from Dockerfile
#7 transferring dockerfile: 266B done
#7 DONE 0.0s

#8 [planner internal] load metadata for docker.io/library/swift:6.1-jammy
#8 DONE 0.7s

#9 [function-caller internal] load metadata for docker.io/library/ubuntu:22.04
#9 DONE 0.7s

#10 [baseline-awareness internal] load .dockerignore
#10 transferring context: 2B done
#10 DONE 0.0s

#11 [planner internal] load .dockerignore
#11 transferring context: 2B done
#11 DONE 0.0s

#12 [tools-factory internal] load .dockerignore
#12 transferring context: 2B done
#12 DONE 0.0s

#13 [llm-gateway internal] load .dockerignore
#13 transferring context: 2B done
#13 DONE 0.0s

#14 [function-caller build 1/4] FROM docker.io/library/swift:6.1-jammy@sha256:512716edb447938962d96627ff0b9f00d5701bfa61d97a5b5654f07a1482c342
#14 DONE 0.0s

#15 [function-caller stage-1 1/2] FROM docker.io/library/ubuntu:22.04@sha256:59ccd419c0dc0edf9e3bff1a3b2b073ea15a2ce4bc45ce7c989278b225b09af3
#15 DONE 0.0s

#16 [bootstrap internal] load .dockerignore
#16 transferring context: 2B done
#16 DONE 0.0s

#17 [persist internal] load .dockerignore
#17 transferring context: 2B done
#17 DONE 0.0s

#18 [function-caller internal] load .dockerignore
#18 transferring context: 2B done
#18 DONE 0.0s

#19 [planner internal] load build context
#19 transferring context: 9.07MB 5.0s
#19 ...

#20 [function-caller internal] load build context
#20 ...

#19 [planner internal] load build context
#19 ...

#21 [baseline-awareness internal] load build context
#21 transferring context: 15.45MB 8.4s done
#21 DONE 9.2s

#19 [planner internal] load build context
#19 transferring context: 15.45MB 9.1s done
#19 DONE 9.2s

#22 [persist internal] load build context
#22 transferring context: 15.45MB 9.1s done
#22 DONE 9.2s

#20 [function-caller internal] load build context
#20 transferring context: 15.45MB 9.1s done
#20 DONE 9.2s

#23 [bootstrap internal] load build context
#23 transferring context: 15.45MB 9.1s done
#23 DONE 9.2s

#24 [tools-factory internal] load build context
#24 transferring context: 15.45MB 9.1s done
#24 DONE 9.2s

#25 [llm-gateway internal] load build context
#25 transferring context: 15.45MB 9.1s done
#25 DONE 9.2s

#26 [planner build 2/4] WORKDIR /src
#26 CACHED

#27 [planner build 3/4] COPY . .
#27 DONE 11.6s

#28 [llm-gateway build 3/4] COPY . .
#28 CACHED

#29 [persist build 3/4] COPY . .
#29 CACHED

#30 [function-caller build 3/4] COPY . .
#30 CACHED

#31 [planner build 3/4] COPY . .
#31 CACHED

#32 [tools-factory build 3/4] COPY . .
#32 CACHED

#33 [bootstrap build 3/4] COPY . .
#33 CACHED

#34 [llm-gateway build 4/4] RUN swift build -c release --product llm-gateway-server
#34 ...

#35 [tools-factory build 4/4] RUN swift build -c release --product tools-factory-server
#35 ...

#36 [bootstrap build 4/4] RUN swift build -c release --product bootstrap-server
#36 ...

#37 [persist build 4/4] RUN swift build -c release --product persist-server
#37 ...

#38 [planner build 4/4] RUN swift build -c release --product planner-server
#38 ...

#39 [baseline-awareness build 4/4] RUN swift build -c release --product baseline-awareness-server
#39 ...

#40 [function-caller build 4/4] RUN swift build -c release --product function-caller-server
#40 ...

#37 [persist build 4/4] RUN swift build -c release --product persist-server
#37 21.51 Building for production...
#37 21.59 [0/6] Write sources
#37 21.94 [3/6] Write swift-version-24593BA9C3E375BF.txt
#37 ...

#35 [tools-factory build 4/4] RUN swift build -c release --product tools-factory-server
#35 21.58 Building for production...
#35 21.68 [0/14] Write sources
#35 21.97 [5/14] Compiling writer.c
#35 22.04 [6/14] Compiling reader.c
#35 22.10 [7/14] Write swift-version-24593BA9C3E375BF.txt
#35 22.17 [8/14] Compiling api.c
#35 22.41 [9/15] Compiling parser.c
#35 22.81 [10/15] Compiling emitter.c
#35 23.01 [11/15] Compiling scanner.c
#35 ...

#37 [persist build 4/4] RUN swift build -c release --product persist-server
#37 30.02 [5/7] Compiling ServiceShared Models.swift
#37 31.45 [6/8] Compiling PersistService HTTPKernel.swift
#37 ...

#39 [baseline-awareness build 4/4] RUN swift build -c release --product baseline-awareness-server
#39 21.53 Building for production...
#39 21.59 [0/6] Write sources
#39 21.95 [3/6] Write swift-version-24593BA9C3E375BF.txt
#39 30.32 [5/7] Compiling ServiceShared Models.swift
#39 ...

#38 [planner build 4/4] RUN swift build -c release --product planner-server
#38 21.58 Building for production...
#38 21.67 [0/6] Write sources
#38 21.93 [3/6] Write swift-version-24593BA9C3E375BF.txt
#38 30.11 [5/7] Compiling ServiceShared Models.swift
#38 ...

#36 [bootstrap build 4/4] RUN swift build -c release --product bootstrap-server
#36 21.63 Building for production...
#36 21.71 [0/7] Write sources
#36 21.95 [4/7] Write swift-version-24593BA9C3E375BF.txt
#36 29.92 [6/8] Compiling ServiceShared Models.swift
#36 ...

#34 [llm-gateway build 4/4] RUN swift build -c release --product llm-gateway-server
#34 21.58 Building for production...
#34 21.67 [0/6] Write sources
#34 22.06 [3/6] Write swift-version-24593BA9C3E375BF.txt
#34 29.99 [5/7] Compiling ServiceShared Models.swift
#34 31.38 [6/8] Compiling LLMGatewayService HTTPKernel.swift
#34 31.76 [7/9] Compiling LLMGatewayServer main.swift
#34 31.76 /src/Generated/Server/llm-gateway/main.swift:29:36: error: cannot convert value of type '__socket_type' to expected argument type 'Int32'
#34 31.76  27 |         #endif
#34 31.76  28 | 
#34 31.76  29 |         serverFD = socket(AF_INET, socketType, 0)
#34 31.76     |                                    `- error: cannot convert value of type '__socket_type' to expected argument type 'Int32'
#34 31.76  30 |         guard serverFD >= 0 else { throw RuntimeError.socket }
#34 31.76  31 |         var opt: Int32 = 1
#34 ...

#40 [function-caller build 4/4] RUN swift build -c release --product function-caller-server
#40 21.54 Building for production...
#40 21.60 [0/14] Write sources
#40 21.98 [5/14] Compiling writer.c
#40 22.01 [6/14] Compiling reader.c
#40 22.16 [7/14] Write swift-version-24593BA9C3E375BF.txt
#40 22.32 [8/14] Compiling parser.c
#40 22.34 [9/14] Compiling api.c
#40 22.91 [10/15] Compiling emitter.c
#40 23.34 [11/15] Compiling scanner.c
#40 30.59 [13/16] Compiling ServiceShared Models.swift
#40 ...

#37 [persist build 4/4] RUN swift build -c release --product persist-server
#37 31.76 [7/9] Compiling PersistServer main.swift
#37 31.76 /src/Generated/Server/persist/main.swift:29:36: error: cannot convert value of type '__socket_type' to expected argument type 'Int32'
#37 31.76  27 |         #endif
#37 31.76  28 | 
#37 31.76  29 |         serverFD = socket(AF_INET, socketType, 0)
#37 31.76     |                                    `- error: cannot convert value of type '__socket_type' to expected argument type 'Int32'
#37 31.76  30 |         guard serverFD >= 0 else { throw RuntimeError.socket }
#37 31.76  31 |         var opt: Int32 = 1
#37 ...

#34 [llm-gateway build 4/4] RUN swift build -c release --product llm-gateway-server
#34 ERROR: process "/bin/sh -c swift build -c release --product llm-gateway-server" did not complete successfully: exit code: 1

#37 [persist build 4/4] RUN swift build -c release --product persist-server
#37 ERROR: process "/bin/sh -c swift build -c release --product persist-server" did not complete successfully: exit code: 1

#38 [planner build 4/4] RUN swift build -c release --product planner-server
#38 32.45 [6/8] Compiling PlannerService HTTPKernel.swift
#38 ...

#36 [bootstrap build 4/4] RUN swift build -c release --product bootstrap-server
#36 CANCELED

#39 [baseline-awareness build 4/4] RUN swift build -c release --product baseline-awareness-server
#39 CANCELED

#38 [planner build 4/4] RUN swift build -c release --product planner-server
#38 CANCELED

#40 [function-caller build 4/4] RUN swift build -c release --product function-caller-server
#40 CANCELED

#35 [tools-factory build 4/4] RUN swift build -c release --product tools-factory-server
#35 30.29 [13/16] Compiling ServiceShared Models.swift
#35 CANCELED
------
 > [persist build 4/4] RUN swift build -c release --product persist-server:
30.02 [5/7] Compiling ServiceShared Models.swift
31.45 [6/8] Compiling PersistService HTTPKernel.swift
31.76 [7/9] Compiling PersistServer main.swift
31.76 /src/Generated/Server/persist/main.swift:29:36: error: cannot convert value of type '__socket_type' to expected argument type 'Int32'
31.76  27 |         #endif
31.76  28 | 
31.76  29 |         serverFD = socket(AF_INET, socketType, 0)
31.76     |                                    `- error: cannot convert value of type '__socket_type' to expected argument type 'Int32'
31.76  30 |         guard serverFD >= 0 else { throw RuntimeError.socket }
31.76  31 |         var opt: Int32 = 1
------
------
 > [llm-gateway build 4/4] RUN swift build -c release --product llm-gateway-server:
29.99 [5/7] Compiling ServiceShared Models.swift
31.38 [6/8] Compiling LLMGatewayService HTTPKernel.swift
31.76 [7/9] Compiling LLMGatewayServer main.swift
31.76 /src/Generated/Server/llm-gateway/main.swift:29:36: error: cannot convert value of type '__socket_type' to expected argument type 'Int32'
31.76  27 |         #endif
31.76  28 | 
31.76  29 |         serverFD = socket(AF_INET, socketType, 0)
31.76     |                                    `- error: cannot convert value of type '__socket_type' to expected argument type 'Int32'
31.76  30 |         guard serverFD >= 0 else { throw RuntimeError.socket }
31.76  31 |         var opt: Int32 = 1
------
failed to solve: process "/bin/sh -c swift build -c release --product llm-gateway-server" did not complete successfully: exit code: 1
 Network kong-codex_default  Creating
 Network kong-codex_default  Created
 Container kong-codex-kong-1  Creating
 Container kong-codex-typesense-1  Creating
 Container kong-codex-typesense-1  Created
 Container kong-codex-kong-1  Created
Attaching to kong-1, typesense-1
Gracefully stopping... (press Ctrl+C again to force)
Error response from daemon: mounts denied: 
The path /srv/deploy/repos/kong-codex/kong.conf is not shared from the host and is not known to Docker.
You can configure shared paths from Docker -> Preferences... -> Resources -> File Sharing.
See https://docs.docker.com/desktop/settings/mac/#file-sharing for more info.
 Container kong-codex-typesense-1  Stopping
 Container kong-codex-kong-1  Stopping
 Container kong-codex-kong-1  Stopped
 Container kong-codex-kong-1  Removing
 Container kong-codex-kong-1  Removed
 Container kong-codex-typesense-1  Stopped
 Container kong-codex-typesense-1  Removing
 Container kong-codex-typesense-1  Removed
 Network kong-codex_default  Removing
 Network kong-codex_default  Removed

[2025-07-17T11:20:23.518248] Running integration tests for fountainai...
[2025-07-17T11:21:18.532754] Integration tests for fountainai failed with exit code 1

[2025-07-17T11:21:18.533570] Running integration tests for kong-codex...
[2025-07-17T11:21:20.535340] Integration tests for kong-codex failed with exit code 1
