[2025-07-17T10:46:44.185133] === New Cycle ===
Building for debugging...
[0/226] Compiling i2d_pr.cc
[1/226] Write swift-version-24593BA9C3E375BF.txt
[2/215] Compiling t_crl.cc
[3/215] Compiling name_print.cc
[4/215] Compiling t_req.cc
[5/215] Compiling rsa_pss.cc
[6/215] Compiling t_x509a.cc
[7/215] Compiling t_x509.cc
[8/220] Compiling policy.cc
[9/220] Wrapping AST for FunctionCallerService for debugging
[11/254] Compiling Atomics ManagedAtomicLazyReference.swift
[12/255] Emitting module ClientGenerator
[14/256] Compiling Atomics AtomicReference.swift
[15/256] Emitting module ToolsFactoryServer
[16/256] Compiling ToolsFactoryServer main.swift
/srv/deploy/repos/fountainai/Generated/Server/tools-factory/main.swift:23:36: error: cannot convert value of type '__socket_type' to expected argument type 'Int32'
21 | 
22 |     func start() throws {
23 |         serverFD = socket(AF_INET, SOCK_STREAM, 0)
   |                                    `- error: cannot convert value of type '__socket_type' to expected argument type 'Int32'
24 |         guard serverFD >= 0 else { throw RuntimeError.socket }
25 |         var opt: Int32 = 1
[16/256] Compiling algorithm.cc
[17/256] Compiling Atomics AtomicBool.swift
[18/256] Emitting module FunctionCallerServer
[19/256] Compiling Atomics OptionalRawRepresentable.swift
[20/256] Compiling Atomics RawRepresentable.swift
[20/256] Compiling asn1_gen.cc
/srv/deploy/repos/fountainai/Generated/Server/function-caller/main.swift:23:36: error: cannot convert value of type '__socket_type' to expected argument type 'Int32'
21 | 
22 |     func start() throws {
23 |         serverFD = socket(AF_INET, SOCK_STREAM, 0)
   |                                    `- error: cannot convert value of type '__socket_type' to expected argument type 'Int32'
24 |         guard serverFD >= 0 else { throw RuntimeError.socket }
25 |         var opt: Int32 = 1
[20/256] Compiling by_dir.cc
[20/256] Compiling by_file.cc

[2025-07-17T10:46:44.185950] Starting swift build...
[2025-07-17T10:46:47.351656] swift build failed with exit code 1
[2025-07-17T10:46:47.483145] [dispatcher] Updated git remote to use token-based authentication.
[2025-07-17T10:46:49.004423] [dispatcher] Running Docker build...
[2025-07-17T10:46:49.005419] [dispatcher] Running tests...
Compose now can delegate build to bake for better performances
Just set COMPOSE_BAKE=true
#0 building with "default" instance using docker driver

#1 [planner internal] load build definition from Dockerfile
#1 transferring dockerfile: 266B 0.0s done
#1 DONE 0.0s

#2 [function-caller internal] load build definition from Dockerfile
#2 transferring dockerfile: 290B 0.0s done
#2 DONE 0.0s

#3 [tools-factory internal] load build definition from Dockerfile
#3 transferring dockerfile: 284B done
#3 DONE 0.0s

#4 [baseline-awareness internal] load build definition from Dockerfile
#4 transferring dockerfile: 299B done
#4 DONE 0.0s

#5 [persist internal] load build definition from Dockerfile
#5 transferring dockerfile: 266B done
#5 DONE 0.0s

#6 [llm-gateway internal] load build definition from Dockerfile
#6 transferring dockerfile: 278B done
#6 DONE 0.0s

#7 [bootstrap internal] load build definition from Dockerfile
#7 transferring dockerfile: 272B done
#7 DONE 0.0s

#8 [bootstrap internal] load metadata for docker.io/library/ubuntu:22.04
#8 DONE 0.5s

#9 [baseline-awareness internal] load metadata for docker.io/library/swift:6.1-jammy
#9 DONE 0.5s

#10 [llm-gateway internal] load .dockerignore
#10 transferring context: 2B done
#10 DONE 0.0s

#11 [bootstrap internal] load .dockerignore
#11 transferring context: 2B done
#11 DONE 0.0s

#12 [tools-factory internal] load .dockerignore
#12 transferring context: 2B done
#12 DONE 0.0s

#13 [persist internal] load .dockerignore
#13 transferring context: 2B done
#13 DONE 0.0s

#14 [function-caller build 1/4] FROM docker.io/library/swift:6.1-jammy@sha256:512716edb447938962d96627ff0b9f00d5701bfa61d97a5b5654f07a1482c342
#14 DONE 0.0s

#15 [baseline-awareness internal] load .dockerignore
#15 transferring context: 2B done
#15 DONE 0.0s

#16 [function-caller stage-1 1/2] FROM docker.io/library/ubuntu:22.04@sha256:59ccd419c0dc0edf9e3bff1a3b2b073ea15a2ce4bc45ce7c989278b225b09af3
#16 DONE 0.0s

#17 [function-caller internal] load .dockerignore
#17 transferring context: 2B done
#17 DONE 0.0s

#18 [planner internal] load .dockerignore
#18 transferring context: 2B done
#18 DONE 0.0s

#19 [bootstrap internal] load build context
#19 transferring context: 5.35MB 5.1s
#19 ...

#20 [planner internal] load build context
#20 ...

#19 [bootstrap internal] load build context
#19 transferring context: 5.98MB 8.4s done
#19 ...

#21 [persist internal] load build context
#21 transferring context: 5.98MB 8.4s done
#21 DONE 8.6s

#22 [llm-gateway internal] load build context
#22 transferring context: 5.98MB 8.4s done
#22 DONE 8.6s

#23 [tools-factory internal] load build context
#23 transferring context: 5.98MB 8.4s done
#23 DONE 8.6s

#24 [baseline-awareness internal] load build context
#24 transferring context: 5.98MB 7.9s done
#24 DONE 8.6s

#19 [bootstrap internal] load build context
#19 DONE 8.6s

#20 [planner internal] load build context
#20 transferring context: 5.98MB 8.4s done
#20 DONE 8.6s

#25 [function-caller internal] load build context
#25 transferring context: 5.98MB 8.4s done
#25 DONE 8.6s

#26 [baseline-awareness build 2/4] WORKDIR /src
#26 CACHED

#27 [planner build 3/4] COPY . .
#27 DONE 7.9s

#28 [bootstrap build 3/4] COPY . .
#28 CACHED

#29 [llm-gateway build 3/4] COPY . .
#29 CACHED

#30 [baseline-awareness build 3/4] COPY . .
#30 CACHED

#31 [tools-factory build 3/4] COPY . .
#31 CACHED

#32 [function-caller build 3/4] COPY . .
#32 CACHED

#33 [planner build 3/4] COPY . .
#33 CACHED

#34 [baseline-awareness build 4/4] RUN swift build -c release --product baseline-awareness-server
#34 ...

#35 [bootstrap build 4/4] RUN swift build -c release --product bootstrap-server
#35 ...

#36 [llm-gateway build 4/4] RUN swift build -c release --product llm-gateway-server
#36 ...

#37 [tools-factory build 4/4] RUN swift build -c release --product tools-factory-server
#37 ...

#38 [function-caller build 4/4] RUN swift build -c release --product function-caller-server
#38 ...

#39 [planner build 4/4] RUN swift build -c release --product planner-server
#39 ...

#40 [persist build 4/4] RUN swift build -c release --product persist-server
#40 ...

#39 [planner build 4/4] RUN swift build -c release --product planner-server
#39 18.86 Building for production...
#39 18.92 [0/6] Write sources
#39 19.37 [3/6] Write swift-version-24593BA9C3E375BF.txt
#39 ...

#38 [function-caller build 4/4] RUN swift build -c release --product function-caller-server
#38 19.00 Building for production...
#38 19.06 [0/14] Write sources
#38 19.58 [5/14] Compiling reader.c
#38 19.75 [6/14] Compiling writer.c
#38 20.03 [7/14] Compiling api.c
#38 20.07 [8/14] Write swift-version-24593BA9C3E375BF.txt
#38 20.15 [9/14] Compiling parser.c
#38 20.99 [10/15] Compiling emitter.c
#38 21.41 [11/15] Compiling scanner.c
#38 27.93 [13/16] Compiling ServiceShared Models.swift
#38 ...

#39 [planner build 4/4] RUN swift build -c release --product planner-server
#39 28.05 [5/7] Compiling ServiceShared Models.swift
#39 ...

#40 [persist build 4/4] RUN swift build -c release --product persist-server
#40 18.86 Building for production...
#40 18.92 [0/6] Write sources
#40 19.40 [3/6] Write swift-version-24593BA9C3E375BF.txt
#40 27.80 [5/7] Compiling ServiceShared Models.swift
#40 ...

#37 [tools-factory build 4/4] RUN swift build -c release --product tools-factory-server
#37 18.96 Building for production...
#37 19.03 [0/14] Write sources
#37 19.50 [5/14] Compiling writer.c
#37 19.57 [6/14] Compiling reader.c
#37 19.71 [7/14] Compiling api.c
#37 19.86 [8/14] Compiling parser.c
#37 20.65 [9/14] Compiling emitter.c
#37 21.19 [10/14] Compiling scanner.c
#37 21.19 [11/14] Write swift-version-24593BA9C3E375BF.txt
#37 28.57 [13/16] Compiling ServiceShared Models.swift
#37 ...

#35 [bootstrap build 4/4] RUN swift build -c release --product bootstrap-server
#35 19.39 Building for production...
#35 19.47 [0/7] Write sources
#35 19.73 [4/7] Write swift-version-24593BA9C3E375BF.txt
#35 27.80 [6/8] Compiling ServiceShared Models.swift
#35 ...

#34 [baseline-awareness build 4/4] RUN swift build -c release --product baseline-awareness-server
#34 21.21 Building for production...
#34 21.32 [0/6] Write sources
#34 21.66 [3/6] Write swift-version-24593BA9C3E375BF.txt
#34 28.54 [5/7] Compiling ServiceShared Models.swift
#34 ...

#36 [llm-gateway build 4/4] RUN swift build -c release --product llm-gateway-server
#36 19.69 Building for production...
#36 19.77 [0/6] Write sources
#36 20.28 [3/6] Write swift-version-24593BA9C3E375BF.txt
#36 27.80 [5/7] Compiling ServiceShared Models.swift
#36 30.25 [6/8] Compiling LLMGatewayService HTTPKernel.swift
#36 ...

#40 [persist build 4/4] RUN swift build -c release --product persist-server
#40 30.41 [6/8] Compiling PersistService HTTPKernel.swift
#40 31.80 [7/9] Compiling PersistServer main.swift
#40 31.81 [7/9] Write Objects.LinkFileList
#40 ...

#34 [baseline-awareness build 4/4] RUN swift build -c release --product baseline-awareness-server
#34 31.31 [6/8] Compiling BaselineAwarenessService BaselineStore.swift
#34 31.64 [7/9] Compiling BaselineAwarenessServer HTTPServer.swift
#34 31.64 /src/Generated/Server/baseline-awareness/main.swift:23:36: error: cannot convert value of type '__socket_type' to expected argument type 'Int32'
#34 31.64  21 | 
#34 31.64  22 |     func start() throws {
#34 31.64  23 |         serverFD = socket(AF_INET, SOCK_STREAM, 0)
#34 31.64     |                                    `- error: cannot convert value of type '__socket_type' to expected argument type 'Int32'
#34 31.64  24 |         guard serverFD >= 0 else { throw RuntimeError.socket }
#34 31.64  25 |         var opt: Int32 = 1
#34 ERROR: process "/bin/sh -c swift build -c release --product baseline-awareness-server" did not complete successfully: exit code: 1

#36 [llm-gateway build 4/4] RUN swift build -c release --product llm-gateway-server
#36 31.96 [7/9] Compiling LLMGatewayServer main.swift
#36 32.07 [7/9] Write Objects.LinkFileList
#36 ...

#37 [tools-factory build 4/4] RUN swift build -c release --product tools-factory-server
#37 CANCELED

#38 [function-caller build 4/4] RUN swift build -c release --product function-caller-server
#38 CANCELED

#35 [bootstrap build 4/4] RUN swift build -c release --product bootstrap-server
#35 31.37 [7/9] Compiling BaselineAwarenessService BaselineStore.swift
#35 CANCELED

#40 [persist build 4/4] RUN swift build -c release --product persist-server
#40 CANCELED

#36 [llm-gateway build 4/4] RUN swift build -c release --product llm-gateway-server
#36 CANCELED

#39 [planner build 4/4] RUN swift build -c release --product planner-server
#39 31.18 [6/8] Compiling PlannerService HTTPKernel.swift
#39 CANCELED
------
 > [baseline-awareness build 4/4] RUN swift build -c release --product baseline-awareness-server:
28.54 [5/7] Compiling ServiceShared Models.swift
31.31 [6/8] Compiling BaselineAwarenessService BaselineStore.swift
31.64 [7/9] Compiling BaselineAwarenessServer HTTPServer.swift
31.64 /src/Generated/Server/baseline-awareness/main.swift:23:36: error: cannot convert value of type '__socket_type' to expected argument type 'Int32'
31.64  21 | 
31.64  22 |     func start() throws {
31.64  23 |         serverFD = socket(AF_INET, SOCK_STREAM, 0)
31.64     |                                    `- error: cannot convert value of type '__socket_type' to expected argument type 'Int32'
31.64  24 |         guard serverFD >= 0 else { throw RuntimeError.socket }
31.64  25 |         var opt: Int32 = 1
------
failed to solve: process "/bin/sh -c swift build -c release --product baseline-awareness-server" did not complete successfully: exit code: 1
 Network kong-codex_default  Creating
 Network kong-codex_default  Created
 Container kong-codex-typesense-1  Creating
 Container kong-codex-kong-1  Creating
 Container kong-codex-typesense-1  Created
 Container kong-codex-kong-1  Created
Attaching to kong-1, typesense-1
Error response from daemon: mounts denied: 
The path /srv/deploy/repos/kong-codex/kong.yaml is not shared from the host and is not known to Docker.
You can configure shared paths from Docker -> Preferences... -> Resources -> File Sharing.
See https://docs.docker.com/desktop/settings/mac/#file-sharing for more info.
 Container kong-codex-typesense-1  Stopping
 Container kong-codex-kong-1  Stopping
 Container kong-codex-kong-1  Stopped
 Container kong-codex-kong-1  Removing
 Container kong-codex-kong-1  Removed
 Container kong-codex-typesense-1  Stopped
 Container kong-codex-typesense-1  Removing
 Container kong-codex-typesense-1  Removed
 Network kong-codex_default  Removing
 Network kong-codex_default  Removed

[2025-07-17T10:46:49.005876] Running integration tests for fountainai...
[2025-07-17T10:47:39.313420] Integration tests for fountainai failed with exit code 1

[2025-07-17T10:47:39.313646] Running integration tests for kong-codex...
[2025-07-17T10:47:50.357523] Integration tests for kong-codex failed with exit code 1
