[2025-07-18T20:06:04.765768] === New Cycle ===
Building for debugging...
[0/42] Write swift-version-24593BA9C3E375BF.txt
[2/61] Emitting module LLMGatewayServer
[3/61] Emitting module PersistServer
[4/61] Compiling LLMGatewayServer main.swift
/srv/deploy/repos/fountainai/Generated/Server/llm-gateway/main.swift:23:33: error: cannot convert value of type '__socket_type' to specified type 'Int32'
 21 | 
 22 |     func start() throws {
 23 |         let socketType: Int32 = SOCK_STREAM
    |                                 `- error: cannot convert value of type '__socket_type' to specified type 'Int32'
 24 | 
 25 |         serverFD = socket(AF_INET, socketType, 0)
[5/61] Compiling PlannerServer main.swift
/srv/deploy/repos/fountainai/Generated/Server/planner/main.swift:23:33: error: cannot convert value of type '__socket_type' to specified type 'Int32'
 21 | 
 22 |     func start() throws {
 23 |         let socketType: Int32 = SOCK_STREAM
    |                                 `- error: cannot convert value of type '__socket_type' to specified type 'Int32'
 24 | 
 25 |         serverFD = socket(AF_INET, socketType, 0)
[6/61] Emitting module PlannerServer
[6/61] Compiling bcm.cc
[6/61] Compiling c-atomics.c
[6/61] Compiling c-nioatomics.c

[2025-07-18T20:06:04.767520] Starting swift build...
[2025-07-18T20:06:06.375623] swift build failed with exit code 1
[2025-07-18T20:06:06.516932] [dispatcher] Updated git remote to use token-based authentication.
[2025-07-18T20:06:07.986934] [dispatcher] Running Docker build...
[2025-07-18T20:06:07.987640] [dispatcher] Running tests...
Compose now can delegate build to bake for better performances
Just set COMPOSE_BAKE=true
#0 building with "default" instance using docker driver

#1 [function-caller internal] load build definition from Dockerfile
#1 transferring dockerfile: 290B done
#1 DONE 0.0s

#2 [tools-factory internal] load build definition from Dockerfile
#2 transferring dockerfile: 284B done
#2 DONE 0.0s

#3 [llm-gateway internal] load build definition from Dockerfile
#3 transferring dockerfile: 278B done
#3 DONE 0.0s

#4 [persist internal] load build definition from Dockerfile
#4 transferring dockerfile: 266B done
#4 DONE 0.0s

#5 [baseline-awareness internal] load build definition from Dockerfile
#5 transferring dockerfile: 299B done
#5 DONE 0.0s

#6 [bootstrap internal] load build definition from Dockerfile
#6 transferring dockerfile: 272B done
#6 DONE 0.0s

#7 [planner internal] load build definition from Dockerfile
#7 transferring dockerfile: 266B done
#7 DONE 0.1s

#8 [planner internal] load metadata for docker.io/library/ubuntu:22.04
#8 DONE 0.6s

#9 [function-caller internal] load metadata for docker.io/library/swift:6.1-jammy
#9 DONE 0.6s

#10 [function-caller internal] load .dockerignore
#10 transferring context: 2B done
#10 DONE 0.0s

#11 [planner internal] load .dockerignore
#11 transferring context: 2B done
#11 DONE 0.0s

#12 [llm-gateway internal] load .dockerignore
#12 transferring context: 2B done
#12 DONE 0.0s

#13 [function-caller internal] load build context
#13 DONE 0.0s

#14 [planner internal] load build context
#14 DONE 0.0s

#15 [llm-gateway internal] load build context
#15 DONE 0.0s

#16 [bootstrap internal] load .dockerignore
#16 transferring context: 2B 0.0s done
#16 DONE 0.1s

#17 [tools-factory internal] load .dockerignore
#17 transferring context: 2B 0.0s done
#17 DONE 0.1s

#18 [llm-gateway build 1/4] FROM docker.io/library/swift:6.1-jammy@sha256:512716edb447938962d96627ff0b9f00d5701bfa61d97a5b5654f07a1482c342
#18 resolve docker.io/library/swift:6.1-jammy@sha256:512716edb447938962d96627ff0b9f00d5701bfa61d97a5b5654f07a1482c342
#18 resolve docker.io/library/swift:6.1-jammy@sha256:512716edb447938962d96627ff0b9f00d5701bfa61d97a5b5654f07a1482c342 0.1s done
#18 DONE 0.1s

#19 [persist internal] load .dockerignore
#19 transferring context: 2B 0.0s done
#19 DONE 0.1s

#20 [baseline-awareness internal] load .dockerignore
#20 transferring context: 2B 0.0s done
#20 DONE 0.1s

#21 [persist stage-1 1/2] FROM docker.io/library/ubuntu:22.04@sha256:1ec65b2719518e27d4d25f104d93f9fac60dc437f81452302406825c46fcc9cb
#21 resolve docker.io/library/ubuntu:22.04@sha256:1ec65b2719518e27d4d25f104d93f9fac60dc437f81452302406825c46fcc9cb 0.1s done
#21 CACHED

#22 [baseline-awareness internal] load build context
#22 transferring context: 1.60MB 4.9s
#22 ...

#23 [tools-factory internal] load build context
#23 ...

#22 [baseline-awareness internal] load build context
#22 ...

#24 [bootstrap internal] load build context
#24 transferring context: 9.39MB 10.0s
#24 ...

#14 [planner internal] load build context
#14 ...

#25 [persist internal] load build context
#25 ...

#13 [function-caller internal] load build context
#13 ...

#15 [llm-gateway internal] load build context
#15 ...

#13 [function-caller internal] load build context
#13 transferring context: 9.70MB 11.8s done
#13 ...

#25 [persist internal] load build context
#25 transferring context: 9.70MB 11.0s done
#25 DONE 11.9s

#24 [bootstrap internal] load build context
#24 transferring context: 9.70MB 11.7s done
#24 DONE 11.9s

#14 [planner internal] load build context
#14 transferring context: 9.70MB 11.7s done
#14 DONE 11.9s

#22 [baseline-awareness internal] load build context
#22 transferring context: 9.70MB 11.7s done
#22 DONE 11.9s

#13 [function-caller internal] load build context
#13 DONE 11.9s

#23 [tools-factory internal] load build context
#23 transferring context: 9.70MB 11.7s done
#23 DONE 11.9s

#15 [llm-gateway internal] load build context
#15 transferring context: 9.70MB 11.8s done
#15 DONE 11.9s

#26 [function-caller build 2/4] WORKDIR /src
#26 CACHED

#27 [tools-factory build 3/4] COPY . .
#27 DONE 11.9s

#28 [baseline-awareness build 3/4] COPY . .
#28 CACHED

#29 [bootstrap build 3/4] COPY . .
#29 CACHED

#30 [tools-factory build 3/4] COPY . .
#30 CACHED

#31 [planner build 3/4] COPY . .
#31 CACHED

#32 [llm-gateway build 3/4] COPY . .
#32 CACHED

#33 [function-caller build 3/4] COPY . .
#33 CACHED

#34 [bootstrap build 4/4] RUN swift build -c release --product bootstrap-server
#34 ...

#35 [persist build 4/4] RUN swift build -c release --product persist-server
#35 ...

#36 [planner build 4/4] RUN swift build -c release --product planner-server
#36 ...

#37 [function-caller build 4/4] RUN swift build -c release --product function-caller-server
#37 ...

#38 [baseline-awareness build 4/4] RUN swift build -c release --product baseline-awareness-server
#38 ...

#39 [llm-gateway build 4/4] RUN swift build -c release --product llm-gateway-server
#39 ...

#40 [tools-factory build 4/4] RUN swift build -c release --product tools-factory-server
#40 ...

#35 [persist build 4/4] RUN swift build -c release --product persist-server
#35 14.60 Building for production...
#35 14.65 [0/6] Write sources
#35 14.80 [3/6] Write swift-version-24593BA9C3E375BF.txt
#35 ...

#40 [tools-factory build 4/4] RUN swift build -c release --product tools-factory-server
#40 14.75 Building for production...
#40 14.80 [0/14] Write sources
#40 14.95 [5/14] Write swift-version-24593BA9C3E375BF.txt
#40 15.37 [6/15] Compiling writer.c
#40 15.42 [7/15] Compiling reader.c
#40 15.57 [8/15] Compiling parser.c
#40 15.72 [9/15] Compiling api.c
#40 15.95 [10/15] Compiling emitter.c
#40 16.56 [11/15] Compiling scanner.c
#40 ...

#35 [persist build 4/4] RUN swift build -c release --product persist-server
#35 20.71 [5/7] Compiling ServiceShared Models.swift
#35 21.95 [6/8] Compiling PersistService HTTPKernel.swift
#35 22.21 [7/9] Compiling PersistServer main.swift
#35 22.21 /src/Generated/Server/persist/main.swift:23:33: error: cannot convert value of type '__socket_type' to specified type 'Int32'
#35 22.21  21 | 
#35 22.21  22 |     func start() throws {
#35 22.21  23 |         let socketType: Int32 = SOCK_STREAM
#35 22.21     |                                 `- error: cannot convert value of type '__socket_type' to specified type 'Int32'
#35 22.21  24 | 
#35 22.21  25 |         serverFD = socket(AF_INET, socketType, 0)
#35 ERROR: process "/bin/sh -c swift build -c release --product persist-server" did not complete successfully: exit code: 1

#39 [llm-gateway build 4/4] RUN swift build -c release --product llm-gateway-server
#39 14.75 Building for production...
#39 14.78 [0/6] Write sources
#39 14.95 [3/6] Write swift-version-24593BA9C3E375BF.txt
#39 20.75 [5/7] Compiling ServiceShared Models.swift
#39 21.76 [6/8] Compiling LLMGatewayService HTTPKernel.swift
#39 22.12 [7/9] Compiling LLMGatewayServer main.swift
#39 22.12 /src/Generated/Server/llm-gateway/main.swift:23:33: error: cannot convert value of type '__socket_type' to specified type 'Int32'
#39 22.12  21 | 
#39 22.12  22 |     func start() throws {
#39 22.12  23 |         let socketType: Int32 = SOCK_STREAM
#39 22.12     |                                 `- error: cannot convert value of type '__socket_type' to specified type 'Int32'
#39 22.12  24 | 
#39 22.12  25 |         serverFD = socket(AF_INET, socketType, 0)
#39 ERROR: process "/bin/sh -c swift build -c release --product llm-gateway-server" did not complete successfully: exit code: 1

#37 [function-caller build 4/4] RUN swift build -c release --product function-caller-server
#37 14.72 Building for production...
#37 14.77 [0/14] Write sources
#37 15.02 [5/14] Write swift-version-24593BA9C3E375BF.txt
#37 15.36 [6/15] Compiling writer.c
#37 15.40 [7/15] Compiling reader.c
#37 15.50 [8/15] Compiling api.c
#37 15.58 [9/15] Compiling parser.c
#37 16.13 [10/15] Compiling scanner.c
#37 16.17 [11/15] Compiling emitter.c
#37 20.99 [13/16] Compiling ServiceShared Models.swift
#37 ...

#36 [planner build 4/4] RUN swift build -c release --product planner-server
#36 14.69 Building for production...
#36 14.73 [0/6] Write sources
#36 14.89 [3/6] Write swift-version-24593BA9C3E375BF.txt
#36 20.72 [5/7] Compiling ServiceShared Models.swift
#36 22.52 [6/8] Compiling PlannerService HTTPKernel.swift
#36 22.76 [7/9] Compiling PlannerServer main.swift
#36 22.76 /src/Generated/Server/planner/main.swift:23:33: error: cannot convert value of type '__socket_type' to specified type 'Int32'
#36 22.76  21 | 
#36 22.76  22 |     func start() throws {
#36 22.76  23 |         let socketType: Int32 = SOCK_STREAM
#36 22.76     |                                 `- error: cannot convert value of type '__socket_type' to specified type 'Int32'
#36 22.76  24 | 
#36 22.76  25 |         serverFD = socket(AF_INET, socketType, 0)
#36 ERROR: process "/bin/sh -c swift build -c release --product planner-server" did not complete successfully: exit code: 1

#38 [baseline-awareness build 4/4] RUN swift build -c release --product baseline-awareness-server
#38 14.72 Building for production...
#38 14.76 [0/6] Write sources
#38 14.93 [3/6] Write swift-version-24593BA9C3E375BF.txt
#38 20.71 [5/7] Compiling ServiceShared Models.swift
#38 22.75 [6/8] Compiling BaselineAwarenessService BaselineStore.swift
#38 23.14 [7/9] Compiling BaselineAwarenessServer HTTPServer.swift
#38 23.14 /src/Generated/Server/baseline-awareness/main.swift:26:36: error: cannot convert value of type '__socket_type' to expected argument type 'Int32'
#38 23.14  24 | 
#38 23.14  25 |     func start() throws {
#38 23.14  26 |         serverFD = socket(AF_INET, SOCK_STREAM, 0)
#38 23.14     |                                    `- error: cannot convert value of type '__socket_type' to expected argument type 'Int32'
#38 23.14  27 |         guard serverFD >= 0 else { throw RuntimeError.socket }
#38 23.14  28 |         var opt: Int32 = 1
#38 ERROR: process "/bin/sh -c swift build -c release --product baseline-awareness-server" did not complete successfully: exit code: 1

#34 [bootstrap build 4/4] RUN swift build -c release --product bootstrap-server
#34 15.02 Building for production...
#34 15.07 [0/7] Write sources
#34 15.36 [4/7] Write swift-version-24593BA9C3E375BF.txt
#34 20.93 [6/8] Compiling ServiceShared Models.swift
#34 22.63 [7/9] Compiling BaselineAwarenessService BaselineStore.swift
#34 CANCELED

#40 [tools-factory build 4/4] RUN swift build -c release --product tools-factory-server
#40 21.43 [13/16] Compiling ServiceShared Models.swift
#40 CANCELED

#37 [function-caller build 4/4] RUN swift build -c release --product function-caller-server
#37 CANCELED
------
 > [planner build 4/4] RUN swift build -c release --product planner-server:
20.72 [5/7] Compiling ServiceShared Models.swift
22.52 [6/8] Compiling PlannerService HTTPKernel.swift
22.76 [7/9] Compiling PlannerServer main.swift
22.76 /src/Generated/Server/planner/main.swift:23:33: error: cannot convert value of type '__socket_type' to specified type 'Int32'
22.76  21 | 
22.76  22 |     func start() throws {
22.76  23 |         let socketType: Int32 = SOCK_STREAM
22.76     |                                 `- error: cannot convert value of type '__socket_type' to specified type 'Int32'
22.76  24 | 
22.76  25 |         serverFD = socket(AF_INET, socketType, 0)
------
------
 > [llm-gateway build 4/4] RUN swift build -c release --product llm-gateway-server:
20.75 [5/7] Compiling ServiceShared Models.swift
21.76 [6/8] Compiling LLMGatewayService HTTPKernel.swift
22.12 [7/9] Compiling LLMGatewayServer main.swift
22.12 /src/Generated/Server/llm-gateway/main.swift:23:33: error: cannot convert value of type '__socket_type' to specified type 'Int32'
22.12  21 | 
22.12  22 |     func start() throws {
22.12  23 |         let socketType: Int32 = SOCK_STREAM
22.12     |                                 `- error: cannot convert value of type '__socket_type' to specified type 'Int32'
22.12  24 | 
22.12  25 |         serverFD = socket(AF_INET, socketType, 0)
------
------
 > [baseline-awareness build 4/4] RUN swift build -c release --product baseline-awareness-server:
20.71 [5/7] Compiling ServiceShared Models.swift
22.75 [6/8] Compiling BaselineAwarenessService BaselineStore.swift
23.14 [7/9] Compiling BaselineAwarenessServer HTTPServer.swift
23.14 /src/Generated/Server/baseline-awareness/main.swift:26:36: error: cannot convert value of type '__socket_type' to expected argument type 'Int32'
23.14  24 | 
23.14  25 |     func start() throws {
23.14  26 |         serverFD = socket(AF_INET, SOCK_STREAM, 0)
23.14     |                                    `- error: cannot convert value of type '__socket_type' to expected argument type 'Int32'
23.14  27 |         guard serverFD >= 0 else { throw RuntimeError.socket }
23.14  28 |         var opt: Int32 = 1
------
------
 > [persist build 4/4] RUN swift build -c release --product persist-server:
20.71 [5/7] Compiling ServiceShared Models.swift
21.95 [6/8] Compiling PersistService HTTPKernel.swift
22.21 [7/9] Compiling PersistServer main.swift
22.21 /src/Generated/Server/persist/main.swift:23:33: error: cannot convert value of type '__socket_type' to specified type 'Int32'
22.21  21 | 
22.21  22 |     func start() throws {
22.21  23 |         let socketType: Int32 = SOCK_STREAM
22.21     |                                 `- error: cannot convert value of type '__socket_type' to specified type 'Int32'
22.21  24 | 
22.21  25 |         serverFD = socket(AF_INET, socketType, 0)
------
failed to solve: process "/bin/sh -c swift build -c release --product persist-server" did not complete successfully: exit code: 1
 Network kong-codex_default  Creating
 Network kong-codex_default  Created
 Container kong-codex-kong-1  Creating
 Container kong-codex-typesense-1  Creating
 Container kong-codex-typesense-1  Created
 Container kong-codex-kong-1  Created
Attaching to kong-1, typesense-1
Gracefully stopping... (press Ctrl+C again to force)
Error response from daemon: mounts denied: 
The path /srv/deploy/repos/kong-codex/kong.conf is not shared from the host and is not known to Docker.
You can configure shared paths from Docker -> Preferences... -> Resources -> File Sharing.
See https://docs.docker.com/go/mac-file-sharing/ for more info.
 Container kong-codex-typesense-1  Stopping
 Container kong-codex-kong-1  Stopping
 Container kong-codex-kong-1  Stopped
 Container kong-codex-kong-1  Removing
 Container kong-codex-kong-1  Removed
 Container kong-codex-typesense-1  Stopped
 Container kong-codex-typesense-1  Removing
 Container kong-codex-typesense-1  Removed
 Network kong-codex_default  Removing
 Network kong-codex_default  Removed

[2025-07-18T20:06:07.987872] Running integration tests for fountainai...
[2025-07-18T20:06:57.293815] Integration tests for fountainai failed with exit code 1

[2025-07-18T20:06:57.296110] Running integration tests for kong-codex...
[2025-07-18T20:07:00.809398] Integration tests for kong-codex failed with exit code 1
