[2025-07-18T23:42:44.775064] === New Cycle ===
Building for debugging...
[0/42] Write swift-version-24593BA9C3E375BF.txt
[2/61] Emitting module LLMGatewayServer
[3/61] Emitting module PersistServer
[4/61] Emitting module PlannerServer
[5/61] Compiling PersistServer main.swift
/srv/deploy/repos/fountainai/Generated/Server/persist/main.swift:23:33: error: cannot convert value of type '__socket_type' to specified type 'Int32'
 21 | 
 22 |     func start() throws {
 23 |         let socketType: Int32 = SOCK_STREAM
    |                                 `- error: cannot convert value of type '__socket_type' to specified type 'Int32'
 24 | 
 25 |         serverFD = socket(AF_INET, socketType, 0)
[6/61] Compiling LLMGatewayServer main.swift
/srv/deploy/repos/fountainai/Generated/Server/llm-gateway/main.swift:23:33: error: cannot convert value of type '__socket_type' to specified type 'Int32'
 21 | 
 22 |     func start() throws {
 23 |         let socketType: Int32 = SOCK_STREAM
    |                                 `- error: cannot convert value of type '__socket_type' to specified type 'Int32'
 24 | 
 25 |         serverFD = socket(AF_INET, socketType, 0)
[7/61] Compiling PlannerServer main.swift
/srv/deploy/repos/fountainai/Generated/Server/planner/main.swift:23:33: error: cannot convert value of type '__socket_type' to specified type 'Int32'
 21 | 
 22 |     func start() throws {
 23 |         let socketType: Int32 = SOCK_STREAM
    |                                 `- error: cannot convert value of type '__socket_type' to specified type 'Int32'
 24 | 
 25 |         serverFD = socket(AF_INET, socketType, 0)
[7/61] Compiling c-atomics.c
[7/61] Compiling c-nioatomics.c
[7/61] Compiling bcm.cc

[2025-07-18T23:42:44.776079] Starting swift build...
[2025-07-18T23:42:46.672613] swift build failed with exit code 1
[2025-07-18T23:42:46.929861] [dispatcher] Updated git remote to use token-based authentication.
[2025-07-18T23:42:48.629130] [dispatcher] Running Docker build...
[2025-07-18T23:42:48.629893] [dispatcher] Running tests...
Compose now can delegate build to bake for better performances
Just set COMPOSE_BAKE=true
#0 building with "default" instance using docker driver

#1 [function-caller internal] load build definition from Dockerfile
#1 transferring dockerfile: 290B done
#1 DONE 0.0s

#2 [persist internal] load build definition from Dockerfile
#2 transferring dockerfile: 266B done
#2 DONE 0.0s

#3 [baseline-awareness internal] load build definition from Dockerfile
#3 transferring dockerfile: 299B done
#3 DONE 0.0s

#4 [tools-factory internal] load build definition from Dockerfile
#4 transferring dockerfile: 284B done
#4 DONE 0.0s

#5 [bootstrap internal] load build definition from Dockerfile
#5 transferring dockerfile: 272B done
#5 DONE 0.0s

#6 [llm-gateway internal] load build definition from Dockerfile
#6 transferring dockerfile: 278B done
#6 DONE 0.0s

#7 [planner internal] load build definition from Dockerfile
#7 transferring dockerfile: 266B done
#7 DONE 0.0s

#8 [llm-gateway internal] load metadata for docker.io/library/ubuntu:22.04
#8 DONE 1.0s

#9 [function-caller internal] load metadata for docker.io/library/swift:6.1-jammy
#9 DONE 0.9s

#10 [bootstrap internal] load .dockerignore
#10 transferring context: 2B done
#10 DONE 0.0s

#11 [persist internal] load .dockerignore
#11 transferring context: 2B done
#11 DONE 0.0s

#12 [planner internal] load .dockerignore
#12 transferring context: 2B done
#12 DONE 0.0s

#13 [llm-gateway internal] load .dockerignore
#13 transferring context: 2B done
#13 DONE 0.0s

#14 [function-caller internal] load .dockerignore
#14 transferring context: 2B done
#14 DONE 0.0s

#15 [bootstrap internal] load build context
#15 DONE 0.0s

#16 [persist internal] load build context
#16 DONE 0.0s

#17 [baseline-awareness internal] load .dockerignore
#17 transferring context: 2B done
#17 DONE 0.0s

#18 [function-caller internal] load build context
#18 DONE 0.0s

#19 [planner stage-1 1/2] FROM docker.io/library/ubuntu:22.04@sha256:1ec65b2719518e27d4d25f104d93f9fac60dc437f81452302406825c46fcc9cb
#19 resolve docker.io/library/ubuntu:22.04@sha256:1ec65b2719518e27d4d25f104d93f9fac60dc437f81452302406825c46fcc9cb
#19 resolve docker.io/library/ubuntu:22.04@sha256:1ec65b2719518e27d4d25f104d93f9fac60dc437f81452302406825c46fcc9cb 0.0s done
#19 CACHED

#20 [tools-factory internal] load .dockerignore
#20 transferring context: 2B done
#20 DONE 0.0s

#21 [tools-factory build 1/4] FROM docker.io/library/swift:6.1-jammy@sha256:512716edb447938962d96627ff0b9f00d5701bfa61d97a5b5654f07a1482c342
#21 resolve docker.io/library/swift:6.1-jammy@sha256:512716edb447938962d96627ff0b9f00d5701bfa61d97a5b5654f07a1482c342 0.0s done
#21 DONE 0.0s

#22 [tools-factory internal] load build context
#22 transferring context: 1.46MB 5.1s
#22 ...

#23 [baseline-awareness internal] load build context
#23 ...

#22 [tools-factory internal] load build context
#22 ...

#15 [bootstrap internal] load build context
#15 ...

#16 [persist internal] load build context
#16 transferring context: 8.75MB 10.2s
#16 ...

#24 [llm-gateway internal] load build context
#24 ...

#18 [function-caller internal] load build context
#18 ...

#25 [planner internal] load build context
#25 ...

#24 [llm-gateway internal] load build context
#24 ...

#25 [planner internal] load build context
#25 transferring context: 9.70MB 11.8s done
#25 DONE 15.6s

#24 [llm-gateway internal] load build context
#24 transferring context: 9.70MB 15.4s done
#24 ...

#22 [tools-factory internal] load build context
#22 transferring context: 9.70MB 15.4s done
#22 ...

#26 [bootstrap build 2/4] WORKDIR /src
#26 CACHED

#23 [baseline-awareness internal] load build context
#23 transferring context: 9.70MB 15.4s done
#23 ...

#24 [llm-gateway internal] load build context
#24 DONE 15.7s

#16 [persist internal] load build context
#16 transferring context: 9.70MB 15.5s done
#16 ...

#23 [baseline-awareness internal] load build context
#23 DONE 15.7s

#27 [baseline-awareness build 3/4] COPY . .
#27 ...

#22 [tools-factory internal] load build context
#22 DONE 16.0s

#16 [persist internal] load build context
#16 DONE 16.0s

#18 [function-caller internal] load build context
#18 transferring context: 9.70MB 15.4s done
#18 DONE 16.0s

#15 [bootstrap internal] load build context
#15 transferring context: 9.70MB 15.5s done
#15 DONE 16.0s

#27 [persist build 3/4] COPY . .
#27 DONE 13.8s

#28 [llm-gateway build 3/4] COPY . .
#28 CACHED

#29 [tools-factory build 3/4] COPY . .
#29 CACHED

#30 [bootstrap build 3/4] COPY . .
#30 CACHED

#31 [persist build 3/4] COPY . .
#31 CACHED

#32 [function-caller build 3/4] COPY . .
#32 CACHED

#33 [baseline-awareness build 3/4] COPY . .
#33 CACHED

#34 [tools-factory build 4/4] RUN swift build -c release --product tools-factory-server
#34 ...

#35 [persist build 4/4] RUN swift build -c release --product persist-server
#35 ...

#36 [llm-gateway build 4/4] RUN swift build -c release --product llm-gateway-server
#36 ...

#37 [function-caller build 4/4] RUN swift build -c release --product function-caller-server
#37 ...

#38 [baseline-awareness build 4/4] RUN swift build -c release --product baseline-awareness-server
#38 ...

#39 [planner build 4/4] RUN swift build -c release --product planner-server
#39 ...

#40 [bootstrap build 4/4] RUN swift build -c release --product bootstrap-server
#40 16.09 Building for production...
#40 ...

#36 [llm-gateway build 4/4] RUN swift build -c release --product llm-gateway-server
#36 16.19 Building for production...
#36 16.36 [0/6] Write sources
#36 16.53 [3/6] Write swift-version-24593BA9C3E375BF.txt
#36 ...

#34 [tools-factory build 4/4] RUN swift build -c release --product tools-factory-server
#34 16.17 Building for production...
#34 16.36 [0/14] Write sources
#34 16.54 [5/14] Write swift-version-24593BA9C3E375BF.txt
#34 16.87 [6/15] Compiling writer.c
#34 16.91 [7/15] Compiling reader.c
#34 17.09 [8/15] Compiling api.c
#34 17.39 [9/15] Compiling parser.c
#34 17.57 [10/15] Compiling emitter.c
#34 18.43 [11/15] Compiling scanner.c
#34 ...

#36 [llm-gateway build 4/4] RUN swift build -c release --product llm-gateway-server
#36 22.01 [5/7] Compiling ServiceShared Models.swift
#36 23.16 [6/8] Compiling LLMGatewayService HTTPKernel.swift
#36 23.43 [7/9] Compiling LLMGatewayServer main.swift
#36 23.43 /src/Generated/Server/llm-gateway/main.swift:23:33: error: cannot convert value of type '__socket_type' to specified type 'Int32'
#36 23.43  21 | 
#36 23.43  22 |     func start() throws {
#36 23.43  23 |         let socketType: Int32 = SOCK_STREAM
#36 23.43     |                                 `- error: cannot convert value of type '__socket_type' to specified type 'Int32'
#36 23.43  24 | 
#36 23.43  25 |         serverFD = socket(AF_INET, socketType, 0)
#36 ERROR: process "/bin/sh -c swift build -c release --product llm-gateway-server" did not complete successfully: exit code: 1

#35 [persist build 4/4] RUN swift build -c release --product persist-server
#35 16.15 Building for production...
#35 16.36 [0/6] Write sources
#35 16.54 [3/6] Write swift-version-24593BA9C3E375BF.txt
#35 22.18 [5/7] Compiling ServiceShared Models.swift
#35 23.26 [6/8] Compiling PersistService HTTPKernel.swift
#35 23.48 [7/9] Compiling PersistServer main.swift
#35 23.48 /src/Generated/Server/persist/main.swift:23:33: error: cannot convert value of type '__socket_type' to specified type 'Int32'
#35 23.48  21 | 
#35 23.48  22 |     func start() throws {
#35 23.48  23 |         let socketType: Int32 = SOCK_STREAM
#35 23.48     |                                 `- error: cannot convert value of type '__socket_type' to specified type 'Int32'
#35 23.48  24 | 
#35 23.48  25 |         serverFD = socket(AF_INET, socketType, 0)
#35 ERROR: process "/bin/sh -c swift build -c release --product persist-server" did not complete successfully: exit code: 1

#37 [function-caller build 4/4] RUN swift build -c release --product function-caller-server
#37 16.14 Building for production...
#37 16.36 [0/14] Write sources
#37 16.85 [5/14] Compiling writer.c
#37 16.88 [6/14] Compiling reader.c
#37 16.89 [7/14] Write swift-version-24593BA9C3E375BF.txt
#37 16.93 [8/14] Compiling api.c
#37 17.09 [9/15] Compiling parser.c
#37 17.85 [10/15] Compiling emitter.c
#37 17.87 [11/15] Compiling scanner.c
#37 22.79 [13/16] Compiling ServiceShared Models.swift
#37 ...

#38 [baseline-awareness build 4/4] RUN swift build -c release --product baseline-awareness-server
#38 16.15 Building for production...
#38 16.36 [0/6] Write sources
#38 16.54 [3/6] Write swift-version-24593BA9C3E375BF.txt
#38 22.02 [5/7] Compiling ServiceShared Models.swift
#38 24.16 [6/8] Compiling BaselineAwarenessService BaselineStore.swift
#38 CANCELED

#39 [planner build 4/4] RUN swift build -c release --product planner-server
#39 16.11 Building for production...
#39 16.36 [0/6] Write sources
#39 16.54 [3/6] Write swift-version-24593BA9C3E375BF.txt
#39 22.07 [5/7] Compiling ServiceShared Models.swift
#39 24.00 [6/8] Compiling PlannerService HTTPKernel.swift
#39 CANCELED

#37 [function-caller build 4/4] RUN swift build -c release --product function-caller-server
#37 CANCELED

#34 [tools-factory build 4/4] RUN swift build -c release --product tools-factory-server
#34 22.59 [13/16] Compiling ServiceShared Models.swift
#34 CANCELED

#40 [bootstrap build 4/4] RUN swift build -c release --product bootstrap-server
#40 16.36 [0/7] Write sources
#40 16.54 [4/7] Write swift-version-24593BA9C3E375BF.txt
#40 22.02 [6/8] Compiling ServiceShared Models.swift
#40 24.00 [7/9] Compiling BaselineAwarenessService BaselineStore.swift
#40 CANCELED
------
 > [llm-gateway build 4/4] RUN swift build -c release --product llm-gateway-server:
22.01 [5/7] Compiling ServiceShared Models.swift
23.16 [6/8] Compiling LLMGatewayService HTTPKernel.swift
23.43 [7/9] Compiling LLMGatewayServer main.swift
23.43 /src/Generated/Server/llm-gateway/main.swift:23:33: error: cannot convert value of type '__socket_type' to specified type 'Int32'
23.43  21 | 
23.43  22 |     func start() throws {
23.43  23 |         let socketType: Int32 = SOCK_STREAM
23.43     |                                 `- error: cannot convert value of type '__socket_type' to specified type 'Int32'
23.43  24 | 
23.43  25 |         serverFD = socket(AF_INET, socketType, 0)
------
------
 > [persist build 4/4] RUN swift build -c release --product persist-server:
22.18 [5/7] Compiling ServiceShared Models.swift
23.26 [6/8] Compiling PersistService HTTPKernel.swift
23.48 [7/9] Compiling PersistServer main.swift
23.48 /src/Generated/Server/persist/main.swift:23:33: error: cannot convert value of type '__socket_type' to specified type 'Int32'
23.48  21 | 
23.48  22 |     func start() throws {
23.48  23 |         let socketType: Int32 = SOCK_STREAM
23.48     |                                 `- error: cannot convert value of type '__socket_type' to specified type 'Int32'
23.48  24 | 
23.48  25 |         serverFD = socket(AF_INET, socketType, 0)
------
failed to solve: process "/bin/sh -c swift build -c release --product persist-server" did not complete successfully: exit code: 1
 Network kong-codex_default  Creating
 Network kong-codex_default  Created
 Container kong-codex-typesense-1  Creating
 Container kong-codex-kong-1  Creating
 Container kong-codex-typesense-1  Created
 Container kong-codex-kong-1  Created
Attaching to kong-1, typesense-1
Gracefully stopping... (press Ctrl+C again to force)
Error response from daemon: mounts denied: 
The path /srv/deploy/repos/kong-codex/kong.conf is not shared from the host and is not known to Docker.
You can configure shared paths from Docker -> Preferences... -> Resources -> File Sharing.
See https://docs.docker.com/go/mac-file-sharing/ for more info.
 Container kong-codex-kong-1  Stopping
 Container kong-codex-typesense-1  Stopping
 Container kong-codex-kong-1  Stopped
 Container kong-codex-kong-1  Removing
 Container kong-codex-kong-1  Removed
 Container kong-codex-typesense-1  Stopped
 Container kong-codex-typesense-1  Removing
 Container kong-codex-typesense-1  Removed
 Network kong-codex_default  Removing
 Network kong-codex_default  Removed

[2025-07-18T23:42:48.630105] Running integration tests for fountainai...
[2025-07-18T23:43:44.274355] Integration tests for fountainai failed with exit code 1

[2025-07-18T23:43:44.284240] Running integration tests for kong-codex...
[2025-07-18T23:43:46.432722] Integration tests for kong-codex failed with exit code 1
