[2025-07-17T10:02:11.949922] === New Cycle ===
Building for debugging...
[0/378] Compiling vpaes-armv7-linux.S
[0/378] Compiling sha512-x86_64-linux.S
[1/378] Compiling vpaes-armv8-apple.S
[3/378] Compiling sha512-armv8-win.S
[4/378] Compiling sha512-armv8-linux.S
[5/378] Compiling sha512-x86_64-apple.S
[5/378] Write swift-version-24593BA9C3E375BF.txt
[7/373] Compiling sha512-armv8-apple.S
[8/373] Compiling sha512-586-linux.S
[9/373] Compiling sha512-armv4-linux.S
[11/381] Emitting module PlannerServer
[12/381] Compiling PlannerServer main.swift
/srv/deploy/repos/fountainai/Generated/Server/planner/main.swift:23:43: error: initializer 'init(_:)' requires that '__socket_type' conform to 'BinaryFloatingPoint'
21 | 
22 |     func start() throws {
23 |         serverFD = socket(Int32(AF_INET), Int32(SOCK_STREAM), 0)
   |                                           `- error: initializer 'init(_:)' requires that '__socket_type' conform to 'BinaryFloatingPoint'
24 |         guard serverFD >= 0 else { throw RuntimeError.socket }
25 |         var opt: Int32 = 1

Swift.FixedWidthInteger.init:2:19: note: where 'T' = '__socket_type'
1 | protocol FixedWidthInteger {
2 | @inlinable public init<T>(_ source: T) where T : BinaryFloatingPoint}
  |                   `- note: where 'T' = '__socket_type'
3 | 
[13/381] Emitting module PersistServer
[14/381] Compiling PersistServer main.swift
/srv/deploy/repos/fountainai/Generated/Server/persist/main.swift:23:43: error: initializer 'init(_:)' requires that '__socket_type' conform to 'BinaryFloatingPoint'
21 | 
22 |     func start() throws {
23 |         serverFD = socket(Int32(AF_INET), Int32(SOCK_STREAM), 0)
   |                                           `- error: initializer 'init(_:)' requires that '__socket_type' conform to 'BinaryFloatingPoint'
24 |         guard serverFD >= 0 else { throw RuntimeError.socket }
25 |         var opt: Int32 = 1

Swift.FixedWidthInteger.init:2:19: note: where 'T' = '__socket_type'
1 | protocol FixedWidthInteger {
2 | @inlinable public init<T>(_ source: T) where T : BinaryFloatingPoint}
  |                   `- note: where 'T' = '__socket_type'
3 | 
[14/381] Compiling d1_pkt.cc
[14/381] Compiling d1_lib.cc
[14/381] Compiling d1_both.cc
[14/381] Compiling dtls_method.cc
[14/381] Compiling d1_srtp.cc
[15/381] Emitting module Parser
[16/381] Compiling Parser SpecLoader.swift

[2025-07-17T10:02:11.950611] Starting swift build...
[2025-07-17T10:02:14.148494] swift build failed with exit code 1
[2025-07-17T10:02:14.337774] [dispatcher] Updated git remote to use token-based authentication.
[2025-07-17T10:02:15.533552] [dispatcher] Running Docker build...
[2025-07-17T10:02:15.534442] [dispatcher] Running tests...
Compose now can delegate build to bake for better performances
Just set COMPOSE_BAKE=true
#0 building with "default" instance using docker driver

#1 [bootstrap internal] load build definition from Dockerfile
#1 transferring dockerfile: 272B done
#1 DONE 0.0s

#2 [baseline-awareness internal] load build definition from Dockerfile
#2 transferring dockerfile: 299B done
#2 DONE 0.0s

#3 [function-caller internal] load build definition from Dockerfile
#3 transferring dockerfile: 290B done
#3 DONE 0.0s

#4 [persist internal] load build definition from Dockerfile
#4 transferring dockerfile: 266B done
#4 DONE 0.0s

#5 [llm-gateway internal] load build definition from Dockerfile
#5 transferring dockerfile: 278B done
#5 DONE 0.0s

#6 [planner internal] load build definition from Dockerfile
#6 transferring dockerfile: 266B done
#6 DONE 0.0s

#7 [tools-factory internal] load build definition from Dockerfile
#7 transferring dockerfile: 284B done
#7 DONE 0.0s

#8 [tools-factory internal] load metadata for docker.io/library/swift:6.1-jammy
#8 DONE 1.3s

#9 [bootstrap internal] load metadata for docker.io/library/ubuntu:22.04
#9 DONE 1.2s

#10 [function-caller internal] load .dockerignore
#10 transferring context:
#10 transferring context: 2B done
#10 DONE 0.0s

#11 [tools-factory internal] load .dockerignore
#11 transferring context: 2B done
#11 DONE 0.0s

#12 [planner internal] load .dockerignore
#12 transferring context: 2B 0.0s done
#12 DONE 0.0s

#13 [bootstrap internal] load .dockerignore
#13 transferring context: 2B done
#13 DONE 0.0s

#14 [persist build 1/4] FROM docker.io/library/swift:6.1-jammy@sha256:512716edb447938962d96627ff0b9f00d5701bfa61d97a5b5654f07a1482c342
#14 DONE 0.0s

#15 [llm-gateway internal] load .dockerignore
#15 transferring context: 2B done
#15 DONE 0.0s

#16 [persist stage-1 1/2] FROM docker.io/library/ubuntu:22.04@sha256:59ccd419c0dc0edf9e3bff1a3b2b073ea15a2ce4bc45ce7c989278b225b09af3
#16 DONE 0.0s

#17 [baseline-awareness internal] load .dockerignore
#17 transferring context: 2B done
#17 DONE 0.0s

#18 [persist internal] load .dockerignore
#18 transferring context: 2B done
#18 DONE 0.1s

#19 [persist internal] load build context
#19 transferring context: 1.03MB 5.0s
#19 ...

#20 [tools-factory internal] load build context
#20 ...

#19 [persist internal] load build context
#19 ...

#21 [planner internal] load build context
#21 transferring context: 7.59MB 10.1s
#21 ...

#22 [baseline-awareness internal] load build context
#22 ...

#23 [function-caller internal] load build context
#23 ...

#24 [bootstrap internal] load build context
#24 ...

#25 [llm-gateway internal] load build context
#25 transferring context: 7.64MB 10.6s done
#25 ...

#24 [bootstrap internal] load build context
#24 transferring context: 7.64MB 10.6s done
#24 ...

#20 [tools-factory internal] load build context
#20 transferring context: 7.64MB 10.6s done
#20 DONE 10.8s

#19 [persist internal] load build context
#19 transferring context: 7.64MB 10.6s done
#19 DONE 10.8s

#22 [baseline-awareness internal] load build context
#22 transferring context: 7.64MB 10.0s done
#22 DONE 10.8s

#21 [planner internal] load build context
#21 transferring context: 7.64MB 10.6s done
#21 DONE 10.8s

#23 [function-caller internal] load build context
#23 transferring context: 7.64MB 10.6s done
#23 DONE 10.8s

#24 [bootstrap internal] load build context
#24 DONE 10.8s

#25 [llm-gateway internal] load build context
#25 DONE 10.8s

#26 [tools-factory build 2/4] WORKDIR /src
#26 CACHED

#27 [persist build 3/4] COPY . .
#27 DONE 11.6s

#28 [function-caller build 3/4] COPY . .
#28 CACHED

#29 [llm-gateway build 3/4] COPY . .
#29 CACHED

#30 [persist build 3/4] COPY . .
#30 CACHED

#31 [bootstrap build 3/4] COPY . .
#31 CACHED

#32 [planner build 3/4] COPY . .
#32 CACHED

#33 [baseline-awareness build 3/4] COPY . .
#33 CACHED

#34 [bootstrap build 4/4] RUN swift build -c release --product bootstrap-server
#34 ...

#35 [planner build 4/4] RUN swift build -c release --product planner-server
#35 ...

#36 [llm-gateway build 4/4] RUN swift build -c release --product llm-gateway-server
#36 ...

#37 [persist build 4/4] RUN swift build -c release --product persist-server
#37 ...

#38 [baseline-awareness build 4/4] RUN swift build -c release --product baseline-awareness-server
#38 ...

#39 [tools-factory build 4/4] RUN swift build -c release --product tools-factory-server
#39 ...

#40 [function-caller build 4/4] RUN swift build -c release --product function-caller-server
#40 ...

#37 [persist build 4/4] RUN swift build -c release --product persist-server
#37 16.58 Building for production...
#37 16.64 [0/6] Write sources
#37 16.78 [3/6] Write swift-version-24593BA9C3E375BF.txt
#37 ...

#39 [tools-factory build 4/4] RUN swift build -c release --product tools-factory-server
#39 17.21 Building for production...
#39 17.28 [0/14] Write sources
#39 17.47 [5/14] Compiling writer.c
#39 17.59 [6/14] Compiling reader.c
#39 17.78 [7/14] Compiling parser.c
#39 17.88 [8/14] Write swift-version-24593BA9C3E375BF.txt
#39 18.05 [9/14] Compiling api.c
#39 18.92 [10/15] Compiling scanner.c
#39 18.94 [11/15] Compiling emitter.c
#39 ...

#37 [persist build 4/4] RUN swift build -c release --product persist-server
#37 23.19 [5/7] Compiling ServiceShared Models.swift
#37 25.31 [6/8] Compiling PersistService HTTPKernel.swift
#37 25.76 [7/9] Compiling PersistServer main.swift
#37 25.76 /src/Generated/Server/persist/main.swift:23:43: error: initializer 'init(_:)' requires that '__socket_type' conform to 'BinaryFloatingPoint'
#37 25.76 21 | 
#37 25.76 22 |     func start() throws {
#37 25.76 23 |         serverFD = socket(Int32(AF_INET), Int32(SOCK_STREAM), 0)
#37 25.76    |                                           `- error: initializer 'init(_:)' requires that '__socket_type' conform to 'BinaryFloatingPoint'
#37 25.76 24 |         guard serverFD >= 0 else { throw RuntimeError.socket }
#37 25.76 25 |         var opt: Int32 = 1
#37 25.76 
#37 25.76 Swift.FixedWidthInteger.init:2:19: note: where 'T' = '__socket_type'
#37 25.76 1 | protocol FixedWidthInteger {
#37 25.76 2 | @inlinable public init<T>(_ source: T) where T : BinaryFloatingPoint}
#37 25.76   |                   `- note: where 'T' = '__socket_type'
#37 25.76 3 | 
#37 ERROR: process "/bin/sh -c swift build -c release --product persist-server" did not complete successfully: exit code: 1

#40 [function-caller build 4/4] RUN swift build -c release --product function-caller-server
#40 16.97 Building for production...
#40 17.01 [0/14] Write sources
#40 17.49 [5/14] Compiling writer.c
#40 17.51 [6/14] Compiling reader.c
#40 17.53 [7/14] Write swift-version-24593BA9C3E375BF.txt
#40 17.83 [8/15] Compiling parser.c
#40 17.96 [9/15] Compiling api.c
#40 18.42 [10/15] Compiling scanner.c
#40 18.52 [11/15] Compiling emitter.c
#40 25.15 [13/16] Compiling ServiceShared Models.swift
#40 ...

#36 [llm-gateway build 4/4] RUN swift build -c release --product llm-gateway-server
#36 16.87 Building for production...
#36 16.90 [0/6] Write sources
#36 17.06 [3/6] Write swift-version-24593BA9C3E375BF.txt
#36 23.14 [5/7] Compiling ServiceShared Models.swift
#36 25.06 [6/8] Compiling LLMGatewayService HTTPKernel.swift
#36 25.45 [7/9] Compiling LLMGatewayServer main.swift
#36 25.45 /src/Generated/Server/llm-gateway/main.swift:23:43: error: initializer 'init(_:)' requires that '__socket_type' conform to 'BinaryFloatingPoint'
#36 25.45 21 | 
#36 25.45 22 |     func start() throws {
#36 25.45 23 |         serverFD = socket(Int32(AF_INET), Int32(SOCK_STREAM), 0)
#36 25.45    |                                           `- error: initializer 'init(_:)' requires that '__socket_type' conform to 'BinaryFloatingPoint'
#36 25.45 24 |         guard serverFD >= 0 else { throw RuntimeError.socket }
#36 25.45 25 |         var opt: Int32 = 1
#36 25.45 
#36 25.45 Swift.FixedWidthInteger.init:2:19: note: where 'T' = '__socket_type'
#36 25.45 1 | protocol FixedWidthInteger {
#36 25.45 2 | @inlinable public init<T>(_ source: T) where T : BinaryFloatingPoint}
#36 25.45   |                   `- note: where 'T' = '__socket_type'
#36 25.45 3 | 
#36 ERROR: process "/bin/sh -c swift build -c release --product llm-gateway-server" did not complete successfully: exit code: 1

#39 [tools-factory build 4/4] RUN swift build -c release --product tools-factory-server
#39 24.48 [13/16] Compiling ServiceShared Models.swift
#39 ...

#38 [baseline-awareness build 4/4] RUN swift build -c release --product baseline-awareness-server
#38 16.85 Building for production...
#38 16.88 [0/6] Write sources
#38 17.01 [3/6] Write swift-version-24593BA9C3E375BF.txt
#38 23.47 [5/7] Compiling ServiceShared Models.swift
#38 26.26 [6/8] Compiling BaselineAwarenessService BaselineStore.swift
#38 26.53 [7/9] Compiling BaselineAwarenessServer HTTPServer.swift
#38 26.53 /src/Generated/Server/baseline-awareness/main.swift:23:36: error: cannot convert value of type '__socket_type' to expected argument type 'Int32'
#38 26.53  21 | 
#38 26.53  22 |     func start() throws {
#38 26.53  23 |         serverFD = socket(AF_INET, SOCK_STREAM, 0)
#38 26.53     |                                    `- error: cannot convert value of type '__socket_type' to expected argument type 'Int32'
#38 26.53  24 |         guard serverFD >= 0 else { throw RuntimeError.socket }
#38 26.53  25 |         var opt: Int32 = 1
#38 ERROR: process "/bin/sh -c swift build -c release --product baseline-awareness-server" did not complete successfully: exit code: 1

#34 [bootstrap build 4/4] RUN swift build -c release --product bootstrap-server
#34 16.84 Building for production...
#34 16.89 [0/7] Write sources
#34 17.01 [4/7] Write swift-version-24593BA9C3E375BF.txt
#34 23.70 [6/8] Compiling ServiceShared Models.swift
#34 26.29 [7/9] Compiling BaselineAwarenessService BaselineStore.swift
#34 ...

#35 [planner build 4/4] RUN swift build -c release --product planner-server
#35 16.83 Building for production...
#35 16.88 [0/6] Write sources
#35 17.00 [3/6] Write swift-version-24593BA9C3E375BF.txt
#35 23.14 [5/7] Compiling ServiceShared Models.swift
#35 26.34 [6/8] Compiling PlannerService HTTPKernel.swift
#35 26.62 [7/9] Compiling PlannerServer main.swift
#35 26.62 /src/Generated/Server/planner/main.swift:23:43: error: initializer 'init(_:)' requires that '__socket_type' conform to 'BinaryFloatingPoint'
#35 26.62 21 | 
#35 26.62 22 |     func start() throws {
#35 26.62 23 |         serverFD = socket(Int32(AF_INET), Int32(SOCK_STREAM), 0)
#35 26.62    |                                           `- error: initializer 'init(_:)' requires that '__socket_type' conform to 'BinaryFloatingPoint'
#35 26.62 24 |         guard serverFD >= 0 else { throw RuntimeError.socket }
#35 26.62 25 |         var opt: Int32 = 1
#35 26.62 
#35 26.62 Swift.FixedWidthInteger.init:2:19: note: where 'T' = '__socket_type'
#35 26.62 1 | protocol FixedWidthInteger {
#35 26.62 2 | @inlinable public init<T>(_ source: T) where T : BinaryFloatingPoint}
#35 26.62   |                   `- note: where 'T' = '__socket_type'
#35 26.62 3 | 
#35 ERROR: process "/bin/sh -c swift build -c release --product planner-server" did not complete successfully: exit code: 1

#40 [function-caller build 4/4] RUN swift build -c release --product function-caller-server
#40 ...

#34 [bootstrap build 4/4] RUN swift build -c release --product bootstrap-server
#34 CANCELED

#40 [function-caller build 4/4] RUN swift build -c release --product function-caller-server
#40 CANCELED

#39 [tools-factory build 4/4] RUN swift build -c release --product tools-factory-server
#39 CANCELED
------
 > [llm-gateway build 4/4] RUN swift build -c release --product llm-gateway-server:
25.45 23 |         serverFD = socket(Int32(AF_INET), Int32(SOCK_STREAM), 0)
25.45    |                                           `- error: initializer 'init(_:)' requires that '__socket_type' conform to 'BinaryFloatingPoint'
25.45 24 |         guard serverFD >= 0 else { throw RuntimeError.socket }
25.45 25 |         var opt: Int32 = 1
25.45 
25.45 Swift.FixedWidthInteger.init:2:19: note: where 'T' = '__socket_type'
25.45 1 | protocol FixedWidthInteger {
25.45 2 | @inlinable public init<T>(_ source: T) where T : BinaryFloatingPoint}
25.45   |                   `- note: where 'T' = '__socket_type'
25.45 3 | 
------
------
 > [planner build 4/4] RUN swift build -c release --product planner-server:
26.62 23 |         serverFD = socket(Int32(AF_INET), Int32(SOCK_STREAM), 0)
26.62    |                                           `- error: initializer 'init(_:)' requires that '__socket_type' conform to 'BinaryFloatingPoint'
26.62 24 |         guard serverFD >= 0 else { throw RuntimeError.socket }
26.62 25 |         var opt: Int32 = 1
26.62 
26.62 Swift.FixedWidthInteger.init:2:19: note: where 'T' = '__socket_type'
26.62 1 | protocol FixedWidthInteger {
26.62 2 | @inlinable public init<T>(_ source: T) where T : BinaryFloatingPoint}
26.62   |                   `- note: where 'T' = '__socket_type'
26.62 3 | 
------
------
 > [baseline-awareness build 4/4] RUN swift build -c release --product baseline-awareness-server:
23.47 [5/7] Compiling ServiceShared Models.swift
26.26 [6/8] Compiling BaselineAwarenessService BaselineStore.swift
26.53 [7/9] Compiling BaselineAwarenessServer HTTPServer.swift
26.53 /src/Generated/Server/baseline-awareness/main.swift:23:36: error: cannot convert value of type '__socket_type' to expected argument type 'Int32'
26.53  21 | 
26.53  22 |     func start() throws {
26.53  23 |         serverFD = socket(AF_INET, SOCK_STREAM, 0)
26.53     |                                    `- error: cannot convert value of type '__socket_type' to expected argument type 'Int32'
26.53  24 |         guard serverFD >= 0 else { throw RuntimeError.socket }
26.53  25 |         var opt: Int32 = 1
------
------
 > [persist build 4/4] RUN swift build -c release --product persist-server:
25.76 23 |         serverFD = socket(Int32(AF_INET), Int32(SOCK_STREAM), 0)
25.76    |                                           `- error: initializer 'init(_:)' requires that '__socket_type' conform to 'BinaryFloatingPoint'
25.76 24 |         guard serverFD >= 0 else { throw RuntimeError.socket }
25.76 25 |         var opt: Int32 = 1
25.76 
25.76 Swift.FixedWidthInteger.init:2:19: note: where 'T' = '__socket_type'
25.76 1 | protocol FixedWidthInteger {
25.76 2 | @inlinable public init<T>(_ source: T) where T : BinaryFloatingPoint}
25.76   |                   `- note: where 'T' = '__socket_type'
25.76 3 | 
------
failed to solve: process "/bin/sh -c swift build -c release --product planner-server" did not complete successfully: exit code: 1
 Network kong-codex_default  Creating
 Network kong-codex_default  Created
 Container kong-codex-typesense-1  Creating
 Container kong-codex-kong-1  Creating
 Container kong-codex-kong-1  Created
 Container kong-codex-typesense-1  Created
Attaching to kong-1, typesense-1
Error response from daemon: mounts denied: 
The path /srv/deploy/repos/kong-codex/kong.conf is not shared from the host and is not known to Docker.
You can configure shared paths from Docker -> Preferences... -> Resources -> File Sharing.
See https://docs.docker.com/desktop/settings/mac/#file-sharing for more info.
 Container kong-codex-kong-1  Stopping
 Container kong-codex-typesense-1  Stopping
 Container kong-codex-kong-1  Stopped
 Container kong-codex-kong-1  Removing
 Container kong-codex-kong-1  Removed
 Container kong-codex-typesense-1  Stopped
 Container kong-codex-typesense-1  Removing
 Container kong-codex-typesense-1  Removed
 Network kong-codex_default  Removing
 Network kong-codex_default  Removed

[2025-07-17T10:02:15.534673] Running integration tests for fountainai...
[2025-07-17T10:03:07.517623] Integration tests for fountainai failed with exit code 1

[2025-07-17T10:03:07.517812] Running integration tests for kong-codex...
[2025-07-17T10:03:18.476450] Integration tests for kong-codex failed with exit code 1
