[2025-07-17T08:36:26.714085] === New Cycle ===
Building for debugging...
[0/205] Compiling sha1.cc
[0/205] Compiling rsa_extra.cc
[0/205] Compiling sha256.cc
[1/205] Compiling sha512.cc
[4/205] Compiling refcount.cc
[5/205] Compiling rsa_print.cc
[6/205] Compiling rsa_crypt.cc
[7/205] Write swift-version-24593BA9C3E375BF.txt
[8/205] Compiling rc4.cc
[9/200] Compiling rsa_asn1.cc
[10/200] Compiling trusty.cc
[11/200] Compiling windows.cc
[12/200] Compiling rand.cc
[13/204] Compiling urandom.cc
[14/209] Compiling passive.cc
[15/209] Compiling getentropy.cc
[16/209] Compiling ios.cc
[18/262] Emitting module PersistServer
[19/262] Emitting module PlannerServer
[20/262] Compiling PlannerServer main.swift
/srv/deploy/repos/fountainai/Generated/Server/planner/main.swift:23:36: error: cannot convert value of type '__socket_type' to expected argument type 'Int32'
21 | 
22 |     func start() throws {
23 |         serverFD = socket(AF_INET, SOCK_STREAM, 0)
   |                                    `- error: cannot convert value of type '__socket_type' to expected argument type 'Int32'
24 |         guard serverFD >= 0 else { throw RuntimeError.socket }
25 |         var opt: Int32 = 1
[21/262] Compiling PersistServer main.swift
/srv/deploy/repos/fountainai/Generated/Server/persist/main.swift:23:36: error: cannot convert value of type '__socket_type' to expected argument type 'Int32'
21 | 
22 |     func start() throws {
23 |         serverFD = socket(AF_INET, SOCK_STREAM, 0)
   |                                    `- error: cannot convert value of type '__socket_type' to expected argument type 'Int32'
24 |         guard serverFD >= 0 else { throw RuntimeError.socket }
25 |         var opt: Int32 = 1
[22/262] Compiling DequeModule Deque.swift
[23/262] Compiling DequeModule _DequeSlot.swift
[23/263] Compiling forkunsafe.cc

[2025-07-17T08:36:26.715764] Starting swift build...
[2025-07-17T08:36:29.755114] swift build failed with exit code 1
[2025-07-17T08:36:29.876467] [dispatcher] Updated git remote to use token-based authentication.
[2025-07-17T08:36:31.590889] [dispatcher] Running Docker build...
[2025-07-17T08:36:31.593528] [dispatcher] Running tests...
Compose now can delegate build to bake for better performances
Just set COMPOSE_BAKE=true
#0 building with "default" instance using docker driver

#1 [tools-factory internal] load build definition from Dockerfile
#1 transferring dockerfile: 284B 0.0s done
#1 DONE 0.0s

#2 [bootstrap internal] load build definition from Dockerfile
#2 transferring dockerfile: 272B 0.0s done
#2 DONE 0.0s

#3 [planner internal] load build definition from Dockerfile
#3 transferring dockerfile: 266B 0.0s done
#3 DONE 0.0s

#4 [llm-gateway internal] load build definition from Dockerfile
#4 transferring dockerfile: 278B 0.0s done
#4 DONE 0.0s

#5 [function-caller internal] load build definition from Dockerfile
#5 transferring dockerfile: 290B 0.0s done
#5 DONE 0.0s

#6 [persist internal] load build definition from Dockerfile
#6 transferring dockerfile: 266B 0.0s done
#6 DONE 0.0s

#7 [baseline-awareness internal] load build definition from Dockerfile
#7 transferring dockerfile: 299B done
#7 DONE 0.1s

#8 [persist internal] load metadata for docker.io/library/swift:6.1-jammy
#8 DONE 1.0s

#9 [tools-factory internal] load metadata for docker.io/library/ubuntu:22.04
#9 DONE 1.0s

#10 [function-caller internal] load .dockerignore
#10 transferring context: 2B 0.0s done
#10 DONE 0.0s

#11 [persist internal] load .dockerignore
#11 transferring context: 2B 0.0s done
#11 DONE 0.0s

#12 [bootstrap internal] load .dockerignore
#12 transferring context: 2B 0.0s done
#12 DONE 0.0s

#13 [tools-factory build 1/4] FROM docker.io/library/swift:6.1-jammy@sha256:512716edb447938962d96627ff0b9f00d5701bfa61d97a5b5654f07a1482c342
#13 DONE 0.0s

#14 [tools-factory stage-1 1/2] FROM docker.io/library/ubuntu:22.04@sha256:59ccd419c0dc0edf9e3bff1a3b2b073ea15a2ce4bc45ce7c989278b225b09af3
#14 DONE 0.0s

#15 [baseline-awareness internal] load .dockerignore
#15 transferring context: 2B 0.0s done
#15 DONE 0.1s

#16 [planner internal] load .dockerignore
#16 transferring context: 2B 0.0s done
#16 DONE 0.1s

#17 [llm-gateway internal] load .dockerignore
#17 transferring context: 2B done
#17 DONE 0.1s

#18 [tools-factory internal] load .dockerignore
#18 transferring context: 2B done
#18 DONE 0.1s

#19 [persist internal] load build context
#19 transferring context: 2.15MB 5.1s
#19 ...

#20 [function-caller internal] load build context
#20 ...

#19 [persist internal] load build context
#19 ...

#21 [tools-factory internal] load build context
#21 transferring context: 8.73MB 8.5s
#21 ...

#22 [llm-gateway internal] load build context
#22 ...

#23 [baseline-awareness internal] load build context
#23 ...

#24 [bootstrap internal] load build context
#24 ...

#25 [planner internal] load build context
#25 ...

#24 [bootstrap internal] load build context
#24 transferring context: 9.24MB 12.3s done
#24 DONE 12.8s

#25 [planner internal] load build context
#25 transferring context: 9.24MB 12.4s done
#25 DONE 12.7s

#19 [persist internal] load build context
#19 transferring context: 9.24MB 12.4s done
#19 DONE 12.8s

#20 [function-caller internal] load build context
#20 transferring context: 9.24MB 12.4s done
#20 DONE 12.8s

#22 [llm-gateway internal] load build context
#22 transferring context: 9.24MB 12.4s done
#22 DONE 12.8s

#23 [baseline-awareness internal] load build context
#23 transferring context: 9.24MB 12.4s done
#23 DONE 12.8s

#21 [tools-factory internal] load build context
#21 transferring context: 9.24MB 11.1s done
#21 DONE 12.8s

#26 [bootstrap build 2/4] WORKDIR /src
#26 CACHED

#27 [tools-factory build 3/4] COPY . .
#27 DONE 20.3s

#28 [llm-gateway build 3/4] COPY . .
#28 CACHED

#29 [function-caller build 3/4] COPY . .
#29 CACHED

#30 [baseline-awareness build 3/4] COPY . .
#30 CACHED

#31 [tools-factory build 3/4] COPY . .
#31 CACHED

#32 [persist build 3/4] COPY . .
#32 CACHED

#33 [bootstrap build 3/4] COPY . .
#33 CACHED

#34 [baseline-awareness build 4/4] RUN swift build -c release --product baseline-awareness-server
#34 ...

#35 [function-caller build 4/4] RUN swift build -c release --product function-caller-server
#35 ...

#36 [tools-factory build 4/4] RUN swift build -c release --product tools-factory-server
#36 ...

#37 [llm-gateway build 4/4] RUN swift build -c release --product llm-gateway-server
#37 ...

#38 [planner build 4/4] RUN swift build -c release --product planner-server
#38 ...

#39 [bootstrap build 4/4] RUN swift build -c release --product bootstrap-server
#39 ...

#40 [persist build 4/4] RUN swift build -c release --product persist-server
#40 ...

#37 [llm-gateway build 4/4] RUN swift build -c release --product llm-gateway-server
#37 20.69 Building for production...
#37 20.82 [0/6] Write sources
#37 21.28 [3/6] Write swift-version-24593BA9C3E375BF.txt
#37 ...

#35 [function-caller build 4/4] RUN swift build -c release --product function-caller-server
#35 21.01 Building for production...
#35 21.08 [0/14] Write sources
#35 21.40 [5/14] Write swift-version-24593BA9C3E375BF.txt
#35 21.98 [6/15] Compiling writer.c
#35 22.04 [7/15] Compiling reader.c
#35 22.22 [8/15] Compiling api.c
#35 22.22 [9/15] Compiling parser.c
#35 23.07 [10/15] Compiling scanner.c
#35 23.26 [11/15] Compiling emitter.c
#35 ...

#37 [llm-gateway build 4/4] RUN swift build -c release --product llm-gateway-server
#37 29.94 [5/7] Compiling ServiceShared Models.swift
#37 ...

#40 [persist build 4/4] RUN swift build -c release --product persist-server
#40 20.71 Building for production...
#40 20.82 [0/6] Write sources
#40 21.28 [3/6] Write swift-version-24593BA9C3E375BF.txt
#40 29.95 [5/7] Compiling ServiceShared Models.swift
#40 ...

#36 [tools-factory build 4/4] RUN swift build -c release --product tools-factory-server
#36 20.90 Building for production...
#36 20.98 [0/14] Write sources
#36 21.94 [5/14] Compiling reader.c
#36 21.94 [6/14] Compiling writer.c
#36 22.05 [7/14] Compiling api.c
#36 22.11 [8/14] Compiling parser.c
#36 22.73 [9/14] Compiling emitter.c
#36 22.89 [10/14] Compiling scanner.c
#36 22.89 [11/14] Write swift-version-24593BA9C3E375BF.txt
#36 ...

#39 [bootstrap build 4/4] RUN swift build -c release --product bootstrap-server
#39 20.92 Building for production...
#39 20.98 [0/7] Write sources
#39 21.28 [4/7] Write swift-version-24593BA9C3E375BF.txt
#39 29.95 [6/8] Compiling ServiceShared Models.swift
#39 ...

#34 [baseline-awareness build 4/4] RUN swift build -c release --product baseline-awareness-server
#34 20.94 Building for production...
#34 21.00 [0/6] Write sources
#34 21.30 [3/6] Write swift-version-24593BA9C3E375BF.txt
#34 29.95 [5/7] Compiling ServiceShared Models.swift
#34 ...

#38 [planner build 4/4] RUN swift build -c release --product planner-server
#38 20.93 Building for production...
#38 21.00 [0/6] Write sources
#38 21.29 [3/6] Write swift-version-24593BA9C3E375BF.txt
#38 29.95 [5/7] Compiling ServiceShared Models.swift
#38 ...

#35 [function-caller build 4/4] RUN swift build -c release --product function-caller-server
#35 30.45 [13/16] Compiling ServiceShared Models.swift
#35 ...

#37 [llm-gateway build 4/4] RUN swift build -c release --product llm-gateway-server
#37 31.95 [6/8] Compiling LLMGatewayService HTTPKernel.swift
#37 32.61 [7/9] Compiling LLMGatewayServer main.swift
#37 32.63 /src/Generated/Server/llm-gateway/main.swift:23:36: error: cannot convert value of type '__socket_type' to expected argument type 'Int32'
#37 32.63 21 | 
#37 32.63 22 |     func start() throws {
#37 32.63 23 |         serverFD = socket(AF_INET, SOCK_STREAM, 0)
#37 32.63    |                                    `- error: cannot convert value of type '__socket_type' to expected argument type 'Int32'
#37 32.63 24 |         guard serverFD >= 0 else { throw RuntimeError.socket }
#37 32.63 25 |         var opt: Int32 = 1
#37 ERROR: process "/bin/sh -c swift build -c release --product llm-gateway-server" did not complete successfully: exit code: 1

#40 [persist build 4/4] RUN swift build -c release --product persist-server
#40 31.97 [6/8] Compiling PersistService HTTPKernel.swift
#40 32.69 [7/9] Compiling PersistServer main.swift
#40 32.69 /src/Generated/Server/persist/main.swift:23:36: error: cannot convert value of type '__socket_type' to expected argument type 'Int32'
#40 32.69 21 | 
#40 32.69 22 |     func start() throws {
#40 32.69 23 |         serverFD = socket(AF_INET, SOCK_STREAM, 0)
#40 32.69    |                                    `- error: cannot convert value of type '__socket_type' to expected argument type 'Int32'
#40 32.69 24 |         guard serverFD >= 0 else { throw RuntimeError.socket }
#40 32.69 25 |         var opt: Int32 = 1
#40 ERROR: process "/bin/sh -c swift build -c release --product persist-server" did not complete successfully: exit code: 1

#34 [baseline-awareness build 4/4] RUN swift build -c release --product baseline-awareness-server
#34 33.36 [6/8] Compiling BaselineAwarenessService BaselineStore.swift
#34 ...

#38 [planner build 4/4] RUN swift build -c release --product planner-server
#38 33.02 [6/8] Compiling PlannerService HTTPKernel.swift
#38 CANCELED

#34 [baseline-awareness build 4/4] RUN swift build -c release --product baseline-awareness-server
#34 CANCELED

#39 [bootstrap build 4/4] RUN swift build -c release --product bootstrap-server
#39 33.33 [7/9] Compiling BaselineAwarenessService BaselineStore.swift
#39 CANCELED

#35 [function-caller build 4/4] RUN swift build -c release --product function-caller-server
#35 CANCELED

#36 [tools-factory build 4/4] RUN swift build -c release --product tools-factory-server
#36 31.52 [13/16] Compiling ServiceShared Models.swift
#36 CANCELED
------
 > [persist build 4/4] RUN swift build -c release --product persist-server:
29.95 [5/7] Compiling ServiceShared Models.swift
31.97 [6/8] Compiling PersistService HTTPKernel.swift
32.69 [7/9] Compiling PersistServer main.swift
32.69 /src/Generated/Server/persist/main.swift:23:36: error: cannot convert value of type '__socket_type' to expected argument type 'Int32'
32.69 21 | 
32.69 22 |     func start() throws {
32.69 23 |         serverFD = socket(AF_INET, SOCK_STREAM, 0)
32.69    |                                    `- error: cannot convert value of type '__socket_type' to expected argument type 'Int32'
32.69 24 |         guard serverFD >= 0 else { throw RuntimeError.socket }
32.69 25 |         var opt: Int32 = 1
------
------
 > [llm-gateway build 4/4] RUN swift build -c release --product llm-gateway-server:
29.94 [5/7] Compiling ServiceShared Models.swift
31.95 [6/8] Compiling LLMGatewayService HTTPKernel.swift
32.61 [7/9] Compiling LLMGatewayServer main.swift
32.63 /src/Generated/Server/llm-gateway/main.swift:23:36: error: cannot convert value of type '__socket_type' to expected argument type 'Int32'
32.63 21 | 
32.63 22 |     func start() throws {
32.63 23 |         serverFD = socket(AF_INET, SOCK_STREAM, 0)
32.63    |                                    `- error: cannot convert value of type '__socket_type' to expected argument type 'Int32'
32.63 24 |         guard serverFD >= 0 else { throw RuntimeError.socket }
32.63 25 |         var opt: Int32 = 1
------
failed to solve: process "/bin/sh -c swift build -c release --product llm-gateway-server" did not complete successfully: exit code: 1
 Network kong-codex_default  Creating
 Network kong-codex_default  Created
 Container kong-codex-kong-1  Creating
 Container kong-codex-typesense-1  Creating
 Container kong-codex-typesense-1  Created
 Container kong-codex-kong-1  Created
Attaching to kong-1, typesense-1
Error response from daemon: mounts denied: 
The path /srv/deploy/repos/kong-codex/kong.conf is not shared from the host and is not known to Docker.
You can configure shared paths from Docker -> Preferences... -> Resources -> File Sharing.
See https://docs.docker.com/desktop/settings/mac/#file-sharing for more info.
 Container kong-codex-typesense-1  Stopping
 Container kong-codex-kong-1  Stopping
 Container kong-codex-kong-1  Stopped
 Container kong-codex-kong-1  Removing
 Container kong-codex-kong-1  Removed
 Container kong-codex-typesense-1  Stopped
 Container kong-codex-typesense-1  Removing
 Container kong-codex-typesense-1  Removed
 Network kong-codex_default  Removing
 Network kong-codex_default  Removed

[2025-07-17T08:36:31.593890] Running integration tests for fountainai...
[2025-07-17T08:37:40.595042] Integration tests for fountainai failed with exit code 1

[2025-07-17T08:37:40.595704] Running integration tests for kong-codex...
[2025-07-17T08:37:42.650860] Integration tests for kong-codex failed with exit code 1
