[2025-07-17T08:12:04.071117] === New Cycle ===
[0/1] Planning build
Building for debugging...
[0/323] Compiling ghash-armv4-linux.S
[0/323] Compiling ghash-neon-armv8-apple.S
[2/323] Compiling co-586-linux.S
[3/323] Compiling co-586-apple.S
[4/323] Compiling bsaes-armv7-linux.S
[5/323] Write swift-version-24593BA9C3E375BF.txt
[6/318] Compiling bn-armv8-win.S
[7/318] Compiling bn-armv8-linux.S
[9/322] Emitting module PersistServer
[10/322] Emitting module PlannerServer
[11/322] Compiling PlannerServer main.swift
/srv/deploy/repos/fountainai/Generated/Server/planner/main.swift:23:36: error: cannot convert value of type '__socket_type' to expected argument type 'Int32'
21 | 
22 |     func start() throws {
23 |         serverFD = socket(AF_INET, SOCK_STREAM, 0)
   |                                    `- error: cannot convert value of type '__socket_type' to expected argument type 'Int32'
24 |         guard serverFD >= 0 else { throw RuntimeError.socket }
25 |         var opt: Int32 = 1
[11/322] Compiling dtls_record.cc
[11/322] Compiling d1_lib.cc
[11/322] Compiling d1_srtp.cc
[11/322] Compiling dtls_method.cc
[11/322] Compiling d1_both.cc
/srv/deploy/repos/fountainai/Generated/Server/persist/main.swift:23:36: error: cannot convert value of type '__socket_type' to expected argument type 'Int32'
21 | 
22 |     func start() throws {
23 |         serverFD = socket(AF_INET, SOCK_STREAM, 0)
   |                                    `- error: cannot convert value of type '__socket_type' to expected argument type 'Int32'
24 |         guard serverFD >= 0 else { throw RuntimeError.socket }
25 |         var opt: Int32 = 1
[11/322] Compiling d1_pkt.cc

[2025-07-17T08:12:04.071832] Starting swift build...
[2025-07-17T08:12:10.235379] swift build failed with exit code 1
[2025-07-17T08:12:10.590401] [dispatcher] Updated git remote to use token-based authentication.
[2025-07-17T08:12:12.099042] [dispatcher] Running Docker build...
[2025-07-17T08:12:12.099956] [dispatcher] Running tests...
Compose now can delegate build to bake for better performances
Just set COMPOSE_BAKE=true
#0 building with "default" instance using docker driver

#1 [planner internal] load build definition from Dockerfile
#1 transferring dockerfile: 266B 0.0s done
#1 DONE 0.1s

#2 [planner internal] load metadata for docker.io/library/swift:6.1-jammy
#2 ...

#3 [llm-gateway internal] load build definition from Dockerfile
#3 transferring dockerfile: 278B 0.0s done
#3 DONE 0.1s

#4 [bootstrap internal] load build definition from Dockerfile
#4 transferring dockerfile: 272B done
#4 DONE 0.1s

#5 [function-caller internal] load build definition from Dockerfile
#5 transferring dockerfile: 290B done
#5 DONE 0.1s

#6 [tools-factory internal] load build definition from Dockerfile
#6 transferring dockerfile: 284B done
#6 DONE 0.2s

#7 [persist internal] load build definition from Dockerfile
#7 transferring dockerfile: 266B done
#7 DONE 0.2s

#8 [baseline-awareness internal] load build definition from Dockerfile
#8 transferring dockerfile: 299B done
#8 DONE 0.2s

#2 [baseline-awareness internal] load metadata for docker.io/library/swift:6.1-jammy
#2 DONE 0.6s

#9 [baseline-awareness internal] load metadata for docker.io/library/ubuntu:22.04
#9 DONE 1.4s

#10 [baseline-awareness internal] load .dockerignore
#10 transferring context: 2B done
#10 DONE 0.0s

#11 [function-caller internal] load .dockerignore
#11 transferring context: 2B done
#11 DONE 0.0s

#12 [tools-factory internal] load .dockerignore
#12 transferring context: 2B done
#12 DONE 0.0s

#13 [llm-gateway build 1/4] FROM docker.io/library/swift:6.1-jammy@sha256:512716edb447938962d96627ff0b9f00d5701bfa61d97a5b5654f07a1482c342
#13 DONE 0.0s

#14 [llm-gateway stage-1 1/2] FROM docker.io/library/ubuntu:22.04@sha256:59ccd419c0dc0edf9e3bff1a3b2b073ea15a2ce4bc45ce7c989278b225b09af3
#14 DONE 0.0s

#15 [bootstrap internal] load .dockerignore
#15 transferring context: 2B done
#15 DONE 0.1s

#16 [planner internal] load .dockerignore
#16 transferring context: 2B done
#16 DONE 0.1s

#17 [llm-gateway internal] load .dockerignore
#17 transferring context: 2B done
#17 DONE 0.1s

#18 [persist internal] load .dockerignore
#18 transferring context: 2B done
#18 DONE 0.1s

#19 [bootstrap internal] load build context
#19 ...

#13 [persist build 1/4] FROM docker.io/library/swift:6.1-jammy@sha256:512716edb447938962d96627ff0b9f00d5701bfa61d97a5b5654f07a1482c342
#13 DONE 0.0s

#14 [persist stage-1 1/2] FROM docker.io/library/ubuntu:22.04@sha256:59ccd419c0dc0edf9e3bff1a3b2b073ea15a2ce4bc45ce7c989278b225b09af3
#14 DONE 0.0s

#19 [bootstrap internal] load build context
#19 transferring context: 10.11MB 5.0s
#19 ...

#20 [baseline-awareness internal] load build context
#20 ...

#19 [bootstrap internal] load build context
#19 transferring context: 64.43MB 10.0s
#19 ...

#21 [persist internal] load build context
#21 ...

#22 [llm-gateway internal] load build context
#22 ...

#23 [planner internal] load build context
#23 ...

#24 [tools-factory internal] load build context
#24 ...

#25 [function-caller internal] load build context
#25 ...

#23 [planner internal] load build context
#23 transferring context: 109.50MB 15.1s
#23 ...

#24 [tools-factory internal] load build context
#24 ...

#20 [baseline-awareness internal] load build context
#20 ...

#24 [tools-factory internal] load build context
#24 ...

#19 [bootstrap internal] load build context
#19 transferring context: 119.09MB 20.1s
#19 ...

#21 [persist internal] load build context
#21 ...

#22 [llm-gateway internal] load build context
#22 ...

#21 [persist internal] load build context
#21 ...

#25 [function-caller internal] load build context
#25 ...

#21 [persist internal] load build context
#21 transferring context: 125.85MB 24.0s done
#21 DONE 24.6s

#20 [baseline-awareness internal] load build context
#20 transferring context: 125.85MB 24.1s done
#20 DONE 24.7s

#19 [bootstrap internal] load build context
#19 transferring context: 125.85MB 24.1s done
#19 DONE 24.6s

#24 [tools-factory internal] load build context
#24 transferring context: 125.85MB 24.1s done
#24 DONE 24.6s

#23 [planner internal] load build context
#23 transferring context: 125.85MB 24.0s done
#23 DONE 24.7s

#25 [function-caller internal] load build context
#25 transferring context: 125.85MB 23.2s done
#25 DONE 24.7s

#22 [llm-gateway internal] load build context
#22 transferring context: 125.85MB 24.0s done
#22 DONE 24.6s

#26 [bootstrap build 2/4] WORKDIR /src
#26 CACHED

#27 [tools-factory build 3/4] COPY . .
#27 DONE 23.8s

#28 [baseline-awareness build 3/4] COPY . .
#28 CACHED

#29 [function-caller build 3/4] COPY . .
#29 CACHED

#30 [tools-factory build 3/4] COPY . .
#30 CACHED

#31 [planner build 3/4] COPY . .
#31 CACHED

#32 [llm-gateway build 3/4] COPY . .
#32 CACHED

#33 [persist build 3/4] COPY . .
#33 CACHED

#34 [bootstrap build 4/4] RUN swift build -c release --product bootstrap-server
#34 ...

#35 [function-caller build 4/4] RUN swift build -c release --product function-caller-server
#35 ...

#36 [persist build 4/4] RUN swift build -c release --product persist-server
#36 ...

#37 [baseline-awareness build 4/4] RUN swift build -c release --product baseline-awareness-server
#37 ...

#38 [planner build 4/4] RUN swift build -c release --product planner-server
#38 ...

#39 [llm-gateway build 4/4] RUN swift build -c release --product llm-gateway-server
#39 ...

#40 [tools-factory build 4/4] RUN swift build -c release --product tools-factory-server
#40 ...

#37 [baseline-awareness build 4/4] RUN swift build -c release --product baseline-awareness-server
#37 23.55 Building for production...
#37 23.63 [0/6] Write sources
#37 24.33 [3/6] Write swift-version-24593BA9C3E375BF.txt
#37 ...

#40 [tools-factory build 4/4] RUN swift build -c release --product tools-factory-server
#40 23.98 Building for production...
#40 24.26 [0/14] Write sources
#40 25.50 [5/14] Compiling writer.c
#40 25.50 [6/14] Compiling reader.c
#40 25.81 [7/14] Compiling api.c
#40 25.98 [8/14] Compiling parser.c
#40 26.51 [9/14] Write swift-version-24593BA9C3E375BF.txt
#40 26.53 [10/14] Compiling scanner.c
#40 26.54 [11/14] Compiling emitter.c
#40 ...

#34 [bootstrap build 4/4] RUN swift build -c release --product bootstrap-server
#34 23.79 Building for production...
#34 24.09 [0/7] Write sources
#34 24.67 [4/7] Write swift-version-24593BA9C3E375BF.txt
#34 ...

#35 [function-caller build 4/4] RUN swift build -c release --product function-caller-server
#35 23.74 Building for production...
#35 23.80 [0/14] Write sources
#35 24.62 [5/14] Write swift-version-24593BA9C3E375BF.txt
#35 25.51 [6/15] Compiling reader.c
#35 25.56 [7/15] Compiling writer.c
#35 25.88 [8/15] Compiling api.c
#35 26.04 [9/15] Compiling parser.c
#35 26.35 [10/15] Compiling emitter.c
#35 27.31 [11/15] Compiling scanner.c
#35 ...

#38 [planner build 4/4] RUN swift build -c release --product planner-server
#38 23.80 Building for production...
#38 24.23 [0/6] Write sources
#38 24.65 [3/6] Write swift-version-24593BA9C3E375BF.txt
#38 ...

#39 [llm-gateway build 4/4] RUN swift build -c release --product llm-gateway-server
#39 23.69 Building for production...
#39 23.74 [0/6] Write sources
#39 24.34 [3/6] Write swift-version-24593BA9C3E375BF.txt
#39 ...

#36 [persist build 4/4] RUN swift build -c release --product persist-server
#36 24.68 Building for production...
#36 24.83 [0/6] Write sources
#36 25.31 [3/6] Write swift-version-24593BA9C3E375BF.txt
#36 ...

#34 [bootstrap build 4/4] RUN swift build -c release --product bootstrap-server
#34 34.57 [6/8] Compiling ServiceShared Models.swift
#34 ...

#36 [persist build 4/4] RUN swift build -c release --product persist-server
#36 34.56 [5/7] Compiling ServiceShared Models.swift
#36 36.38 [6/8] Compiling PersistService HTTPKernel.swift
#36 36.74 [7/9] Compiling PersistServer main.swift
#36 36.74 /src/Generated/Server/persist/main.swift:23:36: error: cannot convert value of type '__socket_type' to expected argument type 'Int32'
#36 36.74 21 | 
#36 36.74 22 |     func start() throws {
#36 36.74 23 |         serverFD = socket(AF_INET, SOCK_STREAM, 0)
#36 36.74    |                                    `- error: cannot convert value of type '__socket_type' to expected argument type 'Int32'
#36 36.74 24 |         guard serverFD >= 0 else { throw RuntimeError.socket }
#36 36.74 25 |         var opt: Int32 = 1
#36 ERROR: process "/bin/sh -c swift build -c release --product persist-server" did not complete successfully: exit code: 1

#39 [llm-gateway build 4/4] RUN swift build -c release --product llm-gateway-server
#39 34.61 [5/7] Compiling ServiceShared Models.swift
#39 36.17 [6/8] Compiling LLMGatewayService HTTPKernel.swift
#39 36.65 [7/9] Compiling LLMGatewayServer main.swift
#39 36.65 /src/Generated/Server/llm-gateway/main.swift:23:36: error: cannot convert value of type '__socket_type' to expected argument type 'Int32'
#39 36.65 21 | 
#39 36.65 22 |     func start() throws {
#39 36.65 23 |         serverFD = socket(AF_INET, SOCK_STREAM, 0)
#39 36.65    |                                    `- error: cannot convert value of type '__socket_type' to expected argument type 'Int32'
#39 36.65 24 |         guard serverFD >= 0 else { throw RuntimeError.socket }
#39 36.65 25 |         var opt: Int32 = 1
#39 ERROR: process "/bin/sh -c swift build -c release --product llm-gateway-server" did not complete successfully: exit code: 1

#40 [tools-factory build 4/4] RUN swift build -c release --product tools-factory-server
#40 35.59 [13/16] Compiling ServiceShared Models.swift
#40 ...

#35 [function-caller build 4/4] RUN swift build -c release --product function-caller-server
#35 35.09 [13/16] Compiling ServiceShared Models.swift
#35 CANCELED

#40 [tools-factory build 4/4] RUN swift build -c release --product tools-factory-server
#40 CANCELED

#38 [planner build 4/4] RUN swift build -c release --product planner-server
#38 34.56 [5/7] Compiling ServiceShared Models.swift
#38 37.37 [6/8] Compiling PlannerService HTTPKernel.swift
#38 CANCELED

#37 [baseline-awareness build 4/4] RUN swift build -c release --product baseline-awareness-server
#37 34.56 [5/7] Compiling ServiceShared Models.swift
#37 37.41 [6/8] Compiling BaselineAwarenessService BaselineStore.swift
#37 CANCELED

#34 [bootstrap build 4/4] RUN swift build -c release --product bootstrap-server
#34 CANCELED
------
 > [persist build 4/4] RUN swift build -c release --product persist-server:
34.56 [5/7] Compiling ServiceShared Models.swift
36.38 [6/8] Compiling PersistService HTTPKernel.swift
36.74 [7/9] Compiling PersistServer main.swift
36.74 /src/Generated/Server/persist/main.swift:23:36: error: cannot convert value of type '__socket_type' to expected argument type 'Int32'
36.74 21 | 
36.74 22 |     func start() throws {
36.74 23 |         serverFD = socket(AF_INET, SOCK_STREAM, 0)
36.74    |                                    `- error: cannot convert value of type '__socket_type' to expected argument type 'Int32'
36.74 24 |         guard serverFD >= 0 else { throw RuntimeError.socket }
36.74 25 |         var opt: Int32 = 1
------
------
 > [llm-gateway build 4/4] RUN swift build -c release --product llm-gateway-server:
34.61 [5/7] Compiling ServiceShared Models.swift
36.17 [6/8] Compiling LLMGatewayService HTTPKernel.swift
36.65 [7/9] Compiling LLMGatewayServer main.swift
36.65 /src/Generated/Server/llm-gateway/main.swift:23:36: error: cannot convert value of type '__socket_type' to expected argument type 'Int32'
36.65 21 | 
36.65 22 |     func start() throws {
36.65 23 |         serverFD = socket(AF_INET, SOCK_STREAM, 0)
36.65    |                                    `- error: cannot convert value of type '__socket_type' to expected argument type 'Int32'
36.65 24 |         guard serverFD >= 0 else { throw RuntimeError.socket }
36.65 25 |         var opt: Int32 = 1
------
failed to solve: process "/bin/sh -c swift build -c release --product llm-gateway-server" did not complete successfully: exit code: 1
 Network kong-codex_default  Creating
 Network kong-codex_default  Created
 Container kong-codex-typesense-1  Creating
 Container kong-codex-kong-1  Creating
 Container kong-codex-kong-1  Created
 Container kong-codex-typesense-1  Created
Attaching to kong-1, typesense-1
Gracefully stopping... (press Ctrl+C again to force)
Error response from daemon: mounts denied: 
The path /srv/deploy/repos/kong-codex/kong.yaml is not shared from the host and is not known to Docker.
You can configure shared paths from Docker -> Preferences... -> Resources -> File Sharing.
See https://docs.docker.com/desktop/settings/mac/#file-sharing for more info.
 Container kong-codex-kong-1  Stopping
 Container kong-codex-typesense-1  Stopping
 Container kong-codex-kong-1  Stopped
 Container kong-codex-kong-1  Removing
 Container kong-codex-kong-1  Removed
 Container kong-codex-typesense-1  Stopped
 Container kong-codex-typesense-1  Removing
 Container kong-codex-typesense-1  Removed
 Network kong-codex_default  Removing
 Network kong-codex_default  Removed

[2025-07-17T08:12:12.100215] Running integration tests for fountainai...
[2025-07-17T08:13:40.984325] Integration tests for fountainai failed with exit code 1

[2025-07-17T08:13:40.985492] Running integration tests for kong-codex...
[2025-07-17T08:13:43.428068] Integration tests for kong-codex failed with exit code 1
