[2025-07-17T12:03:30.252832] === New Cycle ===
Building for debugging...
[0/411] Compiling md5-586-linux.S
[1/411] Write swift-version-24593BA9C3E375BF.txt
[2/406] Compiling md5-586-apple.S
[4/408] Emitting module PlannerServer
[5/408] Compiling PlannerServer main.swift
/srv/deploy/repos/fountainai/Generated/Server/planner/main.swift:29:36: error: cannot convert value of type '__socket_type' to expected argument type 'Int32'
 27 |         #endif
 28 | 
 29 |         serverFD = socket(AF_INET, socketType, 0)
    |                                    `- error: cannot convert value of type '__socket_type' to expected argument type 'Int32'
 30 |         guard serverFD >= 0 else { throw RuntimeError.socket }
 31 |         var opt: Int32 = 1
[5/408] Compiling bio_ssl.cc
[5/408] Compiling d1_pkt.cc
[5/408] Compiling d1_srtp.cc
[5/408] Compiling dtls_record.cc
[5/408] Compiling d1_lib.cc
[5/408] Compiling d1_both.cc
[5/408] Compiling dtls_method.cc

[2025-07-17T12:03:30.253850] Starting swift build...
[2025-07-17T12:03:32.405857] swift build failed with exit code 1
[2025-07-17T12:03:32.557329] [dispatcher] Updated git remote to use token-based authentication.
[2025-07-17T12:03:33.913875] [dispatcher] Running Docker build...
[2025-07-17T12:03:33.914538] [dispatcher] Running tests...
Compose now can delegate build to bake for better performances
Just set COMPOSE_BAKE=true
#0 building with "default" instance using docker driver

#1 [persist internal] load build definition from Dockerfile
#1 transferring dockerfile: 266B done
#1 DONE 0.0s

#2 [llm-gateway internal] load build definition from Dockerfile
#2 transferring dockerfile: 278B done
#2 DONE 0.0s

#3 [function-caller internal] load build definition from Dockerfile
#3 transferring dockerfile: 290B done
#3 DONE 0.0s

#4 [bootstrap internal] load build definition from Dockerfile
#4 transferring dockerfile: 272B done
#4 DONE 0.0s

#5 [baseline-awareness internal] load build definition from Dockerfile
#5 transferring dockerfile: 299B done
#5 DONE 0.0s

#6 [planner internal] load build definition from Dockerfile
#6 transferring dockerfile: 266B done
#6 DONE 0.0s

#7 [tools-factory internal] load build definition from Dockerfile
#7 transferring dockerfile: 284B done
#7 DONE 0.0s

#8 [tools-factory internal] load metadata for docker.io/library/ubuntu:22.04
#8 DONE 1.1s

#9 [baseline-awareness internal] load metadata for docker.io/library/swift:6.1-jammy
#9 DONE 1.2s

#10 [bootstrap internal] load .dockerignore
#10 transferring context: 2B done
#10 DONE 0.0s

#11 [baseline-awareness internal] load .dockerignore
#11 transferring context: 2B done
#11 DONE 0.0s

#12 [persist internal] load .dockerignore
#12 transferring context: 2B done
#12 DONE 0.0s

#13 [bootstrap internal] load build context
#13 DONE 0.0s

#14 [bootstrap build 1/4] FROM docker.io/library/swift:6.1-jammy@sha256:512716edb447938962d96627ff0b9f00d5701bfa61d97a5b5654f07a1482c342
#14 DONE 0.0s

#15 [bootstrap stage-1 1/2] FROM docker.io/library/ubuntu:22.04@sha256:59ccd419c0dc0edf9e3bff1a3b2b073ea15a2ce4bc45ce7c989278b225b09af3
#15 DONE 0.0s

#16 [function-caller internal] load .dockerignore
#16 transferring context: 2B 0.0s done
#16 DONE 0.0s

#17 [llm-gateway internal] load .dockerignore
#17 transferring context: 2B done
#17 DONE 0.0s

#18 [planner internal] load .dockerignore
#18 transferring context: 2B done
#18 DONE 0.0s

#19 [tools-factory internal] load .dockerignore
#19 transferring context: 2B done
#19 DONE 0.1s

#14 [persist build 1/4] FROM docker.io/library/swift:6.1-jammy@sha256:512716edb447938962d96627ff0b9f00d5701bfa61d97a5b5654f07a1482c342
#14 DONE 0.0s

#15 [persist stage-1 1/2] FROM docker.io/library/ubuntu:22.04@sha256:59ccd419c0dc0edf9e3bff1a3b2b073ea15a2ce4bc45ce7c989278b225b09af3
#15 DONE 0.0s

#20 [llm-gateway internal] load build context
#20 transferring context: 1.08MB 5.0s
#20 ...

#21 [planner internal] load build context
#21 ...

#20 [llm-gateway internal] load build context
#20 ...

#22 [tools-factory internal] load build context
#22 transferring context: 7.13MB 10.1s
#22 ...

#23 [function-caller internal] load build context
#23 ...

#13 [bootstrap internal] load build context
#13 ...

#24 [baseline-awareness internal] load build context
#24 ...

#25 [persist internal] load build context
#25 ...

#24 [baseline-awareness internal] load build context
#24 transferring context: 7.39MB 11.5s done
#24 ...

#25 [persist internal] load build context
#25 transferring context: 7.39MB 10.9s done
#25 DONE 11.8s

#13 [bootstrap internal] load build context
#13 transferring context: 7.39MB 11.5s done
#13 DONE 11.8s

#20 [llm-gateway internal] load build context
#20 transferring context: 7.39MB 11.5s done
#20 DONE 11.8s

#23 [function-caller internal] load build context
#23 transferring context: 7.39MB 11.5s done
#23 DONE 11.8s

#24 [baseline-awareness internal] load build context
#24 DONE 11.8s

#21 [planner internal] load build context
#21 transferring context: 7.39MB 11.5s done
#21 DONE 11.8s

#22 [tools-factory internal] load build context
#22 transferring context: 7.39MB 11.5s done
#22 DONE 11.8s

#26 [llm-gateway build 2/4] WORKDIR /src
#26 CACHED

#27 [planner build 3/4] COPY . .
#27 DONE 11.2s

#28 [llm-gateway build 3/4] COPY . .
#28 CACHED

#29 [planner build 3/4] COPY . .
#29 CACHED

#30 [tools-factory build 3/4] COPY . .
#30 CACHED

#31 [baseline-awareness build 3/4] COPY . .
#31 CACHED

#32 [bootstrap build 3/4] COPY . .
#32 CACHED

#33 [function-caller build 3/4] COPY . .
#33 CACHED

#34 [baseline-awareness build 4/4] RUN swift build -c release --product baseline-awareness-server
#34 ...

#35 [function-caller build 4/4] RUN swift build -c release --product function-caller-server
#35 ...

#36 [planner build 4/4] RUN swift build -c release --product planner-server
#36 ...

#37 [tools-factory build 4/4] RUN swift build -c release --product tools-factory-server
#37 ...

#38 [llm-gateway build 4/4] RUN swift build -c release --product llm-gateway-server
#38 ...

#39 [persist build 4/4] RUN swift build -c release --product persist-server
#39 ...

#40 [bootstrap build 4/4] RUN swift build -c release --product bootstrap-server
#40 ...

#35 [function-caller build 4/4] RUN swift build -c release --product function-caller-server
#35 18.27 Building for production...
#35 18.36 [0/14] Write sources
#35 19.19 [5/14] Compiling reader.c
#35 19.19 [6/14] Compiling writer.c
#35 19.19 [7/14] Write swift-version-24593BA9C3E375BF.txt
#35 19.30 [8/14] Compiling parser.c
#35 19.50 [9/15] Compiling api.c
#35 19.67 [10/15] Compiling emitter.c
#35 20.12 [11/15] Compiling scanner.c
#35 ...

#37 [tools-factory build 4/4] RUN swift build -c release --product tools-factory-server
#37 18.43 Building for production...
#37 18.49 [0/14] Write sources
#37 19.18 [5/14] Compiling writer.c
#37 19.19 [6/14] Compiling reader.c
#37 19.48 [7/14] Compiling parser.c
#37 19.50 [8/14] Compiling api.c
#37 19.92 [9/14] Compiling emitter.c
#37 20.24 [10/14] Compiling scanner.c
#37 20.25 [11/14] Write swift-version-24593BA9C3E375BF.txt
#37 ...

#35 [function-caller build 4/4] RUN swift build -c release --product function-caller-server
#35 27.42 [13/16] Compiling ServiceShared Models.swift
#35 ...

#36 [planner build 4/4] RUN swift build -c release --product planner-server
#36 18.31 Building for production...
#36 18.37 [0/6] Write sources
#36 18.69 [3/6] Write swift-version-24593BA9C3E375BF.txt
#36 25.72 [5/7] Compiling ServiceShared Models.swift
#36 27.95 [6/8] Compiling PlannerService HTTPKernel.swift
#36 ...

#39 [persist build 4/4] RUN swift build -c release --product persist-server
#39 18.31 Building for production...
#39 18.37 [0/6] Write sources
#39 18.67 [3/6] Write swift-version-24593BA9C3E375BF.txt
#39 25.50 [5/7] Compiling ServiceShared Models.swift
#39 27.21 [6/8] Compiling PersistService HTTPKernel.swift
#39 27.80 [7/9] Compiling PersistServer main.swift
#39 27.80 /src/Generated/Server/persist/main.swift:29:36: error: cannot convert value of type '__socket_type' to expected argument type 'Int32'
#39 27.80  27 |         #endif
#39 27.80  28 | 
#39 27.80  29 |         serverFD = socket(AF_INET, socketType, 0)
#39 27.80     |                                    `- error: cannot convert value of type '__socket_type' to expected argument type 'Int32'
#39 27.80  30 |         guard serverFD >= 0 else { throw RuntimeError.socket }
#39 27.80  31 |         var opt: Int32 = 1
#39 ...

#34 [baseline-awareness build 4/4] RUN swift build -c release --product baseline-awareness-server
#34 18.41 Building for production...
#34 18.45 [0/6] Write sources
#34 18.71 [3/6] Write swift-version-24593BA9C3E375BF.txt
#34 25.38 [5/7] Compiling ServiceShared Models.swift
#34 28.02 [6/8] Compiling BaselineAwarenessService BaselineStore.swift
#34 28.41 [7/9] Compiling BaselineAwarenessServer HTTPServer.swift
#34 28.41 /src/Generated/Server/baseline-awareness/main.swift:23:36: error: cannot convert value of type '__socket_type' to expected argument type 'Int32'
#34 28.41  21 | 
#34 28.41  22 |     func start() throws {
#34 28.41  23 |         serverFD = socket(AF_INET, SOCK_STREAM, 0)
#34 28.41     |                                    `- error: cannot convert value of type '__socket_type' to expected argument type 'Int32'
#34 28.41  24 |         guard serverFD >= 0 else { throw RuntimeError.socket }
#34 28.41  25 |         var opt: Int32 = 1
#34 ...

#40 [bootstrap build 4/4] RUN swift build -c release --product bootstrap-server
#40 18.32 Building for production...
#40 18.37 [0/7] Write sources
#40 18.70 [4/7] Write swift-version-24593BA9C3E375BF.txt
#40 25.60 [6/8] Compiling ServiceShared Models.swift
#40 28.06 [7/9] Compiling BaselineAwarenessService BaselineStore.swift
#40 ...

#39 [persist build 4/4] RUN swift build -c release --product persist-server
#39 ERROR: process "/bin/sh -c swift build -c release --product persist-server" did not complete successfully: exit code: 1

#38 [llm-gateway build 4/4] RUN swift build -c release --product llm-gateway-server
#38 18.77 Building for production...
#38 18.83 [0/6] Write sources
#38 19.07 [3/6] Write swift-version-24593BA9C3E375BF.txt
#38 25.06 [5/7] Compiling ServiceShared Models.swift
#38 27.24 [6/8] Compiling LLMGatewayService HTTPKernel.swift
#38 27.81 [7/9] Compiling LLMGatewayServer main.swift
#38 27.81 /src/Generated/Server/llm-gateway/main.swift:29:36: error: cannot convert value of type '__socket_type' to expected argument type 'Int32'
#38 27.81  27 |         #endif
#38 27.81  28 | 
#38 27.81  29 |         serverFD = socket(AF_INET, socketType, 0)
#38 27.81     |                                    `- error: cannot convert value of type '__socket_type' to expected argument type 'Int32'
#38 27.81  30 |         guard serverFD >= 0 else { throw RuntimeError.socket }
#38 27.81  31 |         var opt: Int32 = 1
#38 ERROR: process "/bin/sh -c swift build -c release --product llm-gateway-server" did not complete successfully: exit code: 1

#36 [planner build 4/4] RUN swift build -c release --product planner-server
#36 28.41 [7/9] Compiling PlannerServer main.swift
#36 28.41 /src/Generated/Server/planner/main.swift:29:36: error: cannot convert value of type '__socket_type' to expected argument type 'Int32'
#36 28.41  27 |         #endif
#36 28.41  28 | 
#36 28.41  29 |         serverFD = socket(AF_INET, socketType, 0)
#36 28.41     |                                    `- error: cannot convert value of type '__socket_type' to expected argument type 'Int32'
#36 28.41  30 |         guard serverFD >= 0 else { throw RuntimeError.socket }
#36 28.41  31 |         var opt: Int32 = 1
#36 ERROR: process "/bin/sh -c swift build -c release --product planner-server" did not complete successfully: exit code: 1

#37 [tools-factory build 4/4] RUN swift build -c release --product tools-factory-server
#37 27.86 [13/16] Compiling ServiceShared Models.swift
#37 ...

#34 [baseline-awareness build 4/4] RUN swift build -c release --product baseline-awareness-server
#34 ERROR: process "/bin/sh -c swift build -c release --product baseline-awareness-server" did not complete successfully: exit code: 1

#37 [tools-factory build 4/4] RUN swift build -c release --product tools-factory-server
#37 ...

#40 [bootstrap build 4/4] RUN swift build -c release --product bootstrap-server
#40 CANCELED

#37 [tools-factory build 4/4] RUN swift build -c release --product tools-factory-server
#37 CANCELED

#35 [function-caller build 4/4] RUN swift build -c release --product function-caller-server
#35 CANCELED
------
 > [planner build 4/4] RUN swift build -c release --product planner-server:
25.72 [5/7] Compiling ServiceShared Models.swift
27.95 [6/8] Compiling PlannerService HTTPKernel.swift
28.41 [7/9] Compiling PlannerServer main.swift
28.41 /src/Generated/Server/planner/main.swift:29:36: error: cannot convert value of type '__socket_type' to expected argument type 'Int32'
28.41  27 |         #endif
28.41  28 | 
28.41  29 |         serverFD = socket(AF_INET, socketType, 0)
28.41     |                                    `- error: cannot convert value of type '__socket_type' to expected argument type 'Int32'
28.41  30 |         guard serverFD >= 0 else { throw RuntimeError.socket }
28.41  31 |         var opt: Int32 = 1
------
------
 > [persist build 4/4] RUN swift build -c release --product persist-server:
25.50 [5/7] Compiling ServiceShared Models.swift
27.21 [6/8] Compiling PersistService HTTPKernel.swift
27.80 [7/9] Compiling PersistServer main.swift
27.80 /src/Generated/Server/persist/main.swift:29:36: error: cannot convert value of type '__socket_type' to expected argument type 'Int32'
27.80  27 |         #endif
27.80  28 | 
27.80  29 |         serverFD = socket(AF_INET, socketType, 0)
27.80     |                                    `- error: cannot convert value of type '__socket_type' to expected argument type 'Int32'
27.80  30 |         guard serverFD >= 0 else { throw RuntimeError.socket }
27.80  31 |         var opt: Int32 = 1
------
------
 > [llm-gateway build 4/4] RUN swift build -c release --product llm-gateway-server:
25.06 [5/7] Compiling ServiceShared Models.swift
27.24 [6/8] Compiling LLMGatewayService HTTPKernel.swift
27.81 [7/9] Compiling LLMGatewayServer main.swift
27.81 /src/Generated/Server/llm-gateway/main.swift:29:36: error: cannot convert value of type '__socket_type' to expected argument type 'Int32'
27.81  27 |         #endif
27.81  28 | 
27.81  29 |         serverFD = socket(AF_INET, socketType, 0)
27.81     |                                    `- error: cannot convert value of type '__socket_type' to expected argument type 'Int32'
27.81  30 |         guard serverFD >= 0 else { throw RuntimeError.socket }
27.81  31 |         var opt: Int32 = 1
------
------
 > [baseline-awareness build 4/4] RUN swift build -c release --product baseline-awareness-server:
25.38 [5/7] Compiling ServiceShared Models.swift
28.02 [6/8] Compiling BaselineAwarenessService BaselineStore.swift
28.41 [7/9] Compiling BaselineAwarenessServer HTTPServer.swift
28.41 /src/Generated/Server/baseline-awareness/main.swift:23:36: error: cannot convert value of type '__socket_type' to expected argument type 'Int32'
28.41  21 | 
28.41  22 |     func start() throws {
28.41  23 |         serverFD = socket(AF_INET, SOCK_STREAM, 0)
28.41     |                                    `- error: cannot convert value of type '__socket_type' to expected argument type 'Int32'
28.41  24 |         guard serverFD >= 0 else { throw RuntimeError.socket }
28.41  25 |         var opt: Int32 = 1
------
failed to solve: process "/bin/sh -c swift build -c release --product persist-server" did not complete successfully: exit code: 1
 Network kong-codex_default  Creating
 Network kong-codex_default  Created
 Container kong-codex-kong-1  Creating
 Container kong-codex-typesense-1  Creating
 Container kong-codex-typesense-1  Created
 Container kong-codex-kong-1  Created
Attaching to kong-1, typesense-1
Gracefully stopping... (press Ctrl+C again to force)
Error response from daemon: mounts denied: 
The path /srv/deploy/repos/kong-codex/kong.conf is not shared from the host and is not known to Docker.
You can configure shared paths from Docker -> Preferences... -> Resources -> File Sharing.
See https://docs.docker.com/desktop/settings/mac/#file-sharing for more info.
 Container kong-codex-typesense-1  Stopping
 Container kong-codex-kong-1  Stopping
 Container kong-codex-kong-1  Stopped
 Container kong-codex-kong-1  Removing
 Container kong-codex-kong-1  Removed
 Container kong-codex-typesense-1  Stopped
 Container kong-codex-typesense-1  Removing
 Container kong-codex-typesense-1  Removed
 Network kong-codex_default  Removing
 Network kong-codex_default  Removed

[2025-07-17T12:03:33.914766] Running integration tests for fountainai...
[2025-07-17T12:04:28.262919] Integration tests for fountainai failed with exit code 1

[2025-07-17T12:04:28.265125] Running integration tests for kong-codex...
[2025-07-17T12:04:39.218745] Integration tests for kong-codex failed with exit code 1
