[2025-07-17T08:47:07.922632] === New Cycle ===
Building for debugging...
[0/156] Compiling ex_data.cc
[1/156] Compiling scrypt.cc
[1/156] Compiling sign.cc
[1/156] Compiling pbkdf.cc
[4/156] Compiling print.cc
[5/156] Compiling p_x25519_asn1.cc
[6/156] Compiling hrss.cc
[7/156] Compiling p_x25519.cc
[8/156] Compiling p_rsa_asn1.cc
[9/156] Compiling p_ed25519.cc
[10/156] Write swift-version-24593BA9C3E375BF.txt
[11/157] Compiling p_rsa.cc
[12/151] Compiling p_hkdf.cc
[13/153] Compiling p_ed25519_asn1.cc
[14/153] Compiling p_ec_asn1.cc
[15/155] Compiling p_dh.cc
[16/158] Compiling p_dh_asn1.cc
[16/158] Compiling p_ec.cc
[19/160] Emitting module PlannerServer
[20/160] Compiling PlannerServer main.swift
/srv/deploy/repos/fountainai/Generated/Server/planner/main.swift:23:36: error: cannot convert value of type '__socket_type' to expected argument type 'Int32'
21 | 
22 |     func start() throws {
23 |         serverFD = socket(AF_INET, SOCK_STREAM, 0)
   |                                    `- error: cannot convert value of type '__socket_type' to expected argument type 'Int32'
24 |         guard serverFD >= 0 else { throw RuntimeError.socket }
25 |         var opt: Int32 = 1
[20/160] Compiling p_dsa_asn1.cc
[20/160] Compiling bcm.cc

[2025-07-17T08:47:07.924011] Starting swift build...
[2025-07-17T08:47:11.889361] swift build failed with exit code 1
[2025-07-17T08:47:12.017615] [dispatcher] Updated git remote to use token-based authentication.
[2025-07-17T08:47:14.026184] [dispatcher] Running Docker build...
[2025-07-17T08:47:14.027523] [dispatcher] Running tests...
Compose now can delegate build to bake for better performances
Just set COMPOSE_BAKE=true
#0 building with "default" instance using docker driver

#1 [planner internal] load build definition from Dockerfile
#1 transferring dockerfile: 266B done
#1 DONE 0.0s

#2 [llm-gateway internal] load build definition from Dockerfile
#2 transferring dockerfile: 278B 0.0s done
#2 DONE 0.0s

#3 [function-caller internal] load build definition from Dockerfile
#3 transferring dockerfile: 290B done
#3 DONE 0.0s

#4 [tools-factory internal] load build definition from Dockerfile
#4 transferring dockerfile: 284B done
#4 DONE 0.0s

#5 [persist internal] load build definition from Dockerfile
#5 transferring dockerfile: 266B done
#5 DONE 0.0s

#6 [baseline-awareness internal] load build definition from Dockerfile
#6 transferring dockerfile: 299B done
#6 DONE 0.0s

#7 [bootstrap internal] load build definition from Dockerfile
#7 transferring dockerfile: 272B done
#7 DONE 0.0s

#8 [bootstrap internal] load metadata for docker.io/library/ubuntu:22.04
#8 DONE 0.6s

#9 [bootstrap internal] load metadata for docker.io/library/swift:6.1-jammy
#9 DONE 1.4s

#10 [function-caller internal] load .dockerignore
#10 transferring context: 2B 0.0s done
#10 DONE 0.0s

#11 [llm-gateway internal] load .dockerignore
#11 transferring context: 2B done
#11 DONE 0.0s

#12 [baseline-awareness internal] load .dockerignore
#12 transferring context: 2B done
#12 DONE 0.0s

#13 [bootstrap build 1/4] FROM docker.io/library/swift:6.1-jammy@sha256:512716edb447938962d96627ff0b9f00d5701bfa61d97a5b5654f07a1482c342
#13 DONE 0.0s

#14 [bootstrap stage-1 1/2] FROM docker.io/library/ubuntu:22.04@sha256:59ccd419c0dc0edf9e3bff1a3b2b073ea15a2ce4bc45ce7c989278b225b09af3
#14 DONE 0.0s

#15 [persist internal] load .dockerignore
#15 transferring context: 2B done
#15 DONE 0.0s

#16 [planner internal] load .dockerignore
#16 transferring context: 2B done
#16 DONE 0.0s

#17 [tools-factory internal] load .dockerignore
#17 transferring context: 2B done
#17 DONE 0.0s

#18 [bootstrap internal] load .dockerignore
#18 transferring context: 2B done
#18 DONE 0.0s

#19 [function-caller internal] load build context
#19 transferring context: 3.50MB 5.0s
#19 ...

#20 [planner internal] load build context
#20 ...

#19 [function-caller internal] load build context
#19 ...

#21 [llm-gateway internal] load build context
#21 ...

#22 [baseline-awareness internal] load build context
#22 transferring context: 10.52MB 9.2s done
#22 ...

#23 [bootstrap internal] load build context
#23 transferring context: 10.52MB 10.1s done
#23 ...

#24 [persist internal] load build context
#24 transferring context: 10.52MB 10.1s done
#24 DONE 10.4s

#25 [tools-factory internal] load build context
#25 transferring context: 10.52MB 10.1s done
#25 DONE 10.4s

#22 [baseline-awareness internal] load build context
#22 DONE 10.4s

#23 [bootstrap internal] load build context
#23 DONE 10.4s

#21 [llm-gateway internal] load build context
#21 transferring context: 10.52MB 10.1s done
#21 DONE 10.4s

#20 [planner internal] load build context
#20 transferring context: 10.52MB 10.1s done
#20 DONE 10.4s

#19 [function-caller internal] load build context
#19 transferring context: 10.52MB 10.1s done
#19 DONE 10.4s

#26 [tools-factory build 2/4] WORKDIR /src
#26 CACHED

#27 [llm-gateway build 3/4] COPY . .
#27 DONE 12.3s

#28 [llm-gateway build 3/4] COPY . .
#28 CACHED

#29 [persist build 3/4] COPY . .
#29 CACHED

#30 [planner build 3/4] COPY . .
#30 CACHED

#31 [function-caller build 3/4] COPY . .
#31 CACHED

#32 [tools-factory build 3/4] COPY . .
#32 CACHED

#33 [bootstrap build 3/4] COPY . .
#33 CACHED

#34 [planner build 4/4] RUN swift build -c release --product planner-server
#34 ...

#35 [function-caller build 4/4] RUN swift build -c release --product function-caller-server
#35 ...

#36 [baseline-awareness build 4/4] RUN swift build -c release --product baseline-awareness-server
#36 ...

#37 [tools-factory build 4/4] RUN swift build -c release --product tools-factory-server
#37 ...

#38 [bootstrap build 4/4] RUN swift build -c release --product bootstrap-server
#38 ...

#39 [persist build 4/4] RUN swift build -c release --product persist-server
#39 ...

#40 [llm-gateway build 4/4] RUN swift build -c release --product llm-gateway-server
#40 ...

#38 [bootstrap build 4/4] RUN swift build -c release --product bootstrap-server
#38 17.05 Building for production...
#38 17.17 [0/7] Write sources
#38 17.29 [4/7] Write swift-version-24593BA9C3E375BF.txt
#38 ...

#35 [function-caller build 4/4] RUN swift build -c release --product function-caller-server
#35 17.12 Building for production...
#35 17.26 [0/14] Write sources
#35 17.77 [5/14] Compiling reader.c
#35 17.78 [6/14] Compiling writer.c
#35 17.78 [7/14] Write swift-version-24593BA9C3E375BF.txt
#35 17.97 [8/14] Compiling api.c
#35 18.02 [9/15] Compiling parser.c
#35 18.32 [10/15] Compiling emitter.c
#35 19.33 [11/15] Compiling scanner.c
#35 23.88 [13/16] Compiling ServiceShared Models.swift
#35 ...

#38 [bootstrap build 4/4] RUN swift build -c release --product bootstrap-server
#38 23.77 [6/8] Compiling ServiceShared Models.swift
#38 ...

#40 [llm-gateway build 4/4] RUN swift build -c release --product llm-gateway-server
#40 17.10 Building for production...
#40 17.26 [0/6] Write sources
#40 17.40 [3/6] Write swift-version-24593BA9C3E375BF.txt
#40 23.51 [5/7] Compiling ServiceShared Models.swift
#40 24.92 [6/8] Compiling LLMGatewayService HTTPKernel.swift
#40 25.28 [7/9] Compiling LLMGatewayServer main.swift
#40 25.28 /src/Generated/Server/llm-gateway/main.swift:23:36: error: cannot convert value of type '__socket_type' to expected argument type 'Int32'
#40 25.28 21 | 
#40 25.28 22 |     func start() throws {
#40 25.28 23 |         serverFD = socket(AF_INET, SOCK_STREAM, 0)
#40 25.28    |                                    `- error: cannot convert value of type '__socket_type' to expected argument type 'Int32'
#40 25.28 24 |         guard serverFD >= 0 else { throw RuntimeError.socket }
#40 25.28 25 |         var opt: Int32 = 1
#40 ERROR: process "/bin/sh -c swift build -c release --product llm-gateway-server" did not complete successfully: exit code: 1

#39 [persist build 4/4] RUN swift build -c release --product persist-server
#39 17.12 Building for production...
#39 17.25 [0/6] Write sources
#39 17.40 [3/6] Write swift-version-24593BA9C3E375BF.txt
#39 23.84 [5/7] Compiling ServiceShared Models.swift
#39 25.05 [6/8] Compiling PersistService HTTPKernel.swift
#39 25.31 [7/9] Compiling PersistServer main.swift
#39 25.31 /src/Generated/Server/persist/main.swift:23:36: error: cannot convert value of type '__socket_type' to expected argument type 'Int32'
#39 25.31 21 | 
#39 25.31 22 |     func start() throws {
#39 25.31 23 |         serverFD = socket(AF_INET, SOCK_STREAM, 0)
#39 25.31    |                                    `- error: cannot convert value of type '__socket_type' to expected argument type 'Int32'
#39 25.31 24 |         guard serverFD >= 0 else { throw RuntimeError.socket }
#39 25.31 25 |         var opt: Int32 = 1
#39 ERROR: process "/bin/sh -c swift build -c release --product persist-server" did not complete successfully: exit code: 1

#38 [bootstrap build 4/4] RUN swift build -c release --product bootstrap-server
#38 25.80 [7/9] Compiling BaselineAwarenessService BaselineStore.swift
#38 ...

#36 [baseline-awareness build 4/4] RUN swift build -c release --product baseline-awareness-server
#36 17.07 Building for production...
#36 17.25 [0/6] Write sources
#36 17.41 [3/6] Write swift-version-24593BA9C3E375BF.txt
#36 23.51 [5/7] Compiling ServiceShared Models.swift
#36 25.88 [6/8] Compiling BaselineAwarenessService BaselineStore.swift
#36 CANCELED

#35 [function-caller build 4/4] RUN swift build -c release --product function-caller-server
#35 CANCELED

#38 [bootstrap build 4/4] RUN swift build -c release --product bootstrap-server
#38 CANCELED

#34 [planner build 4/4] RUN swift build -c release --product planner-server
#34 17.11 Building for production...
#34 17.25 [0/6] Write sources
#34 17.43 [3/6] Write swift-version-24593BA9C3E375BF.txt
#34 23.75 [5/7] Compiling ServiceShared Models.swift
#34 25.78 [6/8] Compiling PlannerService HTTPKernel.swift
#34 CANCELED

#37 [tools-factory build 4/4] RUN swift build -c release --product tools-factory-server
#37 17.11 Building for production...
#37 17.25 [0/14] Write sources
#37 17.40 [5/14] Write swift-version-24593BA9C3E375BF.txt
#37 17.79 [6/15] Compiling writer.c
#37 17.83 [7/15] Compiling reader.c
#37 17.91 [8/15] Compiling parser.c
#37 17.97 [9/15] Compiling api.c
#37 19.38 [10/15] Compiling scanner.c
#37 19.43 [11/15] Compiling emitter.c
#37 23.78 [13/16] Compiling ServiceShared Models.swift
#37 CANCELED
------
 > [llm-gateway build 4/4] RUN swift build -c release --product llm-gateway-server:
23.51 [5/7] Compiling ServiceShared Models.swift
24.92 [6/8] Compiling LLMGatewayService HTTPKernel.swift
25.28 [7/9] Compiling LLMGatewayServer main.swift
25.28 /src/Generated/Server/llm-gateway/main.swift:23:36: error: cannot convert value of type '__socket_type' to expected argument type 'Int32'
25.28 21 | 
25.28 22 |     func start() throws {
25.28 23 |         serverFD = socket(AF_INET, SOCK_STREAM, 0)
25.28    |                                    `- error: cannot convert value of type '__socket_type' to expected argument type 'Int32'
25.28 24 |         guard serverFD >= 0 else { throw RuntimeError.socket }
25.28 25 |         var opt: Int32 = 1
------
------
 > [persist build 4/4] RUN swift build -c release --product persist-server:
23.84 [5/7] Compiling ServiceShared Models.swift
25.05 [6/8] Compiling PersistService HTTPKernel.swift
25.31 [7/9] Compiling PersistServer main.swift
25.31 /src/Generated/Server/persist/main.swift:23:36: error: cannot convert value of type '__socket_type' to expected argument type 'Int32'
25.31 21 | 
25.31 22 |     func start() throws {
25.31 23 |         serverFD = socket(AF_INET, SOCK_STREAM, 0)
25.31    |                                    `- error: cannot convert value of type '__socket_type' to expected argument type 'Int32'
25.31 24 |         guard serverFD >= 0 else { throw RuntimeError.socket }
25.31 25 |         var opt: Int32 = 1
------
failed to solve: process "/bin/sh -c swift build -c release --product llm-gateway-server" did not complete successfully: exit code: 1
 Network kong-codex_default  Creating
 Network kong-codex_default  Created
 Container kong-codex-kong-1  Creating
 Container kong-codex-typesense-1  Creating
 Container kong-codex-kong-1  Created
 Container kong-codex-typesense-1  Created
Attaching to kong-1, typesense-1
Error response from daemon: mounts denied: 
The path /srv/deploy/repos/kong-codex/kong.conf is not shared from the host and is not known to Docker.
You can configure shared paths from Docker -> Preferences... -> Resources -> File Sharing.
See https://docs.docker.com/desktop/settings/mac/#file-sharing for more info.
 Container kong-codex-kong-1  Stopping
 Container kong-codex-typesense-1  Stopping
 Container kong-codex-kong-1  Stopped
 Container kong-codex-kong-1  Removing
 Container kong-codex-kong-1  Removed
 Container kong-codex-typesense-1  Stopped
 Container kong-codex-typesense-1  Removing
 Container kong-codex-typesense-1  Removed
 Network kong-codex_default  Removing
 Network kong-codex_default  Removed

[2025-07-17T08:47:14.027884] Running integration tests for fountainai...
[2025-07-17T08:48:05.143838] Integration tests for fountainai failed with exit code 1

[2025-07-17T08:48:05.144285] Running integration tests for kong-codex...
[2025-07-17T08:48:07.120270] Integration tests for kong-codex failed with exit code 1
