[2025-07-20T17:53:45.961791] === New Cycle ===
Building for debugging...
[0/238] Compiling t_crl.cc
[1/238] Compiling v3_akey.cc
[2/238] Compiling t_x509.cc
[3/238] Compiling v3_akeya.cc
[4/238] Compiling t_x509a.cc
[5/238] Compiling rsa_pss.cc
[6/238] Compiling t_req.cc
[7/238] Compiling v3_alt.cc
[8/238] Write swift-version-24593BA9C3E375BF.txt
[9/232] Compiling i2d_pr.cc
[10/234] Compiling name_print.cc
[11/234] Compiling by_file.cc
[12/234] Compiling policy.cc
[13/234] Compiling by_dir.cc
[14/236] Compiling algorithm.cc
[16/236] Emitting module PlannerServer
[17/238] Compiling PlannerServer main.swift
/srv/deploy/repos/fountainai/Generated/Server/planner/main.swift:23:33: error: cannot convert value of type '__socket_type' to specified type 'Int32'
 21 | 
 22 |     func start() throws {
 23 |         let socketType: Int32 = SOCK_STREAM
    |                                 `- error: cannot convert value of type '__socket_type' to specified type 'Int32'
 24 | 
 25 |         serverFD = socket(AF_INET, socketType, 0)
[17/238] Compiling asn1_gen.cc
[18/238] Compiling a_sign.cc
[18/238] Compiling a_verify.cc

[2025-07-20T17:53:45.962562] Starting swift build...
[2025-07-20T17:53:49.116732] swift build failed with exit code 1
[2025-07-20T17:53:49.199186] [dispatcher] Updated git remote to use token-based authentication.
[2025-07-20T17:53:51.308255] [dispatcher] Running Docker build...
[2025-07-20T17:53:51.309863] [dispatcher] Running tests...
Compose now can delegate build to bake for better performances
Just set COMPOSE_BAKE=true
#0 building with "default" instance using docker driver

#1 [planner internal] load build definition from Dockerfile
#1 transferring dockerfile: 266B done
#1 DONE 0.0s

#2 [tools-factory internal] load build definition from Dockerfile
#2 transferring dockerfile: 284B done
#2 DONE 0.0s

#3 [function-caller internal] load build definition from Dockerfile
#3 transferring dockerfile: 290B done
#3 DONE 0.0s

#4 [baseline-awareness internal] load build definition from Dockerfile
#4 transferring dockerfile: 299B done
#4 DONE 0.0s

#5 [llm-gateway internal] load build definition from Dockerfile
#5 transferring dockerfile: 278B done
#5 DONE 0.0s

#6 [bootstrap internal] load build definition from Dockerfile
#6 transferring dockerfile: 272B done
#6 DONE 0.0s

#7 [persist internal] load build definition from Dockerfile
#7 transferring dockerfile: 266B done
#7 DONE 0.0s

#8 [persist internal] load metadata for docker.io/library/ubuntu:22.04
#8 DONE 1.1s

#9 [persist internal] load metadata for docker.io/library/swift:6.1-jammy
#9 DONE 1.1s

#10 [llm-gateway internal] load .dockerignore
#10 transferring context: 2B done
#10 DONE 0.0s

#11 [baseline-awareness internal] load .dockerignore
#11 transferring context: 2B 0.0s done
#11 DONE 0.0s

#12 [persist internal] load .dockerignore
#12 transferring context: 2B done
#12 DONE 0.0s

#13 [bootstrap internal] load .dockerignore
#13 transferring context: 2B done
#13 DONE 0.0s

#14 [function-caller internal] load .dockerignore
#14 transferring context: 2B done
#14 DONE 0.0s

#15 [planner internal] load .dockerignore
#15 transferring context: 2B done
#15 DONE 0.0s

#16 [tools-factory internal] load .dockerignore
#16 transferring context: 2B done
#16 DONE 0.0s

#17 [tools-factory build 1/4] FROM docker.io/library/swift:6.1-jammy@sha256:512716edb447938962d96627ff0b9f00d5701bfa61d97a5b5654f07a1482c342
#17 resolve docker.io/library/swift:6.1-jammy@sha256:512716edb447938962d96627ff0b9f00d5701bfa61d97a5b5654f07a1482c342 0.0s done
#17 DONE 0.0s

#18 [baseline-awareness stage-1 1/2] FROM docker.io/library/ubuntu:22.04@sha256:1ec65b2719518e27d4d25f104d93f9fac60dc437f81452302406825c46fcc9cb
#18 resolve docker.io/library/ubuntu:22.04@sha256:1ec65b2719518e27d4d25f104d93f9fac60dc437f81452302406825c46fcc9cb 0.0s done
#18 CACHED

#19 [persist internal] load build context
#19 transferring context: 6.37MB 3.7s done
#19 DONE 3.7s

#20 [llm-gateway internal] load build context
#20 transferring context: 6.37MB 3.7s done
#20 DONE 3.7s

#21 [planner internal] load build context
#21 transferring context: 6.37MB 3.7s done
#21 DONE 3.7s

#22 [baseline-awareness internal] load build context
#22 transferring context: 6.37MB 3.7s done
#22 DONE 3.7s

#23 [function-caller internal] load build context
#23 transferring context: 6.37MB 3.7s done
#23 DONE 3.7s

#24 [tools-factory internal] load build context
#24 transferring context: 6.37MB 3.5s done
#24 DONE 3.7s

#25 [bootstrap internal] load build context
#25 transferring context: 6.37MB 3.7s done
#25 DONE 3.8s

#26 [function-caller build 2/4] WORKDIR /src
#26 CACHED

#27 [baseline-awareness build 3/4] COPY . .
#27 DONE 4.2s

#28 [persist build 3/4] COPY . .
#28 CACHED

#29 [planner build 3/4] COPY . .
#29 CACHED

#30 [baseline-awareness build 3/4] COPY . .
#30 CACHED

#31 [function-caller build 3/4] COPY . .
#31 CACHED

#32 [bootstrap build 3/4] COPY . .
#32 CACHED

#33 [tools-factory build 3/4] COPY . .
#33 CACHED

#34 [tools-factory build 4/4] RUN swift build -c release --product tools-factory-server
#34 ...

#35 [planner build 4/4] RUN swift build -c release --product planner-server
#35 ...

#36 [baseline-awareness build 4/4] RUN swift build -c release --product baseline-awareness-server
#36 ...

#37 [persist build 4/4] RUN swift build -c release --product persist-server
#37 ...

#38 [llm-gateway build 4/4] RUN swift build -c release --product llm-gateway-server
#38 ...

#39 [bootstrap build 4/4] RUN swift build -c release --product bootstrap-server
#39 ...

#40 [function-caller build 4/4] RUN swift build -c release --product function-caller-server
#40 ...

#34 [tools-factory build 4/4] RUN swift build -c release --product tools-factory-server
#34 14.28 Building for production...
#34 14.33 [0/14] Write sources
#34 14.66 [5/14] Compiling writer.c
#34 14.69 [6/14] Compiling reader.c
#34 14.91 [7/14] Write swift-version-24593BA9C3E375BF.txt
#34 15.06 [8/14] Compiling parser.c
#34 15.09 [9/14] Compiling api.c
#34 15.53 [10/15] Compiling scanner.c
#34 15.55 [11/15] Compiling emitter.c
#34 19.91 [13/16] Compiling ServiceShared Models.swift
#34 ...

#40 [function-caller build 4/4] RUN swift build -c release --product function-caller-server
#40 14.43 Building for production...
#40 14.47 [0/14] Write sources
#40 14.64 [5/14] Compiling writer.c
#40 14.87 [6/14] Compiling parser.c
#40 14.89 [7/14] Write swift-version-24593BA9C3E375BF.txt
#40 14.89 [7/14] Compiling reader.c
#40 15.01 [9/14] Compiling api.c
#40 15.29 [10/15] Compiling emitter.c
#40 15.91 [11/15] Compiling scanner.c
#40 20.04 [13/16] Compiling ServiceShared Models.swift
#40 ...

#38 [llm-gateway build 4/4] RUN swift build -c release --product llm-gateway-server
#38 14.29 Building for production...
#38 14.33 [0/6] Write sources
#38 14.54 [3/6] Write swift-version-24593BA9C3E375BF.txt
#38 19.87 [5/7] Compiling ServiceShared Models.swift
#38 20.76 [6/8] Compiling LLMGatewayService HTTPKernel.swift
#38 21.05 [7/9] Compiling LLMGatewayServer main.swift
#38 21.05 /src/Generated/Server/llm-gateway/main.swift:23:33: error: cannot convert value of type '__socket_type' to specified type 'Int32'
#38 21.05  21 | 
#38 21.05  22 |     func start() throws {
#38 21.05  23 |         let socketType: Int32 = SOCK_STREAM
#38 21.05     |                                 `- error: cannot convert value of type '__socket_type' to specified type 'Int32'
#38 21.05  24 | 
#38 21.05  25 |         serverFD = socket(AF_INET, socketType, 0)
#38 ERROR: process "/bin/sh -c swift build -c release --product llm-gateway-server" did not complete successfully: exit code: 1

#37 [persist build 4/4] RUN swift build -c release --product persist-server
#37 14.29 Building for production...
#37 14.33 [0/6] Write sources
#37 14.55 [3/6] Write swift-version-24593BA9C3E375BF.txt
#37 20.05 [5/7] Compiling ServiceShared Models.swift
#37 20.91 [6/8] Compiling PersistService HTTPKernel.swift
#37 21.38 [7/9] Compiling PersistServer main.swift
#37 21.38 /src/Generated/Server/persist/main.swift:23:33: error: cannot convert value of type '__socket_type' to specified type 'Int32'
#37 21.38  21 | 
#37 21.38  22 |     func start() throws {
#37 21.38  23 |         let socketType: Int32 = SOCK_STREAM
#37 21.38     |                                 `- error: cannot convert value of type '__socket_type' to specified type 'Int32'
#37 21.38  24 | 
#37 21.38  25 |         serverFD = socket(AF_INET, socketType, 0)
#37 ERROR: process "/bin/sh -c swift build -c release --product persist-server" did not complete successfully: exit code: 1

#35 [planner build 4/4] RUN swift build -c release --product planner-server
#35 14.33 Building for production...
#35 14.38 [0/6] Write sources
#35 14.54 [3/6] Write swift-version-24593BA9C3E375BF.txt
#35 19.84 [5/7] Compiling ServiceShared Models.swift
#35 21.61 [6/8] Compiling PlannerService HTTPKernel.swift
#35 CANCELED

#36 [baseline-awareness build 4/4] RUN swift build -c release --product baseline-awareness-server
#36 14.41 Building for production...
#36 14.45 [0/6] Write sources
#36 14.63 [3/6] Write swift-version-24593BA9C3E375BF.txt
#36 19.98 [5/7] Compiling ServiceShared Models.swift
#36 CANCELED

#39 [bootstrap build 4/4] RUN swift build -c release --product bootstrap-server
#39 14.31 Building for production...
#39 14.33 [0/7] Write sources
#39 14.58 [4/7] Write swift-version-24593BA9C3E375BF.txt
#39 19.90 [6/8] Compiling ServiceShared Models.swift
#39 CANCELED

#40 [function-caller build 4/4] RUN swift build -c release --product function-caller-server
#40 CANCELED

#34 [tools-factory build 4/4] RUN swift build -c release --product tools-factory-server
#34 CANCELED
------
 > [persist build 4/4] RUN swift build -c release --product persist-server:
20.05 [5/7] Compiling ServiceShared Models.swift
20.91 [6/8] Compiling PersistService HTTPKernel.swift
21.38 [7/9] Compiling PersistServer main.swift
21.38 /src/Generated/Server/persist/main.swift:23:33: error: cannot convert value of type '__socket_type' to specified type 'Int32'
21.38  21 | 
21.38  22 |     func start() throws {
21.38  23 |         let socketType: Int32 = SOCK_STREAM
21.38     |                                 `- error: cannot convert value of type '__socket_type' to specified type 'Int32'
21.38  24 | 
21.38  25 |         serverFD = socket(AF_INET, socketType, 0)
------
------
 > [llm-gateway build 4/4] RUN swift build -c release --product llm-gateway-server:
19.87 [5/7] Compiling ServiceShared Models.swift
20.76 [6/8] Compiling LLMGatewayService HTTPKernel.swift
21.05 [7/9] Compiling LLMGatewayServer main.swift
21.05 /src/Generated/Server/llm-gateway/main.swift:23:33: error: cannot convert value of type '__socket_type' to specified type 'Int32'
21.05  21 | 
21.05  22 |     func start() throws {
21.05  23 |         let socketType: Int32 = SOCK_STREAM
21.05     |                                 `- error: cannot convert value of type '__socket_type' to specified type 'Int32'
21.05  24 | 
21.05  25 |         serverFD = socket(AF_INET, socketType, 0)
------
failed to solve: process "/bin/sh -c swift build -c release --product llm-gateway-server" did not complete successfully: exit code: 1
 Network kong-codex_default  Creating
 Network kong-codex_default  Created
 Container kong-codex-kong-1  Creating
 Container kong-codex-typesense-1  Creating
 Container kong-codex-kong-1  Created
 Container kong-codex-typesense-1  Created
Attaching to kong-1, typesense-1
Gracefully stopping... (press Ctrl+C again to force)
Error response from daemon: mounts denied: 
The path /srv/deploy/repos/kong-codex/kong.conf is not shared from the host and is not known to Docker.
You can configure shared paths from Docker -> Preferences... -> Resources -> File Sharing.
See https://docs.docker.com/go/mac-file-sharing/ for more info.
 Container kong-codex-typesense-1  Stopping
 Container kong-codex-kong-1  Stopping
 Container kong-codex-kong-1  Stopped
 Container kong-codex-kong-1  Removing
 Container kong-codex-kong-1  Removed
 Container kong-codex-typesense-1  Stopped
 Container kong-codex-typesense-1  Removing
 Container kong-codex-typesense-1  Removed
 Network kong-codex_default  Removing
 Network kong-codex_default  Removed

[2025-07-20T17:53:51.310258] Running integration tests for fountainai...
[2025-07-20T17:54:22.697549] Integration tests for fountainai failed with exit code 1

[2025-07-20T17:54:22.697717] Running integration tests for kong-codex...
[2025-07-20T17:54:33.642554] Integration tests for kong-codex failed with exit code 1
