[2025-07-17T09:40:52.911406] === New Cycle ===
Building for debugging...
[0/356] Compiling rsaz-avx2-apple.S
[0/356] Compiling sha1-586-apple.S
[1/356] Write sources
[1/356] Compiling rsaz-avx2-linux.S
[1/356] Write sources
[6/356] Compiling rdrand-x86_64-apple.S
[7/356] Compiling rdrand-x86_64-linux.S
[8/356] Compiling p256_beeu-x86_64-asm-linux.S
[9/356] Compiling p256_beeu-x86_64-asm-apple.S
[10/356] Write swift-version-24593BA9C3E375BF.txt
[11/354] Compiling p256_beeu-armv8-asm-win.S
[12/354] Compiling p256_beeu-armv8-asm-apple.S
[13/354] Compiling p256_beeu-armv8-asm-linux.S
[15/360] Emitting module ToolsFactoryServer
[16/360] Emitting module PlannerServer
[17/360] Compiling PlannerServer main.swift
/srv/deploy/repos/fountainai/Generated/Server/planner/main.swift:23:43: error: initializer 'init(_:)' requires that '__socket_type' conform to 'BinaryFloatingPoint'
21 | 
22 |     func start() throws {
23 |         serverFD = socket(Int32(AF_INET), Int32(SOCK_STREAM), 0)
   |                                           `- error: initializer 'init(_:)' requires that '__socket_type' conform to 'BinaryFloatingPoint'
24 |         guard serverFD >= 0 else { throw RuntimeError.socket }
25 |         var opt: Int32 = 1

Swift.FixedWidthInteger.init:2:19: note: where 'T' = '__socket_type'
1 | protocol FixedWidthInteger {
2 | @inlinable public init<T>(_ source: T) where T : BinaryFloatingPoint}
  |                   `- note: where 'T' = '__socket_type'
3 | 
[18/360] Compiling ToolsFactoryServer main.swift
/srv/deploy/repos/fountainai/Generated/Server/tools-factory/main.swift:23:36: error: cannot convert value of type '__socket_type' to expected argument type 'Int32'
21 | 
22 |     func start() throws {
23 |         serverFD = socket(AF_INET, SOCK_STREAM, 0)
   |                                    `- error: cannot convert value of type '__socket_type' to expected argument type 'Int32'
24 |         guard serverFD >= 0 else { throw RuntimeError.socket }
25 |         var opt: Int32 = 1
[18/360] Compiling dtls_record.cc
[18/360] Compiling d1_both.cc
[19/360] Emitting module ServerGenerator
[19/360] Compiling d1_srtp.cc
[19/360] Compiling dtls_method.cc
[19/360] Compiling d1_lib.cc

[2025-07-17T09:40:52.912373] Starting swift build...
[2025-07-17T09:40:55.062837] swift build failed with exit code 1
