[2025-07-17T04:54:34.795981] === New Cycle ===
Building for debugging...
[0/15] Write swift-version-24593BA9C3E375BF.txt
[2/34] Compiling ToolsFactoryServer main.swift
/srv/deploy/repos/fountainai/Generated/Server/tools-factory/main.swift:23:36: error: cannot convert value of type '__socket_type' to expected argument type 'Int32'
21 | 
22 |     func start() throws {
23 |         serverFD = socket(AF_INET, SOCK_STREAM, 0)
   |                                    `- error: cannot convert value of type '__socket_type' to expected argument type 'Int32'
24 |         guard serverFD >= 0 else { throw RuntimeError.socket }
25 |         var opt: Int32 = 1
[3/34] Emitting module LLMGatewayServer
[4/34] Compiling LLMGatewayServer main.swift
/srv/deploy/repos/fountainai/Generated/Server/llm-gateway/main.swift:23:36: error: cannot convert value of type '__socket_type' to expected argument type 'Int32'
21 | 
22 |     func start() throws {
23 |         serverFD = socket(AF_INET, SOCK_STREAM, 0)
   |                                    `- error: cannot convert value of type '__socket_type' to expected argument type 'Int32'
24 |         guard serverFD >= 0 else { throw RuntimeError.socket }
25 |         var opt: Int32 = 1
[5/34] Compiling FunctionCallerServer main.swift
/srv/deploy/repos/fountainai/Generated/Server/function-caller/main.swift:23:36: error: cannot convert value of type '__socket_type' to expected argument type 'Int32'
21 | 
22 |     func start() throws {
23 |         serverFD = socket(AF_INET, SOCK_STREAM, 0)
   |                                    `- error: cannot convert value of type '__socket_type' to expected argument type 'Int32'
24 |         guard serverFD >= 0 else { throw RuntimeError.socket }
25 |         var opt: Int32 = 1
[6/34] Emitting module BootstrapService
[7/34] Emitting module BaselineAwarenessServer
[8/34] Emitting module PersistServer
[9/35] Compiling BaselineAwarenessServer main.swift
/srv/deploy/repos/fountainai/Generated/Server/baseline-awareness/main.swift:23:36: error: cannot convert value of type '__socket_type' to expected argument type 'Int32'
 21 | 
 22 |     func start() throws {
 23 |         serverFD = socket(AF_INET, SOCK_STREAM, 0)
    |                                    `- error: cannot convert value of type '__socket_type' to expected argument type 'Int32'
 24 |         guard serverFD >= 0 else { throw RuntimeError.socket }
 25 |         var opt: Int32 = 1
[10/35] Emitting module ToolsFactoryServer
[11/35] Emitting module PlannerServer
[12/35] Emitting module FunctionCallerServer
[13/35] Compiling PlannerServer main.swift
/srv/deploy/repos/fountainai/Generated/Server/planner/main.swift:23:36: error: cannot convert value of type '__socket_type' to expected argument type 'Int32'
21 | 
22 |     func start() throws {
23 |         serverFD = socket(AF_INET, SOCK_STREAM, 0)
   |                                    `- error: cannot convert value of type '__socket_type' to expected argument type 'Int32'
24 |         guard serverFD >= 0 else { throw RuntimeError.socket }
25 |         var opt: Int32 = 1
[14/35] Compiling PersistServer main.swift
/srv/deploy/repos/fountainai/Generated/Server/persist/main.swift:23:36: error: cannot convert value of type '__socket_type' to expected argument type 'Int32'
21 | 
22 |     func start() throws {
23 |         serverFD = socket(AF_INET, SOCK_STREAM, 0)
   |                                    `- error: cannot convert value of type '__socket_type' to expected argument type 'Int32'
24 |         guard serverFD >= 0 else { throw RuntimeError.socket }
25 |         var opt: Int32 = 1
[15/35] Emitting module Generator

[2025-07-17T04:54:34.796649] Starting swift build...
[2025-07-17T04:54:36.325721] swift build failed with exit code 1
[2025-07-17T04:54:36.382225] [dispatcher] Updated git remote to use token-based authentication.
[2025-07-17T04:54:38.113710] [dispatcher] Running Docker build...
[2025-07-17T04:54:38.114615] [dispatcher] Running tests...
Compose now can delegate build to bake for better performances
Just set COMPOSE_BAKE=true
#0 building with "default" instance using docker driver

#1 [baseline-awareness internal] load build definition from Dockerfile
#1 transferring dockerfile: 299B done
#1 DONE 0.0s

#2 [tools-factory internal] load build definition from Dockerfile
#2 transferring dockerfile: 284B 0.0s done
#2 DONE 0.0s

#3 [persist internal] load build definition from Dockerfile
#3 transferring dockerfile: 266B done
#3 DONE 0.0s

#4 [function-caller internal] load build definition from Dockerfile
#4 transferring dockerfile: 290B done
#4 DONE 0.0s

#5 [llm-gateway internal] load build definition from Dockerfile
#5 transferring dockerfile: 278B done
#5 DONE 0.0s

#6 [planner internal] load build definition from Dockerfile
#6 transferring dockerfile: 266B done
#6 DONE 0.0s

#7 [bootstrap internal] load build definition from Dockerfile
#7 transferring dockerfile: 272B done
#7 DONE 0.0s

#8 [bootstrap internal] load metadata for docker.io/library/ubuntu:22.04
#8 DONE 0.7s

#9 [persist internal] load metadata for docker.io/library/swift:6.1-jammy
#9 DONE 0.7s

#10 [tools-factory internal] load .dockerignore
#10 transferring context: 2B 0.0s done
#10 DONE 0.0s

#11 [persist internal] load .dockerignore
#11 transferring context: 2B done
#11 DONE 0.0s

#12 [planner internal] load .dockerignore
#12 transferring context: 2B done
#12 DONE 0.1s

#13 [baseline-awareness internal] load .dockerignore
#13 transferring context: 2B done
#13 DONE 0.1s

#14 [baseline-awareness build 1/4] FROM docker.io/library/swift:6.1-jammy@sha256:512716edb447938962d96627ff0b9f00d5701bfa61d97a5b5654f07a1482c342
#14 DONE 0.0s

#15 [llm-gateway internal] load .dockerignore
#15 transferring context: 2B done
#15 DONE 0.1s

#16 [bootstrap internal] load .dockerignore
#16 transferring context: 2B 0.0s done
#16 DONE 0.1s

#17 [baseline-awareness stage-1 1/2] FROM docker.io/library/ubuntu:22.04@sha256:59ccd419c0dc0edf9e3bff1a3b2b073ea15a2ce4bc45ce7c989278b225b09af3
#17 CACHED

#18 [function-caller internal] load .dockerignore
#18 transferring context: 2B done
#18 DONE 0.1s

#19 [bootstrap internal] load build context
#19 ...

#14 [function-caller build 1/4] FROM docker.io/library/swift:6.1-jammy@sha256:512716edb447938962d96627ff0b9f00d5701bfa61d97a5b5654f07a1482c342
#14 DONE 0.0s

#17 [function-caller stage-1 1/2] FROM docker.io/library/ubuntu:22.04@sha256:59ccd419c0dc0edf9e3bff1a3b2b073ea15a2ce4bc45ce7c989278b225b09af3
#17 CACHED

#20 [function-caller internal] load build context
#20 transferring context: 4.23MB 4.9s
#20 ...

#21 [persist internal] load build context
#21 ...

#22 [tools-factory internal] load build context
#22 transferring context: 4.53MB 6.3s done
#22 DONE 6.4s

#20 [function-caller internal] load build context
#20 transferring context: 4.53MB 6.2s done
#20 DONE 6.3s

#23 [llm-gateway internal] load build context
#23 transferring context: 4.53MB 6.1s done
#23 DONE 6.4s

#24 [planner internal] load build context
#24 transferring context: 4.53MB 6.3s done
#24 DONE 6.4s

#19 [bootstrap internal] load build context
#19 transferring context: 4.53MB 6.3s done
#19 DONE 6.4s

#25 [baseline-awareness internal] load build context
#25 transferring context: 4.53MB 6.3s done
#25 DONE 6.4s

#26 [planner build 2/4] WORKDIR /src
#26 CACHED

#21 [persist internal] load build context
#21 transferring context: 4.53MB 6.3s done
#21 DONE 6.4s

#27 [persist build 3/4] COPY . .
#27 DONE 6.3s

#28 [baseline-awareness build 3/4] COPY . .
#28 CACHED

#29 [tools-factory build 3/4] COPY . .
#29 CACHED

#30 [persist build 3/4] COPY . .
#30 CACHED

#31 [function-caller build 3/4] COPY . .
#31 CACHED

#32 [bootstrap build 3/4] COPY . .
#32 CACHED

#33 [planner build 3/4] COPY . .
#33 CACHED

#34 [tools-factory build 4/4] RUN swift build -c release --product tools-factory-server
#34 ...

#35 [persist build 4/4] RUN swift build -c release --product persist-server
#35 ...

#36 [bootstrap build 4/4] RUN swift build -c release --product bootstrap-server
#36 ...

#37 [baseline-awareness build 4/4] RUN swift build -c release --product baseline-awareness-server
#37 ...

#38 [planner build 4/4] RUN swift build -c release --product planner-server
#38 ...

#39 [llm-gateway build 4/4] RUN swift build -c release --product llm-gateway-server
#39 ...

#40 [function-caller build 4/4] RUN swift build -c release --product function-caller-server
#40 16.69 Building for production...
#40 16.76 [0/14] Write sources
#40 ...

#37 [baseline-awareness build 4/4] RUN swift build -c release --product baseline-awareness-server
#37 16.71 Building for production...
#37 16.75 [0/6] Write sources
#37 17.12 [3/6] Write swift-version-24593BA9C3E375BF.txt
#37 ...

#34 [tools-factory build 4/4] RUN swift build -c release --product tools-factory-server
#34 16.71 Building for production...
#34 16.76 [0/14] Write sources
#34 16.94 [5/14] Compiling writer.c
#34 17.10 [6/14] Compiling reader.c
#34 17.28 [7/14] Compiling api.c
#34 17.39 [8/14] Compiling parser.c
#34 18.01 [9/14] Compiling emitter.c
#34 18.40 [10/14] Compiling scanner.c
#34 18.40 [10/14] Write swift-version-24593BA9C3E375BF.txt
#34 ...

#37 [baseline-awareness build 4/4] RUN swift build -c release --product baseline-awareness-server
#37 22.90 [5/7] Compiling ServiceShared Models.swift
#37 25.23 [6/8] Compiling BaselineAwarenessService BaselineStore.swift
#37 ...

#35 [persist build 4/4] RUN swift build -c release --product persist-server
#35 16.71 Building for production...
#35 16.75 [0/6] Write sources
#35 17.13 [3/6] Write swift-version-24593BA9C3E375BF.txt
#35 22.91 [5/7] Compiling ServiceShared Models.swift
#35 24.53 [6/8] Compiling PersistService HTTPKernel.swift
#35 24.79 [7/9] Compiling PersistServer main.swift
#35 24.79 /src/Generated/Server/persist/main.swift:23:36: error: cannot convert value of type '__socket_type' to expected argument type 'Int32'
#35 24.79 21 | 
#35 24.79 22 |     func start() throws {
#35 24.79 23 |         serverFD = socket(AF_INET, SOCK_STREAM, 0)
#35 24.79    |                                    `- error: cannot convert value of type '__socket_type' to expected argument type 'Int32'
#35 24.79 24 |         guard serverFD >= 0 else { throw RuntimeError.socket }
#35 24.79 25 |         var opt: Int32 = 1
#35 ERROR: process "/bin/sh -c swift build -c release --product persist-server" did not complete successfully: exit code: 1

#39 [llm-gateway build 4/4] RUN swift build -c release --product llm-gateway-server
#39 16.70 Building for production...
#39 16.76 [0/6] Write sources
#39 17.08 [3/6] Write swift-version-24593BA9C3E375BF.txt
#39 22.87 [5/7] Compiling ServiceShared Models.swift
#39 24.44 [6/8] Compiling LLMGatewayService HTTPKernel.swift
#39 24.79 [7/9] Compiling LLMGatewayServer main.swift
#39 24.79 /src/Generated/Server/llm-gateway/main.swift:23:36: error: cannot convert value of type '__socket_type' to expected argument type 'Int32'
#39 24.79 21 | 
#39 24.79 22 |     func start() throws {
#39 24.79 23 |         serverFD = socket(AF_INET, SOCK_STREAM, 0)
#39 24.79    |                                    `- error: cannot convert value of type '__socket_type' to expected argument type 'Int32'
#39 24.79 24 |         guard serverFD >= 0 else { throw RuntimeError.socket }
#39 24.79 25 |         var opt: Int32 = 1
#39 ERROR: process "/bin/sh -c swift build -c release --product llm-gateway-server" did not complete successfully: exit code: 1

#37 [baseline-awareness build 4/4] RUN swift build -c release --product baseline-awareness-server
#37 CANCELED

#40 [function-caller build 4/4] RUN swift build -c release --product function-caller-server
#40 16.95 [5/14] Compiling writer.c
#40 17.00 [6/14] Compiling reader.c
#40 17.06 [7/14] Write swift-version-24593BA9C3E375BF.txt
#40 17.46 [8/15] Compiling api.c
#40 17.56 [9/15] Compiling parser.c
#40 17.92 [10/15] Compiling emitter.c
#40 18.31 [11/15] Compiling scanner.c
#40 23.80 [13/16] Compiling ServiceShared Models.swift
#40 CANCELED

#38 [planner build 4/4] RUN swift build -c release --product planner-server
#38 16.71 Building for production...
#38 16.76 [0/6] Write sources
#38 17.14 [3/6] Write swift-version-24593BA9C3E375BF.txt
#38 23.06 [5/7] Compiling ServiceShared Models.swift
#38 25.16 [6/8] Compiling PlannerService HTTPKernel.swift
#38 CANCELED

#36 [bootstrap build 4/4] RUN swift build -c release --product bootstrap-server
#36 16.71 Building for production...
#36 16.76 [0/7] Write sources
#36 17.05 [4/7] Write swift-version-24593BA9C3E375BF.txt
#36 23.16 [6/8] Compiling ServiceShared Models.swift
#36 25.29 [7/9] Compiling BaselineAwarenessService BaselineStore.swift
#36 CANCELED

#34 [tools-factory build 4/4] RUN swift build -c release --product tools-factory-server
#34 24.41 [13/16] Compiling ServiceShared Models.swift
#34 CANCELED
------
 > [persist build 4/4] RUN swift build -c release --product persist-server:
22.91 [5/7] Compiling ServiceShared Models.swift
24.53 [6/8] Compiling PersistService HTTPKernel.swift
24.79 [7/9] Compiling PersistServer main.swift
24.79 /src/Generated/Server/persist/main.swift:23:36: error: cannot convert value of type '__socket_type' to expected argument type 'Int32'
24.79 21 | 
24.79 22 |     func start() throws {
24.79 23 |         serverFD = socket(AF_INET, SOCK_STREAM, 0)
24.79    |                                    `- error: cannot convert value of type '__socket_type' to expected argument type 'Int32'
24.79 24 |         guard serverFD >= 0 else { throw RuntimeError.socket }
24.79 25 |         var opt: Int32 = 1
------
------
 > [llm-gateway build 4/4] RUN swift build -c release --product llm-gateway-server:
22.87 [5/7] Compiling ServiceShared Models.swift
24.44 [6/8] Compiling LLMGatewayService HTTPKernel.swift
24.79 [7/9] Compiling LLMGatewayServer main.swift
24.79 /src/Generated/Server/llm-gateway/main.swift:23:36: error: cannot convert value of type '__socket_type' to expected argument type 'Int32'
24.79 21 | 
24.79 22 |     func start() throws {
24.79 23 |         serverFD = socket(AF_INET, SOCK_STREAM, 0)
24.79    |                                    `- error: cannot convert value of type '__socket_type' to expected argument type 'Int32'
24.79 24 |         guard serverFD >= 0 else { throw RuntimeError.socket }
24.79 25 |         var opt: Int32 = 1
------
failed to solve: process "/bin/sh -c swift build -c release --product persist-server" did not complete successfully: exit code: 1
 Network kong-codex_default  Creating
 Network kong-codex_default  Created
 Container kong-codex-kong-1  Creating
 Container kong-codex-typesense-1  Creating
 Container kong-codex-kong-1  Created
 Container kong-codex-typesense-1  Created
Attaching to kong-1, typesense-1
Gracefully stopping... (press Ctrl+C again to force)
Error response from daemon: mounts denied: 
The path /srv/deploy/repos/kong-codex/kong.conf is not shared from the host and is not known to Docker.
You can configure shared paths from Docker -> Preferences... -> Resources -> File Sharing.
See https://docs.docker.com/desktop/settings/mac/#file-sharing for more info.
 Container kong-codex-kong-1  Stopping
 Container kong-codex-typesense-1  Stopping
 Container kong-codex-kong-1  Stopped
 Container kong-codex-kong-1  Removing
 Container kong-codex-kong-1  Removed
 Container kong-codex-typesense-1  Stopped
 Container kong-codex-typesense-1  Removing
 Container kong-codex-typesense-1  Removed
 Network kong-codex_default  Removing
 Network kong-codex_default  Removed

[2025-07-17T04:54:38.114898] Running integration tests for fountainai...
[2025-07-17T04:55:17.767714] Integration tests for fountainai failed with exit code 1

[2025-07-17T04:55:17.767905] Running integration tests for kong-codex...
[2025-07-17T04:55:28.521480] Integration tests for kong-codex failed with exit code 1
