[2025-07-17T12:25:06.066041] === New Cycle ===
Building for debugging...
[0/425] Compiling ssl_buffer.cc
[0/425] Compiling s3_pkt.cc
[0/425] Compiling ssl_aead_ctx.cc
[1/425] Compiling ssl_file.cc
[4/425] Compiling ssl_asn1.cc
[5/425] Compiling ssl_cipher.cc
[6/425] Compiling ssl_credential.cc
[7/425] Compiling ssl_cert.cc
[8/425] Write swift-version-24593BA9C3E375BF.txt
[9/421] Compiling s3_lib.cc
[10/421] Compiling s3_both.cc
[11/421] Compiling handshake.cc
[12/421] Compiling handshake_server.cc
[13/425] Compiling handshake_client.cc
[14/431] Compiling handoff.cc
[15/447] Compiling encrypted_client_hello.cc
[16/447] Compiling extensions.cc
[17/447] Wrapping AST for Yams for debugging
[19/447] Compiling DequeModule _DequeBuffer.swift
[20/447] Compiling DequeModule _DequeBufferHeader.swift
[21/449] Emitting module BaselineAwarenessService
[22/450] Emitting module PlannerServer
[23/450] Compiling PlannerServer main.swift
/srv/deploy/repos/fountainai/Generated/Server/planner/main.swift:29:36: error: cannot convert value of type '__socket_type' to expected argument type 'Int32'
 27 |         #endif
 28 | 
 29 |         serverFD = socket(AF_INET, socketType, 0)
    |                                    `- error: cannot convert value of type '__socket_type' to expected argument type 'Int32'
 30 |         guard serverFD >= 0 else { throw RuntimeError.socket }
 31 |         var opt: Int32 = 1
[24/450] Emitting module PersistServer
[25/450] Compiling PersistServer main.swift
/srv/deploy/repos/fountainai/Generated/Server/persist/main.swift:29:36: error: cannot convert value of type '__socket_type' to expected argument type 'Int32'
 27 |         #endif
 28 | 
 29 |         serverFD = socket(AF_INET, socketType, 0)
    |                                    `- error: cannot convert value of type '__socket_type' to expected argument type 'Int32'
 30 |         guard serverFD >= 0 else { throw RuntimeError.socket }
 31 |         var opt: Int32 = 1
[25/450] Compiling dtls_record.cc
[26/450] Compiling DequeModule Deque+Equatable.swift
[27/450] Compiling DequeModule Deque+ExpressibleByArrayLiteral.swift
[28/450] Emitting module LLMGatewayServer
[28/450] Compiling dtls_method.cc
/srv/deploy/repos/fountainai/Generated/Server/llm-gateway/main.swift:29:36: error: cannot convert value of type '__socket_type' to expected argument type 'Int32'
 27 |         #endif
 28 | 
 29 |         serverFD = socket(AF_INET, socketType, 0)
    |                                    `- error: cannot convert value of type '__socket_type' to expected argument type 'Int32'
 30 |         guard serverFD >= 0 else { throw RuntimeError.socket }
 31 |         var opt: Int32 = 1

[2025-07-17T12:25:06.067079] Starting swift build...
[2025-07-17T12:25:12.230820] swift build failed with exit code 1
[2025-07-17T12:25:12.623083] [dispatcher] Updated git remote to use token-based authentication.
[2025-07-17T12:25:14.309241] [dispatcher] Running Docker build...
[2025-07-17T12:25:14.311759] [dispatcher] Running tests...
Compose now can delegate build to bake for better performances
Just set COMPOSE_BAKE=true
#0 building with "default" instance using docker driver

#1 [bootstrap internal] load build definition from Dockerfile
#1 transferring dockerfile: 272B done
#1 DONE 0.0s

#2 [baseline-awareness internal] load build definition from Dockerfile
#2 transferring dockerfile: 299B done
#2 DONE 0.1s

#3 [tools-factory internal] load build definition from Dockerfile
#3 transferring dockerfile: 284B done
#3 DONE 0.1s

#4 [function-caller internal] load build definition from Dockerfile
#4 transferring dockerfile: 290B done
#4 DONE 0.1s

#5 [planner internal] load build definition from Dockerfile
#5 transferring dockerfile: 266B done
#5 DONE 0.1s

#6 [llm-gateway internal] load build definition from Dockerfile
#6 transferring dockerfile: 278B done
#6 DONE 0.1s

#7 [persist internal] load build definition from Dockerfile
#7 transferring dockerfile: 266B done
#7 DONE 0.1s

#8 [persist internal] load metadata for docker.io/library/swift:6.1-jammy
#8 DONE 0.6s

#9 [planner internal] load metadata for docker.io/library/ubuntu:22.04
#9 DONE 0.6s

#10 [llm-gateway internal] load .dockerignore
#10 transferring context: 2B done
#10 DONE 0.0s

#11 [baseline-awareness internal] load .dockerignore
#11 transferring context: 2B done
#11 DONE 0.0s

#12 [persist internal] load .dockerignore
#12 transferring context: 2B done
#12 DONE 0.0s

#13 [baseline-awareness build 1/4] FROM docker.io/library/swift:6.1-jammy@sha256:512716edb447938962d96627ff0b9f00d5701bfa61d97a5b5654f07a1482c342
#13 DONE 0.0s

#14 [baseline-awareness stage-1 1/2] FROM docker.io/library/ubuntu:22.04@sha256:59ccd419c0dc0edf9e3bff1a3b2b073ea15a2ce4bc45ce7c989278b225b09af3
#14 DONE 0.0s

#15 [bootstrap internal] load .dockerignore
#15 transferring context: 2B done
#15 DONE 0.1s

#16 [tools-factory internal] load .dockerignore
#16 transferring context: 2B done
#16 DONE 0.1s

#17 [planner internal] load .dockerignore
#17 transferring context: 2B done
#17 DONE 0.1s

#18 [function-caller internal] load .dockerignore
#18 transferring context: 2B done
#18 DONE 0.1s

#19 [baseline-awareness internal] load build context
#19 ...

#13 [bootstrap build 1/4] FROM docker.io/library/swift:6.1-jammy@sha256:512716edb447938962d96627ff0b9f00d5701bfa61d97a5b5654f07a1482c342
#13 DONE 0.0s

#14 [bootstrap stage-1 1/2] FROM docker.io/library/ubuntu:22.04@sha256:59ccd419c0dc0edf9e3bff1a3b2b073ea15a2ce4bc45ce7c989278b225b09af3
#14 DONE 0.0s

#19 [baseline-awareness internal] load build context
#19 transferring context: 8.71MB 5.0s
#19 ...

#20 [function-caller internal] load build context
#20 ...

#19 [baseline-awareness internal] load build context
#19 transferring context: 14.52MB 10.1s
#19 ...

#21 [bootstrap internal] load build context
#21 ...

#22 [tools-factory internal] load build context
#22 ...

#23 [planner internal] load build context
#23 ...

#24 [persist internal] load build context
#24 ...

#25 [llm-gateway internal] load build context
#25 ...

#24 [persist internal] load build context
#24 transferring context: 15.11MB 13.3s done
#24 ...

#22 [tools-factory internal] load build context
#22 transferring context: 15.11MB 12.6s done
#22 DONE 13.6s

#21 [bootstrap internal] load build context
#21 transferring context: 15.11MB 13.2s done
#21 DONE 13.6s

#20 [function-caller internal] load build context
#20 transferring context: 15.11MB 13.3s done
#20 DONE 13.6s

#25 [llm-gateway internal] load build context
#25 transferring context: 15.11MB 13.3s done
#25 DONE 13.6s

#24 [persist internal] load build context
#24 DONE 13.6s

#23 [planner internal] load build context
#23 transferring context: 15.11MB 13.3s done
#23 DONE 13.6s

#19 [baseline-awareness internal] load build context
#19 transferring context: 15.11MB 13.3s done
#19 DONE 13.6s

#26 [baseline-awareness build 2/4] WORKDIR /src
#26 CACHED

#27 [function-caller build 3/4] COPY . .
#27 DONE 15.1s

#28 [planner build 3/4] COPY . .
#28 CACHED

#29 [persist build 3/4] COPY . .
#29 CACHED

#30 [baseline-awareness build 3/4] COPY . .
#30 CACHED

#31 [llm-gateway build 3/4] COPY . .
#31 CACHED

#32 [bootstrap build 3/4] COPY . .
#32 CACHED

#33 [function-caller build 3/4] COPY . .
#33 CACHED

#34 [bootstrap build 4/4] RUN swift build -c release --product bootstrap-server
#34 ...

#35 [persist build 4/4] RUN swift build -c release --product persist-server
#35 ...

#36 [tools-factory build 4/4] RUN swift build -c release --product tools-factory-server
#36 ...

#37 [function-caller build 4/4] RUN swift build -c release --product function-caller-server
#37 ...

#38 [llm-gateway build 4/4] RUN swift build -c release --product llm-gateway-server
#38 ...

#39 [planner build 4/4] RUN swift build -c release --product planner-server
#39 ...

#40 [baseline-awareness build 4/4] RUN swift build -c release --product baseline-awareness-server
#40 ...

#36 [tools-factory build 4/4] RUN swift build -c release --product tools-factory-server
#36 16.79 Building for production...
#36 16.89 [0/14] Write sources
#36 17.65 [5/14] Compiling writer.c
#36 17.73 [6/14] Compiling reader.c
#36 17.75 [7/14] Write swift-version-24593BA9C3E375BF.txt
#36 17.88 [8/14] Compiling api.c
#36 18.02 [9/14] Compiling parser.c
#36 18.43 [10/15] Compiling emitter.c
#36 18.92 [11/15] Compiling scanner.c
#36 ...

#37 [function-caller build 4/4] RUN swift build -c release --product function-caller-server
#37 17.18 Building for production...
#37 17.25 [0/14] Write sources
#37 17.59 [5/14] Write swift-version-24593BA9C3E375BF.txt
#37 17.67 [6/14] Compiling writer.c
#37 17.79 [7/15] Compiling reader.c
#37 17.80 [8/15] Compiling api.c
#37 18.07 [9/15] Compiling parser.c
#37 18.56 [10/15] Compiling scanner.c
#37 18.83 [11/15] Compiling emitter.c
#37 ...

#36 [tools-factory build 4/4] RUN swift build -c release --product tools-factory-server
#36 26.81 [13/16] Compiling ServiceShared Models.swift
#36 ...

#40 [baseline-awareness build 4/4] RUN swift build -c release --product baseline-awareness-server
#40 17.11 Building for production...
#40 17.18 [0/6] Write sources
#40 17.40 [3/6] Write swift-version-24593BA9C3E375BF.txt
#40 25.98 [5/7] Compiling ServiceShared Models.swift
#40 ...

#38 [llm-gateway build 4/4] RUN swift build -c release --product llm-gateway-server
#38 17.09 Building for production...
#38 17.16 [0/6] Write sources
#38 17.40 [3/6] Write swift-version-24593BA9C3E375BF.txt
#38 25.98 [5/7] Compiling ServiceShared Models.swift
#38 ...

#35 [persist build 4/4] RUN swift build -c release --product persist-server
#35 17.15 Building for production...
#35 17.22 [0/6] Write sources
#35 17.60 [3/6] Write swift-version-24593BA9C3E375BF.txt
#35 26.07 [5/7] Compiling ServiceShared Models.swift
#35 ...

#34 [bootstrap build 4/4] RUN swift build -c release --product bootstrap-server
#34 17.52 Building for production...
#34 17.66 [0/7] Write sources
#34 18.01 [4/7] Write swift-version-24593BA9C3E375BF.txt
#34 26.59 [6/8] Compiling ServiceShared Models.swift
#34 ...

#39 [planner build 4/4] RUN swift build -c release --product planner-server
#39 17.14 Building for production...
#39 17.22 [0/6] Write sources
#39 17.55 [3/6] Write swift-version-24593BA9C3E375BF.txt
#39 26.30 [5/7] Compiling ServiceShared Models.swift
#39 ...

#38 [llm-gateway build 4/4] RUN swift build -c release --product llm-gateway-server
#38 27.69 [6/8] Compiling LLMGatewayService HTTPKernel.swift
#38 28.27 [7/9] Compiling LLMGatewayServer main.swift
#38 28.27 /src/Generated/Server/llm-gateway/main.swift:29:36: error: cannot convert value of type '__socket_type' to expected argument type 'Int32'
#38 28.27  27 |         #endif
#38 28.27  28 | 
#38 28.27  29 |         serverFD = socket(AF_INET, socketType, 0)
#38 28.27     |                                    `- error: cannot convert value of type '__socket_type' to expected argument type 'Int32'
#38 28.27  30 |         guard serverFD >= 0 else { throw RuntimeError.socket }
#38 28.27  31 |         var opt: Int32 = 1
#38 ERROR: process "/bin/sh -c swift build -c release --product llm-gateway-server" did not complete successfully: exit code: 1

#40 [baseline-awareness build 4/4] RUN swift build -c release --product baseline-awareness-server
#40 28.68 [6/8] Compiling BaselineAwarenessService BaselineStore.swift
#40 ...

#35 [persist build 4/4] RUN swift build -c release --product persist-server
#35 27.89 [6/8] Compiling PersistService HTTPKernel.swift
#35 28.32 [7/9] Compiling PersistServer main.swift
#35 28.32 /src/Generated/Server/persist/main.swift:29:36: error: cannot convert value of type '__socket_type' to expected argument type 'Int32'
#35 28.32  27 |         #endif
#35 28.32  28 | 
#35 28.32  29 |         serverFD = socket(AF_INET, socketType, 0)
#35 28.32     |                                    `- error: cannot convert value of type '__socket_type' to expected argument type 'Int32'
#35 28.32  30 |         guard serverFD >= 0 else { throw RuntimeError.socket }
#35 28.32  31 |         var opt: Int32 = 1
#35 ERROR: process "/bin/sh -c swift build -c release --product persist-server" did not complete successfully: exit code: 1

#39 [planner build 4/4] RUN swift build -c release --product planner-server
#39 29.12 [6/8] Compiling PlannerService HTTPKernel.swift
#39 CANCELED

#37 [function-caller build 4/4] RUN swift build -c release --product function-caller-server
#37 26.98 [13/16] Compiling ServiceShared Models.swift
#37 CANCELED

#40 [baseline-awareness build 4/4] RUN swift build -c release --product baseline-awareness-server
#40 CANCELED

#34 [bootstrap build 4/4] RUN swift build -c release --product bootstrap-server
#34 CANCELED

#36 [tools-factory build 4/4] RUN swift build -c release --product tools-factory-server
#36 CANCELED
------
 > [llm-gateway build 4/4] RUN swift build -c release --product llm-gateway-server:
25.98 [5/7] Compiling ServiceShared Models.swift
27.69 [6/8] Compiling LLMGatewayService HTTPKernel.swift
28.27 [7/9] Compiling LLMGatewayServer main.swift
28.27 /src/Generated/Server/llm-gateway/main.swift:29:36: error: cannot convert value of type '__socket_type' to expected argument type 'Int32'
28.27  27 |         #endif
28.27  28 | 
28.27  29 |         serverFD = socket(AF_INET, socketType, 0)
28.27     |                                    `- error: cannot convert value of type '__socket_type' to expected argument type 'Int32'
28.27  30 |         guard serverFD >= 0 else { throw RuntimeError.socket }
28.27  31 |         var opt: Int32 = 1
------
------
 > [persist build 4/4] RUN swift build -c release --product persist-server:
26.07 [5/7] Compiling ServiceShared Models.swift
27.89 [6/8] Compiling PersistService HTTPKernel.swift
28.32 [7/9] Compiling PersistServer main.swift
28.32 /src/Generated/Server/persist/main.swift:29:36: error: cannot convert value of type '__socket_type' to expected argument type 'Int32'
28.32  27 |         #endif
28.32  28 | 
28.32  29 |         serverFD = socket(AF_INET, socketType, 0)
28.32     |                                    `- error: cannot convert value of type '__socket_type' to expected argument type 'Int32'
28.32  30 |         guard serverFD >= 0 else { throw RuntimeError.socket }
28.32  31 |         var opt: Int32 = 1
------
failed to solve: process "/bin/sh -c swift build -c release --product persist-server" did not complete successfully: exit code: 1
 Network kong-codex_default  Creating
 Network kong-codex_default  Created
 Container kong-codex-typesense-1  Creating
 Container kong-codex-kong-1  Creating
 Container kong-codex-typesense-1  Created
 Container kong-codex-kong-1  Created
Attaching to kong-1, typesense-1
Error response from daemon: mounts denied: 
The path /srv/deploy/repos/kong-codex/kong.conf is not shared from the host and is not known to Docker.
You can configure shared paths from Docker -> Preferences... -> Resources -> File Sharing.
See https://docs.docker.com/desktop/settings/mac/#file-sharing for more info.
 Container kong-codex-kong-1  Stopping
 Container kong-codex-typesense-1  Stopping
 Container kong-codex-kong-1  Stopped
 Container kong-codex-kong-1  Removing
 Container kong-codex-kong-1  Removed
 Container kong-codex-typesense-1  Stopped
 Container kong-codex-typesense-1  Removing
 Container kong-codex-typesense-1  Removed
 Network kong-codex_default  Removing
 Network kong-codex_default  Removed

[2025-07-17T12:25:14.312065] Running integration tests for fountainai...
[2025-07-17T12:26:14.168501] Integration tests for fountainai failed with exit code 1

[2025-07-17T12:26:14.169541] Running integration tests for kong-codex...
[2025-07-17T12:26:16.225719] Integration tests for kong-codex failed with exit code 1
