[2025-07-15T15:26:23.471667] Dispatcher started successfully ðŸŸ¢
[2025-07-15T15:26:23.473047] === New Cycle ===
error: 'fountainai': package 'fountainai' is using Swift tools version 6.1.0 but the installed version is 5.8.1

[2025-07-15T15:26:23.473718] Starting swift build...
[2025-07-15T15:26:26.495436] swift build failed with exit code 1
[2025-07-15T15:26:26.731816] [dispatcher] Updated git remote to use token-based authentication.
[2025-07-15T15:26:29.410331] Opened PR #92 for Fountain-Coach/codex-deployer
[2025-07-15T15:27:31.100395] PR #92 merged
[2025-07-15T15:27:32.323919] [dispatcher] Running Docker build...
[2025-07-15T15:27:32.324717] [dispatcher] Running tests...
time="2025-07-15T15:27:32Z" level=warning msg="/srv/deploy/repos/fountainai/docker-compose.yml: the attribute `version` is obsolete, it will be ignored, please remove it to avoid potential confusion"
Compose now can delegate build to bake for better performances
Just set COMPOSE_BAKE=true
#0 building with "default" instance using docker driver

#1 [tools-factory internal] load build definition from Dockerfile
#1 transferring dockerfile: 325B 0.0s done
#1 DONE 0.1s

#2 [llm-gateway internal] load build definition from Dockerfile
#2 transferring dockerfile: 323B 0.0s done
#2 DONE 0.1s

#3 [baseline-awareness internal] load build definition from Dockerfile
#3 transferring dockerfile: 330B 0.0s done
#3 DONE 0.1s

#4 [bootstrap internal] load build definition from Dockerfile
#4 transferring dockerfile: 321B 0.0s done
#4 DONE 0.1s

#5 [function-caller internal] load build definition from Dockerfile
#5 transferring dockerfile: 327B 0.0s done
#5 DONE 0.1s

#6 [persist internal] load build definition from Dockerfile
#6 transferring dockerfile: 319B 0.0s done
#6 DONE 0.1s

#7 [planner internal] load build definition from Dockerfile
#7 transferring dockerfile: 319B 0.0s done
#7 DONE 0.2s

#8 [planner internal] load metadata for docker.io/library/ubuntu:22.04
#8 ...

#9 [tools-factory internal] load metadata for docker.io/library/swift:6.1-jammy
#9 DONE 0.5s

#8 [planner internal] load metadata for docker.io/library/ubuntu:22.04
#8 DONE 1.1s

#10 [baseline-awareness internal] load .dockerignore
#10 transferring context: 2B done
#10 DONE 0.0s

#11 [llm-gateway internal] load .dockerignore
#11 transferring context: 2B done
#11 DONE 0.0s

#12 [tools-factory build 1/4] FROM docker.io/library/swift:6.1-jammy@sha256:74fce669eb8620bce0607b9942c8f3b1a1933e7702b4784d7c2cc282715178f8
#12 DONE 0.0s

#13 [tools-factory internal] load .dockerignore
#13 transferring context: 2B done
#13 DONE 0.0s

#14 [function-caller internal] load .dockerignore
#14 transferring context: 2B done
#14 DONE 0.0s

#15 [planner internal] load .dockerignore
#15 transferring context: 2B done
#15 DONE 0.0s

#16 [bootstrap internal] load .dockerignore
#16 transferring context: 2B done
#16 DONE 0.0s

#17 [persist internal] load .dockerignore
#17 transferring context: 2B done
#17 DONE 0.0s

#18 [tools-factory stage-1 1/2] FROM docker.io/library/ubuntu:22.04@sha256:3c61d3759c2639d4b836d32a2d3c83fa0214e36f195a3421018dbaaf79cbe37f
#18 CACHED

#19 [bootstrap internal] load build context
#19 transferring context: 12.45kB done
#19 DONE 0.0s

#20 [planner internal] load build context
#20 transferring context: 14.41kB done
#20 DONE 0.0s

#21 [llm-gateway internal] load build context
#21 transferring context: 7.60kB 0.0s done
#21 DONE 0.0s

#22 [baseline-awareness internal] load build context
#22 transferring context: 20.98kB 0.0s done
#22 DONE 0.0s

#23 [tools-factory internal] load build context
#23 transferring context: 11.96kB done
#23 DONE 0.0s

#24 [persist internal] load build context
#24 transferring context: 10.73kB done
#24 DONE 0.0s

#25 [function-caller internal] load build context
#25 transferring context: 11.86kB done
#25 DONE 0.0s

#26 [bootstrap build 2/4] WORKDIR /src
#26 CACHED

#27 [bootstrap build 3/4] COPY ./ .
#27 CACHED

#28 [bootstrap build 4/4] RUN swiftc -O HTTPKernel.swift HTTPRequest.swift HTTPResponse.swift Router.swift Handlers.swift Models.swift main.swift -o /server
#28 ...

#29 [planner build 3/4] COPY ./ .
#29 CACHED

#30 [llm-gateway build 3/4] COPY ./ .
#30 CACHED

#31 [persist build 3/4] COPY ./ .
#31 CACHED

#32 [tools-factory build 3/4] COPY ./ .
#32 CACHED

#33 [baseline-awareness build 3/4] COPY ./ .
#33 CACHED

#26 [tools-factory build 2/4] WORKDIR /src
#26 CACHED

#34 [function-caller build 3/4] COPY ./ .
#34 CACHED

#35 [tools-factory build 4/4] RUN swiftc -O HTTPKernel.swift HTTPRequest.swift HTTPResponse.swift Router.swift Handlers.swift Models.swift main.swift -o /server
#35 4.306 HTTPKernel.swift:2:8: error: no such module 'ServiceShared'
#35 4.306  1 | import Foundation
#35 4.306  2 | import ServiceShared
#35 4.306    |        `- error: no such module 'ServiceShared'
#35 4.306  3 | 
#35 4.306  4 | public struct HTTPKernel {
#35 ...

#36 [baseline-awareness build 4/4] RUN swiftc -O HTTPKernel.swift HTTPRequest.swift HTTPResponse.swift Router.swift Handlers.swift Models.swift main.swift -o /server
#36 4.265 HTTPKernel.swift:2:8: error: no such module 'ServiceShared'
#36 4.265  1 | import Foundation
#36 4.265  2 | import ServiceShared
#36 4.265    |        `- error: no such module 'ServiceShared'
#36 4.265  3 | 
#36 4.265  4 | /// Baseline Awareness service kernel. Requires a bearer token when
#36 ERROR: process "/bin/sh -c swiftc -O HTTPKernel.swift HTTPRequest.swift HTTPResponse.swift Router.swift Handlers.swift Models.swift main.swift -o /server" did not complete successfully: exit code: 1

#37 [llm-gateway build 4/4] RUN swiftc -O HTTPKernel.swift HTTPRequest.swift HTTPResponse.swift Router.swift Handlers.swift Models.swift main.swift -o /server
#37 4.230 HTTPKernel.swift:2:8: error: no such module 'ServiceShared'
#37 4.230  1 | import Foundation
#37 4.230  2 | import ServiceShared
#37 4.230    |        `- error: no such module 'ServiceShared'
#37 4.230  3 | 
#37 4.230  4 | public struct HTTPKernel {
#37 ERROR: process "/bin/sh -c swiftc -O HTTPKernel.swift HTTPRequest.swift HTTPResponse.swift Router.swift Handlers.swift Models.swift main.swift -o /server" did not complete successfully: exit code: 1

#38 [persist build 4/4] RUN swiftc -O HTTPKernel.swift HTTPRequest.swift HTTPResponse.swift Router.swift Handlers.swift Models.swift main.swift -o /server
#38 4.215 HTTPKernel.swift:2:8: error: no such module 'ServiceShared'
#38 4.215  1 | import Foundation
#38 4.215  2 | import ServiceShared
#38 4.215    |        `- error: no such module 'ServiceShared'
#38 4.215  3 | 
#38 4.215  4 | public struct HTTPKernel {
#38 ERROR: process "/bin/sh -c swiftc -O HTTPKernel.swift HTTPRequest.swift HTTPResponse.swift Router.swift Handlers.swift Models.swift main.swift -o /server" did not complete successfully: exit code: 1

#28 [bootstrap build 4/4] RUN swiftc -O HTTPKernel.swift HTTPRequest.swift HTTPResponse.swift Router.swift Handlers.swift Models.swift main.swift -o /server
#28 4.248 HTTPKernel.swift:2:8: error: no such module 'ServiceShared'
#28 4.248  1 | import Foundation
#28 4.248  2 | import ServiceShared
#28 4.248    |        `- error: no such module 'ServiceShared'
#28 4.248  3 | 
#28 4.248  4 | /// Bootstrap service kernel. Requires a bearer token when
#28 ERROR: process "/bin/sh -c swiftc -O HTTPKernel.swift HTTPRequest.swift HTTPResponse.swift Router.swift Handlers.swift Models.swift main.swift -o /server" did not complete successfully: exit code: 1

#39 [planner build 4/4] RUN swiftc -O HTTPKernel.swift HTTPRequest.swift HTTPResponse.swift Router.swift Handlers.swift Models.swift main.swift -o /server
#39 4.280 HTTPKernel.swift:2:8: error: no such module 'ServiceShared'
#39 4.280  1 | import Foundation
#39 4.280  2 | import ServiceShared
#39 4.280    |        `- error: no such module 'ServiceShared'
#39 4.280  3 | 
#39 4.280  4 | /// Planner service kernel. Requires a bearer token when
#39 ERROR: process "/bin/sh -c swiftc -O HTTPKernel.swift HTTPRequest.swift HTTPResponse.swift Router.swift Handlers.swift Models.swift main.swift -o /server" did not complete successfully: exit code: 1

#35 [tools-factory build 4/4] RUN swiftc -O HTTPKernel.swift HTTPRequest.swift HTTPResponse.swift Router.swift Handlers.swift Models.swift main.swift -o /server
#35 ERROR: process "/bin/sh -c swiftc -O HTTPKernel.swift HTTPRequest.swift HTTPResponse.swift Router.swift Handlers.swift Models.swift main.swift -o /server" did not complete successfully: exit code: 1

#40 [function-caller build 4/4] RUN swiftc -O HTTPKernel.swift HTTPRequest.swift HTTPResponse.swift Router.swift Handlers.swift Models.swift main.swift -o /server
#40 4.307 HTTPKernel.swift:2:8: error: no such module 'ServiceShared'
#40 4.307  1 | import Foundation
#40 4.307  2 | import ServiceShared
#40 4.307    |        `- error: no such module 'ServiceShared'
#40 4.307  3 | 
#40 4.307  4 | /// Function Caller service kernel. Requires a bearer token when
#40 ERROR: process "/bin/sh -c swiftc -O HTTPKernel.swift HTTPRequest.swift HTTPResponse.swift Router.swift Handlers.swift Models.swift main.swift -o /server" did not complete successfully: exit code: 1
------
 > [bootstrap build 4/4] RUN swiftc -O HTTPKernel.swift HTTPRequest.swift HTTPResponse.swift Router.swift Handlers.swift Models.swift main.swift -o /server:
4.248 HTTPKernel.swift:2:8: error: no such module 'ServiceShared'
4.248  1 | import Foundation
4.248  2 | import ServiceShared
4.248    |        `- error: no such module 'ServiceShared'
4.248  3 | 
4.248  4 | /// Bootstrap service kernel. Requires a bearer token when
------
------
 > [planner build 4/4] RUN swiftc -O HTTPKernel.swift HTTPRequest.swift HTTPResponse.swift Router.swift Handlers.swift Models.swift main.swift -o /server:
4.280 HTTPKernel.swift:2:8: error: no such module 'ServiceShared'
4.280  1 | import Foundation
4.280  2 | import ServiceShared
4.280    |        `- error: no such module 'ServiceShared'
4.280  3 | 
4.280  4 | /// Planner service kernel. Requires a bearer token when
------
------
 > [baseline-awareness build 4/4] RUN swiftc -O HTTPKernel.swift HTTPRequest.swift HTTPResponse.swift Router.swift Handlers.swift Models.swift main.swift -o /server:
4.265 HTTPKernel.swift:2:8: error: no such module 'ServiceShared'
4.265  1 | import Foundation
4.265  2 | import ServiceShared
4.265    |        `- error: no such module 'ServiceShared'
4.265  3 | 
4.265  4 | /// Baseline Awareness service kernel. Requires a bearer token when
------
------
 > [llm-gateway build 4/4] RUN swiftc -O HTTPKernel.swift HTTPRequest.swift HTTPResponse.swift Router.swift Handlers.swift Models.swift main.swift -o /server:
4.230 HTTPKernel.swift:2:8: error: no such module 'ServiceShared'
4.230  1 | import Foundation
4.230  2 | import ServiceShared
4.230    |        `- error: no such module 'ServiceShared'
4.230  3 | 
4.230  4 | public struct HTTPKernel {
------
------
 > [persist build 4/4] RUN swiftc -O HTTPKernel.swift HTTPRequest.swift HTTPResponse.swift Router.swift Handlers.swift Models.swift main.swift -o /server:
4.215 HTTPKernel.swift:2:8: error: no such module 'ServiceShared'
4.215  1 | import Foundation
4.215  2 | import ServiceShared
4.215    |        `- error: no such module 'ServiceShared'
4.215  3 | 
4.215  4 | public struct HTTPKernel {
------
------
 > [function-caller build 4/4] RUN swiftc -O HTTPKernel.swift HTTPRequest.swift HTTPResponse.swift Router.swift Handlers.swift Models.swift main.swift -o /server:
4.307 HTTPKernel.swift:2:8: error: no such module 'ServiceShared'
4.307  1 | import Foundation
4.307  2 | import ServiceShared
4.307    |        `- error: no such module 'ServiceShared'
4.307  3 | 
4.307  4 | /// Function Caller service kernel. Requires a bearer token when
------
------
 > [tools-factory build 4/4] RUN swiftc -O HTTPKernel.swift HTTPRequest.swift HTTPResponse.swift Router.swift Handlers.swift Models.swift main.swift -o /server:
4.306 HTTPKernel.swift:2:8: error: no such module 'ServiceShared'
4.306  1 | import Foundation
4.306  2 | import ServiceShared
4.306    |        `- error: no such module 'ServiceShared'
4.306  3 | 
4.306  4 | public struct HTTPKernel {
------
failed to solve: process "/bin/sh -c swiftc -O HTTPKernel.swift HTTPRequest.swift HTTPResponse.swift Router.swift Handlers.swift Models.swift main.swift -o /server" did not complete successfully: exit code: 1
time="2025-07-15T15:27:39Z" level=warning msg="/srv/deploy/repos/fountainai/docker-compose.yml: the attribute `version` is obsolete, it will be ignored, please remove it to avoid potential confusion"
time="2025-07-15T15:27:39Z" level=warning msg="The \"TYPESENSE_API_KEY\" variable is not set. Defaulting to a blank string."
time="2025-07-15T15:27:39Z" level=warning msg="The \"TYPESENSE_API_KEY\" variable is not set. Defaulting to a blank string."
time="2025-07-15T15:27:39Z" level=warning msg="/srv/deploy/repos/kong-codex/docker-compose.yml: the attribute `version` is obsolete, it will be ignored, please remove it to avoid potential confusion"
 Network kong-codex_default  Creating
 Network kong-codex_default  Created
 Container kong-codex-kong-1  Creating
 Container kong-codex-typesense-1  Creating
 Container kong-codex-typesense-1  Created
 Container kong-codex-kong-1  Created
Attaching to kong-1, typesense-1
Gracefully stopping... (press Ctrl+C again to force)
Error response from daemon: mounts denied: 
The path /srv/deploy/repos/kong-codex/kong.conf is not shared from the host and is not known to Docker.
You can configure shared paths from Docker -> Preferences... -> Resources -> File Sharing.
See https://docs.docker.com/desktop/settings/mac/#file-sharing for more info.
time="2025-07-15T15:27:39Z" level=warning msg="The \"TYPESENSE_API_KEY\" variable is not set. Defaulting to a blank string."
time="2025-07-15T15:27:39Z" level=warning msg="The \"TYPESENSE_API_KEY\" variable is not set. Defaulting to a blank string."
time="2025-07-15T15:27:39Z" level=warning msg="/srv/deploy/repos/kong-codex/docker-compose.yml: the attribute `version` is obsolete, it will be ignored, please remove it to avoid potential confusion"
 Container kong-codex-typesense-1  Stopping
 Container kong-codex-kong-1  Stopping
 Container kong-codex-kong-1  Stopped
 Container kong-codex-kong-1  Removing
 Container kong-codex-kong-1  Removed
 Container kong-codex-typesense-1  Stopped
 Container kong-codex-typesense-1  Removing
 Container kong-codex-typesense-1  Removed
 Network kong-codex_default  Removing
 Network kong-codex_default  Removed

[2025-07-15T15:27:32.325037] Running integration tests for fountainai...
[2025-07-15T15:27:39.139226] Integration tests for fountainai failed with exit code 1

[2025-07-15T15:27:39.140065] Running integration tests for kong-codex...
[2025-07-15T15:27:39.955747] Integration tests for kong-codex failed with exit code 1
