[2025-07-17T09:35:01.103469] === New Cycle ===
Building for debugging...
[0/384] Compiling vpaes-x86_64-apple.S
[0/384] Compiling vpaes-x86-linux.S
[1/384] Compiling vpaes-x86_64-linux.S
[3/384] Compiling vpaes-x86-apple.S
[3/384] Compiling vpaes-armv8-win.S
[5/384] Compiling vpaes-armv8-apple.S
[6/384] Write swift-version-24593BA9C3E375BF.txt
[7/382] Compiling vpaes-armv8-linux.S
[8/382] Compiling vpaes-armv7-linux.S
[9/382] Compiling sha512-x86_64-linux.S
[11/388] Emitting module PlannerServer
[12/388] Emitting module ToolsFactoryServer
[13/388] Compiling ToolsFactoryServer main.swift
/srv/deploy/repos/fountainai/Generated/Server/tools-factory/main.swift:23:36: error: cannot convert value of type '__socket_type' to expected argument type 'Int32'
21 | 
22 |     func start() throws {
23 |         serverFD = socket(AF_INET, SOCK_STREAM, 0)
   |                                    `- error: cannot convert value of type '__socket_type' to expected argument type 'Int32'
24 |         guard serverFD >= 0 else { throw RuntimeError.socket }
25 |         var opt: Int32 = 1
[14/388] Compiling PlannerServer main.swift
/srv/deploy/repos/fountainai/Generated/Server/planner/main.swift:23:36: error: cannot convert value of type '__socket_type' to expected argument type 'Int32'
21 | 
22 |     func start() throws {
23 |         serverFD = socket(AF_INET, SOCK_STREAM, 0)
   |                                    `- error: cannot convert value of type '__socket_type' to expected argument type 'Int32'
24 |         guard serverFD >= 0 else { throw RuntimeError.socket }
25 |         var opt: Int32 = 1
[15/388] Emitting module ServerGenerator
[15/388] Compiling dtls_record.cc
[15/388] Compiling d1_lib.cc
[15/388] Compiling dtls_method.cc
[15/388] Compiling d1_srtp.cc
[15/388] Compiling d1_both.cc

[2025-07-17T09:35:01.104170] Starting swift build...
[2025-07-17T09:35:02.555927] swift build failed with exit code 1
[2025-07-17T09:35:02.672553] [dispatcher] Updated git remote to use token-based authentication.
[2025-07-17T09:35:03.890762] [dispatcher] Running Docker build...
[2025-07-17T09:35:03.891448] [dispatcher] Running tests...
Compose now can delegate build to bake for better performances
Just set COMPOSE_BAKE=true
#0 building with "default" instance using docker driver

#1 [planner internal] load build definition from Dockerfile
#1 transferring dockerfile: 266B done
#1 DONE 0.0s

#2 [baseline-awareness internal] load build definition from Dockerfile
#2 transferring dockerfile: 299B done
#2 DONE 0.0s

#3 [bootstrap internal] load build definition from Dockerfile
#3 transferring dockerfile: 272B done
#3 DONE 0.0s

#4 [llm-gateway internal] load build definition from Dockerfile
#4 transferring dockerfile: 278B done
#4 DONE 0.0s

#5 [function-caller internal] load build definition from Dockerfile
#5 transferring dockerfile: 290B done
#5 DONE 0.0s

#6 [persist internal] load build definition from Dockerfile
#6 transferring dockerfile: 266B done
#6 DONE 0.0s

#7 [tools-factory internal] load build definition from Dockerfile
#7 transferring dockerfile: 284B done
#7 DONE 0.0s

#8 [tools-factory internal] load metadata for docker.io/library/swift:6.1-jammy
#8 DONE 0.5s

#9 [planner internal] load metadata for docker.io/library/ubuntu:22.04
#9 DONE 0.5s

#10 [llm-gateway internal] load .dockerignore
#10 transferring context: 2B done
#10 DONE 0.0s

#11 [tools-factory internal] load .dockerignore
#11 transferring context: 2B done
#11 DONE 0.0s

#12 [planner internal] load .dockerignore
#12 transferring context: 2B done
#12 DONE 0.0s

#13 [planner build 1/4] FROM docker.io/library/swift:6.1-jammy@sha256:512716edb447938962d96627ff0b9f00d5701bfa61d97a5b5654f07a1482c342
#13 DONE 0.0s

#14 [planner stage-1 1/2] FROM docker.io/library/ubuntu:22.04@sha256:59ccd419c0dc0edf9e3bff1a3b2b073ea15a2ce4bc45ce7c989278b225b09af3
#14 DONE 0.0s

#15 [baseline-awareness internal] load .dockerignore
#15 transferring context: 2B done
#15 DONE 0.0s

#16 [persist internal] load .dockerignore
#16 transferring context: 2B done
#16 DONE 0.0s

#17 [function-caller internal] load .dockerignore
#17 transferring context: 2B done
#17 DONE 0.0s

#18 [bootstrap internal] load .dockerignore
#18 transferring context: 2B done
#18 DONE 0.0s

#19 [llm-gateway internal] load build context
#19 transferring context: 1.05MB 5.1s
#19 ...

#20 [persist internal] load build context
#20 transferring context: 7.43MB 10.1s
#20 ...

#21 [bootstrap internal] load build context
#21 ...

#22 [function-caller internal] load build context
#22 ...

#23 [baseline-awareness internal] load build context
#23 ...

#24 [planner internal] load build context
#24 ...

#25 [tools-factory internal] load build context
#25 ...

#24 [planner internal] load build context
#24 ...

#25 [tools-factory internal] load build context
#25 transferring context: 7.55MB 10.9s done
#25 DONE 11.1s

#24 [planner internal] load build context
#24 transferring context: 7.55MB 10.3s done
#24 DONE 11.1s

#20 [persist internal] load build context
#20 transferring context: 7.55MB 11.0s done
#20 DONE 11.1s

#23 [baseline-awareness internal] load build context
#23 transferring context: 7.55MB 10.9s done
#23 DONE 11.1s

#22 [function-caller internal] load build context
#22 transferring context: 7.55MB 10.9s done
#22 DONE 11.1s

#21 [bootstrap internal] load build context
#21 transferring context: 7.55MB 11.0s done
#21 DONE 11.1s

#19 [llm-gateway internal] load build context
#19 transferring context: 7.55MB 11.0s done
#19 DONE 11.1s

#26 [tools-factory build 2/4] WORKDIR /src
#26 CACHED

#27 [persist build 3/4] COPY . .
#27 DONE 11.1s

#28 [persist build 3/4] COPY . .
#28 CACHED

#29 [baseline-awareness build 3/4] COPY . .
#29 CACHED

#30 [bootstrap build 3/4] COPY . .
#30 CACHED

#31 [function-caller build 3/4] COPY . .
#31 CACHED

#32 [llm-gateway build 3/4] COPY . .
#32 CACHED

#33 [planner build 3/4] COPY . .
#33 CACHED

#34 [persist build 4/4] RUN swift build -c release --product persist-server
#34 ...

#35 [baseline-awareness build 4/4] RUN swift build -c release --product baseline-awareness-server
#35 ...

#36 [llm-gateway build 4/4] RUN swift build -c release --product llm-gateway-server
#36 ...

#37 [planner build 4/4] RUN swift build -c release --product planner-server
#37 ...

#38 [bootstrap build 4/4] RUN swift build -c release --product bootstrap-server
#38 ...

#39 [function-caller build 4/4] RUN swift build -c release --product function-caller-server
#39 ...

#40 [tools-factory build 4/4] RUN swift build -c release --product tools-factory-server
#40 ...

#38 [bootstrap build 4/4] RUN swift build -c release --product bootstrap-server
#38 14.75 Building for production...
#38 14.82 [0/7] Write sources
#38 15.08 [4/7] Write swift-version-24593BA9C3E375BF.txt
#38 ...

#39 [function-caller build 4/4] RUN swift build -c release --product function-caller-server
#39 14.96 Building for production...
#39 15.03 [0/14] Write sources
#39 15.29 [5/14] Compiling writer.c
#39 15.32 [6/14] Compiling reader.c
#39 15.40 [7/14] Write swift-version-24593BA9C3E375BF.txt
#39 15.40 [7/14] Compiling api.c
#39 15.41 [9/14] Compiling parser.c
#39 16.19 [10/15] Compiling scanner.c
#39 16.50 [11/15] Compiling emitter.c
#39 ...

#38 [bootstrap build 4/4] RUN swift build -c release --product bootstrap-server
#38 21.31 [6/8] Compiling ServiceShared Models.swift
#38 23.47 [7/9] Compiling BaselineAwarenessService BaselineStore.swift
#38 24.38 [8/10] Compiling BootstrapService HTTPKernel.swift
#38 24.53 [9/11] Compiling BootstrapServer main.swift
#38 24.53 /src/Generated/Server/bootstrap/main.swift:23:36: error: cannot convert value of type '__socket_type' to expected argument type 'Int32'
#38 24.53 21 | 
#38 24.53 22 |     func start() throws {
#38 24.53 23 |         serverFD = socket(AF_INET, SOCK_STREAM, 0)
#38 24.53    |                                    `- error: cannot convert value of type '__socket_type' to expected argument type 'Int32'
#38 24.53 24 |         guard serverFD >= 0 else { throw RuntimeError.socket }
#38 24.53 25 |         var opt: Int32 = 1
#38 ...

#36 [llm-gateway build 4/4] RUN swift build -c release --product llm-gateway-server
#36 15.12 Building for production...
#36 15.19 [0/6] Write sources
#36 15.44 [3/6] Write swift-version-24593BA9C3E375BF.txt
#36 21.17 [5/7] Compiling ServiceShared Models.swift
#36 22.53 [6/8] Compiling LLMGatewayService HTTPKernel.swift
#36 22.88 [7/9] Compiling LLMGatewayServer main.swift
#36 22.88 /src/Generated/Server/llm-gateway/main.swift:23:36: error: cannot convert value of type '__socket_type' to expected argument type 'Int32'
#36 22.88 21 | 
#36 22.88 22 |     func start() throws {
#36 22.88 23 |         serverFD = socket(AF_INET, SOCK_STREAM, 0)
#36 22.88    |                                    `- error: cannot convert value of type '__socket_type' to expected argument type 'Int32'
#36 22.88 24 |         guard serverFD >= 0 else { throw RuntimeError.socket }
#36 22.88 25 |         var opt: Int32 = 1
#36 ERROR: process "/bin/sh -c swift build -c release --product llm-gateway-server" did not complete successfully: exit code: 1

#34 [persist build 4/4] RUN swift build -c release --product persist-server
#34 14.76 Building for production...
#34 14.83 [0/6] Write sources
#34 15.08 [3/6] Write swift-version-24593BA9C3E375BF.txt
#34 21.04 [5/7] Compiling ServiceShared Models.swift
#34 22.64 [6/8] Compiling PersistService HTTPKernel.swift
#34 23.26 [7/9] Compiling PersistServer main.swift
#34 23.26 /src/Generated/Server/persist/main.swift:23:36: error: cannot convert value of type '__socket_type' to expected argument type 'Int32'
#34 23.26 21 | 
#34 23.26 22 |     func start() throws {
#34 23.26 23 |         serverFD = socket(AF_INET, SOCK_STREAM, 0)
#34 23.26    |                                    `- error: cannot convert value of type '__socket_type' to expected argument type 'Int32'
#34 23.26 24 |         guard serverFD >= 0 else { throw RuntimeError.socket }
#34 23.26 25 |         var opt: Int32 = 1
#34 ERROR: process "/bin/sh -c swift build -c release --product persist-server" did not complete successfully: exit code: 1

#35 [baseline-awareness build 4/4] RUN swift build -c release --product baseline-awareness-server
#35 14.81 Building for production...
#35 14.86 [0/6] Write sources
#35 15.08 [3/6] Write swift-version-24593BA9C3E375BF.txt
#35 21.12 [5/7] Compiling ServiceShared Models.swift
#35 23.38 [6/8] Compiling BaselineAwarenessService BaselineStore.swift
#35 23.69 [7/9] Compiling BaselineAwarenessServer HTTPServer.swift
#35 23.69 /src/Generated/Server/baseline-awareness/main.swift:23:36: error: cannot convert value of type '__socket_type' to expected argument type 'Int32'
#35 23.69  21 | 
#35 23.69  22 |     func start() throws {
#35 23.69  23 |         serverFD = socket(AF_INET, SOCK_STREAM, 0)
#35 23.69     |                                    `- error: cannot convert value of type '__socket_type' to expected argument type 'Int32'
#35 23.69  24 |         guard serverFD >= 0 else { throw RuntimeError.socket }
#35 23.69  25 |         var opt: Int32 = 1
#35 ERROR: process "/bin/sh -c swift build -c release --product baseline-awareness-server" did not complete successfully: exit code: 1

#37 [planner build 4/4] RUN swift build -c release --product planner-server
#37 14.93 Building for production...
#37 14.98 [0/6] Write sources
#37 15.18 [3/6] Write swift-version-24593BA9C3E375BF.txt
#37 21.19 [5/7] Compiling ServiceShared Models.swift
#37 23.47 [6/8] Compiling PlannerService HTTPKernel.swift
#37 23.71 [7/9] Compiling PlannerServer main.swift
#37 23.71 /src/Generated/Server/planner/main.swift:23:36: error: cannot convert value of type '__socket_type' to expected argument type 'Int32'
#37 23.71 21 | 
#37 23.71 22 |     func start() throws {
#37 23.71 23 |         serverFD = socket(AF_INET, SOCK_STREAM, 0)
#37 23.71    |                                    `- error: cannot convert value of type '__socket_type' to expected argument type 'Int32'
#37 23.71 24 |         guard serverFD >= 0 else { throw RuntimeError.socket }
#37 23.71 25 |         var opt: Int32 = 1
#37 ERROR: process "/bin/sh -c swift build -c release --product planner-server" did not complete successfully: exit code: 1

#38 [bootstrap build 4/4] RUN swift build -c release --product bootstrap-server
#38 ERROR: process "/bin/sh -c swift build -c release --product bootstrap-server" did not complete successfully: exit code: 1

#40 [tools-factory build 4/4] RUN swift build -c release --product tools-factory-server
#40 14.78 Building for production...
#40 14.84 [0/14] Write sources
#40 15.28 [5/14] Write swift-version-24593BA9C3E375BF.txt
#40 15.29 [6/14] Compiling writer.c
#40 15.30 [7/14] Compiling reader.c
#40 15.52 [8/15] Compiling api.c
#40 15.68 [9/15] Compiling parser.c
#40 16.03 [10/15] Compiling emitter.c
#40 16.62 [11/15] Compiling scanner.c
#40 21.27 [13/16] Compiling ServiceShared Models.swift
#40 ...

#39 [function-caller build 4/4] RUN swift build -c release --product function-caller-server
#39 21.38 [13/16] Compiling ServiceShared Models.swift
#39 CANCELED

#40 [tools-factory build 4/4] RUN swift build -c release --product tools-factory-server
#40 CANCELED
------
 > [llm-gateway build 4/4] RUN swift build -c release --product llm-gateway-server:
21.17 [5/7] Compiling ServiceShared Models.swift
22.53 [6/8] Compiling LLMGatewayService HTTPKernel.swift
22.88 [7/9] Compiling LLMGatewayServer main.swift
22.88 /src/Generated/Server/llm-gateway/main.swift:23:36: error: cannot convert value of type '__socket_type' to expected argument type 'Int32'
22.88 21 | 
22.88 22 |     func start() throws {
22.88 23 |         serverFD = socket(AF_INET, SOCK_STREAM, 0)
22.88    |                                    `- error: cannot convert value of type '__socket_type' to expected argument type 'Int32'
22.88 24 |         guard serverFD >= 0 else { throw RuntimeError.socket }
22.88 25 |         var opt: Int32 = 1
------
------
 > [baseline-awareness build 4/4] RUN swift build -c release --product baseline-awareness-server:
21.12 [5/7] Compiling ServiceShared Models.swift
23.38 [6/8] Compiling BaselineAwarenessService BaselineStore.swift
23.69 [7/9] Compiling BaselineAwarenessServer HTTPServer.swift
23.69 /src/Generated/Server/baseline-awareness/main.swift:23:36: error: cannot convert value of type '__socket_type' to expected argument type 'Int32'
23.69  21 | 
23.69  22 |     func start() throws {
23.69  23 |         serverFD = socket(AF_INET, SOCK_STREAM, 0)
23.69     |                                    `- error: cannot convert value of type '__socket_type' to expected argument type 'Int32'
23.69  24 |         guard serverFD >= 0 else { throw RuntimeError.socket }
23.69  25 |         var opt: Int32 = 1
------
------
 > [bootstrap build 4/4] RUN swift build -c release --product bootstrap-server:
23.47 [7/9] Compiling BaselineAwarenessService BaselineStore.swift
24.38 [8/10] Compiling BootstrapService HTTPKernel.swift
24.53 [9/11] Compiling BootstrapServer main.swift
24.53 /src/Generated/Server/bootstrap/main.swift:23:36: error: cannot convert value of type '__socket_type' to expected argument type 'Int32'
24.53 21 | 
24.53 22 |     func start() throws {
24.53 23 |         serverFD = socket(AF_INET, SOCK_STREAM, 0)
24.53    |                                    `- error: cannot convert value of type '__socket_type' to expected argument type 'Int32'
24.53 24 |         guard serverFD >= 0 else { throw RuntimeError.socket }
24.53 25 |         var opt: Int32 = 1
------
------
 > [planner build 4/4] RUN swift build -c release --product planner-server:
21.19 [5/7] Compiling ServiceShared Models.swift
23.47 [6/8] Compiling PlannerService HTTPKernel.swift
23.71 [7/9] Compiling PlannerServer main.swift
23.71 /src/Generated/Server/planner/main.swift:23:36: error: cannot convert value of type '__socket_type' to expected argument type 'Int32'
23.71 21 | 
23.71 22 |     func start() throws {
23.71 23 |         serverFD = socket(AF_INET, SOCK_STREAM, 0)
23.71    |                                    `- error: cannot convert value of type '__socket_type' to expected argument type 'Int32'
23.71 24 |         guard serverFD >= 0 else { throw RuntimeError.socket }
23.71 25 |         var opt: Int32 = 1
------
------
 > [persist build 4/4] RUN swift build -c release --product persist-server:
21.04 [5/7] Compiling ServiceShared Models.swift
22.64 [6/8] Compiling PersistService HTTPKernel.swift
23.26 [7/9] Compiling PersistServer main.swift
23.26 /src/Generated/Server/persist/main.swift:23:36: error: cannot convert value of type '__socket_type' to expected argument type 'Int32'
23.26 21 | 
23.26 22 |     func start() throws {
23.26 23 |         serverFD = socket(AF_INET, SOCK_STREAM, 0)
23.26    |                                    `- error: cannot convert value of type '__socket_type' to expected argument type 'Int32'
23.26 24 |         guard serverFD >= 0 else { throw RuntimeError.socket }
23.26 25 |         var opt: Int32 = 1
------
failed to solve: process "/bin/sh -c swift build -c release --product persist-server" did not complete successfully: exit code: 1
 Network kong-codex_default  Creating
 Network kong-codex_default  Created
 Container kong-codex-typesense-1  Creating
 Container kong-codex-kong-1  Creating
 Container kong-codex-kong-1  Created
 Container kong-codex-typesense-1  Created
Attaching to kong-1, typesense-1
Gracefully stopping... (press Ctrl+C again to force)
Error response from daemon: mounts denied: 
The path /srv/deploy/repos/kong-codex/kong.conf is not shared from the host and is not known to Docker.
You can configure shared paths from Docker -> Preferences... -> Resources -> File Sharing.
See https://docs.docker.com/desktop/settings/mac/#file-sharing for more info.
 Container kong-codex-kong-1  Stopping
 Container kong-codex-typesense-1  Stopping
 Container kong-codex-kong-1  Stopped
 Container kong-codex-kong-1  Removing
 Container kong-codex-kong-1  Removed
 Container kong-codex-typesense-1  Stopped
 Container kong-codex-typesense-1  Removing
 Container kong-codex-typesense-1  Removed
 Network kong-codex_default  Removing
 Network kong-codex_default  Removed

[2025-07-17T09:35:03.891852] Running integration tests for fountainai...
[2025-07-17T09:35:52.517739] Integration tests for fountainai failed with exit code 1

[2025-07-17T09:35:52.530878] Running integration tests for kong-codex...
[2025-07-17T09:36:03.550769] Integration tests for kong-codex failed with exit code 1
