[2025-07-17T05:52:20.702082] === New Cycle ===
Building for debugging...
[0/369] Compiling sha512-armv4-linux.S
[0/369] Compiling sha512-x86_64-apple.S
[0/369] Compiling sha512-586-apple.S
[0/369] Compiling sha512-586-linux.S
[0/369] Compiling sha512-armv8-win.S
[1/369] Compiling sha512-armv8-apple.S
[6/369] Compiling sha512-armv8-linux.S
[7/369] Compiling sha256-armv8-apple.S
[8/369] Compiling sha256-x86_64-apple.S
[9/369] Compiling sha256-x86_64-linux.S
[10/369] Compiling sha256-armv8-linux.S
[11/369] Compiling sha256-armv4-linux.S
[12/369] Compiling sha256-586-linux.S
[13/369] Compiling sha1-x86_64-linux.S
[14/369] Compiling sha256-586-apple.S
[15/369] Compiling sha1-x86_64-apple.S
[16/369] Write swift-version-24593BA9C3E375BF.txt
[17/369] Compiling sha256-armv8-win.S
[17/369] Compiling sha1-armv8-win.S
[18/365] Compiling sha1-armv4-large-linux.S
[19/365] Compiling sha1-armv8-linux.S
[21/365] Compiling sha1-armv8-apple.S
[22/365] Compiling sha1-586-linux.S
[23/365] Compiling sha1-586-apple.S
[24/365] Compiling rsaz-avx2-linux.S
[25/365] Compiling rsaz-avx2-apple.S
[27/408] Emitting module PlannerServer
[28/408] Compiling PlannerServer main.swift
/srv/deploy/repos/fountainai/Generated/Server/planner/main.swift:23:36: error: initializer 'init(_:)' requires that '__socket_type' conform to 'BinaryFloatingPoint'
21 | 
22 |     func start() throws {
23 |         serverFD = socket(AF_INET, Int32(SOCK_STREAM), 0)
   |                                    `- error: initializer 'init(_:)' requires that '__socket_type' conform to 'BinaryFloatingPoint'
24 |         guard serverFD >= 0 else { throw RuntimeError.socket }
25 |         var opt: Int32 = 1

Swift.FixedWidthInteger.init:2:19: note: where 'T' = '__socket_type'
1 | protocol FixedWidthInteger {
2 | @inlinable public init<T>(_ source: T) where T : BinaryFloatingPoint}
  |                   `- note: where 'T' = '__socket_type'
3 | 
[29/408] Emitting module BaselineAwarenessService
[30/408] Compiling LLMGatewayServer main.swift
/srv/deploy/repos/fountainai/Generated/Server/llm-gateway/main.swift:23:36: error: initializer 'init(_:)' requires that '__socket_type' conform to 'BinaryFloatingPoint'
21 | 
22 |     func start() throws {
23 |         serverFD = socket(AF_INET, Int32(SOCK_STREAM), 0)
   |                                    `- error: initializer 'init(_:)' requires that '__socket_type' conform to 'BinaryFloatingPoint'
24 |         guard serverFD >= 0 else { throw RuntimeError.socket }
25 |         var opt: Int32 = 1

Swift.FixedWidthInteger.init:2:19: note: where 'T' = '__socket_type'
1 | protocol FixedWidthInteger {
2 | @inlinable public init<T>(_ source: T) where T : BinaryFloatingPoint}
  |                   `- note: where 'T' = '__socket_type'
3 | 
[31/408] Emitting module PersistServer
[32/409] Compiling PersistServer main.swift
/srv/deploy/repos/fountainai/Generated/Server/persist/main.swift:23:36: error: initializer 'init(_:)' requires that '__socket_type' conform to 'BinaryFloatingPoint'
21 | 
22 |     func start() throws {
23 |         serverFD = socket(AF_INET, Int32(SOCK_STREAM), 0)
   |                                    `- error: initializer 'init(_:)' requires that '__socket_type' conform to 'BinaryFloatingPoint'
24 |         guard serverFD >= 0 else { throw RuntimeError.socket }
25 |         var opt: Int32 = 1

Swift.FixedWidthInteger.init:2:19: note: where 'T' = '__socket_type'
1 | protocol FixedWidthInteger {
2 | @inlinable public init<T>(_ source: T) where T : BinaryFloatingPoint}
  |                   `- note: where 'T' = '__socket_type'
3 | 
[33/409] Compiling Atomics AtomicStorage.swift
[34/409] Compiling Atomics AtomicValue.swift
[35/409] Emitting module LLMGatewayServer
[35/409] Compiling bio_ssl.cc
[38/409] Compiling Atomics AtomicBool.swift
[39/409] Compiling Atomics AtomicInteger.swift
[40/409] Compiling Atomics AtomicOptionalWrappable.swift
[41/409] Compiling Atomics AtomicReference.swift
[42/409] Compiling DequeModule _DequeBuffer.swift
[43/409] Compiling Parser SpecLoader.swift
[44/409] Emitting module Parser

[2025-07-17T05:52:20.702999] Starting swift build...
[2025-07-17T05:52:23.287009] swift build failed with exit code 1
