[2025-07-17T08:09:41.122061] === New Cycle ===
Building for debugging...
[0/329] Compiling ghash-ssse3-x86_64-linux.S
[0/329] Compiling ghash-ssse3-x86_64-apple.S
[2/329] Compiling ghash-ssse3-x86-linux.S
[3/329] Compiling ghash-ssse3-x86-apple.S
[4/329] Write swift-version-24593BA9C3E375BF.txt
[5/324] Compiling ghash-neon-armv8-win.S
[6/324] Compiling ghash-neon-armv8-linux.S
[8/328] Emitting module PersistServer
[9/328] Compiling PersistServer main.swift
/srv/deploy/repos/fountainai/Generated/Server/persist/main.swift:23:36: error: cannot convert value of type '__socket_type' to expected argument type 'Int32'
21 | 
22 |     func start() throws {
23 |         serverFD = socket(AF_INET, SOCK_STREAM, 0)
   |                                    `- error: cannot convert value of type '__socket_type' to expected argument type 'Int32'
24 |         guard serverFD >= 0 else { throw RuntimeError.socket }
25 |         var opt: Int32 = 1
[10/328] Emitting module PlannerServer
[10/328] Compiling d1_pkt.cc
[10/328] Compiling d1_lib.cc
[10/328] Compiling d1_both.cc
[10/328] Compiling dtls_method.cc
/srv/deploy/repos/fountainai/Generated/Server/planner/main.swift:23:36: error: cannot convert value of type '__socket_type' to expected argument type 'Int32'
21 | 
22 |     func start() throws {
23 |         serverFD = socket(AF_INET, SOCK_STREAM, 0)
   |                                    `- error: cannot convert value of type '__socket_type' to expected argument type 'Int32'
24 |         guard serverFD >= 0 else { throw RuntimeError.socket }
25 |         var opt: Int32 = 1
[10/328] Compiling d1_srtp.cc
[10/328] Compiling dtls_record.cc

[2025-07-17T08:09:41.122865] Starting swift build...
[2025-07-17T08:09:42.853521] swift build failed with exit code 1
[2025-07-17T08:09:42.965804] [dispatcher] Updated git remote to use token-based authentication.
[2025-07-17T08:09:44.461169] [dispatcher] Running Docker build...
[2025-07-17T08:09:44.463374] [dispatcher] Running tests...
Compose now can delegate build to bake for better performances
Just set COMPOSE_BAKE=true
#0 building with "default" instance using docker driver

#1 [baseline-awareness internal] load build definition from Dockerfile
#1 transferring dockerfile: 299B done
#1 DONE 0.0s

#2 [planner internal] load build definition from Dockerfile
#2 transferring dockerfile: 266B done
#2 DONE 0.0s

#3 [persist internal] load build definition from Dockerfile
#3 transferring dockerfile: 266B done
#3 DONE 0.0s

#4 [bootstrap internal] load build definition from Dockerfile
#4 transferring dockerfile: 272B done
#4 DONE 0.0s

#5 [tools-factory internal] load build definition from Dockerfile
#5 transferring dockerfile: 284B done
#5 DONE 0.0s

#6 [llm-gateway internal] load build definition from Dockerfile
#6 transferring dockerfile: 278B done
#6 DONE 0.0s

#7 [function-caller internal] load build definition from Dockerfile
#7 transferring dockerfile: 290B done
#7 DONE 0.0s

#8 [function-caller internal] load metadata for docker.io/library/swift:6.1-jammy
#8 ...

#9 [persist internal] load metadata for docker.io/library/ubuntu:22.04
#9 DONE 0.6s

#8 [function-caller internal] load metadata for docker.io/library/swift:6.1-jammy
#8 DONE 1.0s

#10 [planner internal] load .dockerignore
#10 transferring context: 2B done
#10 DONE 0.0s

#11 [function-caller internal] load .dockerignore
#11 transferring context: 2B done
#11 DONE 0.0s

#12 [tools-factory internal] load .dockerignore
#12 transferring context: 2B done
#12 DONE 0.0s

#13 [function-caller build 1/4] FROM docker.io/library/swift:6.1-jammy@sha256:512716edb447938962d96627ff0b9f00d5701bfa61d97a5b5654f07a1482c342
#13 DONE 0.0s

#14 [planner internal] load build context
#14 DONE 0.0s

#15 [bootstrap internal] load .dockerignore
#15 transferring context: 2B done
#15 DONE 0.0s

#16 [function-caller stage-1 1/2] FROM docker.io/library/ubuntu:22.04@sha256:59ccd419c0dc0edf9e3bff1a3b2b073ea15a2ce4bc45ce7c989278b225b09af3
#16 DONE 0.0s

#17 [llm-gateway internal] load .dockerignore
#17 transferring context: 2B done
#17 DONE 0.1s

#18 [persist internal] load .dockerignore
#18 transferring context: 2B done
#18 DONE 0.1s

#19 [baseline-awareness internal] load .dockerignore
#19 transferring context: 2B done
#19 DONE 0.1s

#13 [bootstrap build 1/4] FROM docker.io/library/swift:6.1-jammy@sha256:512716edb447938962d96627ff0b9f00d5701bfa61d97a5b5654f07a1482c342
#13 DONE 0.0s

#16 [bootstrap stage-1 1/2] FROM docker.io/library/ubuntu:22.04@sha256:59ccd419c0dc0edf9e3bff1a3b2b073ea15a2ce4bc45ce7c989278b225b09af3
#16 DONE 0.0s

#20 [bootstrap internal] load build context
#20 transferring context: 6.70MB 4.9s
#20 ...

#21 [persist internal] load build context
#21 ...

#20 [bootstrap internal] load build context
#20 transferring context: 7.43MB 9.9s
#20 ...

#22 [function-caller internal] load build context
#22 ...

#23 [tools-factory internal] load build context
#23 ...

#24 [baseline-awareness internal] load build context
#24 transferring context: 7.45MB 10.3s done
#24 ...

#25 [llm-gateway internal] load build context
#25 transferring context: 7.45MB 10.3s done
#25 ...

#22 [function-caller internal] load build context
#22 transferring context: 7.45MB 9.8s done
#22 DONE 10.5s

#14 [planner internal] load build context
#14 transferring context: 7.45MB 10.3s done
#14 DONE 10.6s

#25 [llm-gateway internal] load build context
#25 DONE 10.5s

#23 [tools-factory internal] load build context
#23 transferring context: 7.45MB 10.3s done
#23 DONE 10.5s

#21 [persist internal] load build context
#21 transferring context: 7.45MB 10.3s done
#21 DONE 10.5s

#20 [bootstrap internal] load build context
#20 transferring context: 7.45MB 10.3s done
#20 DONE 10.5s

#24 [baseline-awareness internal] load build context
#24 DONE 10.5s

#26 [bootstrap build 2/4] WORKDIR /src
#26 CACHED

#27 [persist build 3/4] COPY . .
#27 DONE 17.9s

#28 [bootstrap build 3/4] COPY . .
#28 CACHED

#29 [baseline-awareness build 3/4] COPY . .
#29 CACHED

#30 [planner build 3/4] COPY . .
#30 CACHED

#31 [llm-gateway build 3/4] COPY . .
#31 CACHED

#32 [tools-factory build 3/4] COPY . .
#32 CACHED

#33 [persist build 3/4] COPY . .
#33 CACHED

#34 [planner build 4/4] RUN swift build -c release --product planner-server
#34 ...

#35 [persist build 4/4] RUN swift build -c release --product persist-server
#35 ...

#36 [bootstrap build 4/4] RUN swift build -c release --product bootstrap-server
#36 ...

#37 [llm-gateway build 4/4] RUN swift build -c release --product llm-gateway-server
#37 ...

#38 [baseline-awareness build 4/4] RUN swift build -c release --product baseline-awareness-server
#38 ...

#39 [tools-factory build 4/4] RUN swift build -c release --product tools-factory-server
#39 ...

#40 [function-caller build 4/4] RUN swift build -c release --product function-caller-server
#40 ...

#36 [bootstrap build 4/4] RUN swift build -c release --product bootstrap-server
#36 20.65 Building for production...
#36 20.74 [0/7] Write sources
#36 21.01 [4/7] Write swift-version-24593BA9C3E375BF.txt
#36 ...

#40 [function-caller build 4/4] RUN swift build -c release --product function-caller-server
#40 21.09 Building for production...
#40 21.16 [0/14] Write sources
#40 21.74 [5/14] Compiling reader.c
#40 21.77 [6/14] Compiling writer.c
#40 21.98 [7/14] Compiling api.c
#40 22.18 [8/14] Compiling parser.c
#40 22.18 [9/14] Write swift-version-24593BA9C3E375BF.txt
#40 23.14 [10/15] Compiling emitter.c
#40 23.50 [11/15] Compiling scanner.c
#40 ...

#36 [bootstrap build 4/4] RUN swift build -c release --product bootstrap-server
#36 30.13 [6/8] Compiling ServiceShared Models.swift
#36 ...

#38 [baseline-awareness build 4/4] RUN swift build -c release --product baseline-awareness-server
#38 20.72 Building for production...
#38 20.81 [0/6] Write sources
#38 21.00 [3/6] Write swift-version-24593BA9C3E375BF.txt
#38 30.13 [5/7] Compiling ServiceShared Models.swift
#38 ...

#37 [llm-gateway build 4/4] RUN swift build -c release --product llm-gateway-server
#37 20.69 Building for production...
#37 20.74 [0/6] Write sources
#37 21.00 [3/6] Write swift-version-24593BA9C3E375BF.txt
#37 30.14 [5/7] Compiling ServiceShared Models.swift
#37 ...

#39 [tools-factory build 4/4] RUN swift build -c release --product tools-factory-server
#39 20.87 Building for production...
#39 20.92 [0/14] Write sources
#39 21.73 [5/14] Compiling writer.c
#39 21.75 [6/14] Write swift-version-24593BA9C3E375BF.txt
#39 21.79 [7/14] Compiling reader.c
#39 21.82 [8/14] Compiling api.c
#39 22.26 [9/14] Compiling parser.c
#39 22.38 [10/14] Compiling emitter.c
#39 23.31 [11/15] Compiling scanner.c
#39 ...

#35 [persist build 4/4] RUN swift build -c release --product persist-server
#35 20.75 Building for production...
#35 20.82 [0/6] Write sources
#35 21.01 [3/6] Write swift-version-24593BA9C3E375BF.txt
#35 30.14 [5/7] Compiling ServiceShared Models.swift
#35 ...

#34 [planner build 4/4] RUN swift build -c release --product planner-server
#34 20.87 Building for production...
#34 20.94 [0/6] Write sources
#34 21.13 [3/6] Write swift-version-24593BA9C3E375BF.txt
#34 30.28 [5/7] Compiling ServiceShared Models.swift
#34 ...

#40 [function-caller build 4/4] RUN swift build -c release --product function-caller-server
#40 31.80 [13/16] Compiling ServiceShared Models.swift
#40 ...

#37 [llm-gateway build 4/4] RUN swift build -c release --product llm-gateway-server
#37 33.09 [6/8] Compiling LLMGatewayService HTTPKernel.swift
#37 34.09 [7/9] Compiling LLMGatewayServer main.swift
#37 34.09 /src/Generated/Server/llm-gateway/main.swift:23:36: error: cannot convert value of type '__socket_type' to expected argument type 'Int32'
#37 34.09 21 | 
#37 34.09 22 |     func start() throws {
#37 34.09 23 |         serverFD = socket(AF_INET, SOCK_STREAM, 0)
#37 34.09    |                                    `- error: cannot convert value of type '__socket_type' to expected argument type 'Int32'
#37 34.09 24 |         guard serverFD >= 0 else { throw RuntimeError.socket }
#37 34.09 25 |         var opt: Int32 = 1
#37 ERROR: process "/bin/sh -c swift build -c release --product llm-gateway-server" did not complete successfully: exit code: 1

#35 [persist build 4/4] RUN swift build -c release --product persist-server
#35 33.43 [6/8] Compiling PersistService HTTPKernel.swift
#35 34.14 [7/9] Compiling PersistServer main.swift
#35 34.14 /src/Generated/Server/persist/main.swift:23:36: error: cannot convert value of type '__socket_type' to expected argument type 'Int32'
#35 34.14 21 | 
#35 34.14 22 |     func start() throws {
#35 34.14 23 |         serverFD = socket(AF_INET, SOCK_STREAM, 0)
#35 34.14    |                                    `- error: cannot convert value of type '__socket_type' to expected argument type 'Int32'
#35 34.14 24 |         guard serverFD >= 0 else { throw RuntimeError.socket }
#35 34.14 25 |         var opt: Int32 = 1
#35 ERROR: process "/bin/sh -c swift build -c release --product persist-server" did not complete successfully: exit code: 1

#38 [baseline-awareness build 4/4] RUN swift build -c release --product baseline-awareness-server
#38 34.67 [6/8] Compiling BaselineAwarenessService BaselineStore.swift
#38 ...

#36 [bootstrap build 4/4] RUN swift build -c release --product bootstrap-server
#36 34.51 [7/9] Compiling BaselineAwarenessService BaselineStore.swift
#36 CANCELED

#34 [planner build 4/4] RUN swift build -c release --product planner-server
#34 34.58 [6/8] Compiling PlannerService HTTPKernel.swift
#34 35.29 [7/9] Compiling PlannerServer main.swift
#34 35.29 /src/Generated/Server/planner/main.swift:23:36: error: cannot convert value of type '__socket_type' to expected argument type 'Int32'
#34 35.29 21 | 
#34 35.29 22 |     func start() throws {
#34 35.29 23 |         serverFD = socket(AF_INET, SOCK_STREAM, 0)
#34 35.29    |                                    `- error: cannot convert value of type '__socket_type' to expected argument type 'Int32'
#34 35.29 24 |         guard serverFD >= 0 else { throw RuntimeError.socket }
#34 35.29 25 |         var opt: Int32 = 1
#34 ...

#38 [baseline-awareness build 4/4] RUN swift build -c release --product baseline-awareness-server
#38 CANCELED

#39 [tools-factory build 4/4] RUN swift build -c release --product tools-factory-server
#39 32.15 [13/16] Compiling ServiceShared Models.swift
#39 CANCELED

#34 [planner build 4/4] RUN swift build -c release --product planner-server
#34 ...

#40 [function-caller build 4/4] RUN swift build -c release --product function-caller-server
#40 CANCELED

#34 [planner build 4/4] RUN swift build -c release --product planner-server
#34 CANCELED
------
 > [llm-gateway build 4/4] RUN swift build -c release --product llm-gateway-server:
30.14 [5/7] Compiling ServiceShared Models.swift
33.09 [6/8] Compiling LLMGatewayService HTTPKernel.swift
34.09 [7/9] Compiling LLMGatewayServer main.swift
34.09 /src/Generated/Server/llm-gateway/main.swift:23:36: error: cannot convert value of type '__socket_type' to expected argument type 'Int32'
34.09 21 | 
34.09 22 |     func start() throws {
34.09 23 |         serverFD = socket(AF_INET, SOCK_STREAM, 0)
34.09    |                                    `- error: cannot convert value of type '__socket_type' to expected argument type 'Int32'
34.09 24 |         guard serverFD >= 0 else { throw RuntimeError.socket }
34.09 25 |         var opt: Int32 = 1
------
------
 > [persist build 4/4] RUN swift build -c release --product persist-server:
30.14 [5/7] Compiling ServiceShared Models.swift
33.43 [6/8] Compiling PersistService HTTPKernel.swift
34.14 [7/9] Compiling PersistServer main.swift
34.14 /src/Generated/Server/persist/main.swift:23:36: error: cannot convert value of type '__socket_type' to expected argument type 'Int32'
34.14 21 | 
34.14 22 |     func start() throws {
34.14 23 |         serverFD = socket(AF_INET, SOCK_STREAM, 0)
34.14    |                                    `- error: cannot convert value of type '__socket_type' to expected argument type 'Int32'
34.14 24 |         guard serverFD >= 0 else { throw RuntimeError.socket }
34.14 25 |         var opt: Int32 = 1
------
failed to solve: process "/bin/sh -c swift build -c release --product llm-gateway-server" did not complete successfully: exit code: 1
 Network kong-codex_default  Creating
 Network kong-codex_default  Created
 Container kong-codex-typesense-1  Creating
 Container kong-codex-kong-1  Creating
 Container kong-codex-typesense-1  Created
 Container kong-codex-kong-1  Created
Attaching to kong-1, typesense-1
Gracefully stopping... (press Ctrl+C again to force)
Error response from daemon: mounts denied: 
The path /srv/deploy/repos/kong-codex/kong.conf is not shared from the host and is not known to Docker.
You can configure shared paths from Docker -> Preferences... -> Resources -> File Sharing.
See https://docs.docker.com/desktop/settings/mac/#file-sharing for more info.
 Container kong-codex-kong-1  Stopping
 Container kong-codex-typesense-1  Stopping
 Container kong-codex-kong-1  Stopped
 Container kong-codex-kong-1  Removing
 Container kong-codex-kong-1  Removed
 Container kong-codex-typesense-1  Stopped
 Container kong-codex-typesense-1  Removing
 Container kong-codex-typesense-1  Removed
 Network kong-codex_default  Removing
 Network kong-codex_default  Removed

[2025-07-17T08:09:44.463777] Running integration tests for fountainai...
[2025-07-17T08:10:51.901027] Integration tests for fountainai failed with exit code 1

[2025-07-17T08:10:51.901431] Running integration tests for kong-codex...
[2025-07-17T08:11:04.009831] Integration tests for kong-codex failed with exit code 1
