[2025-07-17T10:06:13.295143] === New Cycle ===
Building for debugging...
[0/359] Compiling sha1-x86_64-apple.S
[0/359] Compiling sha1-armv8-win.S
[1/359] Compiling sha1-armv8-linux.S
[3/359] Compiling sha1-armv8-apple.S
[3/359] Compiling sha1-armv4-large-linux.S
[5/359] Compiling sha1-586-linux.S
[6/359] Compiling sha1-586-apple.S
[7/359] Compiling rsaz-avx2-linux.S
[8/359] Write swift-version-24593BA9C3E375BF.txt
[9/359] Compiling rsaz-avx2-apple.S
[10/354] Compiling rdrand-x86_64-linux.S
[11/354] Compiling rdrand-x86_64-apple.S
[12/354] Compiling p256_beeu-x86_64-asm-linux.S
[14/362] Emitting module PersistServer
[15/362] Compiling PersistServer main.swift
/srv/deploy/repos/fountainai/Generated/Server/persist/main.swift:23:43: error: initializer 'init(_:)' requires that '__socket_type' conform to 'BinaryFloatingPoint'
21 | 
22 |     func start() throws {
23 |         serverFD = socket(Int32(AF_INET), Int32(SOCK_STREAM), 0)
   |                                           `- error: initializer 'init(_:)' requires that '__socket_type' conform to 'BinaryFloatingPoint'
24 |         guard serverFD >= 0 else { throw RuntimeError.socket }
25 |         var opt: Int32 = 1

Swift.FixedWidthInteger.init:2:19: note: where 'T' = '__socket_type'
1 | protocol FixedWidthInteger {
2 | @inlinable public init<T>(_ source: T) where T : BinaryFloatingPoint}
  |                   `- note: where 'T' = '__socket_type'
3 | 
[16/362] Emitting module Parser
[17/362] Emitting module PlannerServer
[18/362] Compiling PlannerServer main.swift
/srv/deploy/repos/fountainai/Generated/Server/planner/main.swift:23:43: error: initializer 'init(_:)' requires that '__socket_type' conform to 'BinaryFloatingPoint'
21 | 
22 |     func start() throws {
23 |         serverFD = socket(Int32(AF_INET), Int32(SOCK_STREAM), 0)
   |                                           `- error: initializer 'init(_:)' requires that '__socket_type' conform to 'BinaryFloatingPoint'
24 |         guard serverFD >= 0 else { throw RuntimeError.socket }
25 |         var opt: Int32 = 1

Swift.FixedWidthInteger.init:2:19: note: where 'T' = '__socket_type'
1 | protocol FixedWidthInteger {
2 | @inlinable public init<T>(_ source: T) where T : BinaryFloatingPoint}
  |                   `- note: where 'T' = '__socket_type'
3 | 
[18/362] Compiling dtls_method.cc
[18/362] Compiling d1_both.cc
[18/362] Compiling d1_srtp.cc
[18/362] Compiling d1_pkt.cc
[18/362] Compiling d1_lib.cc

[2025-07-17T10:06:13.295966] Starting swift build...
[2025-07-17T10:06:15.070101] swift build failed with exit code 1
[2025-07-17T10:06:15.196248] [dispatcher] Updated git remote to use token-based authentication.
[2025-07-17T10:06:16.736144] [dispatcher] Running Docker build...
[2025-07-17T10:06:16.737071] [dispatcher] Running tests...
Compose now can delegate build to bake for better performances
Just set COMPOSE_BAKE=true
#0 building with "default" instance using docker driver

#1 [persist internal] load build definition from Dockerfile
#1 transferring dockerfile: 266B done
#1 DONE 0.0s

#2 [bootstrap internal] load build definition from Dockerfile
#2 transferring dockerfile: 272B 0.0s done
#2 DONE 0.0s

#3 [function-caller internal] load build definition from Dockerfile
#3 transferring dockerfile: 290B done
#3 DONE 0.0s

#4 [planner internal] load build definition from Dockerfile
#4 transferring dockerfile: 266B done
#4 DONE 0.0s

#5 [baseline-awareness internal] load build definition from Dockerfile
#5 transferring dockerfile: 299B done
#5 DONE 0.1s

#6 [tools-factory internal] load build definition from Dockerfile
#6 transferring dockerfile: 284B done
#6 DONE 0.1s

#7 [llm-gateway internal] load build definition from Dockerfile
#7 transferring dockerfile: 278B done
#7 DONE 0.1s

#8 [baseline-awareness internal] load metadata for docker.io/library/ubuntu:22.04
#8 DONE 0.5s

#9 [baseline-awareness internal] load metadata for docker.io/library/swift:6.1-jammy
#9 DONE 0.6s

#10 [bootstrap internal] load .dockerignore
#10 transferring context: 2B done
#10 DONE 0.0s

#11 [baseline-awareness internal] load .dockerignore
#11 transferring context: 2B done
#11 DONE 0.0s

#12 [planner internal] load .dockerignore
#12 transferring context: 2B done
#12 DONE 0.0s

#13 [persist build 1/4] FROM docker.io/library/swift:6.1-jammy@sha256:512716edb447938962d96627ff0b9f00d5701bfa61d97a5b5654f07a1482c342
#13 DONE 0.0s

#14 [persist stage-1 1/2] FROM docker.io/library/ubuntu:22.04@sha256:59ccd419c0dc0edf9e3bff1a3b2b073ea15a2ce4bc45ce7c989278b225b09af3
#14 DONE 0.0s

#15 [persist internal] load .dockerignore
#15 transferring context: 2B done
#15 DONE 0.1s

#16 [llm-gateway internal] load .dockerignore
#16 transferring context: 2B done
#16 DONE 0.0s

#17 [tools-factory internal] load .dockerignore
#17 transferring context: 2B done
#17 DONE 0.0s

#18 [function-caller internal] load .dockerignore
#18 transferring context: 2B done
#18 DONE 0.0s

#19 [persist internal] load build context
#19 transferring context: 1.39MB 5.0s
#19 ...

#20 [planner internal] load build context
#20 ...

#19 [persist internal] load build context
#19 transferring context: 7.61MB 9.4s done
#19 ...

#21 [llm-gateway internal] load build context
#21 transferring context: 7.61MB 9.4s done
#21 DONE 9.7s

#19 [persist internal] load build context
#19 DONE 9.6s

#22 [baseline-awareness internal] load build context
#22 transferring context: 7.61MB 8.9s done
#22 DONE 9.7s

#23 [function-caller internal] load build context
#23 transferring context: 7.61MB 9.4s done
#23 DONE 9.7s

#24 [bootstrap internal] load build context
#24 transferring context: 7.61MB 9.4s done
#24 DONE 9.7s

#25 [tools-factory internal] load build context
#25 transferring context: 7.61MB 9.4s done
#25 DONE 9.7s

#20 [planner internal] load build context
#20 transferring context: 7.61MB 9.4s done
#20 DONE 9.7s

#26 [persist build 2/4] WORKDIR /src
#26 CACHED

#27 [planner build 3/4] COPY . .
#27 DONE 10.7s

#28 [persist build 3/4] COPY . .
#28 CACHED

#29 [bootstrap build 3/4] COPY . .
#29 CACHED

#30 [baseline-awareness build 3/4] COPY . .
#30 CACHED

#31 [tools-factory build 3/4] COPY . .
#31 CACHED

#32 [planner build 3/4] COPY . .
#32 CACHED

#33 [function-caller build 3/4] COPY . .
#33 CACHED

#34 [bootstrap build 4/4] RUN swift build -c release --product bootstrap-server
#34 ...

#35 [planner build 4/4] RUN swift build -c release --product planner-server
#35 ...

#36 [function-caller build 4/4] RUN swift build -c release --product function-caller-server
#36 ...

#37 [persist build 4/4] RUN swift build -c release --product persist-server
#37 ...

#38 [llm-gateway build 4/4] RUN swift build -c release --product llm-gateway-server
#38 ...

#39 [tools-factory build 4/4] RUN swift build -c release --product tools-factory-server
#39 ...

#40 [baseline-awareness build 4/4] RUN swift build -c release --product baseline-awareness-server
#40 ...

#34 [bootstrap build 4/4] RUN swift build -c release --product bootstrap-server
#34 16.66 Building for production...
#34 16.74 [0/7] Write sources
#34 16.98 [4/7] Write swift-version-24593BA9C3E375BF.txt
#34 ...

#36 [function-caller build 4/4] RUN swift build -c release --product function-caller-server
#36 16.71 Building for production...
#36 16.79 [0/14] Write sources
#36 17.18 [5/14] Compiling writer.c
#36 17.20 [6/14] Compiling reader.c
#36 17.23 [7/14] Write swift-version-24593BA9C3E375BF.txt
#36 17.51 [8/15] Compiling api.c
#36 17.67 [9/15] Compiling parser.c
#36 17.86 [10/15] Compiling emitter.c
#36 18.23 [11/15] Compiling scanner.c
#36 ...

#34 [bootstrap build 4/4] RUN swift build -c release --product bootstrap-server
#34 23.13 [6/8] Compiling ServiceShared Models.swift
#34 25.29 [7/9] Compiling BaselineAwarenessService BaselineStore.swift
#34 ...

#37 [persist build 4/4] RUN swift build -c release --product persist-server
#37 16.68 Building for production...
#37 16.76 [0/6] Write sources
#37 16.93 [3/6] Write swift-version-24593BA9C3E375BF.txt
#37 23.06 [5/7] Compiling ServiceShared Models.swift
#37 24.59 [6/8] Compiling PersistService HTTPKernel.swift
#37 25.00 [7/9] Compiling PersistServer main.swift
#37 25.00 /src/Generated/Server/persist/main.swift:23:43: error: initializer 'init(_:)' requires that '__socket_type' conform to 'BinaryFloatingPoint'
#37 25.00 21 | 
#37 25.00 22 |     func start() throws {
#37 25.00 23 |         serverFD = socket(Int32(AF_INET), Int32(SOCK_STREAM), 0)
#37 25.00    |                                           `- error: initializer 'init(_:)' requires that '__socket_type' conform to 'BinaryFloatingPoint'
#37 25.00 24 |         guard serverFD >= 0 else { throw RuntimeError.socket }
#37 25.00 25 |         var opt: Int32 = 1
#37 25.00 
#37 25.00 Swift.FixedWidthInteger.init:2:19: note: where 'T' = '__socket_type'
#37 25.00 1 | protocol FixedWidthInteger {
#37 25.00 2 | @inlinable public init<T>(_ source: T) where T : BinaryFloatingPoint}
#37 25.00   |                   `- note: where 'T' = '__socket_type'
#37 25.00 3 | 
#37 ERROR: process "/bin/sh -c swift build -c release --product persist-server" did not complete successfully: exit code: 1

#39 [tools-factory build 4/4] RUN swift build -c release --product tools-factory-server
#39 16.68 Building for production...
#39 16.76 [0/14] Write sources
#39 17.03 [5/14] Write swift-version-24593BA9C3E375BF.txt
#39 17.19 [6/14] Compiling writer.c
#39 17.21 [7/14] Compiling reader.c
#39 17.38 [8/15] Compiling api.c
#39 17.61 [9/15] Compiling parser.c
#39 18.00 [10/15] Compiling emitter.c
#39 18.58 [11/15] Compiling scanner.c
#39 23.28 [13/16] Compiling ServiceShared Models.swift
#39 ...

#38 [llm-gateway build 4/4] RUN swift build -c release --product llm-gateway-server
#38 16.71 Building for production...
#38 16.77 [0/6] Write sources
#38 17.03 [3/6] Write swift-version-24593BA9C3E375BF.txt
#38 23.09 [5/7] Compiling ServiceShared Models.swift
#38 24.44 [6/8] Compiling LLMGatewayService HTTPKernel.swift
#38 24.83 [7/9] Compiling LLMGatewayServer main.swift
#38 24.83 /src/Generated/Server/llm-gateway/main.swift:23:43: error: initializer 'init(_:)' requires that '__socket_type' conform to 'BinaryFloatingPoint'
#38 24.83 21 | 
#38 24.83 22 |     func start() throws {
#38 24.83 23 |         serverFD = socket(Int32(AF_INET), Int32(SOCK_STREAM), 0)
#38 24.83    |                                           `- error: initializer 'init(_:)' requires that '__socket_type' conform to 'BinaryFloatingPoint'
#38 24.83 24 |         guard serverFD >= 0 else { throw RuntimeError.socket }
#38 24.83 25 |         var opt: Int32 = 1
#38 24.83 
#38 24.83 Swift.FixedWidthInteger.init:2:19: note: where 'T' = '__socket_type'
#38 24.83 1 | protocol FixedWidthInteger {
#38 24.83 2 | @inlinable public init<T>(_ source: T) where T : BinaryFloatingPoint}
#38 24.83   |                   `- note: where 'T' = '__socket_type'
#38 24.83 3 | 
#38 ERROR: process "/bin/sh -c swift build -c release --product llm-gateway-server" did not complete successfully: exit code: 1

#35 [planner build 4/4] RUN swift build -c release --product planner-server
#35 16.67 Building for production...
#35 16.74 [0/6] Write sources
#35 17.03 [3/6] Write swift-version-24593BA9C3E375BF.txt
#35 23.06 [5/7] Compiling ServiceShared Models.swift
#35 25.44 [6/8] Compiling PlannerService HTTPKernel.swift
#35 CANCELED

#40 [baseline-awareness build 4/4] RUN swift build -c release --product baseline-awareness-server
#40 16.68 Building for production...
#40 16.77 [0/6] Write sources
#40 17.00 [3/6] Write swift-version-24593BA9C3E375BF.txt
#40 23.06 [5/7] Compiling ServiceShared Models.swift
#40 CANCELED

#34 [bootstrap build 4/4] RUN swift build -c release --product bootstrap-server
#34 CANCELED

#39 [tools-factory build 4/4] RUN swift build -c release --product tools-factory-server
#39 CANCELED

#36 [function-caller build 4/4] RUN swift build -c release --product function-caller-server
#36 23.38 [13/16] Compiling ServiceShared Models.swift
#36 CANCELED
------
 > [llm-gateway build 4/4] RUN swift build -c release --product llm-gateway-server:
24.83 23 |         serverFD = socket(Int32(AF_INET), Int32(SOCK_STREAM), 0)
24.83    |                                           `- error: initializer 'init(_:)' requires that '__socket_type' conform to 'BinaryFloatingPoint'
24.83 24 |         guard serverFD >= 0 else { throw RuntimeError.socket }
24.83 25 |         var opt: Int32 = 1
24.83 
24.83 Swift.FixedWidthInteger.init:2:19: note: where 'T' = '__socket_type'
24.83 1 | protocol FixedWidthInteger {
24.83 2 | @inlinable public init<T>(_ source: T) where T : BinaryFloatingPoint}
24.83   |                   `- note: where 'T' = '__socket_type'
24.83 3 | 
------
------
 > [persist build 4/4] RUN swift build -c release --product persist-server:
25.00 23 |         serverFD = socket(Int32(AF_INET), Int32(SOCK_STREAM), 0)
25.00    |                                           `- error: initializer 'init(_:)' requires that '__socket_type' conform to 'BinaryFloatingPoint'
25.00 24 |         guard serverFD >= 0 else { throw RuntimeError.socket }
25.00 25 |         var opt: Int32 = 1
25.00 
25.00 Swift.FixedWidthInteger.init:2:19: note: where 'T' = '__socket_type'
25.00 1 | protocol FixedWidthInteger {
25.00 2 | @inlinable public init<T>(_ source: T) where T : BinaryFloatingPoint}
25.00   |                   `- note: where 'T' = '__socket_type'
25.00 3 | 
------
failed to solve: process "/bin/sh -c swift build -c release --product persist-server" did not complete successfully: exit code: 1
 Network kong-codex_default  Creating
 Network kong-codex_default  Created
 Container kong-codex-kong-1  Creating
 Container kong-codex-typesense-1  Creating
 Container kong-codex-typesense-1  Created
 Container kong-codex-kong-1  Created
Attaching to kong-1, typesense-1
Gracefully stopping... (press Ctrl+C again to force)
Error response from daemon: mounts denied: 
The path /srv/deploy/repos/kong-codex/kong.conf is not shared from the host and is not known to Docker.
You can configure shared paths from Docker -> Preferences... -> Resources -> File Sharing.
See https://docs.docker.com/desktop/settings/mac/#file-sharing for more info.
 Container kong-codex-kong-1  Stopping
 Container kong-codex-typesense-1  Stopping
 Container kong-codex-kong-1  Stopped
 Container kong-codex-kong-1  Removing
 Container kong-codex-kong-1  Removed
 Container kong-codex-typesense-1  Stopped
 Container kong-codex-typesense-1  Removing
 Container kong-codex-typesense-1  Removed
 Network kong-codex_default  Removing
 Network kong-codex_default  Removed

[2025-07-17T10:06:16.737332] Running integration tests for fountainai...
[2025-07-17T10:07:04.076991] Integration tests for fountainai failed with exit code 1

[2025-07-17T10:07:04.077142] Running integration tests for kong-codex...
[2025-07-17T10:07:15.164575] Integration tests for kong-codex failed with exit code 1
