[2025-07-18T05:23:40.531923] === New Cycle ===
Building for debugging...
[0/372] Compiling vpaes-x86-apple.S
[0/372] Compiling sha512-x86_64-linux.S
[0/372] Compiling vpaes-armv8-apple.S
[0/372] Compiling vpaes-armv8-win.S
[0/372] Compiling vpaes-armv7-linux.S
[0/372] Compiling sha512-x86_64-apple.S
[0/372] Compiling vpaes-armv8-linux.S
[0/372] Compiling sha512-armv4-linux.S
[0/372] Compiling sha512-586-apple.S
[0/372] Compiling sha512-armv8-win.S
[0/372] Compiling sha512-586-linux.S
[0/372] Compiling sha512-armv8-apple.S
[0/371] Compiling sha512-armv8-linux.S
[0/372] Compiling sha256-x86_64-linux.S
[0/372] Compiling sha256-armv8-win.S
[0/372] Compiling sha256-x86_64-apple.S
[0/372] Compiling sha256-armv8-apple.S
[0/372] Compiling sha256-586-linux.S
[0/372] Compiling sha256-armv4-linux.S
[0/372] Compiling sha256-armv8-linux.S
[0/372] Compiling sha256-586-apple.S
[0/372] Compiling sha1-x86_64-linux.S
[0/372] Compiling sha1-x86_64-apple.S
[0/372] Compiling sha1-armv8-win.S
[0/372] Compiling sha1-armv8-apple.S
[0/372] Compiling sha1-armv4-large-linux.S
[0/372] Compiling sha1-586-linux.S
[0/372] Compiling sha1-armv8-linux.S
[0/372] Compiling sha1-586-apple.S
[0/372] Compiling rsaz-avx2-linux.S
[0/372] Compiling rsaz-avx2-apple.S
[0/371] Compiling rdrand-x86_64-apple.S
[0/371] Compiling p256_beeu-x86_64-asm-linux.S
[0/371] Compiling p256_beeu-x86_64-asm-apple.S
[0/371] Compiling rdrand-x86_64-linux.S
[0/372] Compiling p256_beeu-armv8-asm-win.S
[0/372] Compiling p256_beeu-armv8-asm-linux.S
[0/372] Compiling p256_beeu-armv8-asm-apple.S
[0/371] Compiling p256-x86_64-asm-linux.S
[0/371] Compiling p256-x86_64-asm-apple.S
[0/371] Compiling p256-armv8-asm-win.S
[0/372] Compiling p256-armv8-asm-apple.S
[0/372] Compiling p256-armv8-asm-linux.S
[0/372] Compiling ghashv8-armv8-win.S
[0/375] Compiling ghashv8-armv8-linux.S
[0/375] Compiling ghashv8-armv8-apple.S
[0/375] Compiling ghashv8-armv7-linux.S
[0/374] Compiling ghash-x86_64-linux.S
[0/376] Compiling ghash-x86-linux.S
[0/376] Compiling ghash-x86-apple.S
[0/376] Compiling ghash-x86_64-apple.S
[0/376] Compiling ghash-ssse3-x86_64-linux.S
[0/377] Compiling ghash-ssse3-x86_64-apple.S
[0/377] Compiling ghash-ssse3-x86-linux.S
[0/377] Compiling ghash-neon-armv8-win.S
[0/377] Compiling ghash-neon-armv8-apple.S
[0/377] Compiling ghash-ssse3-x86-apple.S
[0/377] Compiling ghash-neon-armv8-linux.S
[1/377] Compiling ghash-armv4-linux.S
[14/377] Compiling co-586-linux.S
[60/377] Compiling bsaes-armv7-linux.S
[60/377] Compiling co-586-apple.S
[62/377] Compiling bn-armv8-linux.S
[63/377] Compiling bn-armv8-apple.S
[64/377] Compiling bn-armv8-win.S
[65/377] Compiling bn-586-linux.S
[65/377] Compiling bn-586-apple.S
[67/377] Compiling armv8-mont-win.S
[68/377] Compiling armv4-mont-linux.S
[69/377] Compiling armv8-mont-apple.S
[70/377] Compiling armv8-mont-linux.S
[71/377] Compiling aesv8-gcm-armv8-win.S
[72/377] Compiling aesv8-gcm-armv8-apple.S
[73/377] Compiling aesv8-armv8-win.S
[74/377] Write swift-version-24593BA9C3E375BF.txt
[75/378] Compiling aesv8-armv8-linux.S
[75/377] Compiling aesv8-gcm-armv8-linux.S
[75/378] Compiling aesv8-armv8-apple.S
[78/372] Compiling aesv8-armv7-linux.S
[79/372] Compiling aesni-gcm-x86_64-linux.S
[79/372] Compiling aesni-x86-apple.S
[81/372] Compiling aesni-x86_64-linux.S
[82/372] Compiling aesni-x86_64-apple.S
[83/372] Compiling aesni-gcm-x86_64-apple.S
[84/372] Compiling aesni-x86-linux.S
[86/445] Compiling DequeModule Deque+ExpressibleByArrayLiteral.swift
[87/446] Compiling DequeModule _DequeSlot.swift
[88/446] Compiling DequeModule Deque+Equatable.swift
[89/448] Emitting module LLMGatewayServer
[90/448] Emitting module PersistServer
[91/448] Compiling LLMGatewayServer main.swift
/srv/deploy/repos/fountainai/Generated/Server/llm-gateway/main.swift:23:33: error: cannot convert value of type '__socket_type' to specified type 'Int32'
 21 | 
 22 |     func start() throws {
 23 |         let socketType: Int32 = SOCK_STREAM
    |                                 `- error: cannot convert value of type '__socket_type' to specified type 'Int32'
 24 | 
 25 |         serverFD = socket(AF_INET, socketType, 0)
[92/448] Compiling PersistServer main.swift
/srv/deploy/repos/fountainai/Generated/Server/persist/main.swift:23:33: error: cannot convert value of type '__socket_type' to specified type 'Int32'
 21 | 
 22 |     func start() throws {
 23 |         let socketType: Int32 = SOCK_STREAM
    |                                 `- error: cannot convert value of type '__socket_type' to specified type 'Int32'
 24 | 
 25 |         serverFD = socket(AF_INET, socketType, 0)
[93/448] Emitting module PlannerServer
[94/448] Compiling PlannerServer main.swift
/srv/deploy/repos/fountainai/Generated/Server/planner/main.swift:23:33: error: cannot convert value of type '__socket_type' to specified type 'Int32'
 21 | 
 22 |     func start() throws {
 23 |         let socketType: Int32 = SOCK_STREAM
    |                                 `- error: cannot convert value of type '__socket_type' to specified type 'Int32'
 24 | 
 25 |         serverFD = socket(AF_INET, socketType, 0)
[95/448] Compiling DequeModule Deque+Hashable.swift
[96/448] Compiling Algorithms AdjacentPairs.swift
[97/448] Compiling Algorithms Chain.swift
[97/448] Compiling d1_both.cc

[2025-07-18T05:23:40.533497] Starting swift build...
[2025-07-18T05:23:43.109946] swift build failed with exit code 1
[2025-07-18T05:23:43.360440] [dispatcher] Updated git remote to use token-based authentication.
[2025-07-18T05:23:46.123628] [dispatcher] Running Docker build...
[2025-07-18T05:23:46.124529] [dispatcher] Running tests...
Compose now can delegate build to bake for better performances
Just set COMPOSE_BAKE=true
#0 building with "default" instance using docker driver

#1 [bootstrap internal] load build definition from Dockerfile
#1 transferring dockerfile: 272B done
#1 DONE 0.0s

#2 [persist internal] load build definition from Dockerfile
#2 transferring dockerfile: 266B done
#2 DONE 0.0s

#3 [planner internal] load build definition from Dockerfile
#3 transferring dockerfile: 266B done
#3 DONE 0.0s

#4 [baseline-awareness internal] load build definition from Dockerfile
#4 transferring dockerfile: 299B done
#4 DONE 0.0s

#5 [function-caller internal] load build definition from Dockerfile
#5 transferring dockerfile: 290B done
#5 DONE 0.0s

#6 [tools-factory internal] load build definition from Dockerfile
#6 transferring dockerfile: 284B done
#6 DONE 0.0s

#7 [llm-gateway internal] load build definition from Dockerfile
#7 transferring dockerfile: 278B done
#7 DONE 0.0s

#8 [llm-gateway internal] load metadata for docker.io/library/swift:6.1-jammy
#8 DONE 1.0s

#9 [tools-factory internal] load metadata for docker.io/library/ubuntu:22.04
#9 DONE 0.9s

#10 [bootstrap internal] load .dockerignore
#10 transferring context: 2B done
#10 DONE 0.0s

#11 [persist internal] load .dockerignore
#11 transferring context: 2B done
#11 DONE 0.0s

#12 [function-caller internal] load .dockerignore
#12 transferring context: 2B done
#12 DONE 0.0s

#13 [llm-gateway internal] load .dockerignore
#13 transferring context: 2B done
#13 DONE 0.0s

#14 [planner internal] load .dockerignore
#14 transferring context: 2B done
#14 DONE 0.0s

#15 [baseline-awareness internal] load .dockerignore
#15 transferring context: 2B done
#15 DONE 0.0s

#16 [tools-factory internal] load .dockerignore
#16 transferring context: 2B done
#16 DONE 0.0s

#17 [tools-factory stage-1 1/2] FROM docker.io/library/ubuntu:22.04@sha256:59ccd419c0dc0edf9e3bff1a3b2b073ea15a2ce4bc45ce7c989278b225b09af3
#17 resolve docker.io/library/ubuntu:22.04@sha256:59ccd419c0dc0edf9e3bff1a3b2b073ea15a2ce4bc45ce7c989278b225b09af3 0.0s done
#17 CACHED

#18 [bootstrap build 1/4] FROM docker.io/library/swift:6.1-jammy@sha256:512716edb447938962d96627ff0b9f00d5701bfa61d97a5b5654f07a1482c342
#18 resolve docker.io/library/swift:6.1-jammy@sha256:512716edb447938962d96627ff0b9f00d5701bfa61d97a5b5654f07a1482c342 0.0s done
#18 DONE 0.0s

#19 [tools-factory internal] load build context
#19 transferring context: 1.89MB 5.1s
#19 ...

#20 [llm-gateway internal] load build context
#20 ...

#21 [baseline-awareness internal] load build context
#21 ...

#20 [llm-gateway internal] load build context
#20 ...

#22 [bootstrap internal] load build context
#22 ...

#23 [function-caller internal] load build context
#23 transferring context: 8.47MB 10.1s
#23 ...

#24 [planner internal] load build context
#24 ...

#25 [persist internal] load build context
#25 ...

#24 [planner internal] load build context
#24 transferring context: 9.19MB 14.4s done
#24 ...

#22 [bootstrap internal] load build context
#22 transferring context: 9.19MB 13.8s done
#22 DONE 14.7s

#23 [function-caller internal] load build context
#23 transferring context: 9.19MB 14.4s done
#23 DONE 14.7s

#20 [llm-gateway internal] load build context
#20 transferring context: 9.19MB 14.4s done
#20 DONE 14.7s

#21 [baseline-awareness internal] load build context
#21 transferring context: 9.19MB 14.4s done
#21 DONE 14.7s

#25 [persist internal] load build context
#25 transferring context: 9.19MB 14.4s done
#25 DONE 14.7s

#19 [tools-factory internal] load build context
#19 transferring context: 9.19MB 14.4s done
#19 DONE 14.7s

#24 [planner internal] load build context
#24 DONE 14.7s

#26 [llm-gateway build 2/4] WORKDIR /src
#26 CACHED

#27 [llm-gateway build 3/4] COPY . .
#27 DONE 9.9s

#28 [tools-factory build 3/4] COPY . .
#28 CACHED

#29 [llm-gateway build 3/4] COPY . .
#29 CACHED

#30 [function-caller build 3/4] COPY . .
#30 CACHED

#31 [persist build 3/4] COPY . .
#31 CACHED

#32 [baseline-awareness build 3/4] COPY . .
#32 CACHED

#33 [planner build 3/4] COPY . .
#33 CACHED

#34 [planner build 4/4] RUN swift build -c release --product planner-server
#34 ...

#35 [baseline-awareness build 4/4] RUN swift build -c release --product baseline-awareness-server
#35 ...

#36 [persist build 4/4] RUN swift build -c release --product persist-server
#36 ...

#37 [function-caller build 4/4] RUN swift build -c release --product function-caller-server
#37 ...

#38 [tools-factory build 4/4] RUN swift build -c release --product tools-factory-server
#38 ...

#39 [bootstrap build 4/4] RUN swift build -c release --product bootstrap-server
#39 ...

#40 [llm-gateway build 4/4] RUN swift build -c release --product llm-gateway-server
#40 ...

#36 [persist build 4/4] RUN swift build -c release --product persist-server
#36 13.95 Building for production...
#36 14.00 [0/6] Write sources
#36 14.17 [3/6] Write swift-version-24593BA9C3E375BF.txt
#36 ...

#37 [function-caller build 4/4] RUN swift build -c release --product function-caller-server
#37 14.08 Building for production...
#37 14.14 [0/14] Write sources
#37 14.34 [5/14] Write swift-version-24593BA9C3E375BF.txt
#37 14.69 [6/15] Compiling writer.c
#37 14.71 [7/15] Compiling reader.c
#37 14.81 [8/15] Compiling api.c
#37 15.04 [9/15] Compiling parser.c
#37 15.38 [10/15] Compiling emitter.c
#37 15.52 [11/15] Compiling scanner.c
#37 ...

#36 [persist build 4/4] RUN swift build -c release --product persist-server
#36 20.68 [5/7] Compiling ServiceShared Models.swift
#36 22.29 [6/8] Compiling PersistService HTTPKernel.swift
#36 22.63 [7/9] Compiling PersistServer main.swift
#36 22.63 /src/Generated/Server/persist/main.swift:23:33: error: cannot convert value of type '__socket_type' to specified type 'Int32'
#36 22.63  21 | 
#36 22.63  22 |     func start() throws {
#36 22.63  23 |         let socketType: Int32 = SOCK_STREAM
#36 22.63     |                                 `- error: cannot convert value of type '__socket_type' to specified type 'Int32'
#36 22.63  24 | 
#36 22.63  25 |         serverFD = socket(AF_INET, socketType, 0)
#36 ERROR: process "/bin/sh -c swift build -c release --product persist-server" did not complete successfully: exit code: 1

#40 [llm-gateway build 4/4] RUN swift build -c release --product llm-gateway-server
#40 14.07 Building for production...
#40 14.14 [0/6] Write sources
#40 14.31 [3/6] Write swift-version-24593BA9C3E375BF.txt
#40 20.48 [5/7] Compiling ServiceShared Models.swift
#40 22.16 [6/8] Compiling LLMGatewayService HTTPKernel.swift
#40 22.64 [7/9] Compiling LLMGatewayServer main.swift
#40 22.64 /src/Generated/Server/llm-gateway/main.swift:23:33: error: cannot convert value of type '__socket_type' to specified type 'Int32'
#40 22.64  21 | 
#40 22.64  22 |     func start() throws {
#40 22.64  23 |         let socketType: Int32 = SOCK_STREAM
#40 22.64     |                                 `- error: cannot convert value of type '__socket_type' to specified type 'Int32'
#40 22.64  24 | 
#40 22.64  25 |         serverFD = socket(AF_INET, socketType, 0)
#40 ERROR: process "/bin/sh -c swift build -c release --product llm-gateway-server" did not complete successfully: exit code: 1

#34 [planner build 4/4] RUN swift build -c release --product planner-server
#34 14.01 Building for production...
#34 14.04 [0/6] Write sources
#34 14.23 [3/6] Write swift-version-24593BA9C3E375BF.txt
#34 20.95 [5/7] Compiling ServiceShared Models.swift
#34 22.61 [6/8] Compiling PlannerService HTTPKernel.swift
#34 22.99 [7/9] Compiling PlannerServer main.swift
#34 22.99 /src/Generated/Server/planner/main.swift:23:33: error: cannot convert value of type '__socket_type' to specified type 'Int32'
#34 22.99  21 | 
#34 22.99  22 |     func start() throws {
#34 22.99  23 |         let socketType: Int32 = SOCK_STREAM
#34 22.99     |                                 `- error: cannot convert value of type '__socket_type' to specified type 'Int32'
#34 22.99  24 | 
#34 22.99  25 |         serverFD = socket(AF_INET, socketType, 0)
#34 ERROR: process "/bin/sh -c swift build -c release --product planner-server" did not complete successfully: exit code: 1

#38 [tools-factory build 4/4] RUN swift build -c release --product tools-factory-server
#38 14.03 Building for production...
#38 14.07 [0/14] Write sources
#38 14.25 [5/14] Write swift-version-24593BA9C3E375BF.txt
#38 14.68 [6/15] Compiling writer.c
#38 14.68 [7/15] Compiling reader.c
#38 14.86 [8/15] Compiling api.c
#38 15.06 [9/15] Compiling parser.c
#38 15.44 [10/15] Compiling scanner.c
#38 15.65 [11/15] Compiling emitter.c
#38 21.43 [13/16] Compiling ServiceShared Models.swift
#38 CANCELED

#37 [function-caller build 4/4] RUN swift build -c release --product function-caller-server
#37 22.18 [13/16] Compiling ServiceShared Models.swift
#37 CANCELED

#35 [baseline-awareness build 4/4] RUN swift build -c release --product baseline-awareness-server
#35 14.08 Building for production...
#35 14.14 [0/6] Write sources
#35 14.28 [3/6] Write swift-version-24593BA9C3E375BF.txt
#35 20.48 [5/7] Compiling ServiceShared Models.swift
#35 23.06 [6/8] Compiling BaselineAwarenessService BaselineStore.swift
#35 CANCELED

#39 [bootstrap build 4/4] RUN swift build -c release --product bootstrap-server
#39 14.16 Building for production...
#39 14.21 [0/7] Write sources
#39 14.38 [4/7] Write swift-version-24593BA9C3E375BF.txt
#39 20.84 [6/8] Compiling ServiceShared Models.swift
#39 22.63 [7/9] Compiling BaselineAwarenessService BaselineStore.swift
#39 CANCELED
------
 > [persist build 4/4] RUN swift build -c release --product persist-server:
20.68 [5/7] Compiling ServiceShared Models.swift
22.29 [6/8] Compiling PersistService HTTPKernel.swift
22.63 [7/9] Compiling PersistServer main.swift
22.63 /src/Generated/Server/persist/main.swift:23:33: error: cannot convert value of type '__socket_type' to specified type 'Int32'
22.63  21 | 
22.63  22 |     func start() throws {
22.63  23 |         let socketType: Int32 = SOCK_STREAM
22.63     |                                 `- error: cannot convert value of type '__socket_type' to specified type 'Int32'
22.63  24 | 
22.63  25 |         serverFD = socket(AF_INET, socketType, 0)
------
------
 > [llm-gateway build 4/4] RUN swift build -c release --product llm-gateway-server:
20.48 [5/7] Compiling ServiceShared Models.swift
22.16 [6/8] Compiling LLMGatewayService HTTPKernel.swift
22.64 [7/9] Compiling LLMGatewayServer main.swift
22.64 /src/Generated/Server/llm-gateway/main.swift:23:33: error: cannot convert value of type '__socket_type' to specified type 'Int32'
22.64  21 | 
22.64  22 |     func start() throws {
22.64  23 |         let socketType: Int32 = SOCK_STREAM
22.64     |                                 `- error: cannot convert value of type '__socket_type' to specified type 'Int32'
22.64  24 | 
22.64  25 |         serverFD = socket(AF_INET, socketType, 0)
------
------
 > [planner build 4/4] RUN swift build -c release --product planner-server:
20.95 [5/7] Compiling ServiceShared Models.swift
22.61 [6/8] Compiling PlannerService HTTPKernel.swift
22.99 [7/9] Compiling PlannerServer main.swift
22.99 /src/Generated/Server/planner/main.swift:23:33: error: cannot convert value of type '__socket_type' to specified type 'Int32'
22.99  21 | 
22.99  22 |     func start() throws {
22.99  23 |         let socketType: Int32 = SOCK_STREAM
22.99     |                                 `- error: cannot convert value of type '__socket_type' to specified type 'Int32'
22.99  24 | 
22.99  25 |         serverFD = socket(AF_INET, socketType, 0)
------
failed to solve: process "/bin/sh -c swift build -c release --product persist-server" did not complete successfully: exit code: 1
 Network kong-codex_default  Creating
 Network kong-codex_default  Created
 Container kong-codex-typesense-1  Creating
 Container kong-codex-kong-1  Creating
 Container kong-codex-typesense-1  Created
 Container kong-codex-kong-1  Created
Attaching to kong-1, typesense-1
Gracefully stopping... (press Ctrl+C again to force)
Error response from daemon: mounts denied: 
The path /srv/deploy/repos/kong-codex/kong.conf is not shared from the host and is not known to Docker.
You can configure shared paths from Docker -> Preferences... -> Resources -> File Sharing.
See https://docs.docker.com/go/mac-file-sharing/ for more info.
 Container kong-codex-kong-1  Stopping
 Container kong-codex-typesense-1  Stopping
 Container kong-codex-kong-1  Stopped
 Container kong-codex-kong-1  Removing
 Container kong-codex-kong-1  Removed
 Container kong-codex-typesense-1  Stopped
 Container kong-codex-typesense-1  Removing
 Container kong-codex-typesense-1  Removed
 Network kong-codex_default  Removing
 Network kong-codex_default  Removed

[2025-07-18T05:23:46.124779] Running integration tests for fountainai...
[2025-07-18T05:24:35.546335] Integration tests for fountainai failed with exit code 1

[2025-07-18T05:24:35.546980] Running integration tests for kong-codex...
[2025-07-18T05:24:46.572573] Integration tests for kong-codex failed with exit code 1
