[2025-07-17T05:46:28.380897] === New Cycle ===
Building for debugging...
[0/430] Write sources
[1/435] Compiling ssl_versions.cc
[2/435] Compiling ssl_transcript.cc
[2/435] Compiling ssl_stat.cc
[4/435] Compiling ssl_privkey.cc
[5/435] Compiling ssl_key_share.cc
[5/435] Compiling ssl_session.cc
[7/435] Compiling ssl_x509.cc
[8/435] Compiling ssl_lib.cc
[9/435] Compiling ssl_file.cc
[9/435] Compiling ssl_buffer.cc
[11/435] Write swift-version-24593BA9C3E375BF.txt
[12/436] Compiling ssl_credential.cc
[12/432] Compiling ssl_cipher.cc
[14/431] Compiling ssl_cert.cc
[15/433] Compiling ssl_asn1.cc
[16/433] Compiling ssl_aead_ctx.cc
[18/439] Emitting module PlannerServer
[19/439] Compiling PlannerServer main.swift
/srv/deploy/repos/fountainai/Generated/Server/planner/main.swift:23:36: error: initializer 'init(_:)' requires that '__socket_type' conform to 'BinaryFloatingPoint'
21 | 
22 |     func start() throws {
23 |         serverFD = socket(AF_INET, Int32(SOCK_STREAM), 0)
   |                                    `- error: initializer 'init(_:)' requires that '__socket_type' conform to 'BinaryFloatingPoint'
24 |         guard serverFD >= 0 else { throw RuntimeError.socket }
25 |         var opt: Int32 = 1

Swift.FixedWidthInteger.init:2:19: note: where 'T' = '__socket_type'
1 | protocol FixedWidthInteger {
2 | @inlinable public init<T>(_ source: T) where T : BinaryFloatingPoint}
  |                   `- note: where 'T' = '__socket_type'
3 | 
[20/439] Emitting module PersistServer
[20/439] Compiling handshake_client.cc
[20/439] Compiling s3_lib.cc
[20/439] Compiling handshake_server.cc
/srv/deploy/repos/fountainai/Generated/Server/persist/main.swift:23:36: error: initializer 'init(_:)' requires that '__socket_type' conform to 'BinaryFloatingPoint'
21 | 
22 |     func start() throws {
23 |         serverFD = socket(AF_INET, Int32(SOCK_STREAM), 0)
   |                                    `- error: initializer 'init(_:)' requires that '__socket_type' conform to 'BinaryFloatingPoint'
24 |         guard serverFD >= 0 else { throw RuntimeError.socket }
25 |         var opt: Int32 = 1

Swift.FixedWidthInteger.init:2:19: note: where 'T' = '__socket_type'
1 | protocol FixedWidthInteger {
2 | @inlinable public init<T>(_ source: T) where T : BinaryFloatingPoint}
  |                   `- note: where 'T' = '__socket_type'
3 | 
[20/439] Compiling s3_both.cc
[20/439] Compiling s3_pkt.cc

[2025-07-17T05:46:28.382160] Starting swift build...
[2025-07-17T05:46:32.083100] swift build failed with exit code 1
[2025-07-17T05:46:32.195759] [dispatcher] Updated git remote to use token-based authentication.
[2025-07-17T05:46:33.890277] [dispatcher] Running Docker build...
[2025-07-17T05:46:33.891479] [dispatcher] Running tests...
Compose now can delegate build to bake for better performances
Just set COMPOSE_BAKE=true
#0 building with "default" instance using docker driver

#1 [baseline-awareness internal] load build definition from Dockerfile
#1 transferring dockerfile: 299B done
#1 DONE 0.0s

#2 [llm-gateway internal] load build definition from Dockerfile
#2 transferring dockerfile: 278B done
#2 DONE 0.0s

#3 [persist internal] load build definition from Dockerfile
#3 transferring dockerfile: 266B done
#3 DONE 0.0s

#4 [planner internal] load build definition from Dockerfile
#4 transferring dockerfile: 266B done
#4 DONE 0.0s

#5 [tools-factory internal] load build definition from Dockerfile
#5 transferring dockerfile: 284B done
#5 DONE 0.0s

#6 [function-caller internal] load build definition from Dockerfile
#6 transferring dockerfile: 290B done
#6 DONE 0.0s

#7 [bootstrap internal] load build definition from Dockerfile
#7 transferring dockerfile: 272B done
#7 DONE 0.0s

#8 [bootstrap internal] load metadata for docker.io/library/swift:6.1-jammy
#8 DONE 0.8s

#9 [tools-factory internal] load metadata for docker.io/library/ubuntu:22.04
#9 DONE 0.9s

#10 [llm-gateway internal] load .dockerignore
#10 transferring context: 2B done
#10 DONE 0.0s

#11 [baseline-awareness internal] load .dockerignore
#11 transferring context: 2B done
#11 DONE 0.0s

#12 [planner internal] load .dockerignore
#12 transferring context: 2B done
#12 DONE 0.0s

#13 [baseline-awareness build 1/4] FROM docker.io/library/swift:6.1-jammy@sha256:512716edb447938962d96627ff0b9f00d5701bfa61d97a5b5654f07a1482c342
#13 DONE 0.0s

#14 [baseline-awareness stage-1 1/2] FROM docker.io/library/ubuntu:22.04@sha256:59ccd419c0dc0edf9e3bff1a3b2b073ea15a2ce4bc45ce7c989278b225b09af3
#14 DONE 0.0s

#15 [function-caller internal] load .dockerignore
#15 transferring context: 2B 0.0s done
#15 DONE 0.0s

#16 [tools-factory internal] load .dockerignore
#16 transferring context: 2B done
#16 DONE 0.0s

#17 [bootstrap internal] load .dockerignore
#17 transferring context: 2B done
#17 DONE 0.0s

#18 [persist internal] load .dockerignore
#18 transferring context: 2B done
#18 DONE 0.0s

#19 [baseline-awareness internal] load build context
#19 transferring context: 7.50MB 5.0s
#19 ...

#20 [function-caller internal] load build context
#20 ...

#21 [tools-factory internal] load build context
#21 ...

#20 [function-caller internal] load build context
#20 transferring context: 13.66MB 9.4s done
#20 ...

#22 [planner internal] load build context
#22 transferring context: 13.66MB 8.8s done
#22 DONE 9.5s

#23 [llm-gateway internal] load build context
#23 transferring context: 13.66MB 9.4s done
#23 DONE 9.5s

#20 [function-caller internal] load build context
#20 DONE 9.5s

#19 [baseline-awareness internal] load build context
#19 transferring context: 13.66MB 9.4s done
#19 DONE 9.5s

#24 [persist internal] load build context
#24 transferring context: 13.66MB 9.4s done
#24 DONE 9.5s

#21 [tools-factory internal] load build context
#21 transferring context: 13.66MB 9.3s done
#21 DONE 9.5s

#25 [bootstrap internal] load build context
#25 transferring context: 13.66MB 9.3s done
#25 DONE 9.5s

#26 [planner build 2/4] WORKDIR /src
#26 CACHED

#27 [baseline-awareness build 3/4] COPY . .
#27 DONE 9.6s

#28 [bootstrap build 3/4] COPY . .
#28 CACHED

#29 [baseline-awareness build 3/4] COPY . .
#29 CACHED

#30 [tools-factory build 3/4] COPY . .
#30 CACHED

#31 [function-caller build 3/4] COPY . .
#31 CACHED

#32 [llm-gateway build 3/4] COPY . .
#32 CACHED

#33 [persist build 3/4] COPY . .
#33 CACHED

#34 [tools-factory build 4/4] RUN swift build -c release --product tools-factory-server
#34 ...

#35 [planner build 4/4] RUN swift build -c release --product planner-server
#35 ...

#36 [persist build 4/4] RUN swift build -c release --product persist-server
#36 ...

#37 [bootstrap build 4/4] RUN swift build -c release --product bootstrap-server
#37 ...

#38 [baseline-awareness build 4/4] RUN swift build -c release --product baseline-awareness-server
#38 ...

#39 [function-caller build 4/4] RUN swift build -c release --product function-caller-server
#39 ...

#40 [llm-gateway build 4/4] RUN swift build -c release --product llm-gateway-server
#40 16.20 Building for production...
#40 ...

#35 [planner build 4/4] RUN swift build -c release --product planner-server
#35 16.26 Building for production...
#35 16.37 [0/6] Write sources
#35 16.75 [3/6] Write swift-version-24593BA9C3E375BF.txt
#35 ...

#34 [tools-factory build 4/4] RUN swift build -c release --product tools-factory-server
#34 16.21 Building for production...
#34 16.37 [0/14] Write sources
#34 16.75 [5/14] Compiling writer.c
#34 16.90 [6/14] Compiling reader.c
#34 17.17 [7/14] Compiling api.c
#34 17.22 [8/14] Compiling parser.c
#34 17.48 [9/14] Compiling emitter.c
#34 17.65 [10/14] Write swift-version-24593BA9C3E375BF.txt
#34 17.66 [11/14] Compiling scanner.c
#34 ...

#35 [planner build 4/4] RUN swift build -c release --product planner-server
#35 22.25 [5/7] Compiling ServiceShared Models.swift
#35 ...

#40 [llm-gateway build 4/4] RUN swift build -c release --product llm-gateway-server
#40 16.37 [0/6] Write sources
#40 16.71 [3/6] Write swift-version-24593BA9C3E375BF.txt
#40 22.38 [5/7] Compiling ServiceShared Models.swift
#40 23.59 [6/8] Compiling LLMGatewayService HTTPKernel.swift
#40 24.04 [7/9] Compiling LLMGatewayServer main.swift
#40 24.04 /src/Generated/Server/llm-gateway/main.swift:23:36: error: initializer 'init(_:)' requires that '__socket_type' conform to 'BinaryFloatingPoint'
#40 24.04 21 | 
#40 24.04 22 |     func start() throws {
#40 24.04 23 |         serverFD = socket(AF_INET, Int32(SOCK_STREAM), 0)
#40 24.04    |                                    `- error: initializer 'init(_:)' requires that '__socket_type' conform to 'BinaryFloatingPoint'
#40 24.04 24 |         guard serverFD >= 0 else { throw RuntimeError.socket }
#40 24.04 25 |         var opt: Int32 = 1
#40 24.04 
#40 24.04 Swift.FixedWidthInteger.init:2:19: note: where 'T' = '__socket_type'
#40 24.04 1 | protocol FixedWidthInteger {
#40 24.04 2 | @inlinable public init<T>(_ source: T) where T : BinaryFloatingPoint}
#40 24.04   |                   `- note: where 'T' = '__socket_type'
#40 24.04 3 | 
#40 ERROR: process "/bin/sh -c swift build -c release --product llm-gateway-server" did not complete successfully: exit code: 1

#36 [persist build 4/4] RUN swift build -c release --product persist-server
#36 16.57 Building for production...
#36 16.63 [0/6] Write sources
#36 16.87 [3/6] Write swift-version-24593BA9C3E375BF.txt
#36 22.03 [5/7] Compiling ServiceShared Models.swift
#36 23.73 [6/8] Compiling PersistService HTTPKernel.swift
#36 24.15 [7/9] Compiling PersistServer main.swift
#36 24.15 /src/Generated/Server/persist/main.swift:23:36: error: initializer 'init(_:)' requires that '__socket_type' conform to 'BinaryFloatingPoint'
#36 24.15 21 | 
#36 24.15 22 |     func start() throws {
#36 24.15 23 |         serverFD = socket(AF_INET, Int32(SOCK_STREAM), 0)
#36 24.15    |                                    `- error: initializer 'init(_:)' requires that '__socket_type' conform to 'BinaryFloatingPoint'
#36 24.15 24 |         guard serverFD >= 0 else { throw RuntimeError.socket }
#36 24.15 25 |         var opt: Int32 = 1
#36 24.15 
#36 24.15 Swift.FixedWidthInteger.init:2:19: note: where 'T' = '__socket_type'
#36 24.15 1 | protocol FixedWidthInteger {
#36 24.15 2 | @inlinable public init<T>(_ source: T) where T : BinaryFloatingPoint}
#36 24.15   |                   `- note: where 'T' = '__socket_type'
#36 24.15 3 | 
#36 ERROR: process "/bin/sh -c swift build -c release --product persist-server" did not complete successfully: exit code: 1

#35 [planner build 4/4] RUN swift build -c release --product planner-server
#35 24.56 [6/8] Compiling PlannerService HTTPKernel.swift
#35 ...

#38 [baseline-awareness build 4/4] RUN swift build -c release --product baseline-awareness-server
#38 16.23 Building for production...
#38 16.37 [0/6] Write sources
#38 16.70 [3/6] Write swift-version-24593BA9C3E375BF.txt
#38 22.15 [5/7] Compiling ServiceShared Models.swift
#38 24.18 [6/8] Compiling BaselineAwarenessService BaselineStore.swift
#38 24.62 [7/9] Compiling BaselineAwarenessServer HTTPServer.swift
#38 24.62 /src/Generated/Server/baseline-awareness/main.swift:23:36: error: initializer 'init(_:)' requires that '__socket_type' conform to 'BinaryFloatingPoint'
#38 24.62  21 | 
#38 24.62  22 |     func start() throws {
#38 24.62  23 |         serverFD = socket(AF_INET, Int32(SOCK_STREAM), 0)
#38 24.62     |                                    `- error: initializer 'init(_:)' requires that '__socket_type' conform to 'BinaryFloatingPoint'
#38 24.62  24 |         guard serverFD >= 0 else { throw RuntimeError.socket }
#38 24.62  25 |         var opt: Int32 = 1
#38 24.62 
#38 24.62 Swift.FixedWidthInteger.init:2:19: note: where 'T' = '__socket_type'
#38 24.62 1 | protocol FixedWidthInteger {
#38 24.62 2 | @inlinable public init<T>(_ source: T) where T : BinaryFloatingPoint}
#38 24.62   |                   `- note: where 'T' = '__socket_type'
#38 24.62 3 | 
#38 ERROR: process "/bin/sh -c swift build -c release --product baseline-awareness-server" did not complete successfully: exit code: 1

#37 [bootstrap build 4/4] RUN swift build -c release --product bootstrap-server
#37 16.64 Building for production...
#37 16.79 [0/7] Write sources
#37 17.00 [4/7] Write swift-version-24593BA9C3E375BF.txt
#37 22.46 [6/8] Compiling ServiceShared Models.swift
#37 24.51 [7/9] Compiling BaselineAwarenessService BaselineStore.swift
#37 CANCELED

#35 [planner build 4/4] RUN swift build -c release --product planner-server
#35 CANCELED

#39 [function-caller build 4/4] RUN swift build -c release --product function-caller-server
#39 16.30 Building for production...
#39 16.38 [0/14] Write sources
#39 16.74 [5/14] Compiling writer.c
#39 16.92 [6/14] Compiling reader.c
#39 17.02 [7/14] Compiling api.c
#39 17.08 [8/14] Compiling parser.c
#39 17.54 [9/14] Compiling emitter.c
#39 17.64 [10/14] Write swift-version-24593BA9C3E375BF.txt
#39 17.64 [10/14] Compiling scanner.c
#39 24.56 [13/16] Compiling ServiceShared Models.swift
#39 CANCELED

#34 [tools-factory build 4/4] RUN swift build -c release --product tools-factory-server
#34 23.90 [13/16] Compiling ServiceShared Models.swift
#34 CANCELED
------
 > [baseline-awareness build 4/4] RUN swift build -c release --product baseline-awareness-server:
24.62  23 |         serverFD = socket(AF_INET, Int32(SOCK_STREAM), 0)
24.62     |                                    `- error: initializer 'init(_:)' requires that '__socket_type' conform to 'BinaryFloatingPoint'
24.62  24 |         guard serverFD >= 0 else { throw RuntimeError.socket }
24.62  25 |         var opt: Int32 = 1
24.62 
24.62 Swift.FixedWidthInteger.init:2:19: note: where 'T' = '__socket_type'
24.62 1 | protocol FixedWidthInteger {
24.62 2 | @inlinable public init<T>(_ source: T) where T : BinaryFloatingPoint}
24.62   |                   `- note: where 'T' = '__socket_type'
24.62 3 | 
------
------
 > [llm-gateway build 4/4] RUN swift build -c release --product llm-gateway-server:
24.04 23 |         serverFD = socket(AF_INET, Int32(SOCK_STREAM), 0)
24.04    |                                    `- error: initializer 'init(_:)' requires that '__socket_type' conform to 'BinaryFloatingPoint'
24.04 24 |         guard serverFD >= 0 else { throw RuntimeError.socket }
24.04 25 |         var opt: Int32 = 1
24.04 
24.04 Swift.FixedWidthInteger.init:2:19: note: where 'T' = '__socket_type'
24.04 1 | protocol FixedWidthInteger {
24.04 2 | @inlinable public init<T>(_ source: T) where T : BinaryFloatingPoint}
24.04   |                   `- note: where 'T' = '__socket_type'
24.04 3 | 
------
------
 > [persist build 4/4] RUN swift build -c release --product persist-server:
24.15 23 |         serverFD = socket(AF_INET, Int32(SOCK_STREAM), 0)
24.15    |                                    `- error: initializer 'init(_:)' requires that '__socket_type' conform to 'BinaryFloatingPoint'
24.15 24 |         guard serverFD >= 0 else { throw RuntimeError.socket }
24.15 25 |         var opt: Int32 = 1
24.15 
24.15 Swift.FixedWidthInteger.init:2:19: note: where 'T' = '__socket_type'
24.15 1 | protocol FixedWidthInteger {
24.15 2 | @inlinable public init<T>(_ source: T) where T : BinaryFloatingPoint}
24.15   |                   `- note: where 'T' = '__socket_type'
24.15 3 | 
------
failed to solve: process "/bin/sh -c swift build -c release --product persist-server" did not complete successfully: exit code: 1
 Network kong-codex_default  Creating
 Network kong-codex_default  Created
 Container kong-codex-kong-1  Creating
 Container kong-codex-typesense-1  Creating
 Container kong-codex-kong-1  Created
 Container kong-codex-typesense-1  Created
Attaching to kong-1, typesense-1
Gracefully stopping... (press Ctrl+C again to force)
Error response from daemon: mounts denied: 
The path /srv/deploy/repos/kong-codex/kong.conf is not shared from the host and is not known to Docker.
You can configure shared paths from Docker -> Preferences... -> Resources -> File Sharing.
See https://docs.docker.com/desktop/settings/mac/#file-sharing for more info.
 Container kong-codex-typesense-1  Stopping
 Container kong-codex-kong-1  Stopping
 Container kong-codex-kong-1  Stopped
 Container kong-codex-kong-1  Removing
 Container kong-codex-kong-1  Removed
 Container kong-codex-typesense-1  Stopped
 Container kong-codex-typesense-1  Removing
 Container kong-codex-typesense-1  Removed
 Network kong-codex_default  Removing
 Network kong-codex_default  Removed

[2025-07-17T05:46:33.891826] Running integration tests for fountainai...
[2025-07-17T05:47:19.420185] Integration tests for fountainai failed with exit code 1

[2025-07-17T05:47:19.420837] Running integration tests for kong-codex...
[2025-07-17T05:47:21.321850] Integration tests for kong-codex failed with exit code 1
