[2025-07-19T01:06:51.808044] === New Cycle ===
Building for debugging...
[0/42] Write swift-version-24593BA9C3E375BF.txt
[2/61] Emitting module LLMGatewayServer
[3/61] Compiling LLMGatewayServer main.swift
/srv/deploy/repos/fountainai/Generated/Server/llm-gateway/main.swift:23:33: error: cannot convert value of type '__socket_type' to specified type 'Int32'
 21 | 
 22 |     func start() throws {
 23 |         let socketType: Int32 = SOCK_STREAM
    |                                 `- error: cannot convert value of type '__socket_type' to specified type 'Int32'
 24 | 
 25 |         serverFD = socket(AF_INET, socketType, 0)
[4/61] Emitting module PlannerServer
[5/61] Compiling PlannerServer main.swift
/srv/deploy/repos/fountainai/Generated/Server/planner/main.swift:23:33: error: cannot convert value of type '__socket_type' to specified type 'Int32'
 21 | 
 22 |     func start() throws {
 23 |         let socketType: Int32 = SOCK_STREAM
    |                                 `- error: cannot convert value of type '__socket_type' to specified type 'Int32'
 24 | 
 25 |         serverFD = socket(AF_INET, socketType, 0)
[5/61] Compiling c-nioatomics.c
[5/61] Compiling c-atomics.c
[6/61] Emitting module PersistServer
[6/61] Compiling bcm.cc

[2025-07-19T01:06:51.808885] Starting swift build...
[2025-07-19T01:06:53.639225] swift build failed with exit code 1
[2025-07-19T01:06:53.846480] [dispatcher] Updated git remote to use token-based authentication.
[2025-07-19T01:06:55.748748] [dispatcher] Running Docker build...
[2025-07-19T01:06:55.749370] [dispatcher] Running tests...
Compose now can delegate build to bake for better performances
Just set COMPOSE_BAKE=true
#0 building with "default" instance using docker driver

#1 [planner internal] load build definition from Dockerfile
#1 transferring dockerfile: 266B done
#1 DONE 0.0s

#2 [tools-factory internal] load build definition from Dockerfile
#2 transferring dockerfile: 284B done
#2 DONE 0.0s

#3 [bootstrap internal] load build definition from Dockerfile
#3 transferring dockerfile: 272B done
#3 DONE 0.0s

#4 [persist internal] load build definition from Dockerfile
#4 transferring dockerfile: 266B done
#4 DONE 0.0s

#5 [baseline-awareness internal] load build definition from Dockerfile
#5 transferring dockerfile: 299B done
#5 DONE 0.0s

#6 [llm-gateway internal] load build definition from Dockerfile
#6 transferring dockerfile: 278B done
#6 DONE 0.0s

#7 [function-caller internal] load build definition from Dockerfile
#7 transferring dockerfile: 290B done
#7 DONE 0.1s

#8 [function-caller internal] load metadata for docker.io/library/swift:6.1-jammy
#8 DONE 1.0s

#9 [function-caller internal] load metadata for docker.io/library/ubuntu:22.04
#9 DONE 0.9s

#10 [llm-gateway internal] load .dockerignore
#10 transferring context: 2B done
#10 DONE 0.0s

#11 [function-caller internal] load .dockerignore
#11 transferring context: 2B done
#11 DONE 0.0s

#12 [persist internal] load .dockerignore
#12 transferring context: 2B done
#12 DONE 0.0s

#13 [planner internal] load .dockerignore
#13 transferring context: 2B done
#13 DONE 0.0s

#14 [tools-factory internal] load .dockerignore
#14 transferring context: 2B done
#14 DONE 0.0s

#15 [bootstrap internal] load .dockerignore
#15 transferring context: 2B done
#15 DONE 0.0s

#16 [baseline-awareness internal] load .dockerignore
#16 transferring context: 2B done
#16 DONE 0.0s

#17 [baseline-awareness stage-1 1/2] FROM docker.io/library/ubuntu:22.04@sha256:1ec65b2719518e27d4d25f104d93f9fac60dc437f81452302406825c46fcc9cb
#17 resolve docker.io/library/ubuntu:22.04@sha256:1ec65b2719518e27d4d25f104d93f9fac60dc437f81452302406825c46fcc9cb 0.0s done
#17 CACHED

#18 [bootstrap build 1/4] FROM docker.io/library/swift:6.1-jammy@sha256:512716edb447938962d96627ff0b9f00d5701bfa61d97a5b5654f07a1482c342
#18 resolve docker.io/library/swift:6.1-jammy@sha256:512716edb447938962d96627ff0b9f00d5701bfa61d97a5b5654f07a1482c342 0.0s done
#18 DONE 0.0s

#19 [bootstrap internal] load build context
#19 transferring context: 1.66MB 5.1s
#19 ...

#20 [baseline-awareness internal] load build context
#20 ...

#21 [planner internal] load build context
#21 transferring context: 8.95MB 10.2s
#21 ...

#22 [persist internal] load build context
#22 ...

#23 [function-caller internal] load build context
#23 ...

#24 [llm-gateway internal] load build context
#24 ...

#25 [tools-factory internal] load build context
#25 ...

#24 [llm-gateway internal] load build context
#24 transferring context: 9.69MB 12.6s done
#24 DONE 15.1s

#26 [planner build 2/4] WORKDIR /src
#26 CACHED

#25 [tools-factory internal] load build context
#25 transferring context: 9.69MB 15.0s done
#25 DONE 15.2s

#23 [function-caller internal] load build context
#23 transferring context: 9.69MB 15.0s done
#23 DONE 15.3s

#20 [baseline-awareness internal] load build context
#20 transferring context: 9.69MB 15.0s done
#20 DONE 15.3s

#21 [planner internal] load build context
#21 transferring context: 9.69MB 15.0s done
#21 DONE 15.3s

#22 [persist internal] load build context
#22 transferring context: 9.69MB 15.0s done
#22 DONE 15.3s

#19 [bootstrap internal] load build context
#19 transferring context: 9.69MB 15.0s done
#19 DONE 15.3s

#27 [persist build 3/4] COPY . .
#27 DONE 11.6s

#28 [persist build 3/4] COPY . .
#28 CACHED

#29 [tools-factory build 3/4] COPY . .
#29 CACHED

#30 [planner build 3/4] COPY . .
#30 CACHED

#31 [baseline-awareness build 3/4] COPY . .
#31 CACHED

#32 [bootstrap build 3/4] COPY . .
#32 CACHED

#33 [function-caller build 3/4] COPY . .
#33 CACHED

#34 [tools-factory build 4/4] RUN swift build -c release --product tools-factory-server
#34 ...

#35 [bootstrap build 4/4] RUN swift build -c release --product bootstrap-server
#35 ...

#36 [llm-gateway build 4/4] RUN swift build -c release --product llm-gateway-server
#36 ...

#37 [persist build 4/4] RUN swift build -c release --product persist-server
#37 ...

#38 [planner build 4/4] RUN swift build -c release --product planner-server
#38 ...

#39 [function-caller build 4/4] RUN swift build -c release --product function-caller-server
#39 ...

#40 [baseline-awareness build 4/4] RUN swift build -c release --product baseline-awareness-server
#40 ...

#36 [llm-gateway build 4/4] RUN swift build -c release --product llm-gateway-server
#36 14.57 Building for production...
#36 14.68 [0/6] Write sources
#36 14.89 [3/6] Write swift-version-24593BA9C3E375BF.txt
#36 ...

#34 [tools-factory build 4/4] RUN swift build -c release --product tools-factory-server
#34 15.10 Building for production...
#34 15.16 [0/14] Write sources
#34 15.42 [5/14] Compiling writer.c
#34 15.51 [6/14] Compiling reader.c
#34 15.75 [7/14] Compiling api.c
#34 15.81 [8/14] Write swift-version-24593BA9C3E375BF.txt
#34 16.18 [9/14] Compiling parser.c
#34 17.08 [10/15] Compiling emitter.c
#34 17.34 [11/15] Compiling scanner.c
#34 ...

#36 [llm-gateway build 4/4] RUN swift build -c release --product llm-gateway-server
#36 22.24 [5/7] Compiling ServiceShared Models.swift
#36 23.44 [6/8] Compiling LLMGatewayService HTTPKernel.swift
#36 23.94 [7/9] Compiling LLMGatewayServer main.swift
#36 23.94 /src/Generated/Server/llm-gateway/main.swift:23:33: error: cannot convert value of type '__socket_type' to specified type 'Int32'
#36 23.94  21 | 
#36 23.94  22 |     func start() throws {
#36 23.94  23 |         let socketType: Int32 = SOCK_STREAM
#36 23.94     |                                 `- error: cannot convert value of type '__socket_type' to specified type 'Int32'
#36 23.94  24 | 
#36 23.94  25 |         serverFD = socket(AF_INET, socketType, 0)
#36 ERROR: process "/bin/sh -c swift build -c release --product llm-gateway-server" did not complete successfully: exit code: 1

#37 [persist build 4/4] RUN swift build -c release --product persist-server
#37 14.63 Building for production...
#37 14.68 [0/6] Write sources
#37 14.90 [3/6] Write swift-version-24593BA9C3E375BF.txt
#37 22.02 [5/7] Compiling ServiceShared Models.swift
#37 23.66 [6/8] Compiling PersistService HTTPKernel.swift
#37 24.05 [7/9] Compiling PersistServer main.swift
#37 24.05 /src/Generated/Server/persist/main.swift:23:33: error: cannot convert value of type '__socket_type' to specified type 'Int32'
#37 24.05  21 | 
#37 24.05  22 |     func start() throws {
#37 24.05  23 |         let socketType: Int32 = SOCK_STREAM
#37 24.05     |                                 `- error: cannot convert value of type '__socket_type' to specified type 'Int32'
#37 24.05  24 | 
#37 24.05  25 |         serverFD = socket(AF_INET, socketType, 0)
#37 ERROR: process "/bin/sh -c swift build -c release --product persist-server" did not complete successfully: exit code: 1

#39 [function-caller build 4/4] RUN swift build -c release --product function-caller-server
#39 14.66 Building for production...
#39 14.72 [0/14] Write sources
#39 15.37 [5/14] Compiling writer.c
#39 15.38 [6/14] Compiling reader.c
#39 15.51 [7/14] Compiling api.c
#39 15.91 [8/14] Compiling parser.c
#39 16.38 [9/14] Compiling emitter.c
#39 17.02 [10/14] Write swift-version-24593BA9C3E375BF.txt
#39 17.02 [11/14] Compiling scanner.c
#39 23.03 [13/16] Compiling ServiceShared Models.swift
#39 ...

#38 [planner build 4/4] RUN swift build -c release --product planner-server
#38 14.67 Building for production...
#38 14.72 [0/6] Write sources
#38 14.94 [3/6] Write swift-version-24593BA9C3E375BF.txt
#38 22.02 [5/7] Compiling ServiceShared Models.swift
#38 24.20 [6/8] Compiling PlannerService HTTPKernel.swift
#38 24.49 [7/9] Compiling PlannerServer main.swift
#38 24.49 /src/Generated/Server/planner/main.swift:23:33: error: cannot convert value of type '__socket_type' to specified type 'Int32'
#38 24.49  21 | 
#38 24.49  22 |     func start() throws {
#38 24.49  23 |         let socketType: Int32 = SOCK_STREAM
#38 24.49     |                                 `- error: cannot convert value of type '__socket_type' to specified type 'Int32'
#38 24.49  24 | 
#38 24.49  25 |         serverFD = socket(AF_INET, socketType, 0)
#38 ERROR: process "/bin/sh -c swift build -c release --product planner-server" did not complete successfully: exit code: 1

#35 [bootstrap build 4/4] RUN swift build -c release --product bootstrap-server
#35 14.66 Building for production...
#35 14.72 [0/7] Write sources
#35 15.00 [4/7] Write swift-version-24593BA9C3E375BF.txt
#35 22.02 [6/8] Compiling ServiceShared Models.swift
#35 24.41 [7/9] Compiling BaselineAwarenessService BaselineStore.swift
#35 CANCELED

#40 [baseline-awareness build 4/4] RUN swift build -c release --product baseline-awareness-server
#40 14.60 Building for production...
#40 14.68 [0/6] Write sources
#40 14.93 [3/6] Write swift-version-24593BA9C3E375BF.txt
#40 22.21 [5/7] Compiling ServiceShared Models.swift
#40 24.39 [6/8] Compiling BaselineAwarenessService BaselineStore.swift
#40 CANCELED

#34 [tools-factory build 4/4] RUN swift build -c release --product tools-factory-server
#34 22.80 [13/16] Compiling ServiceShared Models.swift
#34 CANCELED

#39 [function-caller build 4/4] RUN swift build -c release --product function-caller-server
#39 CANCELED
------
 > [persist build 4/4] RUN swift build -c release --product persist-server:
22.02 [5/7] Compiling ServiceShared Models.swift
23.66 [6/8] Compiling PersistService HTTPKernel.swift
24.05 [7/9] Compiling PersistServer main.swift
24.05 /src/Generated/Server/persist/main.swift:23:33: error: cannot convert value of type '__socket_type' to specified type 'Int32'
24.05  21 | 
24.05  22 |     func start() throws {
24.05  23 |         let socketType: Int32 = SOCK_STREAM
24.05     |                                 `- error: cannot convert value of type '__socket_type' to specified type 'Int32'
24.05  24 | 
24.05  25 |         serverFD = socket(AF_INET, socketType, 0)
------
------
 > [llm-gateway build 4/4] RUN swift build -c release --product llm-gateway-server:
22.24 [5/7] Compiling ServiceShared Models.swift
23.44 [6/8] Compiling LLMGatewayService HTTPKernel.swift
23.94 [7/9] Compiling LLMGatewayServer main.swift
23.94 /src/Generated/Server/llm-gateway/main.swift:23:33: error: cannot convert value of type '__socket_type' to specified type 'Int32'
23.94  21 | 
23.94  22 |     func start() throws {
23.94  23 |         let socketType: Int32 = SOCK_STREAM
23.94     |                                 `- error: cannot convert value of type '__socket_type' to specified type 'Int32'
23.94  24 | 
23.94  25 |         serverFD = socket(AF_INET, socketType, 0)
------
------
 > [planner build 4/4] RUN swift build -c release --product planner-server:
22.02 [5/7] Compiling ServiceShared Models.swift
24.20 [6/8] Compiling PlannerService HTTPKernel.swift
24.49 [7/9] Compiling PlannerServer main.swift
24.49 /src/Generated/Server/planner/main.swift:23:33: error: cannot convert value of type '__socket_type' to specified type 'Int32'
24.49  21 | 
24.49  22 |     func start() throws {
24.49  23 |         let socketType: Int32 = SOCK_STREAM
24.49     |                                 `- error: cannot convert value of type '__socket_type' to specified type 'Int32'
24.49  24 | 
24.49  25 |         serverFD = socket(AF_INET, socketType, 0)
------
failed to solve: process "/bin/sh -c swift build -c release --product persist-server" did not complete successfully: exit code: 1
 Network kong-codex_default  Creating
 Network kong-codex_default  Created
 Container kong-codex-kong-1  Creating
 Container kong-codex-typesense-1  Creating
 Container kong-codex-typesense-1  Created
 Container kong-codex-kong-1  Created
Attaching to kong-1, typesense-1
Gracefully stopping... (press Ctrl+C again to force)
Error response from daemon: mounts denied: 
The path /srv/deploy/repos/kong-codex/kong.conf is not shared from the host and is not known to Docker.
You can configure shared paths from Docker -> Preferences... -> Resources -> File Sharing.
See https://docs.docker.com/go/mac-file-sharing/ for more info.
 Container kong-codex-kong-1  Stopping
 Container kong-codex-typesense-1  Stopping
 Container kong-codex-kong-1  Stopped
 Container kong-codex-kong-1  Removing
 Container kong-codex-kong-1  Removed
 Container kong-codex-typesense-1  Stopped
 Container kong-codex-typesense-1  Removing
 Container kong-codex-typesense-1  Removed
 Network kong-codex_default  Removing
 Network kong-codex_default  Removed

[2025-07-19T01:06:55.749578] Running integration tests for fountainai...
[2025-07-19T01:07:48.816086] Integration tests for fountainai failed with exit code 1

[2025-07-19T01:07:48.821869] Running integration tests for kong-codex...
[2025-07-19T01:07:51.000263] Integration tests for kong-codex failed with exit code 1
