[2025-07-18T19:48:25.956892] === New Cycle ===
Building for debugging...
[0/42] Write swift-version-24593BA9C3E375BF.txt
[2/61] Emitting module PersistServer
[3/61] Emitting module PlannerServer
[4/61] Compiling PlannerServer main.swift
/srv/deploy/repos/fountainai/Generated/Server/planner/main.swift:23:33: error: cannot convert value of type '__socket_type' to specified type 'Int32'
 21 | 
 22 |     func start() throws {
 23 |         let socketType: Int32 = SOCK_STREAM
    |                                 `- error: cannot convert value of type '__socket_type' to specified type 'Int32'
 24 | 
 25 |         serverFD = socket(AF_INET, socketType, 0)
[5/61] Emitting module LLMGatewayServer
[6/61] Compiling LLMGatewayServer main.swift
/srv/deploy/repos/fountainai/Generated/Server/llm-gateway/main.swift:23:33: error: cannot convert value of type '__socket_type' to specified type 'Int32'
 21 | 
 22 |     func start() throws {
 23 |         let socketType: Int32 = SOCK_STREAM
    |                                 `- error: cannot convert value of type '__socket_type' to specified type 'Int32'
 24 | 
 25 |         serverFD = socket(AF_INET, socketType, 0)
[6/61] Compiling bcm.cc
[6/61] Compiling c-atomics.c
[6/61] Compiling c-nioatomics.c

[2025-07-18T19:48:25.957761] Starting swift build...
[2025-07-18T19:48:27.543117] swift build failed with exit code 1
[2025-07-18T19:48:27.650000] [dispatcher] Updated git remote to use token-based authentication.
[2025-07-18T19:48:29.005051] [dispatcher] Running Docker build...
[2025-07-18T19:48:29.005754] [dispatcher] Running tests...
Compose now can delegate build to bake for better performances
Just set COMPOSE_BAKE=true
#0 building with "default" instance using docker driver

#1 [tools-factory internal] load build definition from Dockerfile
#1 transferring dockerfile: 284B done
#1 DONE 0.0s

#2 [persist internal] load build definition from Dockerfile
#2 transferring dockerfile: 266B done
#2 DONE 0.0s

#3 [planner internal] load build definition from Dockerfile
#3 transferring dockerfile: 266B done
#3 DONE 0.0s

#4 [baseline-awareness internal] load build definition from Dockerfile
#4 transferring dockerfile: 299B done
#4 DONE 0.1s

#5 [bootstrap internal] load build definition from Dockerfile
#5 transferring dockerfile: 272B done
#5 DONE 0.1s

#6 [llm-gateway internal] load build definition from Dockerfile
#6 transferring dockerfile: 278B done
#6 DONE 0.1s

#7 [function-caller internal] load build definition from Dockerfile
#7 transferring dockerfile: 290B 0.0s done
#7 DONE 0.1s

#8 [llm-gateway internal] load metadata for docker.io/library/swift:6.1-jammy
#8 DONE 0.5s

#9 [llm-gateway internal] load metadata for docker.io/library/ubuntu:22.04
#9 DONE 0.5s

#10 [persist internal] load .dockerignore
#10 transferring context: 2B done
#10 DONE 0.0s

#11 [tools-factory internal] load .dockerignore
#11 transferring context: 2B done
#11 DONE 0.0s

#12 [baseline-awareness internal] load .dockerignore
#12 transferring context: 2B done
#12 DONE 0.0s

#13 [llm-gateway internal] load .dockerignore
#13 transferring context: 2B done
#13 DONE 0.0s

#14 [planner internal] load .dockerignore
#14 transferring context: 2B done
#14 DONE 0.0s

#15 [bootstrap internal] load .dockerignore
#15 transferring context: 2B done
#15 DONE 0.0s

#16 [function-caller internal] load .dockerignore
#16 transferring context: 2B done
#16 DONE 0.0s

#17 [function-caller stage-1 1/2] FROM docker.io/library/ubuntu:22.04@sha256:1ec65b2719518e27d4d25f104d93f9fac60dc437f81452302406825c46fcc9cb
#17 resolve docker.io/library/ubuntu:22.04@sha256:1ec65b2719518e27d4d25f104d93f9fac60dc437f81452302406825c46fcc9cb 0.0s done
#17 CACHED

#18 [function-caller build 1/4] FROM docker.io/library/swift:6.1-jammy@sha256:512716edb447938962d96627ff0b9f00d5701bfa61d97a5b5654f07a1482c342
#18 resolve docker.io/library/swift:6.1-jammy@sha256:512716edb447938962d96627ff0b9f00d5701bfa61d97a5b5654f07a1482c342 0.0s done
#18 DONE 0.0s

#19 [bootstrap internal] load build context
#19 transferring context: 1.47MB 5.0s
#19 ...

#20 [function-caller internal] load build context
#20 ...

#19 [bootstrap internal] load build context
#19 ...

#21 [tools-factory internal] load build context
#21 ...

#22 [baseline-awareness internal] load build context
#22 transferring context: 8.90MB 10.1s
#22 ...

#23 [persist internal] load build context
#23 ...

#24 [planner internal] load build context
#24 ...

#25 [llm-gateway internal] load build context
#25 ...

#24 [planner internal] load build context
#24 ...

#25 [llm-gateway internal] load build context
#25 transferring context: 9.69MB 12.0s done
#25 DONE 14.4s

#26 [bootstrap build 2/4] WORKDIR /src
#26 CACHED

#24 [planner internal] load build context
#24 transferring context: 9.69MB 14.3s done
#24 ...

#21 [tools-factory internal] load build context
#21 transferring context: 9.69MB 14.3s done
#21 DONE 14.8s

#23 [persist internal] load build context
#23 transferring context: 9.69MB 14.3s done
#23 DONE 14.9s

#20 [function-caller internal] load build context
#20 transferring context: 9.69MB 14.3s done
#20 DONE 14.9s

#24 [planner internal] load build context
#24 DONE 14.9s

#22 [baseline-awareness internal] load build context
#22 transferring context: 9.69MB 14.3s done
#22 DONE 14.9s

#19 [bootstrap internal] load build context
#19 transferring context: 9.69MB 14.3s done
#19 DONE 14.9s

#27 [bootstrap build 3/4] COPY . .
#27 DONE 12.5s

#28 [persist build 3/4] COPY . .
#28 CACHED

#29 [bootstrap build 3/4] COPY . .
#29 CACHED

#30 [function-caller build 3/4] COPY . .
#30 CACHED

#31 [baseline-awareness build 3/4] COPY . .
#31 CACHED

#32 [tools-factory build 3/4] COPY . .
#32 CACHED

#33 [planner build 3/4] COPY . .
#33 CACHED

#34 [baseline-awareness build 4/4] RUN swift build -c release --product baseline-awareness-server
#34 ...

#35 [tools-factory build 4/4] RUN swift build -c release --product tools-factory-server
#35 ...

#36 [planner build 4/4] RUN swift build -c release --product planner-server
#36 ...

#37 [llm-gateway build 4/4] RUN swift build -c release --product llm-gateway-server
#37 ...

#38 [function-caller build 4/4] RUN swift build -c release --product function-caller-server
#38 ...

#39 [bootstrap build 4/4] RUN swift build -c release --product bootstrap-server
#39 ...

#40 [persist build 4/4] RUN swift build -c release --product persist-server
#40 ...

#39 [bootstrap build 4/4] RUN swift build -c release --product bootstrap-server
#39 16.99 Building for production...
#39 17.04 [0/7] Write sources
#39 17.21 [4/7] Write swift-version-24593BA9C3E375BF.txt
#39 ...

#35 [tools-factory build 4/4] RUN swift build -c release --product tools-factory-server
#35 17.11 Building for production...
#35 17.15 [0/14] Write sources
#35 17.30 [5/14] Write swift-version-24593BA9C3E375BF.txt
#35 17.72 [6/15] Compiling writer.c
#35 17.73 [7/15] Compiling reader.c
#35 17.91 [8/15] Compiling api.c
#35 18.08 [9/15] Compiling parser.c
#35 18.47 [10/15] Compiling emitter.c
#35 18.75 [11/15] Compiling scanner.c
#35 23.82 [13/16] Compiling ServiceShared Models.swift
#35 ...

#39 [bootstrap build 4/4] RUN swift build -c release --product bootstrap-server
#39 23.90 [6/8] Compiling ServiceShared Models.swift
#39 ...

#37 [llm-gateway build 4/4] RUN swift build -c release --product llm-gateway-server
#37 17.23 Building for production...
#37 17.28 [0/6] Write sources
#37 17.43 [3/6] Write swift-version-24593BA9C3E375BF.txt
#37 23.88 [5/7] Compiling ServiceShared Models.swift
#37 24.85 [6/8] Compiling LLMGatewayService HTTPKernel.swift
#37 25.11 [7/9] Compiling LLMGatewayServer main.swift
#37 25.11 /src/Generated/Server/llm-gateway/main.swift:23:33: error: cannot convert value of type '__socket_type' to specified type 'Int32'
#37 25.11  21 | 
#37 25.11  22 |     func start() throws {
#37 25.11  23 |         let socketType: Int32 = SOCK_STREAM
#37 25.11     |                                 `- error: cannot convert value of type '__socket_type' to specified type 'Int32'
#37 25.11  24 | 
#37 25.11  25 |         serverFD = socket(AF_INET, socketType, 0)
#37 ERROR: process "/bin/sh -c swift build -c release --product llm-gateway-server" did not complete successfully: exit code: 1

#38 [function-caller build 4/4] RUN swift build -c release --product function-caller-server
#38 17.05 Building for production...
#38 17.09 [0/14] Write sources
#38 17.24 [5/14] Write swift-version-24593BA9C3E375BF.txt
#38 17.75 [6/15] Compiling writer.c
#38 17.77 [7/15] Compiling reader.c
#38 18.06 [8/15] Compiling api.c
#38 18.08 [9/15] Compiling parser.c
#38 18.94 [10/15] Compiling scanner.c
#38 19.06 [11/15] Compiling emitter.c
#38 24.18 [13/16] Compiling ServiceShared Models.swift
#38 ...

#39 [bootstrap build 4/4] RUN swift build -c release --product bootstrap-server
#39 25.84 [7/9] Compiling BaselineAwarenessService BaselineStore.swift
#39 ...

#36 [planner build 4/4] RUN swift build -c release --product planner-server
#36 17.03 Building for production...
#36 17.07 [0/6] Write sources
#36 17.26 [3/6] Write swift-version-24593BA9C3E375BF.txt
#36 23.81 [5/7] Compiling ServiceShared Models.swift
#36 25.77 [6/8] Compiling PlannerService HTTPKernel.swift
#36 CANCELED

#35 [tools-factory build 4/4] RUN swift build -c release --product tools-factory-server
#35 CANCELED

#38 [function-caller build 4/4] RUN swift build -c release --product function-caller-server
#38 CANCELED

#39 [bootstrap build 4/4] RUN swift build -c release --product bootstrap-server
#39 CANCELED

#34 [baseline-awareness build 4/4] RUN swift build -c release --product baseline-awareness-server
#34 17.19 Building for production...
#34 17.27 [0/6] Write sources
#34 17.41 [3/6] Write swift-version-24593BA9C3E375BF.txt
#34 23.81 [5/7] Compiling ServiceShared Models.swift
#34 25.93 [6/8] Compiling BaselineAwarenessService BaselineStore.swift
#34 CANCELED

#40 [persist build 4/4] RUN swift build -c release --product persist-server
#40 18.12 Building for production...
#40 18.18 [0/6] Write sources
#40 18.59 [3/6] Write swift-version-24593BA9C3E375BF.txt
#40 24.49 [5/7] Compiling ServiceShared Models.swift
#40 25.75 [6/8] Compiling PersistService HTTPKernel.swift
#40 CANCELED
------
 > [llm-gateway build 4/4] RUN swift build -c release --product llm-gateway-server:
23.88 [5/7] Compiling ServiceShared Models.swift
24.85 [6/8] Compiling LLMGatewayService HTTPKernel.swift
25.11 [7/9] Compiling LLMGatewayServer main.swift
25.11 /src/Generated/Server/llm-gateway/main.swift:23:33: error: cannot convert value of type '__socket_type' to specified type 'Int32'
25.11  21 | 
25.11  22 |     func start() throws {
25.11  23 |         let socketType: Int32 = SOCK_STREAM
25.11     |                                 `- error: cannot convert value of type '__socket_type' to specified type 'Int32'
25.11  24 | 
25.11  25 |         serverFD = socket(AF_INET, socketType, 0)
------
failed to solve: process "/bin/sh -c swift build -c release --product llm-gateway-server" did not complete successfully: exit code: 1
 Network kong-codex_default  Creating
 Network kong-codex_default  Created
 Container kong-codex-typesense-1  Creating
 Container kong-codex-kong-1  Creating
 Container kong-codex-typesense-1  Created
 Container kong-codex-kong-1  Created
Attaching to kong-1, typesense-1
Error response from daemon: mounts denied: 
The path /srv/deploy/repos/kong-codex/kong.conf is not shared from the host and is not known to Docker.
You can configure shared paths from Docker -> Preferences... -> Resources -> File Sharing.
See https://docs.docker.com/go/mac-file-sharing/ for more info.
 Container kong-codex-kong-1  Stopping
 Container kong-codex-typesense-1  Stopping
 Container kong-codex-kong-1  Stopped
 Container kong-codex-kong-1  Removing
 Container kong-codex-kong-1  Removed
 Container kong-codex-typesense-1  Stopped
 Container kong-codex-typesense-1  Removing
 Container kong-codex-typesense-1  Removed
 Network kong-codex_default  Removing
 Network kong-codex_default  Removed

[2025-07-18T19:48:29.005998] Running integration tests for fountainai...
[2025-07-18T19:49:23.473453] Integration tests for fountainai failed with exit code 1

[2025-07-18T19:49:23.474921] Running integration tests for kong-codex...
[2025-07-18T19:49:25.874170] Integration tests for kong-codex failed with exit code 1
