[2025-07-17T11:06:43.297644] === New Cycle ===
Building for debugging...
[0/49] Compiling a_dup.cc
[1/49] Compiling a_i2d_fp.cc
[1/49] Compiling a_d2i_fp.cc
[3/49] Compiling a_bitstr.cc
[4/49] Write swift-version-24593BA9C3E375BF.txt
[5/49] Write sources
[5/49] Compiling CAsyncHTTPClient CAsyncHTTPClient.c
[5/37] Compiling a_bool.cc
[8/36] Write sources
[10/36] Compiling a_gentm.cc
[11/49] Compiling a_int.cc
[13/54] Compiling ToolsFactoryServer main.swift
/srv/deploy/repos/fountainai/Generated/Server/tools-factory/main.swift:23:36: error: cannot convert value of type '__socket_type' to expected argument type 'Int32'
21 | 
22 |     func start() throws {
23 |         serverFD = socket(AF_INET, SOCK_STREAM, 0)
   |                                    `- error: cannot convert value of type '__socket_type' to expected argument type 'Int32'
24 |         guard serverFD >= 0 else { throw RuntimeError.socket }
25 |         var opt: Int32 = 1
[14/54] Compiling BootstrapClient bootstrapEnqueueReflection.swift
[15/55] Compiling BootstrapClient bootstrapInitializeCorpus.swift
[16/55] Emitting module Generator
[17/56] Compiling BootstrapClient bootstrapAddBaseline.swift
[18/56] Compiling BootstrapClient bootstrapPromoteReflection.swift
[19/56] Emitting module ToolsFactoryServer
[20/56] Compiling BootstrapClient bootstrapSeedRoles.swift
[20/56] Compiling bcm.cc
[21/56] Emitting module FunctionCallerServer
[21/56] Compiling c-atomics.c
[21/56] Compiling c-nioatomics.c
/srv/deploy/repos/fountainai/Generated/Server/function-caller/main.swift:23:36: error: cannot convert value of type '__socket_type' to expected argument type 'Int32'
21 | 
22 |     func start() throws {
23 |         serverFD = socket(AF_INET, SOCK_STREAM, 0)
   |                                    `- error: cannot convert value of type '__socket_type' to expected argument type 'Int32'
24 |         guard serverFD >= 0 else { throw RuntimeError.socket }
25 |         var opt: Int32 = 1

[2025-07-17T11:06:43.298912] Starting swift build...
[2025-07-17T11:06:46.661583] swift build failed with exit code 1
