[2025-07-17T12:23:01.448202] === New Cycle ===
Building for debugging...
[0/433] Compiling ssl_stat.cc
[1/433] Compiling ssl_versions.cc
[2/433] Compiling ssl_transcript.cc
[3/433] Compiling ssl_privkey.cc
[4/433] Compiling ssl_key_share.cc
[5/433] Write swift-version-24593BA9C3E375BF.txt
[6/433] Compiling ssl_session.cc
[6/430] Compiling ssl_x509.cc
[8/429] Compiling ssl_lib.cc
[10/431] Emitting module PlannerServer
[11/431] Compiling PlannerServer main.swift
/srv/deploy/repos/fountainai/Generated/Server/planner/main.swift:29:36: error: cannot convert value of type '__socket_type' to expected argument type 'Int32'
 27 |         #endif
 28 | 
 29 |         serverFD = socket(AF_INET, socketType, 0)
    |                                    `- error: cannot convert value of type '__socket_type' to expected argument type 'Int32'
 30 |         guard serverFD >= 0 else { throw RuntimeError.socket }
 31 |         var opt: Int32 = 1
[11/431] Compiling ssl_buffer.cc
[11/431] Compiling ssl_aead_ctx.cc
[11/431] Compiling ssl_cert.cc
[11/431] Compiling ssl_cipher.cc
[11/431] Compiling ssl_file.cc
[11/431] Compiling ssl_asn1.cc
[11/431] Compiling ssl_credential.cc

[2025-07-17T12:23:01.449710] Starting swift build...
[2025-07-17T12:23:05.318650] swift build failed with exit code 1
[2025-07-17T12:23:05.576897] [dispatcher] Updated git remote to use token-based authentication.
[2025-07-17T12:23:06.865505] [dispatcher] Running Docker build...
[2025-07-17T12:23:06.866248] [dispatcher] Running tests...
Compose now can delegate build to bake for better performances
Just set COMPOSE_BAKE=true
#0 building with "default" instance using docker driver

#1 [bootstrap internal] load build definition from Dockerfile
#1 transferring dockerfile: 272B done
#1 DONE 0.0s

#2 [baseline-awareness internal] load build definition from Dockerfile
#2 transferring dockerfile: 299B done
#2 DONE 0.0s

#3 [tools-factory internal] load build definition from Dockerfile
#3 transferring dockerfile: 284B done
#3 DONE 0.0s

#4 [llm-gateway internal] load build definition from Dockerfile
#4 transferring dockerfile: 278B done
#4 DONE 0.0s

#5 [persist internal] load build definition from Dockerfile
#5 transferring dockerfile: 266B done
#5 DONE 0.1s

#6 [function-caller internal] load build definition from Dockerfile
#6 transferring dockerfile: 290B done
#6 DONE 0.0s

#7 [planner internal] load build definition from Dockerfile
#7 transferring dockerfile: 266B done
#7 DONE 0.1s

#8 [planner internal] load metadata for docker.io/library/swift:6.1-jammy
#8 DONE 1.5s

#9 [function-caller internal] load metadata for docker.io/library/ubuntu:22.04
#9 DONE 1.5s

#10 [tools-factory internal] load .dockerignore
#10 transferring context: 2B done
#10 DONE 0.0s

#11 [baseline-awareness internal] load .dockerignore
#11 transferring context: 2B done
#11 DONE 0.0s

#12 [function-caller internal] load .dockerignore
#12 transferring context: 2B done
#12 DONE 0.0s

#13 [llm-gateway internal] load .dockerignore
#13 transferring context: 2B done
#13 DONE 0.0s

#14 [persist internal] load .dockerignore
#14 transferring context: 2B done
#14 DONE 0.0s

#15 [planner internal] load .dockerignore
#15 transferring context: 2B done
#15 DONE 0.0s

#16 [bootstrap internal] load .dockerignore
#16 transferring context: 2B done
#16 DONE 0.0s

#17 [llm-gateway build 1/4] FROM docker.io/library/swift:6.1-jammy@sha256:512716edb447938962d96627ff0b9f00d5701bfa61d97a5b5654f07a1482c342
#17 DONE 0.0s

#18 [llm-gateway stage-1 1/2] FROM docker.io/library/ubuntu:22.04@sha256:59ccd419c0dc0edf9e3bff1a3b2b073ea15a2ce4bc45ce7c989278b225b09af3
#18 DONE 0.0s

#19 [llm-gateway internal] load build context
#19 transferring context: 4.66MB 5.0s
#19 ...

#20 [planner internal] load build context
#20 ...

#21 [bootstrap internal] load build context
#21 ...

#20 [planner internal] load build context
#20 transferring context: 10.68MB 10.0s
#20 ...

#22 [function-caller internal] load build context
#22 ...

#23 [tools-factory internal] load build context
#23 ...

#24 [persist internal] load build context
#24 ...

#25 [baseline-awareness internal] load build context
#25 ...

#24 [persist internal] load build context
#24 transferring context: 10.86MB 10.9s done
#24 DONE 12.0s

#19 [llm-gateway internal] load build context
#19 transferring context: 10.86MB 11.7s done
#19 DONE 12.0s

#21 [bootstrap internal] load build context
#21 transferring context: 10.86MB 11.7s done
#21 DONE 12.0s

#25 [baseline-awareness internal] load build context
#25 transferring context: 10.86MB 11.7s done
#25 DONE 12.0s

#23 [tools-factory internal] load build context
#23 transferring context: 10.86MB 11.7s done
#23 DONE 12.0s

#20 [planner internal] load build context
#20 transferring context: 10.86MB 11.7s done
#20 DONE 12.0s

#22 [function-caller internal] load build context
#22 transferring context: 10.86MB 11.7s done
#22 DONE 12.0s

#26 [bootstrap build 2/4] WORKDIR /src
#26 CACHED

#27 [function-caller build 3/4] COPY . .
#27 DONE 14.5s

#28 [baseline-awareness build 3/4] COPY . .
#28 CACHED

#29 [bootstrap build 3/4] COPY . .
#29 CACHED

#30 [function-caller build 3/4] COPY . .
#30 CACHED

#31 [planner build 3/4] COPY . .
#31 CACHED

#32 [llm-gateway build 3/4] COPY . .
#32 CACHED

#33 [tools-factory build 3/4] COPY . .
#33 CACHED

#34 [planner build 4/4] RUN swift build -c release --product planner-server
#34 ...

#35 [tools-factory build 4/4] RUN swift build -c release --product tools-factory-server
#35 ...

#36 [persist build 4/4] RUN swift build -c release --product persist-server
#36 ...

#37 [function-caller build 4/4] RUN swift build -c release --product function-caller-server
#37 ...

#38 [bootstrap build 4/4] RUN swift build -c release --product bootstrap-server
#38 ...

#39 [baseline-awareness build 4/4] RUN swift build -c release --product baseline-awareness-server
#39 ...

#40 [llm-gateway build 4/4] RUN swift build -c release --product llm-gateway-server
#40 ...

#38 [bootstrap build 4/4] RUN swift build -c release --product bootstrap-server
#38 17.92 Building for production...
#38 17.96 [0/7] Write sources
#38 18.18 [4/7] Write swift-version-24593BA9C3E375BF.txt
#38 ...

#35 [tools-factory build 4/4] RUN swift build -c release --product tools-factory-server
#35 18.55 Building for production...
#35 18.62 [0/14] Write sources
#35 18.94 [5/14] Compiling writer.c
#35 19.09 [6/14] Compiling reader.c
#35 19.45 [7/14] Compiling api.c
#35 19.45 [7/14] Write swift-version-24593BA9C3E375BF.txt
#35 19.49 [9/14] Compiling parser.c
#35 19.96 [10/15] Compiling emitter.c
#35 20.16 [11/15] Compiling scanner.c
#35 ...

#38 [bootstrap build 4/4] RUN swift build -c release --product bootstrap-server
#38 25.44 [6/8] Compiling ServiceShared Models.swift
#38 ...

#40 [llm-gateway build 4/4] RUN swift build -c release --product llm-gateway-server
#40 17.99 Building for production...
#40 18.04 [0/6] Write sources
#40 18.23 [3/6] Write swift-version-24593BA9C3E375BF.txt
#40 25.63 [5/7] Compiling ServiceShared Models.swift
#40 26.75 [6/8] Compiling LLMGatewayService HTTPKernel.swift
#40 27.21 [7/9] Compiling LLMGatewayServer main.swift
#40 27.21 /src/Generated/Server/llm-gateway/main.swift:29:36: error: cannot convert value of type '__socket_type' to expected argument type 'Int32'
#40 27.21  27 |         #endif
#40 27.21  28 | 
#40 27.21  29 |         serverFD = socket(AF_INET, socketType, 0)
#40 27.21     |                                    `- error: cannot convert value of type '__socket_type' to expected argument type 'Int32'
#40 27.21  30 |         guard serverFD >= 0 else { throw RuntimeError.socket }
#40 27.21  31 |         var opt: Int32 = 1
#40 ERROR: process "/bin/sh -c swift build -c release --product llm-gateway-server" did not complete successfully: exit code: 1

#34 [planner build 4/4] RUN swift build -c release --product planner-server
#34 17.97 Building for production...
#34 18.02 [0/6] Write sources
#34 18.24 [3/6] Write swift-version-24593BA9C3E375BF.txt
#34 25.26 [5/7] Compiling ServiceShared Models.swift
#34 ...

#39 [baseline-awareness build 4/4] RUN swift build -c release --product baseline-awareness-server
#39 17.96 Building for production...
#39 18.02 [0/6] Write sources
#39 18.18 [3/6] Write swift-version-24593BA9C3E375BF.txt
#39 25.25 [5/7] Compiling ServiceShared Models.swift
#39 ...

#36 [persist build 4/4] RUN swift build -c release --product persist-server
#36 17.97 Building for production...
#36 18.02 [0/6] Write sources
#36 18.20 [3/6] Write swift-version-24593BA9C3E375BF.txt
#36 25.42 [5/7] Compiling ServiceShared Models.swift
#36 27.34 [6/8] Compiling PersistService HTTPKernel.swift
#36 CANCELED

#37 [function-caller build 4/4] RUN swift build -c release --product function-caller-server
#37 17.96 Building for production...
#37 18.01 [0/14] Write sources
#37 18.19 [5/14] Write swift-version-24593BA9C3E375BF.txt
#37 18.72 [6/15] Compiling writer.c
#37 18.76 [7/15] Compiling reader.c
#37 18.89 [8/15] Compiling parser.c
#37 19.10 [9/15] Compiling api.c
#37 19.46 [10/15] Compiling scanner.c
#37 19.73 [11/15] Compiling emitter.c
#37 25.90 [13/16] Compiling ServiceShared Models.swift
#37 CANCELED

#35 [tools-factory build 4/4] RUN swift build -c release --product tools-factory-server
#35 26.61 [13/16] Compiling ServiceShared Models.swift
#35 CANCELED

#38 [bootstrap build 4/4] RUN swift build -c release --product bootstrap-server
#38 CANCELED

#39 [baseline-awareness build 4/4] RUN swift build -c release --product baseline-awareness-server
#39 CANCELED

#34 [planner build 4/4] RUN swift build -c release --product planner-server
#34 CANCELED
------
 > [llm-gateway build 4/4] RUN swift build -c release --product llm-gateway-server:
25.63 [5/7] Compiling ServiceShared Models.swift
26.75 [6/8] Compiling LLMGatewayService HTTPKernel.swift
27.21 [7/9] Compiling LLMGatewayServer main.swift
27.21 /src/Generated/Server/llm-gateway/main.swift:29:36: error: cannot convert value of type '__socket_type' to expected argument type 'Int32'
27.21  27 |         #endif
27.21  28 | 
27.21  29 |         serverFD = socket(AF_INET, socketType, 0)
27.21     |                                    `- error: cannot convert value of type '__socket_type' to expected argument type 'Int32'
27.21  30 |         guard serverFD >= 0 else { throw RuntimeError.socket }
27.21  31 |         var opt: Int32 = 1
------
failed to solve: process "/bin/sh -c swift build -c release --product llm-gateway-server" did not complete successfully: exit code: 1
 Network kong-codex_default  Creating
 Network kong-codex_default  Created
 Container kong-codex-typesense-1  Creating
 Container kong-codex-kong-1  Creating
 Container kong-codex-typesense-1  Created
 Container kong-codex-kong-1  Created
Attaching to kong-1, typesense-1
Gracefully stopping... (press Ctrl+C again to force)
Error response from daemon: mounts denied: 
The path /srv/deploy/repos/kong-codex/kong.conf is not shared from the host and is not known to Docker.
You can configure shared paths from Docker -> Preferences... -> Resources -> File Sharing.
See https://docs.docker.com/desktop/settings/mac/#file-sharing for more info.
 Container kong-codex-kong-1  Stopping
 Container kong-codex-typesense-1  Stopping
 Container kong-codex-kong-1  Stopped
 Container kong-codex-kong-1  Removing
 Container kong-codex-kong-1  Removed
 Container kong-codex-typesense-1  Stopped
 Container kong-codex-typesense-1  Removing
 Container kong-codex-typesense-1  Removed
 Network kong-codex_default  Removing
 Network kong-codex_default  Removed

[2025-07-17T12:23:06.866768] Running integration tests for fountainai...
[2025-07-17T12:24:04.030631] Integration tests for fountainai failed with exit code 1

[2025-07-17T12:24:04.031934] Running integration tests for kong-codex...
[2025-07-17T12:24:06.009697] Integration tests for kong-codex failed with exit code 1
