[2025-07-17T07:36:16.298066] === New Cycle ===
[0/1] Planning build
Building for debugging...
[0/436] Compiling ssl_stat.cc
[1/436] Compiling ssl_transcript.cc
[2/436] Compiling ssl_privkey.cc
[3/436] Compiling ssl_versions.cc
[4/436] Compiling ssl_key_share.cc
[5/436] Compiling ssl_x509.cc
[6/436] Write swift-version-24593BA9C3E375BF.txt
[7/431] Compiling ssl_session.cc
[8/433] Compiling ssl_lib.cc
[10/435] Emitting module PlannerServer
[11/435] Compiling PlannerServer main.swift
/srv/deploy/repos/fountainai/Generated/Server/planner/main.swift:23:36: error: cannot convert value of type '__socket_type' to expected argument type 'Int32'
21 | 
22 |     func start() throws {
23 |         serverFD = socket(AF_INET, SOCK_STREAM, 0)
   |                                    `- error: cannot convert value of type '__socket_type' to expected argument type 'Int32'
24 |         guard serverFD >= 0 else { throw RuntimeError.socket }
25 |         var opt: Int32 = 1
[11/435] Compiling ssl_asn1.cc
[11/435] Compiling ssl_cert.cc
[11/435] Compiling ssl_credential.cc
[11/435] Compiling ssl_cipher.cc
[11/435] Compiling ssl_buffer.cc
[11/435] Compiling ssl_file.cc

[2025-07-17T07:36:16.298863] Starting swift build...
[2025-07-17T07:36:22.276357] swift build failed with exit code 1
[2025-07-17T07:36:22.379663] [dispatcher] Updated git remote to use token-based authentication.
[2025-07-17T07:36:24.028344] [dispatcher] Running Docker build...
[2025-07-17T07:36:24.033972] [dispatcher] Running tests...
Compose now can delegate build to bake for better performances
Just set COMPOSE_BAKE=true
#0 building with "default" instance using docker driver

#1 [planner internal] load build definition from Dockerfile
#1 transferring dockerfile: 266B done
#1 DONE 0.0s

#2 [persist internal] load build definition from Dockerfile
#2 transferring dockerfile: 266B done
#2 DONE 0.0s

#3 [tools-factory internal] load build definition from Dockerfile
#3 transferring dockerfile: 284B done
#3 DONE 0.0s

#4 [function-caller internal] load build definition from Dockerfile
#4 transferring dockerfile: 290B done
#4 DONE 0.0s

#5 [bootstrap internal] load build definition from Dockerfile
#5 transferring dockerfile: 272B done
#5 DONE 0.0s

#6 [baseline-awareness internal] load build definition from Dockerfile
#6 transferring dockerfile: 299B done
#6 DONE 0.1s

#7 [llm-gateway internal] load build definition from Dockerfile
#7 transferring dockerfile: 278B done
#7 DONE 0.1s

#8 [llm-gateway internal] load metadata for docker.io/library/swift:6.1-jammy
#8 DONE 1.6s

#9 [function-caller internal] load metadata for docker.io/library/ubuntu:22.04
#9 DONE 1.6s

#10 [planner internal] load .dockerignore
#10 transferring context: 2B done
#10 DONE 0.0s

#11 [bootstrap internal] load .dockerignore
#11 transferring context: 2B done
#11 DONE 0.0s

#12 [tools-factory internal] load .dockerignore
#12 transferring context: 2B done
#12 DONE 0.0s

#13 [baseline-awareness stage-1 1/2] FROM docker.io/library/ubuntu:22.04@sha256:59ccd419c0dc0edf9e3bff1a3b2b073ea15a2ce4bc45ce7c989278b225b09af3
#13 DONE 0.0s

#14 [function-caller internal] load .dockerignore
#14 transferring context: 2B done
#14 DONE 0.0s

#15 [baseline-awareness build 1/4] FROM docker.io/library/swift:6.1-jammy@sha256:512716edb447938962d96627ff0b9f00d5701bfa61d97a5b5654f07a1482c342
#15 DONE 0.0s

#16 [llm-gateway internal] load .dockerignore
#16 transferring context: 2B done
#16 DONE 0.0s

#17 [persist internal] load .dockerignore
#17 transferring context: 2B done
#17 DONE 0.0s

#18 [baseline-awareness internal] load .dockerignore
#18 transferring context: 2B done
#18 DONE 0.0s

#19 [planner internal] load build context
#19 transferring context: 11.04MB 5.0s
#19 ...

#20 [persist internal] load build context
#20 ...

#19 [planner internal] load build context
#19 ...

#21 [bootstrap internal] load build context
#21 transferring context: 23.29MB 10.2s
#21 ...

#22 [llm-gateway internal] load build context
#22 ...

#23 [tools-factory internal] load build context
#23 ...

#24 [function-caller internal] load build context
#24 ...

#25 [baseline-awareness internal] load build context
#25 ...

#24 [function-caller internal] load build context
#24 transferring context: 23.34MB 10.4s done
#24 DONE 11.2s

#20 [persist internal] load build context
#20 transferring context: 23.34MB 11.0s done
#20 DONE 11.3s

#22 [llm-gateway internal] load build context
#22 transferring context: 23.34MB 11.0s done
#22 DONE 11.2s

#23 [tools-factory internal] load build context
#23 transferring context: 23.34MB 11.0s done
#23 DONE 11.2s

#21 [bootstrap internal] load build context
#21 transferring context: 23.34MB 11.0s done
#21 DONE 11.3s

#25 [baseline-awareness internal] load build context
#25 transferring context: 23.34MB 11.0s done
#25 DONE 11.2s

#19 [planner internal] load build context
#19 transferring context: 23.34MB 11.0s done
#19 DONE 11.3s

#26 [bootstrap build 2/4] WORKDIR /src
#26 CACHED

#27 [tools-factory build 3/4] COPY . .
#27 DONE 15.4s

#28 [bootstrap build 3/4] COPY . .
#28 CACHED

#29 [persist build 3/4] COPY . .
#29 CACHED

#30 [llm-gateway build 3/4] COPY . .
#30 CACHED

#31 [baseline-awareness build 3/4] COPY . .
#31 CACHED

#32 [tools-factory build 3/4] COPY . .
#32 CACHED

#33 [planner build 3/4] COPY . .
#33 CACHED

#34 [tools-factory build 4/4] RUN swift build -c release --product tools-factory-server
#34 ...

#35 [planner build 4/4] RUN swift build -c release --product planner-server
#35 ...

#36 [bootstrap build 4/4] RUN swift build -c release --product bootstrap-server
#36 ...

#37 [baseline-awareness build 4/4] RUN swift build -c release --product baseline-awareness-server
#37 ...

#38 [persist build 4/4] RUN swift build -c release --product persist-server
#38 ...

#39 [function-caller build 4/4] RUN swift build -c release --product function-caller-server
#39 ...

#40 [llm-gateway build 4/4] RUN swift build -c release --product llm-gateway-server
#40 ...

#38 [persist build 4/4] RUN swift build -c release --product persist-server
#38 17.29 Building for production...
#38 17.45 [0/6] Write sources
#38 17.72 [3/6] Write swift-version-24593BA9C3E375BF.txt
#38 ...

#39 [function-caller build 4/4] RUN swift build -c release --product function-caller-server
#39 17.74 Building for production...
#39 17.80 [0/14] Write sources
#39 17.99 [5/14] Compiling reader.c
#39 18.00 [6/14] Compiling writer.c
#39 18.17 [7/14] Write swift-version-24593BA9C3E375BF.txt
#39 18.44 [8/14] Compiling api.c
#39 18.52 [9/15] Compiling parser.c
#39 18.95 [10/15] Compiling emitter.c
#39 19.40 [11/15] Compiling scanner.c
#39 ...

#38 [persist build 4/4] RUN swift build -c release --product persist-server
#38 22.87 [5/7] Compiling ServiceShared Models.swift
#38 24.35 [6/8] Compiling PersistService HTTPKernel.swift
#38 24.61 [7/9] Compiling PersistServer main.swift
#38 24.61 /src/Generated/Server/persist/main.swift:23:36: error: cannot convert value of type '__socket_type' to expected argument type 'Int32'
#38 24.61 21 | 
#38 24.61 22 |     func start() throws {
#38 24.61 23 |         serverFD = socket(AF_INET, SOCK_STREAM, 0)
#38 24.61    |                                    `- error: cannot convert value of type '__socket_type' to expected argument type 'Int32'
#38 24.61 24 |         guard serverFD >= 0 else { throw RuntimeError.socket }
#38 24.61 25 |         var opt: Int32 = 1
#38 ERROR: process "/bin/sh -c swift build -c release --product persist-server" did not complete successfully: exit code: 1

#40 [llm-gateway build 4/4] RUN swift build -c release --product llm-gateway-server
#40 17.30 Building for production...
#40 17.45 [0/6] Write sources
#40 17.70 [3/6] Write swift-version-24593BA9C3E375BF.txt
#40 22.94 [5/7] Compiling ServiceShared Models.swift
#40 24.26 [6/8] Compiling LLMGatewayService HTTPKernel.swift
#40 24.49 [7/9] Compiling LLMGatewayServer main.swift
#40 24.49 /src/Generated/Server/llm-gateway/main.swift:23:36: error: cannot convert value of type '__socket_type' to expected argument type 'Int32'
#40 24.49 21 | 
#40 24.49 22 |     func start() throws {
#40 24.49 23 |         serverFD = socket(AF_INET, SOCK_STREAM, 0)
#40 24.49    |                                    `- error: cannot convert value of type '__socket_type' to expected argument type 'Int32'
#40 24.49 24 |         guard serverFD >= 0 else { throw RuntimeError.socket }
#40 24.49 25 |         var opt: Int32 = 1
#40 ERROR: process "/bin/sh -c swift build -c release --product llm-gateway-server" did not complete successfully: exit code: 1

#34 [tools-factory build 4/4] RUN swift build -c release --product tools-factory-server
#34 17.30 Building for production...
#34 17.45 [0/14] Write sources
#34 17.81 [5/14] Compiling writer.c
#34 17.84 [6/14] Compiling reader.c
#34 17.86 [7/14] Write swift-version-24593BA9C3E375BF.txt
#34 17.99 [8/14] Compiling parser.c
#34 18.11 [9/15] Compiling api.c
#34 18.61 [10/15] Compiling emitter.c
#34 18.82 [11/15] Compiling scanner.c
#34 23.45 [13/16] Compiling ServiceShared Models.swift
#34 ...

#36 [bootstrap build 4/4] RUN swift build -c release --product bootstrap-server
#36 17.30 Building for production...
#36 17.45 [0/7] Write sources
#36 17.70 [4/7] Write swift-version-24593BA9C3E375BF.txt
#36 23.13 [6/8] Compiling ServiceShared Models.swift
#36 25.03 [7/9] Compiling BaselineAwarenessService BaselineStore.swift
#36 CANCELED

#39 [function-caller build 4/4] RUN swift build -c release --product function-caller-server
#39 23.93 [13/16] Compiling ServiceShared Models.swift
#39 CANCELED

#37 [baseline-awareness build 4/4] RUN swift build -c release --product baseline-awareness-server
#37 17.33 Building for production...
#37 17.45 [0/6] Write sources
#37 17.68 [3/6] Write swift-version-24593BA9C3E375BF.txt
#37 23.37 [5/7] Compiling ServiceShared Models.swift
#37 25.06 [6/8] Compiling BaselineAwarenessService BaselineStore.swift
#37 CANCELED

#35 [planner build 4/4] RUN swift build -c release --product planner-server
#35 17.32 Building for production...
#35 17.45 [0/6] Write sources
#35 17.69 [3/6] Write swift-version-24593BA9C3E375BF.txt
#35 23.14 [5/7] Compiling ServiceShared Models.swift
#35 25.09 [6/8] Compiling PlannerService HTTPKernel.swift
#35 CANCELED

#34 [tools-factory build 4/4] RUN swift build -c release --product tools-factory-server
#34 CANCELED
------
 > [persist build 4/4] RUN swift build -c release --product persist-server:
22.87 [5/7] Compiling ServiceShared Models.swift
24.35 [6/8] Compiling PersistService HTTPKernel.swift
24.61 [7/9] Compiling PersistServer main.swift
24.61 /src/Generated/Server/persist/main.swift:23:36: error: cannot convert value of type '__socket_type' to expected argument type 'Int32'
24.61 21 | 
24.61 22 |     func start() throws {
24.61 23 |         serverFD = socket(AF_INET, SOCK_STREAM, 0)
24.61    |                                    `- error: cannot convert value of type '__socket_type' to expected argument type 'Int32'
24.61 24 |         guard serverFD >= 0 else { throw RuntimeError.socket }
24.61 25 |         var opt: Int32 = 1
------
------
 > [llm-gateway build 4/4] RUN swift build -c release --product llm-gateway-server:
22.94 [5/7] Compiling ServiceShared Models.swift
24.26 [6/8] Compiling LLMGatewayService HTTPKernel.swift
24.49 [7/9] Compiling LLMGatewayServer main.swift
24.49 /src/Generated/Server/llm-gateway/main.swift:23:36: error: cannot convert value of type '__socket_type' to expected argument type 'Int32'
24.49 21 | 
24.49 22 |     func start() throws {
24.49 23 |         serverFD = socket(AF_INET, SOCK_STREAM, 0)
24.49    |                                    `- error: cannot convert value of type '__socket_type' to expected argument type 'Int32'
24.49 24 |         guard serverFD >= 0 else { throw RuntimeError.socket }
24.49 25 |         var opt: Int32 = 1
------
failed to solve: process "/bin/sh -c swift build -c release --product llm-gateway-server" did not complete successfully: exit code: 1
 Network kong-codex_default  Creating
 Network kong-codex_default  Created
 Container kong-codex-kong-1  Creating
 Container kong-codex-typesense-1  Creating
 Container kong-codex-kong-1  Created
 Container kong-codex-typesense-1  Created
Attaching to kong-1, typesense-1
Error response from daemon: mounts denied: 
The path /srv/deploy/repos/kong-codex/kong.conf is not shared from the host and is not known to Docker.
You can configure shared paths from Docker -> Preferences... -> Resources -> File Sharing.
See https://docs.docker.com/desktop/settings/mac/#file-sharing for more info.
 Container kong-codex-typesense-1  Stopping
 Container kong-codex-kong-1  Stopping
 Container kong-codex-kong-1  Stopped
 Container kong-codex-kong-1  Removing
 Container kong-codex-kong-1  Removed
 Container kong-codex-typesense-1  Stopped
 Container kong-codex-typesense-1  Removing
 Container kong-codex-typesense-1  Removed
 Network kong-codex_default  Removing
 Network kong-codex_default  Removed

[2025-07-17T07:36:24.036607] Running integration tests for fountainai...
[2025-07-17T07:37:18.300235] Integration tests for fountainai failed with exit code 1

[2025-07-17T07:37:18.300381] Running integration tests for kong-codex...
[2025-07-17T07:37:29.275099] Integration tests for kong-codex failed with exit code 1
