[2025-07-17T11:22:20.582814] === New Cycle ===
Building for debugging...
[0/385] Compiling vpaes-x86_64-linux.S
[0/385] Compiling x86_64-mont-apple.S
[0/385] Compiling x86_64-mont5-linux.S
[0/385] Compiling x86-mont-apple.S
[0/385] Compiling x86-mont-linux.S
[0/385] Compiling x86_64-mont-linux.S
[0/385] Compiling vpaes-x86_64-apple.S
[1/385] Compiling vpaes-x86-linux.S
[8/385] Compiling vpaes-armv8-win.S
[9/385] Compiling vpaes-x86-apple.S
[10/385] Compiling sha512-x86_64-apple.S
[11/385] Compiling sha512-x86_64-linux.S
[11/385] Compiling vpaes-armv7-linux.S
[13/385] Compiling vpaes-armv8-linux.S
[14/385] Compiling sha512-armv8-apple.S
[14/385] Compiling sha512-586-linux.S
[16/385] Compiling sha512-armv4-linux.S
[16/385] Compiling sha512-armv8-win.S
[18/385] Compiling sha512-586-apple.S
[18/385] Compiling sha512-armv8-linux.S
[20/385] Write swift-version-24593BA9C3E375BF.txt
[20/385] Compiling vpaes-armv8-apple.S
[22/386] Compiling sha256-x86_64-apple.S
[22/381] Compiling sha256-x86_64-linux.S
[22/381] Compiling sha256-armv8-apple.S
[22/381] Compiling sha256-armv4-linux.S
[22/380] Compiling sha256-armv8-win.S
[27/380] Compiling sha256-586-linux.S
[28/380] Compiling sha256-armv8-linux.S
[29/380] Compiling sha256-586-apple.S
[30/380] Compiling sha1-armv8-apple.S
[31/380] Compiling sha1-x86_64-apple.S
[31/380] Compiling sha1-x86_64-linux.S
[32/380] Compiling sha1-armv8-win.S
[34/380] Compiling sha1-armv8-linux.S
[35/380] Compiling sha1-586-apple.S
[36/384] Compiling sha1-armv4-large-linux.S
[37/384] Compiling sha1-586-linux.S
[38/390] Compiling rsaz-avx2-apple.S
[38/390] Compiling rdrand-x86_64-linux.S
[38/390] Compiling rsaz-avx2-linux.S
[41/399] Compiling p256_beeu-x86_64-asm-linux.S
[41/399] Compiling p256_beeu-x86_64-asm-apple.S
[43/399] Compiling rdrand-x86_64-apple.S
[44/399] Compiling p256_beeu-armv8-asm-win.S
[45/399] Compiling p256_beeu-armv8-asm-linux.S
[46/399] Compiling p256_beeu-armv8-asm-apple.S
[47/399] Compiling p256-x86_64-asm-linux.S
[48/399] Compiling p256-x86_64-asm-apple.S
[49/399] Compiling p256-armv8-asm-win.S
[50/399] Compiling p256-armv8-asm-linux.S
[52/399] Emitting module PersistServer
[53/399] Compiling DequeModule Deque+CustomReflectable.swift
[54/399] Compiling DequeModule _DequeSlot.swift
[55/400] Compiling PersistServer main.swift
/srv/deploy/repos/fountainai/Generated/Server/persist/main.swift:29:36: error: cannot convert value of type '__socket_type' to expected argument type 'Int32'
 27 |         #endif
 28 | 
 29 |         serverFD = socket(AF_INET, socketType, 0)
    |                                    `- error: cannot convert value of type '__socket_type' to expected argument type 'Int32'
 30 |         guard serverFD >= 0 else { throw RuntimeError.socket }
 31 |         var opt: Int32 = 1
[56/400] Emitting module PlannerServer
[56/400] Compiling p256-armv8-asm-apple.S
[58/400] Emitting module Parser
[59/400] Compiling PlannerServer main.swift
/srv/deploy/repos/fountainai/Generated/Server/planner/main.swift:29:36: error: cannot convert value of type '__socket_type' to expected argument type 'Int32'
 27 |         #endif
 28 | 
 29 |         serverFD = socket(AF_INET, socketType, 0)
    |                                    `- error: cannot convert value of type '__socket_type' to expected argument type 'Int32'
 30 |         guard serverFD >= 0 else { throw RuntimeError.socket }
 31 |         var opt: Int32 = 1
[59/400] Compiling ghashv8-armv8-apple.S
[60/400] Compiling DequeModule Deque+Descriptions.swift
[61/400] Compiling DequeModule Deque+Testing.swift
[61/400] Compiling ghashv8-armv8-win.S
[61/400] Compiling ghashv8-armv8-linux.S

[2025-07-17T11:22:20.583815] Starting swift build...
[2025-07-17T11:22:23.474053] swift build failed with exit code 1
[2025-07-17T11:22:23.647118] [dispatcher] Updated git remote to use token-based authentication.
[2025-07-17T11:22:25.069384] [dispatcher] Running Docker build...
[2025-07-17T11:22:25.070190] [dispatcher] Running tests...
Compose now can delegate build to bake for better performances
Just set COMPOSE_BAKE=true
#0 building with "default" instance using docker driver

#1 [planner internal] load build definition from Dockerfile
#1 transferring dockerfile: 266B 0.0s done
#1 DONE 0.0s

#2 [bootstrap internal] load build definition from Dockerfile
#2 transferring dockerfile: 272B done
#2 DONE 0.0s

#3 [baseline-awareness internal] load build definition from Dockerfile
#3 transferring dockerfile: 299B done
#3 DONE 0.0s

#4 [tools-factory internal] load build definition from Dockerfile
#4 transferring dockerfile: 284B 0.0s done
#4 DONE 0.0s

#5 [llm-gateway internal] load build definition from Dockerfile
#5 transferring dockerfile: 278B 0.0s done
#5 DONE 0.0s

#6 [function-caller internal] load build definition from Dockerfile
#6 transferring dockerfile: 290B done
#6 DONE 0.0s

#7 [persist internal] load build definition from Dockerfile
#7 transferring dockerfile: 266B done
#7 DONE 0.0s

#8 [persist internal] load metadata for docker.io/library/swift:6.1-jammy
#8 DONE 1.3s

#9 [function-caller internal] load metadata for docker.io/library/ubuntu:22.04
#9 DONE 1.3s

#10 [function-caller internal] load .dockerignore
#10 transferring context: 2B done
#10 DONE 0.0s

#11 [persist internal] load .dockerignore
#11 transferring context: 2B done
#11 DONE 0.0s

#12 [llm-gateway internal] load .dockerignore
#12 transferring context: 2B done
#12 DONE 0.0s

#13 [baseline-awareness internal] load .dockerignore
#13 transferring context: 2B done
#13 DONE 0.0s

#14 [baseline-awareness build 1/4] FROM docker.io/library/swift:6.1-jammy@sha256:512716edb447938962d96627ff0b9f00d5701bfa61d97a5b5654f07a1482c342
#14 DONE 0.0s

#15 [planner internal] load .dockerignore
#15 transferring context: 2B done
#15 DONE 0.0s

#16 [baseline-awareness stage-1 1/2] FROM docker.io/library/ubuntu:22.04@sha256:59ccd419c0dc0edf9e3bff1a3b2b073ea15a2ce4bc45ce7c989278b225b09af3
#16 DONE 0.0s

#17 [tools-factory internal] load .dockerignore
#17 transferring context: 2B done
#17 DONE 0.0s

#18 [bootstrap internal] load .dockerignore
#18 transferring context: 2B done
#18 DONE 0.0s

#19 [llm-gateway internal] load build context
#19 transferring context: 1.29MB 5.1s
#19 ...

#20 [planner internal] load build context
#20 ...

#19 [llm-gateway internal] load build context
#19 ...

#21 [tools-factory internal] load build context
#21 transferring context: 7.43MB 10.1s
#21 ...

#22 [baseline-awareness internal] load build context
#22 ...

#23 [persist internal] load build context
#23 ...

#24 [bootstrap internal] load build context
#24 ...

#25 [function-caller internal] load build context
#25 ...

#24 [bootstrap internal] load build context
#24 transferring context: 7.98MB 13.6s done
#24 ...

#21 [tools-factory internal] load build context
#21 transferring context: 7.98MB 13.6s done
#21 DONE 13.9s

#25 [function-caller internal] load build context
#25 transferring context: 7.98MB 13.0s done
#25 DONE 13.9s

#24 [bootstrap internal] load build context
#24 DONE 13.9s

#19 [llm-gateway internal] load build context
#19 transferring context: 7.98MB 13.6s done
#19 DONE 13.9s

#22 [baseline-awareness internal] load build context
#22 transferring context: 7.98MB 13.6s done
#22 DONE 13.9s

#23 [persist internal] load build context
#23 transferring context: 7.98MB 13.6s done
#23 DONE 13.9s

#20 [planner internal] load build context
#20 transferring context: 7.98MB 13.6s done
#20 DONE 13.9s

#26 [bootstrap build 2/4] WORKDIR /src
#26 CACHED

#27 [persist build 3/4] COPY . .
#27 DONE 14.3s

#28 [llm-gateway build 3/4] COPY . .
#28 CACHED

#29 [persist build 3/4] COPY . .
#29 CACHED

#30 [planner build 3/4] COPY . .
#30 CACHED

#31 [bootstrap build 3/4] COPY . .
#31 CACHED

#32 [function-caller build 3/4] COPY . .
#32 CACHED

#33 [baseline-awareness build 3/4] COPY . .
#33 CACHED

#34 [persist build 4/4] RUN swift build -c release --product persist-server
#34 ...

#35 [baseline-awareness build 4/4] RUN swift build -c release --product baseline-awareness-server
#35 ...

#36 [planner build 4/4] RUN swift build -c release --product planner-server
#36 ...

#37 [tools-factory build 4/4] RUN swift build -c release --product tools-factory-server
#37 ...

#38 [llm-gateway build 4/4] RUN swift build -c release --product llm-gateway-server
#38 ...

#39 [bootstrap build 4/4] RUN swift build -c release --product bootstrap-server
#39 ...

#40 [function-caller build 4/4] RUN swift build -c release --product function-caller-server
#40 ...

#37 [tools-factory build 4/4] RUN swift build -c release --product tools-factory-server
#37 18.34 Building for production...
#37 18.52 [0/14] Write sources
#37 19.23 [5/14] Compiling reader.c
#37 19.23 [5/14] Compiling writer.c
#37 19.37 [7/14] Compiling api.c
#37 19.39 [8/14] Compiling parser.c
#37 19.87 [9/14] Write swift-version-24593BA9C3E375BF.txt
#37 19.88 [10/14] Compiling emitter.c
#37 20.10 [11/15] Compiling scanner.c
#37 ...

#40 [function-caller build 4/4] RUN swift build -c release --product function-caller-server
#40 18.41 Building for production...
#40 18.52 [0/14] Write sources
#40 18.93 [5/14] Write swift-version-24593BA9C3E375BF.txt
#40 19.27 [6/15] Compiling reader.c
#40 19.27 [7/15] Compiling writer.c
#40 19.40 [8/15] Compiling api.c
#40 19.56 [9/15] Compiling parser.c
#40 20.14 [10/15] Compiling emitter.c
#40 20.25 [11/15] Compiling scanner.c
#40 ...

#37 [tools-factory build 4/4] RUN swift build -c release --product tools-factory-server
#37 26.66 [13/16] Compiling ServiceShared Models.swift
#37 ...

#38 [llm-gateway build 4/4] RUN swift build -c release --product llm-gateway-server
#38 18.40 Building for production...
#38 18.51 [0/6] Write sources
#38 18.90 [3/6] Write swift-version-24593BA9C3E375BF.txt
#38 25.58 [5/7] Compiling ServiceShared Models.swift
#38 26.93 [6/8] Compiling LLMGatewayService HTTPKernel.swift
#38 27.40 [7/9] Compiling LLMGatewayServer main.swift
#38 27.40 /src/Generated/Server/llm-gateway/main.swift:29:36: error: cannot convert value of type '__socket_type' to expected argument type 'Int32'
#38 27.40  27 |         #endif
#38 27.40  28 | 
#38 27.40  29 |         serverFD = socket(AF_INET, socketType, 0)
#38 27.40     |                                    `- error: cannot convert value of type '__socket_type' to expected argument type 'Int32'
#38 27.40  30 |         guard serverFD >= 0 else { throw RuntimeError.socket }
#38 27.40  31 |         var opt: Int32 = 1
#38 ERROR: process "/bin/sh -c swift build -c release --product llm-gateway-server" did not complete successfully: exit code: 1

#34 [persist build 4/4] RUN swift build -c release --product persist-server
#34 18.40 Building for production...
#34 18.52 [0/6] Write sources
#34 18.87 [3/6] Write swift-version-24593BA9C3E375BF.txt
#34 25.30 [5/7] Compiling ServiceShared Models.swift
#34 27.12 [6/8] Compiling PersistService HTTPKernel.swift
#34 27.45 [7/9] Compiling PersistServer main.swift
#34 27.45 /src/Generated/Server/persist/main.swift:29:36: error: cannot convert value of type '__socket_type' to expected argument type 'Int32'
#34 27.45  27 |         #endif
#34 27.45  28 | 
#34 27.45  29 |         serverFD = socket(AF_INET, socketType, 0)
#34 27.45     |                                    `- error: cannot convert value of type '__socket_type' to expected argument type 'Int32'
#34 27.45  30 |         guard serverFD >= 0 else { throw RuntimeError.socket }
#34 27.45  31 |         var opt: Int32 = 1
#34 ERROR: process "/bin/sh -c swift build -c release --product persist-server" did not complete successfully: exit code: 1

#40 [function-caller build 4/4] RUN swift build -c release --product function-caller-server
#40 27.28 [13/16] Compiling ServiceShared Models.swift
#40 ...

#39 [bootstrap build 4/4] RUN swift build -c release --product bootstrap-server
#39 18.40 Building for production...
#39 18.51 [0/7] Write sources
#39 18.88 [4/7] Write swift-version-24593BA9C3E375BF.txt
#39 25.36 [6/8] Compiling ServiceShared Models.swift
#39 27.91 [7/9] Compiling BaselineAwarenessService BaselineStore.swift
#39 CANCELED

#35 [baseline-awareness build 4/4] RUN swift build -c release --product baseline-awareness-server
#35 18.90 Building for production...
#35 18.95 [0/6] Write sources
#35 19.23 [3/6] Write swift-version-24593BA9C3E375BF.txt
#35 25.52 [5/7] Compiling ServiceShared Models.swift
#35 27.92 [6/8] Compiling BaselineAwarenessService BaselineStore.swift
#35 CANCELED

#40 [function-caller build 4/4] RUN swift build -c release --product function-caller-server
#40 CANCELED

#37 [tools-factory build 4/4] RUN swift build -c release --product tools-factory-server
#37 CANCELED

#36 [planner build 4/4] RUN swift build -c release --product planner-server
#36 18.44 Building for production...
#36 18.51 [0/6] Write sources
#36 18.87 [3/6] Write swift-version-24593BA9C3E375BF.txt
#36 25.43 [5/7] Compiling ServiceShared Models.swift
#36 28.02 [6/8] Compiling PlannerService HTTPKernel.swift
#36 CANCELED
------
 > [llm-gateway build 4/4] RUN swift build -c release --product llm-gateway-server:
25.58 [5/7] Compiling ServiceShared Models.swift
26.93 [6/8] Compiling LLMGatewayService HTTPKernel.swift
27.40 [7/9] Compiling LLMGatewayServer main.swift
27.40 /src/Generated/Server/llm-gateway/main.swift:29:36: error: cannot convert value of type '__socket_type' to expected argument type 'Int32'
27.40  27 |         #endif
27.40  28 | 
27.40  29 |         serverFD = socket(AF_INET, socketType, 0)
27.40     |                                    `- error: cannot convert value of type '__socket_type' to expected argument type 'Int32'
27.40  30 |         guard serverFD >= 0 else { throw RuntimeError.socket }
27.40  31 |         var opt: Int32 = 1
------
------
 > [persist build 4/4] RUN swift build -c release --product persist-server:
25.30 [5/7] Compiling ServiceShared Models.swift
27.12 [6/8] Compiling PersistService HTTPKernel.swift
27.45 [7/9] Compiling PersistServer main.swift
27.45 /src/Generated/Server/persist/main.swift:29:36: error: cannot convert value of type '__socket_type' to expected argument type 'Int32'
27.45  27 |         #endif
27.45  28 | 
27.45  29 |         serverFD = socket(AF_INET, socketType, 0)
27.45     |                                    `- error: cannot convert value of type '__socket_type' to expected argument type 'Int32'
27.45  30 |         guard serverFD >= 0 else { throw RuntimeError.socket }
27.45  31 |         var opt: Int32 = 1
------
failed to solve: process "/bin/sh -c swift build -c release --product llm-gateway-server" did not complete successfully: exit code: 1
 Network kong-codex_default  Creating
 Network kong-codex_default  Created
 Container kong-codex-typesense-1  Creating
 Container kong-codex-kong-1  Creating
 Container kong-codex-typesense-1  Created
 Container kong-codex-kong-1  Created
Attaching to kong-1, typesense-1
Error response from daemon: mounts denied: 
The path /srv/deploy/repos/kong-codex/kong.conf is not shared from the host and is not known to Docker.
You can configure shared paths from Docker -> Preferences... -> Resources -> File Sharing.
See https://docs.docker.com/desktop/settings/mac/#file-sharing for more info.
 Container kong-codex-kong-1  Stopping
 Container kong-codex-typesense-1  Stopping
 Container kong-codex-kong-1  Stopped
 Container kong-codex-kong-1  Removing
 Container kong-codex-kong-1  Removed
 Container kong-codex-typesense-1  Stopped
 Container kong-codex-typesense-1  Removing
 Container kong-codex-typesense-1  Removed
 Network kong-codex_default  Removing
 Network kong-codex_default  Removed

[2025-07-17T11:22:25.070480] Running integration tests for fountainai...
[2025-07-17T11:23:23.463277] Integration tests for fountainai failed with exit code 1

[2025-07-17T11:23:23.463501] Running integration tests for kong-codex...
[2025-07-17T11:23:34.666939] Integration tests for kong-codex failed with exit code 1
