[2025-07-17T10:34:14.046108] === New Cycle ===
Building for debugging...
[0/417] Compiling s3_pkt.cc
[0/417] Compiling ssl_aead_ctx.cc
[1/417] Compiling s3_lib.cc
[3/417] Compiling s3_both.cc
[4/417] Compiling handshake.cc
[5/417] Compiling handshake_server.cc
[6/417] Compiling handoff.cc
[7/417] Compiling handshake_client.cc
[8/417] Compiling dtls_record.cc
[9/417] Compiling encrypted_client_hello.cc
[10/417] Compiling d1_srtp.cc
[11/417] Compiling dtls_method.cc
[12/417] Compiling d1_pkt.cc
[13/417] Compiling md5-x86_64-linux.S
[14/417] Compiling md5-x86_64-apple.S
[15/417] Compiling md5-586-linux.S
[16/417] Compiling md5-586-apple.S
[16/417] Write swift-version-24593BA9C3E375BF.txt
[18/418] Compiling extensions.cc
[18/412] Compiling chacha20_poly1305_x86_64-linux.S
[20/406] Compiling chacha20_poly1305_armv8-win.S
[21/406] Compiling chacha20_poly1305_x86_64-apple.S
[22/406] Compiling chacha20_poly1305_armv8-apple.S
[23/406] Compiling d1_lib.cc
[24/406] Compiling chacha20_poly1305_armv8-linux.S
[25/406] Compiling chacha-x86_64-linux.S
[26/406] Compiling chacha-x86_64-apple.S
[27/414] Compiling err_data.cc
[28/414] Compiling chacha-x86-apple.S
[29/415] Compiling chacha-x86-linux.S
[30/415] Compiling chacha-armv8-apple.S
[30/415] Compiling chacha-armv8-win.S
[32/415] Compiling chacha-armv8-linux.S
[33/415] Compiling aes128gcmsiv-x86_64-linux.S
[33/415] Compiling chacha-armv4-linux.S
[35/415] Compiling aes128gcmsiv-x86_64-apple.S
[36/415] Compiling x86_64-mont5-linux.S
[37/415] Compiling x86_64-mont5-apple.S
[38/415] Compiling x86_64-mont-linux.S
[39/415] Compiling x86_64-mont-apple.S
[40/415] Compiling x86-mont-linux.S
[41/415] Compiling x86-mont-apple.S
[42/415] Compiling vpaes-x86_64-linux.S
[43/415] Compiling vpaes-x86_64-apple.S
[45/415] Emitting module ClientGenerator
[45/415] Compiling bio_ssl.cc
[46/415] Compiling vpaes-x86-linux.S
[47/415] Compiling vpaes-x86-apple.S
[48/415] Compiling vpaes-armv8-win.S
[49/415] Compiling vpaes-armv8-linux.S
[51/415] Emitting module ToolsFactoryServer
[52/415] Compiling ToolsFactoryServer main.swift
/srv/deploy/repos/fountainai/Generated/Server/tools-factory/main.swift:23:36: error: cannot convert value of type '__socket_type' to expected argument type 'Int32'
21 | 
22 |     func start() throws {
23 |         serverFD = socket(AF_INET, SOCK_STREAM, 0)
   |                                    `- error: cannot convert value of type '__socket_type' to expected argument type 'Int32'
24 |         guard serverFD >= 0 else { throw RuntimeError.socket }
25 |         var opt: Int32 = 1
[52/415] Compiling vpaes-armv8-apple.S
[53/415] Compiling vpaes-armv7-linux.S
[53/415] Compiling sha512-armv8-win.S
[53/415] Compiling sha512-x86_64-linux.S
[53/415] Compiling sha512-x86_64-apple.S
[54/415] Compiling FunctionCallerService HTTPKernel.swift
[55/415] Emitting module FunctionCallerService
[55/415] Compiling d1_both.cc

[2025-07-17T10:34:14.047124] Starting swift build...
[2025-07-17T10:34:19.592251] swift build failed with exit code 1
[2025-07-17T10:34:19.757022] [dispatcher] Updated git remote to use token-based authentication.
[2025-07-17T10:34:21.733375] [dispatcher] Running Docker build...
[2025-07-17T10:34:21.734646] [dispatcher] Running tests...
Compose now can delegate build to bake for better performances
Just set COMPOSE_BAKE=true
#0 building with "default" instance using docker driver

#1 [baseline-awareness internal] load build definition from Dockerfile
#1 transferring dockerfile: 299B done
#1 DONE 0.0s

#2 [bootstrap internal] load build definition from Dockerfile
#2 transferring dockerfile: 272B done
#2 DONE 0.0s

#3 [function-caller internal] load build definition from Dockerfile
#3 transferring dockerfile: 290B done
#3 DONE 0.0s

#4 [persist internal] load build definition from Dockerfile
#4 transferring dockerfile: 266B done
#4 DONE 0.0s

#5 [tools-factory internal] load build definition from Dockerfile
#5 transferring dockerfile: 284B done
#5 DONE 0.0s

#6 [planner internal] load build definition from Dockerfile
#6 transferring dockerfile: 266B done
#6 DONE 0.0s

#7 [llm-gateway internal] load build definition from Dockerfile
#7 transferring dockerfile: 278B done
#7 DONE 0.0s

#8 [llm-gateway internal] load metadata for docker.io/library/swift:6.1-jammy
#8 DONE 0.5s

#9 [llm-gateway internal] load metadata for docker.io/library/ubuntu:22.04
#9 DONE 0.5s

#10 [planner internal] load .dockerignore
#10 transferring context: 2B done
#10 DONE 0.0s

#11 [baseline-awareness internal] load .dockerignore
#11 transferring context: 2B done
#11 DONE 0.0s

#12 [tools-factory internal] load .dockerignore
#12 transferring context: 2B done
#12 DONE 0.0s

#13 [function-caller internal] load .dockerignore
#13 transferring context: 2B done
#13 DONE 0.0s

#14 [bootstrap build 1/4] FROM docker.io/library/swift:6.1-jammy@sha256:512716edb447938962d96627ff0b9f00d5701bfa61d97a5b5654f07a1482c342
#14 DONE 0.0s

#15 [bootstrap stage-1 1/2] FROM docker.io/library/ubuntu:22.04@sha256:59ccd419c0dc0edf9e3bff1a3b2b073ea15a2ce4bc45ce7c989278b225b09af3
#15 DONE 0.0s

#16 [persist internal] load .dockerignore
#16 transferring context: 2B done
#16 DONE 0.0s

#17 [bootstrap internal] load .dockerignore
#17 transferring context: 2B done
#17 DONE 0.0s

#18 [llm-gateway internal] load .dockerignore
#18 transferring context: 2B done
#18 DONE 0.0s

#19 [bootstrap internal] load build context
#19 transferring context: 7.77MB 5.0s
#19 ...

#20 [function-caller internal] load build context
#20 ...

#19 [bootstrap internal] load build context
#19 transferring context: 11.11MB 10.0s
#19 ...

#21 [baseline-awareness internal] load build context
#21 ...

#22 [persist internal] load build context
#22 ...

#23 [tools-factory internal] load build context
#23 ...

#24 [planner internal] load build context
#24 ...

#25 [llm-gateway internal] load build context
#25 ...

#24 [planner internal] load build context
#24 transferring context: 11.14MB 11.1s done
#24 ...

#25 [llm-gateway internal] load build context
#25 transferring context: 11.14MB 10.6s done
#25 DONE 11.3s

#20 [function-caller internal] load build context
#20 transferring context: 11.14MB 11.1s done
#20 DONE 11.3s

#19 [bootstrap internal] load build context
#19 transferring context: 11.14MB 11.0s done
#19 DONE 11.3s

#24 [planner internal] load build context
#24 DONE 11.3s

#21 [baseline-awareness internal] load build context
#21 transferring context: 11.14MB 11.1s done
#21 DONE 11.3s

#23 [tools-factory internal] load build context
#23 transferring context: 11.14MB 11.1s done
#23 DONE 11.3s

#22 [persist internal] load build context
#22 transferring context: 11.14MB 11.1s done
#22 DONE 11.3s

#26 [function-caller build 2/4] WORKDIR /src
#26 CACHED

#27 [tools-factory build 3/4] COPY . .
#27 DONE 12.6s

#28 [tools-factory build 3/4] COPY . .
#28 CACHED

#29 [planner build 3/4] COPY . .
#29 CACHED

#30 [function-caller build 3/4] COPY . .
#30 CACHED

#31 [persist build 3/4] COPY . .
#31 CACHED

#32 [bootstrap build 3/4] COPY . .
#32 CACHED

#33 [baseline-awareness build 3/4] COPY . .
#33 CACHED

#34 [tools-factory build 4/4] RUN swift build -c release --product tools-factory-server
#34 ...

#35 [persist build 4/4] RUN swift build -c release --product persist-server
#35 ...

#36 [baseline-awareness build 4/4] RUN swift build -c release --product baseline-awareness-server
#36 ...

#37 [bootstrap build 4/4] RUN swift build -c release --product bootstrap-server
#37 ...

#38 [function-caller build 4/4] RUN swift build -c release --product function-caller-server
#38 ...

#39 [planner build 4/4] RUN swift build -c release --product planner-server
#39 ...

#40 [llm-gateway build 4/4] RUN swift build -c release --product llm-gateway-server
#40 ...

#34 [tools-factory build 4/4] RUN swift build -c release --product tools-factory-server
#34 30.88 Building for production...
#34 30.95 [0/14] Write sources
#34 31.53 [5/14] Compiling reader.c
#34 31.55 [6/14] Compiling writer.c
#34 31.77 [7/14] Compiling api.c
#34 31.78 [8/14] Write swift-version-24593BA9C3E375BF.txt
#34 31.78 [9/14] Compiling parser.c
#34 32.69 [10/15] Compiling scanner.c
#34 32.84 [11/15] Compiling emitter.c
#34 ...

#38 [function-caller build 4/4] RUN swift build -c release --product function-caller-server
#38 30.99 Building for production...
#38 31.08 [0/14] Write sources
#38 31.51 [5/14] Compiling writer.c
#38 31.64 [6/14] Write swift-version-24593BA9C3E375BF.txt
#38 31.71 [7/14] Compiling reader.c
#38 31.87 [8/14] Compiling parser.c
#38 32.02 [9/15] Compiling api.c
#38 32.69 [10/15] Compiling emitter.c
#38 32.90 [11/15] Compiling scanner.c
#38 40.16 [13/16] Compiling ServiceShared Models.swift
#38 ...

#37 [bootstrap build 4/4] RUN swift build -c release --product bootstrap-server
#37 30.96 Building for production...
#37 31.06 [0/7] Write sources
#37 31.45 [4/7] Write swift-version-24593BA9C3E375BF.txt
#37 40.29 [6/8] Compiling ServiceShared Models.swift
#37 ...

#35 [persist build 4/4] RUN swift build -c release --product persist-server
#35 30.91 Building for production...
#35 30.95 [0/6] Write sources
#35 31.42 [3/6] Write swift-version-24593BA9C3E375BF.txt
#35 40.00 [5/7] Compiling ServiceShared Models.swift
#35 ...

#36 [baseline-awareness build 4/4] RUN swift build -c release --product baseline-awareness-server
#36 31.01 Building for production...
#36 31.06 [0/6] Write sources
#36 31.46 [3/6] Write swift-version-24593BA9C3E375BF.txt
#36 40.21 [5/7] Compiling ServiceShared Models.swift
#36 ...

#40 [llm-gateway build 4/4] RUN swift build -c release --product llm-gateway-server
#40 31.17 Building for production...
#40 31.26 [0/6] Write sources
#40 31.57 [3/6] Write swift-version-24593BA9C3E375BF.txt
#40 40.00 [5/7] Compiling ServiceShared Models.swift
#40 ...

#34 [tools-factory build 4/4] RUN swift build -c release --product tools-factory-server
#34 41.48 [13/16] Compiling ServiceShared Models.swift
#34 ...

#39 [planner build 4/4] RUN swift build -c release --product planner-server
#39 32.39 Building for production...
#39 32.48 [0/6] Write sources
#39 32.83 [3/6] Write swift-version-24593BA9C3E375BF.txt
#39 41.25 [5/7] Compiling ServiceShared Models.swift
#39 ...

#35 [persist build 4/4] RUN swift build -c release --product persist-server
#35 42.38 [6/8] Compiling PersistService HTTPKernel.swift
#35 44.00 [7/9] Compiling PersistServer main.swift
#35 44.01 [7/9] Write Objects.LinkFileList
#35 ...

#36 [baseline-awareness build 4/4] RUN swift build -c release --product baseline-awareness-server
#36 43.57 [6/8] Compiling BaselineAwarenessService BaselineStore.swift
#36 44.02 [7/9] Compiling BaselineAwarenessServer HTTPServer.swift
#36 44.02 /src/Generated/Server/baseline-awareness/main.swift:23:36: error: cannot convert value of type '__socket_type' to expected argument type 'Int32'
#36 44.02  21 | 
#36 44.02  22 |     func start() throws {
#36 44.02  23 |         serverFD = socket(AF_INET, SOCK_STREAM, 0)
#36 44.02     |                                    `- error: cannot convert value of type '__socket_type' to expected argument type 'Int32'
#36 44.02  24 |         guard serverFD >= 0 else { throw RuntimeError.socket }
#36 44.02  25 |         var opt: Int32 = 1
#36 ERROR: process "/bin/sh -c swift build -c release --product baseline-awareness-server" did not complete successfully: exit code: 1

#40 [llm-gateway build 4/4] RUN swift build -c release --product llm-gateway-server
#40 42.20 [6/8] Compiling LLMGatewayService HTTPKernel.swift
#40 43.78 [7/9] Compiling LLMGatewayServer main.swift
#40 43.80 [7/9] Write Objects.LinkFileList
#40 ...

#38 [function-caller build 4/4] RUN swift build -c release --product function-caller-server
#38 CANCELED

#35 [persist build 4/4] RUN swift build -c release --product persist-server
#35 CANCELED

#37 [bootstrap build 4/4] RUN swift build -c release --product bootstrap-server
#37 43.47 [7/9] Compiling BaselineAwarenessService BaselineStore.swift
#37 CANCELED

#40 [llm-gateway build 4/4] RUN swift build -c release --product llm-gateway-server
#40 CANCELED

#39 [planner build 4/4] RUN swift build -c release --product planner-server
#39 43.64 [6/8] Compiling PlannerService HTTPKernel.swift
#39 CANCELED

#34 [tools-factory build 4/4] RUN swift build -c release --product tools-factory-server
#34 CANCELED
------
 > [baseline-awareness build 4/4] RUN swift build -c release --product baseline-awareness-server:
40.21 [5/7] Compiling ServiceShared Models.swift
43.57 [6/8] Compiling BaselineAwarenessService BaselineStore.swift
44.02 [7/9] Compiling BaselineAwarenessServer HTTPServer.swift
44.02 /src/Generated/Server/baseline-awareness/main.swift:23:36: error: cannot convert value of type '__socket_type' to expected argument type 'Int32'
44.02  21 | 
44.02  22 |     func start() throws {
44.02  23 |         serverFD = socket(AF_INET, SOCK_STREAM, 0)
44.02     |                                    `- error: cannot convert value of type '__socket_type' to expected argument type 'Int32'
44.02  24 |         guard serverFD >= 0 else { throw RuntimeError.socket }
44.02  25 |         var opt: Int32 = 1
------
failed to solve: process "/bin/sh -c swift build -c release --product baseline-awareness-server" did not complete successfully: exit code: 1
 Network kong-codex_default  Creating
 Network kong-codex_default  Created
 Container kong-codex-typesense-1  Creating
 Container kong-codex-kong-1  Creating
 Container kong-codex-typesense-1  Created
 Container kong-codex-kong-1  Created
Attaching to kong-1, typesense-1
Gracefully stopping... (press Ctrl+C again to force)
Error response from daemon: mounts denied: 
The path /srv/deploy/repos/kong-codex/kong.conf is not shared from the host and is not known to Docker.
You can configure shared paths from Docker -> Preferences... -> Resources -> File Sharing.
See https://docs.docker.com/desktop/settings/mac/#file-sharing for more info.
 Container kong-codex-typesense-1  Stopping
 Container kong-codex-kong-1  Stopping
 Container kong-codex-kong-1  Stopped
 Container kong-codex-kong-1  Removing
 Container kong-codex-kong-1  Removed
 Container kong-codex-typesense-1  Stopped
 Container kong-codex-typesense-1  Removing
 Container kong-codex-typesense-1  Removed
 Network kong-codex_default  Removing
 Network kong-codex_default  Removed

[2025-07-17T10:34:21.734947] Running integration tests for fountainai...
[2025-07-17T10:35:32.572172] Integration tests for fountainai failed with exit code 1

[2025-07-17T10:35:32.572567] Running integration tests for kong-codex...
[2025-07-17T10:35:34.725255] Integration tests for kong-codex failed with exit code 1
