[2025-07-17T10:00:03.956624] === New Cycle ===
Building for debugging...
[0/389] Compiling x86_64-mont5-apple.S
[1/389] Compiling x86_64-mont-linux.S
[1/389] Compiling x86_64-mont-apple.S
[3/389] Compiling x86-mont-linux.S
[4/389] Compiling x86-mont-apple.S
[5/389] Compiling vpaes-x86_64-linux.S
[6/389] Compiling vpaes-x86_64-apple.S
[7/389] Compiling vpaes-x86-linux.S
[8/389] Write swift-version-24593BA9C3E375BF.txt
[9/384] Compiling vpaes-x86-apple.S
[10/384] Compiling vpaes-armv8-win.S
[11/384] Compiling vpaes-armv8-linux.S
[13/392] Emitting module PlannerServer
[14/392] Compiling PlannerServer main.swift
/srv/deploy/repos/fountainai/Generated/Server/planner/main.swift:23:43: error: initializer 'init(_:)' requires that '__socket_type' conform to 'BinaryFloatingPoint'
21 | 
22 |     func start() throws {
23 |         serverFD = socket(Int32(AF_INET), Int32(SOCK_STREAM), 0)
   |                                           `- error: initializer 'init(_:)' requires that '__socket_type' conform to 'BinaryFloatingPoint'
24 |         guard serverFD >= 0 else { throw RuntimeError.socket }
25 |         var opt: Int32 = 1

Swift.FixedWidthInteger.init:2:19: note: where 'T' = '__socket_type'
1 | protocol FixedWidthInteger {
2 | @inlinable public init<T>(_ source: T) where T : BinaryFloatingPoint}
  |                   `- note: where 'T' = '__socket_type'
3 | 
[15/392] Emitting module PersistServer
[15/392] Compiling d1_both.cc
/srv/deploy/repos/fountainai/Generated/Server/persist/main.swift:23:43: error: initializer 'init(_:)' requires that '__socket_type' conform to 'BinaryFloatingPoint'
21 | 
22 |     func start() throws {
23 |         serverFD = socket(Int32(AF_INET), Int32(SOCK_STREAM), 0)
   |                                           `- error: initializer 'init(_:)' requires that '__socket_type' conform to 'BinaryFloatingPoint'
24 |         guard serverFD >= 0 else { throw RuntimeError.socket }
25 |         var opt: Int32 = 1

Swift.FixedWidthInteger.init:2:19: note: where 'T' = '__socket_type'
1 | protocol FixedWidthInteger {
2 | @inlinable public init<T>(_ source: T) where T : BinaryFloatingPoint}
  |                   `- note: where 'T' = '__socket_type'
3 | 
[15/392] Compiling d1_srtp.cc
[15/392] Compiling dtls_method.cc
[15/392] Compiling d1_lib.cc
[15/392] Compiling d1_pkt.cc

[2025-07-17T10:00:03.959128] Starting swift build...
[2025-07-17T10:00:05.962274] swift build failed with exit code 1
[2025-07-17T10:00:06.156556] [dispatcher] Updated git remote to use token-based authentication.
[2025-07-17T10:00:08.258106] [dispatcher] Running Docker build...
[2025-07-17T10:00:08.258932] [dispatcher] Running tests...
Compose now can delegate build to bake for better performances
Just set COMPOSE_BAKE=true
#0 building with "default" instance using docker driver

#1 [tools-factory internal] load build definition from Dockerfile
#1 transferring dockerfile: 284B done
#1 DONE 0.0s

#2 [llm-gateway internal] load build definition from Dockerfile
#2 transferring dockerfile: 278B done
#2 DONE 0.0s

#3 [function-caller internal] load build definition from Dockerfile
#3 transferring dockerfile: 290B done
#3 DONE 0.0s

#4 [bootstrap internal] load build definition from Dockerfile
#4 transferring dockerfile: 272B done
#4 DONE 0.0s

#5 [baseline-awareness internal] load build definition from Dockerfile
#5 transferring dockerfile: 299B done
#5 DONE 0.0s

#6 [persist internal] load build definition from Dockerfile
#6 transferring dockerfile: 266B done
#6 DONE 0.0s

#7 [planner internal] load build definition from Dockerfile
#7 transferring dockerfile: 266B done
#7 DONE 0.0s

#8 [planner internal] load metadata for docker.io/library/swift:6.1-jammy
#8 DONE 0.5s

#9 [planner internal] load metadata for docker.io/library/ubuntu:22.04
#9 DONE 0.5s

#10 [persist internal] load .dockerignore
#10 transferring context: 2B done
#10 DONE 0.0s

#11 [tools-factory internal] load .dockerignore
#11 transferring context: 2B done
#11 DONE 0.1s

#12 [planner internal] load .dockerignore
#12 transferring context: 2B done
#12 DONE 0.1s

#13 [persist internal] load build context
#13 DONE 0.0s

#14 [tools-factory build 1/4] FROM docker.io/library/swift:6.1-jammy@sha256:512716edb447938962d96627ff0b9f00d5701bfa61d97a5b5654f07a1482c342
#14 DONE 0.0s

#15 [tools-factory stage-1 1/2] FROM docker.io/library/ubuntu:22.04@sha256:59ccd419c0dc0edf9e3bff1a3b2b073ea15a2ce4bc45ce7c989278b225b09af3
#15 DONE 0.0s

#16 [function-caller internal] load .dockerignore
#16 transferring context: 2B done
#16 DONE 0.1s

#17 [llm-gateway internal] load .dockerignore
#17 transferring context: 2B 0.0s done
#17 DONE 0.1s

#18 [baseline-awareness internal] load .dockerignore
#18 transferring context: 2B done
#18 DONE 0.1s

#19 [bootstrap internal] load .dockerignore
#19 transferring context: 2B done
#19 DONE 0.1s

#14 [llm-gateway build 1/4] FROM docker.io/library/swift:6.1-jammy@sha256:512716edb447938962d96627ff0b9f00d5701bfa61d97a5b5654f07a1482c342
#14 DONE 0.0s

#15 [llm-gateway stage-1 1/2] FROM docker.io/library/ubuntu:22.04@sha256:59ccd419c0dc0edf9e3bff1a3b2b073ea15a2ce4bc45ce7c989278b225b09af3
#15 DONE 0.0s

#20 [llm-gateway internal] load build context
#20 transferring context: 927.12kB 4.8s
#20 ...

#21 [planner internal] load build context
#21 ...

#20 [llm-gateway internal] load build context
#20 transferring context: 7.22MB 9.9s
#20 ...

#22 [tools-factory internal] load build context
#22 ...

#13 [persist internal] load build context
#13 ...

#23 [baseline-awareness internal] load build context
#23 ...

#24 [bootstrap internal] load build context
#24 ...

#25 [function-caller internal] load build context
#25 ...

#13 [persist internal] load build context
#13 transferring context: 7.58MB 11.9s done
#13 ...

#20 [llm-gateway internal] load build context
#20 transferring context: 7.58MB 11.8s done
#20 DONE 12.0s

#25 [function-caller internal] load build context
#25 transferring context: 7.58MB 11.8s done
#25 DONE 12.0s

#22 [tools-factory internal] load build context
#22 transferring context: 7.58MB 10.5s done
#22 DONE 12.1s

#21 [planner internal] load build context
#21 transferring context: 7.58MB 11.8s done
#21 DONE 12.0s

#24 [bootstrap internal] load build context
#24 transferring context: 7.58MB 11.8s done
#24 DONE 12.1s

#13 [persist internal] load build context
#13 DONE 12.1s

#23 [baseline-awareness internal] load build context
#23 transferring context: 7.58MB 11.8s done
#23 DONE 12.0s

#26 [llm-gateway build 2/4] WORKDIR /src
#26 CACHED

#27 [bootstrap build 3/4] COPY . .
#27 DONE 11.7s

#28 [bootstrap build 3/4] COPY . .
#28 CACHED

#29 [function-caller build 3/4] COPY . .
#29 CACHED

#30 [baseline-awareness build 3/4] COPY . .
#30 CACHED

#31 [persist build 3/4] COPY . .
#31 CACHED

#32 [planner build 3/4] COPY . .
#32 CACHED

#33 [tools-factory build 3/4] COPY . .
#33 CACHED

#34 [function-caller build 4/4] RUN swift build -c release --product function-caller-server
#34 ...

#35 [planner build 4/4] RUN swift build -c release --product planner-server
#35 ...

#36 [tools-factory build 4/4] RUN swift build -c release --product tools-factory-server
#36 ...

#37 [baseline-awareness build 4/4] RUN swift build -c release --product baseline-awareness-server
#37 ...

#38 [bootstrap build 4/4] RUN swift build -c release --product bootstrap-server
#38 ...

#39 [llm-gateway build 4/4] RUN swift build -c release --product llm-gateway-server
#39 ...

#40 [persist build 4/4] RUN swift build -c release --product persist-server
#40 ...

#34 [function-caller build 4/4] RUN swift build -c release --product function-caller-server
#34 16.29 Building for production...
#34 16.53 [0/14] Write sources
#34 16.84 [5/14] Compiling writer.c
#34 16.89 [6/14] Compiling reader.c
#34 16.99 [7/14] Compiling api.c
#34 17.18 [8/14] Compiling parser.c
#34 17.64 [9/14] Compiling emitter.c
#34 17.88 [10/14] Compiling scanner.c
#34 17.89 [11/14] Write swift-version-24593BA9C3E375BF.txt
#34 ...

#36 [tools-factory build 4/4] RUN swift build -c release --product tools-factory-server
#36 16.32 Building for production...
#36 16.53 [0/14] Write sources
#36 16.84 [5/14] Compiling writer.c
#36 16.92 [6/14] Compiling reader.c
#36 17.02 [7/14] Write swift-version-24593BA9C3E375BF.txt
#36 17.15 [8/14] Compiling api.c
#36 17.23 [9/14] Compiling parser.c
#36 17.58 [10/15] Compiling emitter.c
#36 17.91 [11/15] Compiling scanner.c
#36 23.76 [13/16] Compiling ServiceShared Models.swift
#36 ...

#34 [function-caller build 4/4] RUN swift build -c release --product function-caller-server
#34 24.80 [13/16] Compiling ServiceShared Models.swift
#34 ...

#35 [planner build 4/4] RUN swift build -c release --product planner-server
#35 16.30 Building for production...
#35 16.53 [0/6] Write sources
#35 16.87 [3/6] Write swift-version-24593BA9C3E375BF.txt
#35 22.99 [5/7] Compiling ServiceShared Models.swift
#35 25.32 [6/8] Compiling PlannerService HTTPKernel.swift
#35 25.72 [7/9] Compiling PlannerServer main.swift
#35 25.72 /src/Generated/Server/planner/main.swift:23:43: error: initializer 'init(_:)' requires that '__socket_type' conform to 'BinaryFloatingPoint'
#35 25.72 21 | 
#35 25.72 22 |     func start() throws {
#35 25.72 23 |         serverFD = socket(Int32(AF_INET), Int32(SOCK_STREAM), 0)
#35 25.72    |                                           `- error: initializer 'init(_:)' requires that '__socket_type' conform to 'BinaryFloatingPoint'
#35 25.72 24 |         guard serverFD >= 0 else { throw RuntimeError.socket }
#35 25.72 25 |         var opt: Int32 = 1
#35 25.72 
#35 25.72 Swift.FixedWidthInteger.init:2:19: note: where 'T' = '__socket_type'
#35 25.72 1 | protocol FixedWidthInteger {
#35 25.72 2 | @inlinable public init<T>(_ source: T) where T : BinaryFloatingPoint}
#35 25.72   |                   `- note: where 'T' = '__socket_type'
#35 25.72 3 | 
#35 ...

#37 [baseline-awareness build 4/4] RUN swift build -c release --product baseline-awareness-server
#37 16.30 Building for production...
#37 16.53 [0/6] Write sources
#37 16.81 [3/6] Write swift-version-24593BA9C3E375BF.txt
#37 22.72 [5/7] Compiling ServiceShared Models.swift
#37 25.67 [6/8] Compiling BaselineAwarenessService BaselineStore.swift
#37 25.98 [7/9] Compiling BaselineAwarenessServer HTTPServer.swift
#37 25.98 /src/Generated/Server/baseline-awareness/main.swift:23:36: error: cannot convert value of type '__socket_type' to expected argument type 'Int32'
#37 25.98  21 | 
#37 25.98  22 |     func start() throws {
#37 25.98  23 |         serverFD = socket(AF_INET, SOCK_STREAM, 0)
#37 25.98     |                                    `- error: cannot convert value of type '__socket_type' to expected argument type 'Int32'
#37 25.98  24 |         guard serverFD >= 0 else { throw RuntimeError.socket }
#37 25.98  25 |         var opt: Int32 = 1
#37 ...

#40 [persist build 4/4] RUN swift build -c release --product persist-server
#40 16.31 Building for production...
#40 16.53 [0/6] Write sources
#40 16.87 [3/6] Write swift-version-24593BA9C3E375BF.txt
#40 22.80 [5/7] Compiling ServiceShared Models.swift
#40 24.62 [6/8] Compiling PersistService HTTPKernel.swift
#40 25.13 [7/9] Compiling PersistServer main.swift
#40 25.13 /src/Generated/Server/persist/main.swift:23:43: error: initializer 'init(_:)' requires that '__socket_type' conform to 'BinaryFloatingPoint'
#40 25.13 21 | 
#40 25.13 22 |     func start() throws {
#40 25.13 23 |         serverFD = socket(Int32(AF_INET), Int32(SOCK_STREAM), 0)
#40 25.13    |                                           `- error: initializer 'init(_:)' requires that '__socket_type' conform to 'BinaryFloatingPoint'
#40 25.13 24 |         guard serverFD >= 0 else { throw RuntimeError.socket }
#40 25.13 25 |         var opt: Int32 = 1
#40 25.13 
#40 25.13 Swift.FixedWidthInteger.init:2:19: note: where 'T' = '__socket_type'
#40 25.13 1 | protocol FixedWidthInteger {
#40 25.13 2 | @inlinable public init<T>(_ source: T) where T : BinaryFloatingPoint}
#40 25.13   |                   `- note: where 'T' = '__socket_type'
#40 25.13 3 | 
#40 ERROR: process "/bin/sh -c swift build -c release --product persist-server" did not complete successfully: exit code: 1

#38 [bootstrap build 4/4] RUN swift build -c release --product bootstrap-server
#38 16.32 Building for production...
#38 16.54 [0/7] Write sources
#38 16.81 [4/7] Write swift-version-24593BA9C3E375BF.txt
#38 22.78 [6/8] Compiling ServiceShared Models.swift
#38 25.62 [7/9] Compiling BaselineAwarenessService BaselineStore.swift
#38 ...

#39 [llm-gateway build 4/4] RUN swift build -c release --product llm-gateway-server
#39 16.31 Building for production...
#39 16.53 [0/6] Write sources
#39 16.82 [3/6] Write swift-version-24593BA9C3E375BF.txt
#39 22.86 [5/7] Compiling ServiceShared Models.swift
#39 24.82 [6/8] Compiling LLMGatewayService HTTPKernel.swift
#39 25.25 [7/9] Compiling LLMGatewayServer main.swift
#39 25.25 /src/Generated/Server/llm-gateway/main.swift:23:43: error: initializer 'init(_:)' requires that '__socket_type' conform to 'BinaryFloatingPoint'
#39 25.25 21 | 
#39 25.25 22 |     func start() throws {
#39 25.25 23 |         serverFD = socket(Int32(AF_INET), Int32(SOCK_STREAM), 0)
#39 25.25    |                                           `- error: initializer 'init(_:)' requires that '__socket_type' conform to 'BinaryFloatingPoint'
#39 25.25 24 |         guard serverFD >= 0 else { throw RuntimeError.socket }
#39 25.25 25 |         var opt: Int32 = 1
#39 25.25 
#39 25.25 Swift.FixedWidthInteger.init:2:19: note: where 'T' = '__socket_type'
#39 25.25 1 | protocol FixedWidthInteger {
#39 25.25 2 | @inlinable public init<T>(_ source: T) where T : BinaryFloatingPoint}
#39 25.25   |                   `- note: where 'T' = '__socket_type'
#39 25.25 3 | 
#39 ERROR: process "/bin/sh -c swift build -c release --product llm-gateway-server" did not complete successfully: exit code: 1

#35 [planner build 4/4] RUN swift build -c release --product planner-server
#35 ERROR: process "/bin/sh -c swift build -c release --product planner-server" did not complete successfully: exit code: 1

#37 [baseline-awareness build 4/4] RUN swift build -c release --product baseline-awareness-server
#37 ERROR: process "/bin/sh -c swift build -c release --product baseline-awareness-server" did not complete successfully: exit code: 1

#38 [bootstrap build 4/4] RUN swift build -c release --product bootstrap-server
#38 26.87 [8/10] Compiling BootstrapService HTTPKernel.swift
#38 27.09 [9/11] Compiling BootstrapServer main.swift
#38 27.09 /src/Generated/Server/bootstrap/main.swift:23:36: error: cannot convert value of type '__socket_type' to expected argument type 'Int32'
#38 27.09 21 | 
#38 27.09 22 |     func start() throws {
#38 27.09 23 |         serverFD = socket(AF_INET, SOCK_STREAM, 0)
#38 27.09    |                                    `- error: cannot convert value of type '__socket_type' to expected argument type 'Int32'
#38 27.09 24 |         guard serverFD >= 0 else { throw RuntimeError.socket }
#38 27.09 25 |         var opt: Int32 = 1
#38 ERROR: process "/bin/sh -c swift build -c release --product bootstrap-server" did not complete successfully: exit code: 1

#34 [function-caller build 4/4] RUN swift build -c release --product function-caller-server
#34 ...

#36 [tools-factory build 4/4] RUN swift build -c release --product tools-factory-server
#36 CANCELED

#34 [function-caller build 4/4] RUN swift build -c release --product function-caller-server
#34 CANCELED
------
 > [bootstrap build 4/4] RUN swift build -c release --product bootstrap-server:
25.62 [7/9] Compiling BaselineAwarenessService BaselineStore.swift
26.87 [8/10] Compiling BootstrapService HTTPKernel.swift
27.09 [9/11] Compiling BootstrapServer main.swift
27.09 /src/Generated/Server/bootstrap/main.swift:23:36: error: cannot convert value of type '__socket_type' to expected argument type 'Int32'
27.09 21 | 
27.09 22 |     func start() throws {
27.09 23 |         serverFD = socket(AF_INET, SOCK_STREAM, 0)
27.09    |                                    `- error: cannot convert value of type '__socket_type' to expected argument type 'Int32'
27.09 24 |         guard serverFD >= 0 else { throw RuntimeError.socket }
27.09 25 |         var opt: Int32 = 1
------
------
 > [planner build 4/4] RUN swift build -c release --product planner-server:
25.72 23 |         serverFD = socket(Int32(AF_INET), Int32(SOCK_STREAM), 0)
25.72    |                                           `- error: initializer 'init(_:)' requires that '__socket_type' conform to 'BinaryFloatingPoint'
25.72 24 |         guard serverFD >= 0 else { throw RuntimeError.socket }
25.72 25 |         var opt: Int32 = 1
25.72 
25.72 Swift.FixedWidthInteger.init:2:19: note: where 'T' = '__socket_type'
25.72 1 | protocol FixedWidthInteger {
25.72 2 | @inlinable public init<T>(_ source: T) where T : BinaryFloatingPoint}
25.72   |                   `- note: where 'T' = '__socket_type'
25.72 3 | 
------
------
 > [baseline-awareness build 4/4] RUN swift build -c release --product baseline-awareness-server:
22.72 [5/7] Compiling ServiceShared Models.swift
25.67 [6/8] Compiling BaselineAwarenessService BaselineStore.swift
25.98 [7/9] Compiling BaselineAwarenessServer HTTPServer.swift
25.98 /src/Generated/Server/baseline-awareness/main.swift:23:36: error: cannot convert value of type '__socket_type' to expected argument type 'Int32'
25.98  21 | 
25.98  22 |     func start() throws {
25.98  23 |         serverFD = socket(AF_INET, SOCK_STREAM, 0)
25.98     |                                    `- error: cannot convert value of type '__socket_type' to expected argument type 'Int32'
25.98  24 |         guard serverFD >= 0 else { throw RuntimeError.socket }
25.98  25 |         var opt: Int32 = 1
------
------
 > [llm-gateway build 4/4] RUN swift build -c release --product llm-gateway-server:
25.25 23 |         serverFD = socket(Int32(AF_INET), Int32(SOCK_STREAM), 0)
25.25    |                                           `- error: initializer 'init(_:)' requires that '__socket_type' conform to 'BinaryFloatingPoint'
25.25 24 |         guard serverFD >= 0 else { throw RuntimeError.socket }
25.25 25 |         var opt: Int32 = 1
25.25 
25.25 Swift.FixedWidthInteger.init:2:19: note: where 'T' = '__socket_type'
25.25 1 | protocol FixedWidthInteger {
25.25 2 | @inlinable public init<T>(_ source: T) where T : BinaryFloatingPoint}
25.25   |                   `- note: where 'T' = '__socket_type'
25.25 3 | 
------
------
 > [persist build 4/4] RUN swift build -c release --product persist-server:
25.13 23 |         serverFD = socket(Int32(AF_INET), Int32(SOCK_STREAM), 0)
25.13    |                                           `- error: initializer 'init(_:)' requires that '__socket_type' conform to 'BinaryFloatingPoint'
25.13 24 |         guard serverFD >= 0 else { throw RuntimeError.socket }
25.13 25 |         var opt: Int32 = 1
25.13 
25.13 Swift.FixedWidthInteger.init:2:19: note: where 'T' = '__socket_type'
25.13 1 | protocol FixedWidthInteger {
25.13 2 | @inlinable public init<T>(_ source: T) where T : BinaryFloatingPoint}
25.13   |                   `- note: where 'T' = '__socket_type'
25.13 3 | 
------
failed to solve: process "/bin/sh -c swift build -c release --product persist-server" did not complete successfully: exit code: 1
 Network kong-codex_default  Creating
 Network kong-codex_default  Created
 Container kong-codex-kong-1  Creating
 Container kong-codex-typesense-1  Creating
 Container kong-codex-typesense-1  Created
 Container kong-codex-kong-1  Created
Attaching to kong-1, typesense-1
Error response from daemon: mounts denied: 
The path /srv/deploy/repos/kong-codex/kong.conf is not shared from the host and is not known to Docker.
You can configure shared paths from Docker -> Preferences... -> Resources -> File Sharing.
See https://docs.docker.com/desktop/settings/mac/#file-sharing for more info.
 Container kong-codex-typesense-1  Stopping
 Container kong-codex-kong-1  Stopping
 Container kong-codex-kong-1  Stopped
 Container kong-codex-kong-1  Removing
 Container kong-codex-kong-1  Removed
 Container kong-codex-typesense-1  Stopped
 Container kong-codex-typesense-1  Removing
 Container kong-codex-typesense-1  Removed
 Network kong-codex_default  Removing
 Network kong-codex_default  Removed

[2025-07-17T10:00:08.259278] Running integration tests for fountainai...
[2025-07-17T10:01:00.994825] Integration tests for fountainai failed with exit code 1

[2025-07-17T10:01:00.994992] Running integration tests for kong-codex...
[2025-07-17T10:01:11.915274] Integration tests for kong-codex failed with exit code 1
