[2025-07-17T11:38:35.243541] === New Cycle ===
Building for debugging...
[0/430] Compiling s3_pkt.cc
[0/430] Compiling ssl_file.cc
[2/430] Compiling ssl_asn1.cc
[3/430] Compiling ssl_aead_ctx.cc
[4/430] Compiling ssl_cipher.cc
[5/430] Compiling ssl_buffer.cc
[6/430] Compiling ssl_credential.cc
[7/430] Compiling ssl_cert.cc
[8/430] Write swift-version-24593BA9C3E375BF.txt
[9/425] Compiling s3_lib.cc
[10/425] Compiling s3_both.cc
[11/425] Compiling handshake.cc
[12/425] Compiling handshake_server.cc
[13/429] Compiling handoff.cc
[14/429] Compiling handshake_client.cc
[15/431] Compiling encrypted_client_hello.cc
[16/447] Compiling extensions.cc
[18/447] Compiling DequeModule Deque+Equatable.swift
[19/447] Compiling DequeModule Deque+ExpressibleByArrayLiteral.swift
[20/448] Compiling DequeModule _DequeSlot.swift
[21/449] Emitting module LLMGatewayServer
[22/449] Emitting module PersistServer
[23/449] Compiling PersistServer main.swift
/srv/deploy/repos/fountainai/Generated/Server/persist/main.swift:29:36: error: cannot convert value of type '__socket_type' to expected argument type 'Int32'
 27 |         #endif
 28 | 
 29 |         serverFD = socket(AF_INET, socketType, 0)
    |                                    `- error: cannot convert value of type '__socket_type' to expected argument type 'Int32'
 30 |         guard serverFD >= 0 else { throw RuntimeError.socket }
 31 |         var opt: Int32 = 1
[24/449] Emitting module PlannerServer
[25/449] Compiling PlannerServer main.swift
/srv/deploy/repos/fountainai/Generated/Server/planner/main.swift:29:36: error: cannot convert value of type '__socket_type' to expected argument type 'Int32'
 27 |         #endif
 28 | 
 29 |         serverFD = socket(AF_INET, socketType, 0)
    |                                    `- error: cannot convert value of type '__socket_type' to expected argument type 'Int32'
 30 |         guard serverFD >= 0 else { throw RuntimeError.socket }
 31 |         var opt: Int32 = 1
[25/449] Compiling d1_srtp.cc
[25/449] Compiling dtls_method.cc
[25/449] Compiling dtls_record.cc

[2025-07-17T11:38:35.244387] Starting swift build...
[2025-07-17T11:38:40.378378] swift build failed with exit code 1
