[2025-07-17T08:38:42.714790] === New Cycle ===
Building for debugging...
[0/189] Compiling poly1305_arm_asm.S
[1/189] Write swift-version-24593BA9C3E375BF.txt
[2/184] Compiling deterministic.cc
[3/184] Compiling poly1305_vec.cc
[3/184] Compiling poly1305_arm.cc
[4/184] Compiling poly1305.cc
[6/184] Compiling fork_detect.cc
[7/184] Compiling forkunsafe.cc
[8/201] Compiling pool.cc
[10/242] Compiling DequeModule Deque+Hashable.swift
[11/242] Emitting module PlannerServer
[12/243] Compiling DequeModule Deque+ExpressibleByArrayLiteral.swift
[13/244] Emitting module PersistServer
[14/244] Compiling PlannerServer main.swift
/srv/deploy/repos/fountainai/Generated/Server/planner/main.swift:23:36: error: cannot convert value of type '__socket_type' to expected argument type 'Int32'
21 | 
22 |     func start() throws {
23 |         serverFD = socket(AF_INET, SOCK_STREAM, 0)
   |                                    `- error: cannot convert value of type '__socket_type' to expected argument type 'Int32'
24 |         guard serverFD >= 0 else { throw RuntimeError.socket }
25 |         var opt: Int32 = 1
[15/244] Compiling PersistServer main.swift
/srv/deploy/repos/fountainai/Generated/Server/persist/main.swift:23:36: error: cannot convert value of type '__socket_type' to expected argument type 'Int32'
21 | 
22 |     func start() throws {
23 |         serverFD = socket(AF_INET, SOCK_STREAM, 0)
   |                                    `- error: cannot convert value of type '__socket_type' to expected argument type 'Int32'
24 |         guard serverFD >= 0 else { throw RuntimeError.socket }
25 |         var opt: Int32 = 1
[16/244] Emitting module LLMGatewayServer
[17/244] Compiling LLMGatewayServer main.swift
/srv/deploy/repos/fountainai/Generated/Server/llm-gateway/main.swift:23:36: error: cannot convert value of type '__socket_type' to expected argument type 'Int32'
21 | 
22 |     func start() throws {
23 |         serverFD = socket(AF_INET, SOCK_STREAM, 0)
   |                                    `- error: cannot convert value of type '__socket_type' to expected argument type 'Int32'
24 |         guard serverFD >= 0 else { throw RuntimeError.socket }
25 |         var opt: Int32 = 1
[18/244] Compiling DequeModule Deque+Codable.swift
[18/244] Compiling pkcs8_x509.cc

[2025-07-17T08:38:42.715371] Starting swift build...
[2025-07-17T08:38:45.300111] swift build failed with exit code 1
[2025-07-17T08:38:45.421755] [dispatcher] Updated git remote to use token-based authentication.
[2025-07-17T08:38:46.999064] [dispatcher] Running Docker build...
[2025-07-17T08:38:47.000173] [dispatcher] Running tests...
Compose now can delegate build to bake for better performances
Just set COMPOSE_BAKE=true
#0 building with "default" instance using docker driver

#1 [bootstrap internal] load build definition from Dockerfile
#1 transferring dockerfile: 272B done
#1 DONE 0.0s

#2 [tools-factory internal] load build definition from Dockerfile
#2 transferring dockerfile: 284B done
#2 DONE 0.0s

#3 [planner internal] load build definition from Dockerfile
#3 transferring dockerfile: 266B done
#3 DONE 0.0s

#4 [persist internal] load build definition from Dockerfile
#4 transferring dockerfile: 266B done
#4 DONE 0.0s

#5 [llm-gateway internal] load build definition from Dockerfile
#5 transferring dockerfile: 278B done
#5 DONE 0.0s

#6 [baseline-awareness internal] load build definition from Dockerfile
#6 transferring dockerfile: 299B done
#6 DONE 0.1s

#7 [function-caller internal] load build definition from Dockerfile
#7 transferring dockerfile: 290B done
#7 DONE 0.1s

#8 [function-caller internal] load metadata for docker.io/library/ubuntu:22.04
#8 ...

#9 [persist internal] load metadata for docker.io/library/swift:6.1-jammy
#9 DONE 0.7s

#8 [function-caller internal] load metadata for docker.io/library/ubuntu:22.04
#8 DONE 1.2s

#10 [bootstrap internal] load .dockerignore
#10 transferring context: 2B done
#10 DONE 0.0s

#11 [baseline-awareness internal] load .dockerignore
#11 transferring context: 2B done
#11 DONE 0.0s

#12 [persist internal] load .dockerignore
#12 transferring context: 2B done
#12 DONE 0.0s

#13 [tools-factory internal] load .dockerignore
#13 transferring context: 2B done
#13 DONE 0.0s

#14 [llm-gateway build 1/4] FROM docker.io/library/swift:6.1-jammy@sha256:512716edb447938962d96627ff0b9f00d5701bfa61d97a5b5654f07a1482c342
#14 DONE 0.0s

#15 [llm-gateway stage-1 1/2] FROM docker.io/library/ubuntu:22.04@sha256:59ccd419c0dc0edf9e3bff1a3b2b073ea15a2ce4bc45ce7c989278b225b09af3
#15 DONE 0.0s

#16 [function-caller internal] load .dockerignore
#16 transferring context: 2B done
#16 DONE 0.0s

#17 [planner internal] load .dockerignore
#17 transferring context: 2B done
#17 DONE 0.1s

#18 [llm-gateway internal] load .dockerignore
#18 transferring context: 2B done
#18 DONE 0.1s

#19 [llm-gateway internal] load build context
#19 transferring context: 1.57MB 5.0s
#19 ...

#20 [baseline-awareness internal] load build context
#20 ...

#19 [llm-gateway internal] load build context
#19 ...

#21 [function-caller internal] load build context
#21 transferring context: 8.05MB 10.0s
#21 ...

#22 [bootstrap internal] load build context
#22 ...

#23 [tools-factory internal] load build context
#23 ...

#24 [planner internal] load build context
#24 ...

#25 [persist internal] load build context
#25 ...

#24 [planner internal] load build context
#24 transferring context: 8.70MB 13.6s done
#24 ...

#20 [baseline-awareness internal] load build context
#20 transferring context: 8.70MB 14.4s done
#20 DONE 14.6s

#19 [llm-gateway internal] load build context
#19 transferring context: 8.70MB 14.3s done
#19 DONE 14.5s

#23 [tools-factory internal] load build context
#23 transferring context: 8.70MB 14.3s done
#23 DONE 14.6s

#24 [planner internal] load build context
#24 DONE 14.6s

#21 [function-caller internal] load build context
#21 transferring context: 8.70MB 14.3s done
#21 DONE 14.6s

#22 [bootstrap internal] load build context
#22 transferring context: 8.70MB 14.4s done
#22 DONE 14.6s

#25 [persist internal] load build context
#25 transferring context: 8.70MB 14.3s done
#25 DONE 14.6s

#26 [bootstrap build 2/4] WORKDIR /src
#26 CACHED

#27 [persist build 3/4] COPY . .
#27 DONE 16.6s

#28 [bootstrap build 3/4] COPY . .
#28 CACHED

#29 [tools-factory build 3/4] COPY . .
#29 CACHED

#30 [llm-gateway build 3/4] COPY . .
#30 CACHED

#31 [function-caller build 3/4] COPY . .
#31 CACHED

#32 [persist build 3/4] COPY . .
#32 CACHED

#33 [planner build 3/4] COPY . .
#33 CACHED

#34 [llm-gateway build 4/4] RUN swift build -c release --product llm-gateway-server
#34 ...

#35 [function-caller build 4/4] RUN swift build -c release --product function-caller-server
#35 ...

#36 [baseline-awareness build 4/4] RUN swift build -c release --product baseline-awareness-server
#36 ...

#37 [planner build 4/4] RUN swift build -c release --product planner-server
#37 ...

#38 [persist build 4/4] RUN swift build -c release --product persist-server
#38 ...

#39 [bootstrap build 4/4] RUN swift build -c release --product bootstrap-server
#39 ...

#40 [tools-factory build 4/4] RUN swift build -c release --product tools-factory-server
#40 ...

#38 [persist build 4/4] RUN swift build -c release --product persist-server
#38 18.12 Building for production...
#38 18.25 [0/6] Write sources
#38 18.49 [3/6] Write swift-version-24593BA9C3E375BF.txt
#38 ...

#40 [tools-factory build 4/4] RUN swift build -c release --product tools-factory-server
#40 18.17 Building for production...
#40 18.25 [0/14] Write sources
#40 18.71 [5/14] Compiling writer.c
#40 18.84 [6/14] Compiling reader.c
#40 18.91 [7/14] Write swift-version-24593BA9C3E375BF.txt
#40 18.92 [8/14] Compiling api.c
#40 19.39 [9/15] Compiling parser.c
#40 20.12 [10/15] Compiling emitter.c
#40 20.89 [11/15] Compiling scanner.c
#40 ...

#38 [persist build 4/4] RUN swift build -c release --product persist-server
#38 25.63 [5/7] Compiling ServiceShared Models.swift
#38 27.18 [6/8] Compiling PersistService HTTPKernel.swift
#38 27.49 [7/9] Compiling PersistServer main.swift
#38 27.49 /src/Generated/Server/persist/main.swift:23:36: error: cannot convert value of type '__socket_type' to expected argument type 'Int32'
#38 27.49 21 | 
#38 27.49 22 |     func start() throws {
#38 27.49 23 |         serverFD = socket(AF_INET, SOCK_STREAM, 0)
#38 27.49    |                                    `- error: cannot convert value of type '__socket_type' to expected argument type 'Int32'
#38 27.49 24 |         guard serverFD >= 0 else { throw RuntimeError.socket }
#38 27.49 25 |         var opt: Int32 = 1
#38 ERROR: process "/bin/sh -c swift build -c release --product persist-server" did not complete successfully: exit code: 1

#35 [function-caller build 4/4] RUN swift build -c release --product function-caller-server
#35 18.14 Building for production...
#35 18.25 [0/14] Write sources
#35 18.71 [5/14] Compiling writer.c
#35 18.85 [6/14] Compiling reader.c
#35 19.02 [7/14] Compiling parser.c
#35 19.07 [8/14] Compiling api.c
#35 19.08 [9/14] Write swift-version-24593BA9C3E375BF.txt
#35 19.93 [10/15] Compiling emitter.c
#35 20.01 [11/15] Compiling scanner.c
#35 26.40 [13/16] Compiling ServiceShared Models.swift
#35 ...

#34 [llm-gateway build 4/4] RUN swift build -c release --product llm-gateway-server
#34 18.14 Building for production...
#34 18.25 [0/6] Write sources
#34 18.48 [3/6] Write swift-version-24593BA9C3E375BF.txt
#34 25.71 [5/7] Compiling ServiceShared Models.swift
#34 26.95 [6/8] Compiling LLMGatewayService HTTPKernel.swift
#34 27.28 [7/9] Compiling LLMGatewayServer main.swift
#34 27.28 /src/Generated/Server/llm-gateway/main.swift:23:36: error: cannot convert value of type '__socket_type' to expected argument type 'Int32'
#34 27.28 21 | 
#34 27.28 22 |     func start() throws {
#34 27.28 23 |         serverFD = socket(AF_INET, SOCK_STREAM, 0)
#34 27.28    |                                    `- error: cannot convert value of type '__socket_type' to expected argument type 'Int32'
#34 27.28 24 |         guard serverFD >= 0 else { throw RuntimeError.socket }
#34 27.28 25 |         var opt: Int32 = 1
#34 ERROR: process "/bin/sh -c swift build -c release --product llm-gateway-server" did not complete successfully: exit code: 1

#36 [baseline-awareness build 4/4] RUN swift build -c release --product baseline-awareness-server
#36 18.16 Building for production...
#36 18.25 [0/6] Write sources
#36 18.50 [3/6] Write swift-version-24593BA9C3E375BF.txt
#36 25.57 [5/7] Compiling ServiceShared Models.swift
#36 ...

#37 [planner build 4/4] RUN swift build -c release --product planner-server
#37 18.15 Building for production...
#37 18.26 [0/6] Write sources
#37 18.51 [3/6] Write swift-version-24593BA9C3E375BF.txt
#37 25.50 [5/7] Compiling ServiceShared Models.swift
#37 ...

#39 [bootstrap build 4/4] RUN swift build -c release --product bootstrap-server
#39 18.21 Building for production...
#39 18.26 [0/7] Write sources
#39 18.48 [4/7] Write swift-version-24593BA9C3E375BF.txt
#39 25.57 [6/8] Compiling ServiceShared Models.swift
#39 28.37 [7/9] Compiling BaselineAwarenessService BaselineStore.swift
#39 ...

#36 [baseline-awareness build 4/4] RUN swift build -c release --product baseline-awareness-server
#36 CANCELED

#40 [tools-factory build 4/4] RUN swift build -c release --product tools-factory-server
#40 26.59 [13/16] Compiling ServiceShared Models.swift
#40 ...

#39 [bootstrap build 4/4] RUN swift build -c release --product bootstrap-server
#39 CANCELED

#37 [planner build 4/4] RUN swift build -c release --product planner-server
#37 CANCELED

#40 [tools-factory build 4/4] RUN swift build -c release --product tools-factory-server
#40 CANCELED

#35 [function-caller build 4/4] RUN swift build -c release --product function-caller-server
#35 CANCELED
------
 > [persist build 4/4] RUN swift build -c release --product persist-server:
25.63 [5/7] Compiling ServiceShared Models.swift
27.18 [6/8] Compiling PersistService HTTPKernel.swift
27.49 [7/9] Compiling PersistServer main.swift
27.49 /src/Generated/Server/persist/main.swift:23:36: error: cannot convert value of type '__socket_type' to expected argument type 'Int32'
27.49 21 | 
27.49 22 |     func start() throws {
27.49 23 |         serverFD = socket(AF_INET, SOCK_STREAM, 0)
27.49    |                                    `- error: cannot convert value of type '__socket_type' to expected argument type 'Int32'
27.49 24 |         guard serverFD >= 0 else { throw RuntimeError.socket }
27.49 25 |         var opt: Int32 = 1
------
------
 > [llm-gateway build 4/4] RUN swift build -c release --product llm-gateway-server:
25.71 [5/7] Compiling ServiceShared Models.swift
26.95 [6/8] Compiling LLMGatewayService HTTPKernel.swift
27.28 [7/9] Compiling LLMGatewayServer main.swift
27.28 /src/Generated/Server/llm-gateway/main.swift:23:36: error: cannot convert value of type '__socket_type' to expected argument type 'Int32'
27.28 21 | 
27.28 22 |     func start() throws {
27.28 23 |         serverFD = socket(AF_INET, SOCK_STREAM, 0)
27.28    |                                    `- error: cannot convert value of type '__socket_type' to expected argument type 'Int32'
27.28 24 |         guard serverFD >= 0 else { throw RuntimeError.socket }
27.28 25 |         var opt: Int32 = 1
------
failed to solve: process "/bin/sh -c swift build -c release --product persist-server" did not complete successfully: exit code: 1
 Network kong-codex_default  Creating
 Network kong-codex_default  Created
 Container kong-codex-typesense-1  Creating
 Container kong-codex-kong-1  Creating
 Container kong-codex-typesense-1  Created
 Container kong-codex-kong-1  Created
Attaching to kong-1, typesense-1
Gracefully stopping... (press Ctrl+C again to force)
Error response from daemon: mounts denied: 
The path /srv/deploy/repos/kong-codex/kong.conf is not shared from the host and is not known to Docker.
You can configure shared paths from Docker -> Preferences... -> Resources -> File Sharing.
See https://docs.docker.com/desktop/settings/mac/#file-sharing for more info.
 Container kong-codex-typesense-1  Stopping
 Container kong-codex-kong-1  Stopping
 Container kong-codex-kong-1  Stopped
 Container kong-codex-kong-1  Removing
 Container kong-codex-kong-1  Removed
 Container kong-codex-typesense-1  Stopped
 Container kong-codex-typesense-1  Removing
 Container kong-codex-typesense-1  Removed
 Network kong-codex_default  Removing
 Network kong-codex_default  Removed

[2025-07-17T08:38:47.000464] Running integration tests for fountainai...
[2025-07-17T08:39:48.946298] Integration tests for fountainai failed with exit code 1

[2025-07-17T08:39:48.947491] Running integration tests for kong-codex...
[2025-07-17T08:40:00.153092] Integration tests for kong-codex failed with exit code 1
