[2025-07-18T20:54:25.942796] === New Cycle ===
Building for debugging...
[0/42] Write swift-version-24593BA9C3E375BF.txt
[2/61] Compiling LLMGatewayServer main.swift
/srv/deploy/repos/fountainai/Generated/Server/llm-gateway/main.swift:23:33: error: cannot convert value of type '__socket_type' to specified type 'Int32'
 21 | 
 22 |     func start() throws {
 23 |         let socketType: Int32 = SOCK_STREAM
    |                                 `- error: cannot convert value of type '__socket_type' to specified type 'Int32'
 24 | 
 25 |         serverFD = socket(AF_INET, socketType, 0)
[3/61] Compiling PlannerServer main.swift
/srv/deploy/repos/fountainai/Generated/Server/planner/main.swift:23:33: error: cannot convert value of type '__socket_type' to specified type 'Int32'
 21 | 
 22 |     func start() throws {
 23 |         let socketType: Int32 = SOCK_STREAM
    |                                 `- error: cannot convert value of type '__socket_type' to specified type 'Int32'
 24 | 
 25 |         serverFD = socket(AF_INET, socketType, 0)
[4/61] Compiling PersistServer main.swift
/srv/deploy/repos/fountainai/Generated/Server/persist/main.swift:23:33: error: cannot convert value of type '__socket_type' to specified type 'Int32'
 21 | 
 22 |     func start() throws {
 23 |         let socketType: Int32 = SOCK_STREAM
    |                                 `- error: cannot convert value of type '__socket_type' to specified type 'Int32'
 24 | 
 25 |         serverFD = socket(AF_INET, socketType, 0)
[5/61] Emitting module PersistServer
[6/61] Emitting module PlannerServer
[6/61] Compiling bcm.cc
[6/61] Compiling c-nioatomics.c
[6/61] Compiling c-atomics.c

[2025-07-18T20:54:25.943453] Starting swift build...
[2025-07-18T20:54:27.740809] swift build failed with exit code 1
[2025-07-18T20:54:27.917284] [dispatcher] Updated git remote to use token-based authentication.
[2025-07-18T20:54:29.325407] [dispatcher] Running Docker build...
[2025-07-18T20:54:29.326167] [dispatcher] Running tests...
Compose now can delegate build to bake for better performances
Just set COMPOSE_BAKE=true
#0 building with "default" instance using docker driver

#1 [persist internal] load build definition from Dockerfile
#1 transferring dockerfile: 266B done
#1 DONE 0.0s

#2 [planner internal] load build definition from Dockerfile
#2 transferring dockerfile: 266B done
#2 DONE 0.0s

#3 [bootstrap internal] load build definition from Dockerfile
#3 transferring dockerfile: 272B done
#3 DONE 0.0s

#4 [function-caller internal] load build definition from Dockerfile
#4 transferring dockerfile: 290B 0.0s done
#4 DONE 0.0s

#5 [llm-gateway internal] load build definition from Dockerfile
#5 transferring dockerfile: 278B done
#5 DONE 0.0s

#6 [baseline-awareness internal] load build definition from Dockerfile
#6 transferring dockerfile: 299B done
#6 DONE 0.0s

#7 [tools-factory internal] load build definition from Dockerfile
#7 transferring dockerfile: 284B done
#7 DONE 0.0s

#8 [persist internal] load metadata for docker.io/library/ubuntu:22.04
#8 DONE 0.8s

#9 [function-caller internal] load metadata for docker.io/library/swift:6.1-jammy
#9 DONE 0.8s

#10 [llm-gateway internal] load .dockerignore
#10 transferring context: 2B 0.0s done
#10 DONE 0.1s

#11 [persist internal] load .dockerignore
#11 transferring context: 2B 0.0s done
#11 DONE 0.1s

#12 [tools-factory internal] load .dockerignore
#12 transferring context: 2B 0.0s done
#12 DONE 0.1s

#13 [bootstrap internal] load .dockerignore
#13 transferring context: 2B 0.0s done
#13 DONE 0.1s

#14 [function-caller internal] load .dockerignore
#14 transferring context: 2B 0.0s done
#14 DONE 0.1s

#15 [llm-gateway internal] load build context
#15 DONE 0.0s

#16 [baseline-awareness internal] load .dockerignore
#16 transferring context: 2B 0.0s done
#16 DONE 0.1s

#17 [persist internal] load build context
#17 DONE 0.0s

#18 [bootstrap internal] load build context
#18 DONE 0.0s

#19 [planner internal] load .dockerignore
#19 transferring context: 2B 0.0s done
#19 DONE 0.1s

#20 [tools-factory internal] load build context
#20 DONE 0.0s

#21 [function-caller internal] load build context
#21 DONE 0.0s

#22 [baseline-awareness stage-1 1/2] FROM docker.io/library/ubuntu:22.04@sha256:1ec65b2719518e27d4d25f104d93f9fac60dc437f81452302406825c46fcc9cb
#22 resolve docker.io/library/ubuntu:22.04@sha256:1ec65b2719518e27d4d25f104d93f9fac60dc437f81452302406825c46fcc9cb
#22 resolve docker.io/library/ubuntu:22.04@sha256:1ec65b2719518e27d4d25f104d93f9fac60dc437f81452302406825c46fcc9cb 0.0s done
#22 CACHED

#23 [planner build 1/4] FROM docker.io/library/swift:6.1-jammy@sha256:512716edb447938962d96627ff0b9f00d5701bfa61d97a5b5654f07a1482c342
#23 resolve docker.io/library/swift:6.1-jammy@sha256:512716edb447938962d96627ff0b9f00d5701bfa61d97a5b5654f07a1482c342 0.0s done
#23 DONE 0.0s

#20 [tools-factory internal] load build context
#20 transferring context: 1.82MB 5.0s
#20 ...

#24 [planner internal] load build context
#24 ...

#20 [tools-factory internal] load build context
#20 transferring context: 9.09MB 10.0s
#20 ...

#18 [bootstrap internal] load build context
#18 ...

#17 [persist internal] load build context
#17 ...

#21 [function-caller internal] load build context
#21 ...

#15 [llm-gateway internal] load build context
#15 ...

#25 [baseline-awareness internal] load build context
#25 ...

#15 [llm-gateway internal] load build context
#15 ...

#17 [persist internal] load build context
#17 transferring context: 9.69MB 12.0s done
#17 DONE 14.4s

#15 [llm-gateway internal] load build context
#15 transferring context: 9.69MB 14.2s done
#15 ...

#26 [bootstrap build 2/4] WORKDIR /src
#26 CACHED

#25 [baseline-awareness internal] load build context
#25 transferring context: 9.69MB 14.2s done
#25 DONE 14.5s

#15 [llm-gateway internal] load build context
#15 DONE 14.5s

#21 [function-caller internal] load build context
#21 transferring context: 9.69MB 14.2s done
#21 DONE 14.5s

#18 [bootstrap internal] load build context
#18 transferring context: 9.69MB 14.2s done
#18 DONE 14.5s

#20 [tools-factory internal] load build context
#20 transferring context: 9.69MB 14.2s done
#20 DONE 14.5s

#24 [planner internal] load build context
#24 transferring context: 9.69MB 14.2s done
#24 DONE 14.5s

#27 [tools-factory build 3/4] COPY . .
#27 DONE 12.1s

#28 [planner build 3/4] COPY . .
#28 CACHED

#29 [baseline-awareness build 3/4] COPY . .
#29 CACHED

#30 [function-caller build 3/4] COPY . .
#30 CACHED

#31 [bootstrap build 3/4] COPY . .
#31 CACHED

#32 [llm-gateway build 3/4] COPY . .
#32 CACHED

#33 [tools-factory build 3/4] COPY . .
#33 CACHED

#34 [function-caller build 4/4] RUN swift build -c release --product function-caller-server
#34 ...

#35 [planner build 4/4] RUN swift build -c release --product planner-server
#35 ...

#36 [tools-factory build 4/4] RUN swift build -c release --product tools-factory-server
#36 ...

#37 [persist build 4/4] RUN swift build -c release --product persist-server
#37 ...

#38 [baseline-awareness build 4/4] RUN swift build -c release --product baseline-awareness-server
#38 ...

#39 [bootstrap build 4/4] RUN swift build -c release --product bootstrap-server
#39 ...

#40 [llm-gateway build 4/4] RUN swift build -c release --product llm-gateway-server
#40 15.75 Building for production...
#40 ...

#38 [baseline-awareness build 4/4] RUN swift build -c release --product baseline-awareness-server
#38 15.79 Building for production...
#38 15.86 [0/6] Write sources
#38 16.07 [3/6] Write swift-version-24593BA9C3E375BF.txt
#38 21.22 [5/7] Compiling ServiceShared Models.swift
#38 ...

#36 [tools-factory build 4/4] RUN swift build -c release --product tools-factory-server
#36 15.80 Building for production...
#36 15.86 [0/14] Write sources
#36 16.20 [5/14] Compiling reader.c
#36 16.21 [6/14] Compiling writer.c
#36 16.39 [7/14] Compiling parser.c
#36 16.51 [8/14] Compiling api.c
#36 16.87 [9/14] Compiling emitter.c
#36 17.41 [10/14] Compiling scanner.c
#36 17.42 [11/14] Write swift-version-24593BA9C3E375BF.txt
#36 ...

#34 [function-caller build 4/4] RUN swift build -c release --product function-caller-server
#34 15.78 Building for production...
#34 15.88 [0/14] Write sources
#34 16.20 [5/14] Compiling writer.c
#34 16.26 [6/14] Compiling reader.c
#34 16.48 [7/14] Compiling parser.c
#34 16.48 [8/14] Compiling api.c
#34 16.88 [9/14] Compiling emitter.c
#34 16.88 [10/14] Write swift-version-24593BA9C3E375BF.txt
#34 17.37 [11/15] Compiling scanner.c
#34 21.72 [13/16] Compiling ServiceShared Models.swift
#34 ...

#40 [llm-gateway build 4/4] RUN swift build -c release --product llm-gateway-server
#40 15.86 [0/6] Write sources
#40 16.04 [3/6] Write swift-version-24593BA9C3E375BF.txt
#40 21.29 [5/7] Compiling ServiceShared Models.swift
#40 22.42 [6/8] Compiling LLMGatewayService HTTPKernel.swift
#40 22.76 [7/9] Compiling LLMGatewayServer main.swift
#40 22.76 /src/Generated/Server/llm-gateway/main.swift:23:33: error: cannot convert value of type '__socket_type' to specified type 'Int32'
#40 22.76  21 | 
#40 22.76  22 |     func start() throws {
#40 22.76  23 |         let socketType: Int32 = SOCK_STREAM
#40 22.76     |                                 `- error: cannot convert value of type '__socket_type' to specified type 'Int32'
#40 22.76  24 | 
#40 22.76  25 |         serverFD = socket(AF_INET, socketType, 0)
#40 ERROR: process "/bin/sh -c swift build -c release --product llm-gateway-server" did not complete successfully: exit code: 1

#37 [persist build 4/4] RUN swift build -c release --product persist-server
#37 15.82 Building for production...
#37 15.86 [0/6] Write sources
#37 16.04 [3/6] Write swift-version-24593BA9C3E375BF.txt
#37 21.39 [5/7] Compiling ServiceShared Models.swift
#37 22.65 [6/8] Compiling PersistService HTTPKernel.swift
#37 22.88 [7/9] Compiling PersistServer main.swift
#37 22.88 /src/Generated/Server/persist/main.swift:23:33: error: cannot convert value of type '__socket_type' to specified type 'Int32'
#37 22.88  21 | 
#37 22.88  22 |     func start() throws {
#37 22.88  23 |         let socketType: Int32 = SOCK_STREAM
#37 22.88     |                                 `- error: cannot convert value of type '__socket_type' to specified type 'Int32'
#37 22.88  24 | 
#37 22.88  25 |         serverFD = socket(AF_INET, socketType, 0)
#37 ERROR: process "/bin/sh -c swift build -c release --product persist-server" did not complete successfully: exit code: 1

#36 [tools-factory build 4/4] RUN swift build -c release --product tools-factory-server
#36 23.15 [13/16] Compiling ServiceShared Models.swift
#36 ...

#35 [planner build 4/4] RUN swift build -c release --product planner-server
#35 15.76 Building for production...
#35 15.86 [0/6] Write sources
#35 16.03 [3/6] Write swift-version-24593BA9C3E375BF.txt
#35 21.22 [5/7] Compiling ServiceShared Models.swift
#35 23.18 [6/8] Compiling PlannerService HTTPKernel.swift
#35 CANCELED

#38 [baseline-awareness build 4/4] RUN swift build -c release --product baseline-awareness-server
#38 CANCELED

#39 [bootstrap build 4/4] RUN swift build -c release --product bootstrap-server
#39 15.81 Building for production...
#39 15.86 [0/7] Write sources
#39 16.07 [4/7] Write swift-version-24593BA9C3E375BF.txt
#39 21.40 [6/8] Compiling ServiceShared Models.swift
#39 CANCELED

#34 [function-caller build 4/4] RUN swift build -c release --product function-caller-server
#34 CANCELED

#36 [tools-factory build 4/4] RUN swift build -c release --product tools-factory-server
#36 CANCELED
------
 > [persist build 4/4] RUN swift build -c release --product persist-server:
21.39 [5/7] Compiling ServiceShared Models.swift
22.65 [6/8] Compiling PersistService HTTPKernel.swift
22.88 [7/9] Compiling PersistServer main.swift
22.88 /src/Generated/Server/persist/main.swift:23:33: error: cannot convert value of type '__socket_type' to specified type 'Int32'
22.88  21 | 
22.88  22 |     func start() throws {
22.88  23 |         let socketType: Int32 = SOCK_STREAM
22.88     |                                 `- error: cannot convert value of type '__socket_type' to specified type 'Int32'
22.88  24 | 
22.88  25 |         serverFD = socket(AF_INET, socketType, 0)
------
------
 > [llm-gateway build 4/4] RUN swift build -c release --product llm-gateway-server:
21.29 [5/7] Compiling ServiceShared Models.swift
22.42 [6/8] Compiling LLMGatewayService HTTPKernel.swift
22.76 [7/9] Compiling LLMGatewayServer main.swift
22.76 /src/Generated/Server/llm-gateway/main.swift:23:33: error: cannot convert value of type '__socket_type' to specified type 'Int32'
22.76  21 | 
22.76  22 |     func start() throws {
22.76  23 |         let socketType: Int32 = SOCK_STREAM
22.76     |                                 `- error: cannot convert value of type '__socket_type' to specified type 'Int32'
22.76  24 | 
22.76  25 |         serverFD = socket(AF_INET, socketType, 0)
------
failed to solve: process "/bin/sh -c swift build -c release --product llm-gateway-server" did not complete successfully: exit code: 1
 Network kong-codex_default  Creating
 Network kong-codex_default  Created
 Container kong-codex-kong-1  Creating
 Container kong-codex-typesense-1  Creating
 Container kong-codex-typesense-1  Created
 Container kong-codex-kong-1  Created
Attaching to kong-1, typesense-1
Gracefully stopping... (press Ctrl+C again to force)
Error response from daemon: mounts denied: 
The path /srv/deploy/repos/kong-codex/kong.conf is not shared from the host and is not known to Docker.
You can configure shared paths from Docker -> Preferences... -> Resources -> File Sharing.
See https://docs.docker.com/go/mac-file-sharing/ for more info.
 Container kong-codex-kong-1  Stopping
 Container kong-codex-typesense-1  Stopping
 Container kong-codex-kong-1  Stopped
 Container kong-codex-kong-1  Removing
 Container kong-codex-kong-1  Removed
 Container kong-codex-typesense-1  Stopped
 Container kong-codex-typesense-1  Removing
 Container kong-codex-typesense-1  Removed
 Network kong-codex_default  Removing
 Network kong-codex_default  Removed

[2025-07-18T20:54:29.326439] Running integration tests for fountainai...
[2025-07-18T20:55:20.668771] Integration tests for fountainai failed with exit code 1

[2025-07-18T20:55:20.669050] Running integration tests for kong-codex...
[2025-07-18T20:55:22.678503] Integration tests for kong-codex failed with exit code 1
