[2025-07-17T10:14:53.578359] === New Cycle ===
Building for debugging...
[0/317] Compiling bn-586-linux.S
[0/317] Compiling bn-armv8-apple.S
[0/317] Compiling bn-586-apple.S
[3/317] Compiling armv8-mont-win.S
[4/317] Compiling armv8-mont-linux.S
[5/317] Compiling armv8-mont-apple.S
[6/317] Compiling armv4-mont-linux.S
[7/317] Write swift-version-24593BA9C3E375BF.txt
[8/312] Compiling aesv8-gcm-armv8-win.S
[9/312] Compiling aesv8-gcm-armv8-apple.S
[10/312] Compiling aesv8-gcm-armv8-linux.S
[12/319] Emitting module PersistServer
[13/319] Compiling PersistServer main.swift
/srv/deploy/repos/fountainai/Generated/Server/persist/main.swift:23:43: error: initializer 'init(_:)' requires that '__socket_type' conform to 'BinaryFloatingPoint'
21 | 
22 |     func start() throws {
23 |         serverFD = socket(Int32(AF_INET), Int32(SOCK_STREAM), 0)
   |                                           `- error: initializer 'init(_:)' requires that '__socket_type' conform to 'BinaryFloatingPoint'
24 |         guard serverFD >= 0 else { throw RuntimeError.socket }
25 |         var opt: Int32 = 1

Swift.FixedWidthInteger.init:2:19: note: where 'T' = '__socket_type'
1 | protocol FixedWidthInteger {
2 | @inlinable public init<T>(_ source: T) where T : BinaryFloatingPoint}
  |                   `- note: where 'T' = '__socket_type'
3 | 
[13/319] Compiling d1_srtp.cc
[13/319] Compiling d1_pkt.cc
[13/319] Compiling d1_both.cc
[13/319] Compiling dtls_method.cc
[13/319] Compiling d1_lib.cc
[14/319] Emitting module PlannerServer

[2025-07-17T10:14:53.579341] Starting swift build...
[2025-07-17T10:14:55.470489] swift build failed with exit code 1
[2025-07-17T10:14:55.618379] [dispatcher] Updated git remote to use token-based authentication.
[2025-07-17T10:14:57.350819] [dispatcher] Running Docker build...
[2025-07-17T10:14:57.352897] [dispatcher] Running tests...
Compose now can delegate build to bake for better performances
Just set COMPOSE_BAKE=true
#0 building with "default" instance using docker driver

#1 [baseline-awareness internal] load build definition from Dockerfile
#1 transferring dockerfile: 299B done
#1 DONE 0.0s

#2 [llm-gateway internal] load build definition from Dockerfile
#2 transferring dockerfile: 278B done
#2 DONE 0.0s

#3 [planner internal] load build definition from Dockerfile
#3 transferring dockerfile: 266B done
#3 DONE 0.0s

#4 [bootstrap internal] load build definition from Dockerfile
#4 transferring dockerfile: 272B done
#4 DONE 0.0s

#5 [function-caller internal] load build definition from Dockerfile
#5 transferring dockerfile: 290B done
#5 DONE 0.0s

#6 [tools-factory internal] load build definition from Dockerfile
#6 transferring dockerfile: 284B done
#6 DONE 0.0s

#7 [persist internal] load build definition from Dockerfile
#7 transferring dockerfile: 266B done
#7 DONE 0.0s

#8 [persist internal] load metadata for docker.io/library/ubuntu:22.04
#8 DONE 1.5s

#9 [baseline-awareness internal] load metadata for docker.io/library/swift:6.1-jammy
#9 DONE 1.5s

#10 [baseline-awareness internal] load .dockerignore
#10 transferring context: 2B done
#10 DONE 0.0s

#11 [persist internal] load .dockerignore
#11 transferring context: 2B done
#11 DONE 0.0s

#12 [bootstrap internal] load .dockerignore
#12 transferring context: 2B done
#12 DONE 0.0s

#13 [tools-factory internal] load .dockerignore
#13 transferring context: 2B done
#13 DONE 0.0s

#14 [function-caller build 1/4] FROM docker.io/library/swift:6.1-jammy@sha256:512716edb447938962d96627ff0b9f00d5701bfa61d97a5b5654f07a1482c342
#14 DONE 0.0s

#15 [planner internal] load .dockerignore
#15 transferring context: 2B done
#15 DONE 0.0s

#16 [function-caller stage-1 1/2] FROM docker.io/library/ubuntu:22.04@sha256:59ccd419c0dc0edf9e3bff1a3b2b073ea15a2ce4bc45ce7c989278b225b09af3
#16 DONE 0.0s

#17 [llm-gateway internal] load .dockerignore
#17 transferring context: 2B done
#17 DONE 0.0s

#18 [function-caller internal] load .dockerignore
#18 transferring context: 2B done
#18 DONE 0.1s

#19 [bootstrap internal] load build context
#19 transferring context: 1.07MB 5.1s
#19 ...

#20 [persist internal] load build context
#20 ...

#21 [tools-factory internal] load build context
#21 ...

#20 [persist internal] load build context
#20 ...

#22 [function-caller internal] load build context
#22 transferring context: 7.65MB 9.6s
#22 ...

#23 [planner internal] load build context
#23 ...

#24 [baseline-awareness internal] load build context
#24 ...

#25 [llm-gateway internal] load build context
#25 ...

#24 [baseline-awareness internal] load build context
#24 transferring context: 7.70MB 10.7s done
#24 ...

#19 [bootstrap internal] load build context
#19 transferring context: 7.70MB 10.7s done
#19 DONE 11.0s

#21 [tools-factory internal] load build context
#21 transferring context: 7.70MB 10.7s done
#21 DONE 11.0s

#22 [function-caller internal] load build context
#22 transferring context: 7.70MB 10.2s done
#22 DONE 10.9s

#20 [persist internal] load build context
#20 transferring context: 7.70MB 10.7s done
#20 DONE 11.0s

#23 [planner internal] load build context
#23 transferring context: 7.70MB 10.7s done
#23 DONE 11.0s

#24 [baseline-awareness internal] load build context
#24 DONE 11.0s

#25 [llm-gateway internal] load build context
#25 transferring context: 7.70MB 10.7s done
#25 DONE 11.0s

#26 [persist build 2/4] WORKDIR /src
#26 CACHED

#27 [function-caller build 3/4] COPY . .
#27 DONE 12.3s

#28 [persist build 3/4] COPY . .
#28 CACHED

#29 [llm-gateway build 3/4] COPY . .
#29 CACHED

#30 [tools-factory build 3/4] COPY . .
#30 CACHED

#31 [planner build 3/4] COPY . .
#31 CACHED

#32 [baseline-awareness build 3/4] COPY . .
#32 CACHED

#33 [function-caller build 3/4] COPY . .
#33 CACHED

#34 [function-caller build 4/4] RUN swift build -c release --product function-caller-server
#34 ...

#35 [baseline-awareness build 4/4] RUN swift build -c release --product baseline-awareness-server
#35 ...

#36 [bootstrap build 4/4] RUN swift build -c release --product bootstrap-server
#36 ...

#37 [persist build 4/4] RUN swift build -c release --product persist-server
#37 ...

#38 [llm-gateway build 4/4] RUN swift build -c release --product llm-gateway-server
#38 ...

#39 [planner build 4/4] RUN swift build -c release --product planner-server
#39 ...

#40 [tools-factory build 4/4] RUN swift build -c release --product tools-factory-server
#40 ...

#38 [llm-gateway build 4/4] RUN swift build -c release --product llm-gateway-server
#38 16.78 Building for production...
#38 16.90 [0/6] Write sources
#38 17.27 [3/6] Write swift-version-24593BA9C3E375BF.txt
#38 ...

#40 [tools-factory build 4/4] RUN swift build -c release --product tools-factory-server
#40 16.83 Building for production...
#40 16.90 [0/14] Write sources
#40 17.61 [5/14] Compiling writer.c
#40 17.65 [6/14] Compiling reader.c
#40 17.81 [7/14] Compiling parser.c
#40 17.91 [8/14] Compiling api.c
#40 18.28 [9/14] Compiling emitter.c
#40 18.73 [10/14] Compiling scanner.c
#40 18.73 [11/14] Write swift-version-24593BA9C3E375BF.txt
#40 ...

#38 [llm-gateway build 4/4] RUN swift build -c release --product llm-gateway-server
#38 24.55 [5/7] Compiling ServiceShared Models.swift
#38 26.56 [6/8] Compiling LLMGatewayService HTTPKernel.swift
#38 ...

#37 [persist build 4/4] RUN swift build -c release --product persist-server
#37 16.80 Building for production...
#37 16.90 [0/6] Write sources
#37 17.27 [3/6] Write swift-version-24593BA9C3E375BF.txt
#37 24.54 [5/7] Compiling ServiceShared Models.swift
#37 26.73 [6/8] Compiling PersistService HTTPKernel.swift
#37 ...

#34 [function-caller build 4/4] RUN swift build -c release --product function-caller-server
#34 16.80 Building for production...
#34 16.91 [0/14] Write sources
#34 17.27 [5/14] Write swift-version-24593BA9C3E375BF.txt
#34 17.63 [6/15] Compiling writer.c
#34 17.69 [7/15] Compiling reader.c
#34 17.75 [8/15] Compiling api.c
#34 17.95 [9/15] Compiling parser.c
#34 18.43 [10/15] Compiling emitter.c
#34 18.46 [11/15] Compiling scanner.c
#34 24.84 [13/16] Compiling ServiceShared Models.swift
#34 ...

#36 [bootstrap build 4/4] RUN swift build -c release --product bootstrap-server
#36 16.80 Building for production...
#36 16.89 [0/7] Write sources
#36 17.29 [4/7] Write swift-version-24593BA9C3E375BF.txt
#36 24.83 [6/8] Compiling ServiceShared Models.swift
#36 ...

#35 [baseline-awareness build 4/4] RUN swift build -c release --product baseline-awareness-server
#35 16.84 Building for production...
#35 16.90 [0/6] Write sources
#35 17.29 [3/6] Write swift-version-24593BA9C3E375BF.txt
#35 24.54 [5/7] Compiling ServiceShared Models.swift
#35 ...

#36 [bootstrap build 4/4] RUN swift build -c release --product bootstrap-server
#36 27.25 [7/9] Compiling BaselineAwarenessService BaselineStore.swift
#36 ...

#38 [llm-gateway build 4/4] RUN swift build -c release --product llm-gateway-server
#38 26.98 [7/9] Compiling LLMGatewayServer main.swift
#38 26.98 /src/Generated/Server/llm-gateway/main.swift:23:43: error: initializer 'init(_:)' requires that '__socket_type' conform to 'BinaryFloatingPoint'
#38 26.98 21 | 
#38 26.98 22 |     func start() throws {
#38 26.98 23 |         serverFD = socket(Int32(AF_INET), Int32(SOCK_STREAM), 0)
#38 26.98    |                                           `- error: initializer 'init(_:)' requires that '__socket_type' conform to 'BinaryFloatingPoint'
#38 26.98 24 |         guard serverFD >= 0 else { throw RuntimeError.socket }
#38 26.98 25 |         var opt: Int32 = 1
#38 26.98 
#38 26.98 Swift.FixedWidthInteger.init:2:19: note: where 'T' = '__socket_type'
#38 26.98 1 | protocol FixedWidthInteger {
#38 26.98 2 | @inlinable public init<T>(_ source: T) where T : BinaryFloatingPoint}
#38 26.98   |                   `- note: where 'T' = '__socket_type'
#38 26.98 3 | 
#38 ERROR: process "/bin/sh -c swift build -c release --product llm-gateway-server" did not complete successfully: exit code: 1

#37 [persist build 4/4] RUN swift build -c release --product persist-server
#37 27.19 [7/9] Compiling PersistServer main.swift
#37 27.19 /src/Generated/Server/persist/main.swift:23:43: error: initializer 'init(_:)' requires that '__socket_type' conform to 'BinaryFloatingPoint'
#37 27.19 21 | 
#37 27.19 22 |     func start() throws {
#37 27.19 23 |         serverFD = socket(Int32(AF_INET), Int32(SOCK_STREAM), 0)
#37 27.19    |                                           `- error: initializer 'init(_:)' requires that '__socket_type' conform to 'BinaryFloatingPoint'
#37 27.19 24 |         guard serverFD >= 0 else { throw RuntimeError.socket }
#37 27.19 25 |         var opt: Int32 = 1
#37 27.19 
#37 27.19 Swift.FixedWidthInteger.init:2:19: note: where 'T' = '__socket_type'
#37 27.19 1 | protocol FixedWidthInteger {
#37 27.19 2 | @inlinable public init<T>(_ source: T) where T : BinaryFloatingPoint}
#37 27.19   |                   `- note: where 'T' = '__socket_type'
#37 27.19 3 | 
#37 ERROR: process "/bin/sh -c swift build -c release --product persist-server" did not complete successfully: exit code: 1

#35 [baseline-awareness build 4/4] RUN swift build -c release --product baseline-awareness-server
#35 27.62 [6/8] Compiling BaselineAwarenessService BaselineStore.swift
#35 ...

#39 [planner build 4/4] RUN swift build -c release --product planner-server
#39 18.41 Building for production...
#39 18.47 [0/6] Write sources
#39 18.69 [3/6] Write swift-version-24593BA9C3E375BF.txt
#39 25.13 [5/7] Compiling ServiceShared Models.swift
#39 27.32 [6/8] Compiling PlannerService HTTPKernel.swift
#39 27.80 [7/9] Compiling PlannerServer main.swift
#39 27.80 /src/Generated/Server/planner/main.swift:23:43: error: initializer 'init(_:)' requires that '__socket_type' conform to 'BinaryFloatingPoint'
#39 27.80 21 | 
#39 27.80 22 |     func start() throws {
#39 27.80 23 |         serverFD = socket(Int32(AF_INET), Int32(SOCK_STREAM), 0)
#39 27.80    |                                           `- error: initializer 'init(_:)' requires that '__socket_type' conform to 'BinaryFloatingPoint'
#39 27.80 24 |         guard serverFD >= 0 else { throw RuntimeError.socket }
#39 27.80 25 |         var opt: Int32 = 1
#39 27.80 
#39 27.80 Swift.FixedWidthInteger.init:2:19: note: where 'T' = '__socket_type'
#39 27.80 1 | protocol FixedWidthInteger {
#39 27.80 2 | @inlinable public init<T>(_ source: T) where T : BinaryFloatingPoint}
#39 27.80   |                   `- note: where 'T' = '__socket_type'
#39 27.80 3 | 
#39 ERROR: process "/bin/sh -c swift build -c release --product planner-server" did not complete successfully: exit code: 1

#40 [tools-factory build 4/4] RUN swift build -c release --product tools-factory-server
#40 26.30 [13/16] Compiling ServiceShared Models.swift
#40 CANCELED

#36 [bootstrap build 4/4] RUN swift build -c release --product bootstrap-server
#36 CANCELED

#35 [baseline-awareness build 4/4] RUN swift build -c release --product baseline-awareness-server
#35 CANCELED

#34 [function-caller build 4/4] RUN swift build -c release --product function-caller-server
#34 CANCELED
------
 > [planner build 4/4] RUN swift build -c release --product planner-server:
27.80 23 |         serverFD = socket(Int32(AF_INET), Int32(SOCK_STREAM), 0)
27.80    |                                           `- error: initializer 'init(_:)' requires that '__socket_type' conform to 'BinaryFloatingPoint'
27.80 24 |         guard serverFD >= 0 else { throw RuntimeError.socket }
27.80 25 |         var opt: Int32 = 1
27.80 
27.80 Swift.FixedWidthInteger.init:2:19: note: where 'T' = '__socket_type'
27.80 1 | protocol FixedWidthInteger {
27.80 2 | @inlinable public init<T>(_ source: T) where T : BinaryFloatingPoint}
27.80   |                   `- note: where 'T' = '__socket_type'
27.80 3 | 
------
------
 > [persist build 4/4] RUN swift build -c release --product persist-server:
27.19 23 |         serverFD = socket(Int32(AF_INET), Int32(SOCK_STREAM), 0)
27.19    |                                           `- error: initializer 'init(_:)' requires that '__socket_type' conform to 'BinaryFloatingPoint'
27.19 24 |         guard serverFD >= 0 else { throw RuntimeError.socket }
27.19 25 |         var opt: Int32 = 1
27.19 
27.19 Swift.FixedWidthInteger.init:2:19: note: where 'T' = '__socket_type'
27.19 1 | protocol FixedWidthInteger {
27.19 2 | @inlinable public init<T>(_ source: T) where T : BinaryFloatingPoint}
27.19   |                   `- note: where 'T' = '__socket_type'
27.19 3 | 
------
------
 > [llm-gateway build 4/4] RUN swift build -c release --product llm-gateway-server:
26.98 23 |         serverFD = socket(Int32(AF_INET), Int32(SOCK_STREAM), 0)
26.98    |                                           `- error: initializer 'init(_:)' requires that '__socket_type' conform to 'BinaryFloatingPoint'
26.98 24 |         guard serverFD >= 0 else { throw RuntimeError.socket }
26.98 25 |         var opt: Int32 = 1
26.98 
26.98 Swift.FixedWidthInteger.init:2:19: note: where 'T' = '__socket_type'
26.98 1 | protocol FixedWidthInteger {
26.98 2 | @inlinable public init<T>(_ source: T) where T : BinaryFloatingPoint}
26.98   |                   `- note: where 'T' = '__socket_type'
26.98 3 | 
------
failed to solve: process "/bin/sh -c swift build -c release --product llm-gateway-server" did not complete successfully: exit code: 1
 Network kong-codex_default  Creating
 Network kong-codex_default  Created
 Container kong-codex-kong-1  Creating
 Container kong-codex-typesense-1  Creating
 Container kong-codex-kong-1  Created
 Container kong-codex-typesense-1  Created
Attaching to kong-1, typesense-1
Gracefully stopping... (press Ctrl+C again to force)
Error response from daemon: mounts denied: 
The path /srv/deploy/repos/kong-codex/kong.conf is not shared from the host and is not known to Docker.
You can configure shared paths from Docker -> Preferences... -> Resources -> File Sharing.
See https://docs.docker.com/desktop/settings/mac/#file-sharing for more info.
 Container kong-codex-typesense-1  Stopping
 Container kong-codex-kong-1  Stopping
 Container kong-codex-kong-1  Stopped
 Container kong-codex-kong-1  Removing
 Container kong-codex-kong-1  Removed
 Container kong-codex-typesense-1  Stopped
 Container kong-codex-typesense-1  Removing
 Container kong-codex-typesense-1  Removed
 Network kong-codex_default  Removing
 Network kong-codex_default  Removed

[2025-07-17T10:14:57.353419] Running integration tests for fountainai...
[2025-07-17T10:15:51.069763] Integration tests for fountainai failed with exit code 1

[2025-07-17T10:15:51.070045] Running integration tests for kong-codex...
[2025-07-17T10:16:01.974648] Integration tests for kong-codex failed with exit code 1
