[2025-07-17T07:57:40.098491] === New Cycle ===
Building for debugging...
[0/364] Compiling sha512-586-linux.S
[0/365] Compiling sha512-armv4-linux.S
[0/370] Compiling sha256-x86_64-linux.S
[0/369] Compiling sha512-586-apple.S
[4/370] Compiling sha256-armv8-win.S
[5/370] Compiling sha256-x86_64-apple.S
[6/370] Compiling sha256-armv8-linux.S
[7/370] Write swift-version-24593BA9C3E375BF.txt
[8/365] Compiling sha256-armv8-apple.S
[9/365] Compiling sha256-armv4-linux.S
[11/369] Emitting module PlannerServer
[12/369] Compiling PlannerServer main.swift
/srv/deploy/repos/fountainai/Generated/Server/planner/main.swift:23:36: error: cannot convert value of type '__socket_type' to expected argument type 'Int32'
21 | 
22 |     func start() throws {
23 |         serverFD = socket(AF_INET, SOCK_STREAM, 0)
   |                                    `- error: cannot convert value of type '__socket_type' to expected argument type 'Int32'
24 |         guard serverFD >= 0 else { throw RuntimeError.socket }
25 |         var opt: Int32 = 1
[13/369] Emitting module PersistServer
[14/369] Compiling PersistServer main.swift
/srv/deploy/repos/fountainai/Generated/Server/persist/main.swift:23:36: error: cannot convert value of type '__socket_type' to expected argument type 'Int32'
21 | 
22 |     func start() throws {
23 |         serverFD = socket(AF_INET, SOCK_STREAM, 0)
   |                                    `- error: cannot convert value of type '__socket_type' to expected argument type 'Int32'
24 |         guard serverFD >= 0 else { throw RuntimeError.socket }
25 |         var opt: Int32 = 1
[14/369] Compiling d1_srtp.cc
[14/369] Compiling d1_lib.cc
[14/369] Compiling dtls_record.cc
[14/369] Compiling d1_pkt.cc
[14/369] Compiling d1_both.cc
[14/369] Compiling dtls_method.cc

[2025-07-17T07:57:40.099591] Starting swift build...
[2025-07-17T07:57:42.179596] swift build failed with exit code 1
[2025-07-17T07:57:42.306040] [dispatcher] Updated git remote to use token-based authentication.
[2025-07-17T07:57:44.460919] [dispatcher] Running Docker build...
[2025-07-17T07:57:44.462081] [dispatcher] Running tests...
Compose now can delegate build to bake for better performances
Just set COMPOSE_BAKE=true
#0 building with "default" instance using docker driver

#1 [persist internal] load build definition from Dockerfile
#1 transferring dockerfile: 266B 0.0s done
#1 DONE 0.0s

#2 [baseline-awareness internal] load build definition from Dockerfile
#2 transferring dockerfile: 299B 0.0s done
#2 DONE 0.1s

#3 [llm-gateway internal] load build definition from Dockerfile
#3 transferring dockerfile: 278B 0.0s done
#3 DONE 0.1s

#4 [tools-factory internal] load build definition from Dockerfile
#4 transferring dockerfile: 284B 0.0s done
#4 DONE 0.1s

#5 [function-caller internal] load build definition from Dockerfile
#5 transferring dockerfile: 290B 0.0s done
#5 DONE 0.1s

#6 [planner internal] load build definition from Dockerfile
#6 transferring dockerfile: 266B done
#6 DONE 0.1s

#7 [bootstrap internal] load build definition from Dockerfile
#7 transferring dockerfile: 272B done
#7 DONE 0.1s

#8 [bootstrap internal] load metadata for docker.io/library/swift:6.1-jammy
#8 ...

#9 [bootstrap internal] load metadata for docker.io/library/ubuntu:22.04
#9 DONE 1.7s

#8 [bootstrap internal] load metadata for docker.io/library/swift:6.1-jammy
#8 DONE 2.2s

#10 [tools-factory internal] load .dockerignore
#10 transferring context: 2B done
#10 DONE 0.0s

#11 [persist internal] load .dockerignore
#11 transferring context: 2B done
#11 DONE 0.0s

#12 [llm-gateway internal] load .dockerignore
#12 transferring context: 2B done
#12 DONE 0.0s

#13 [bootstrap internal] load .dockerignore
#13 transferring context: 2B done
#13 DONE 0.0s

#14 [baseline-awareness build 1/4] FROM docker.io/library/swift:6.1-jammy@sha256:512716edb447938962d96627ff0b9f00d5701bfa61d97a5b5654f07a1482c342
#14 DONE 0.0s

#15 [baseline-awareness stage-1 1/2] FROM docker.io/library/ubuntu:22.04@sha256:59ccd419c0dc0edf9e3bff1a3b2b073ea15a2ce4bc45ce7c989278b225b09af3
#15 DONE 0.0s

#16 [planner internal] load .dockerignore
#16 transferring context: 2B done
#16 DONE 0.1s

#17 [function-caller internal] load .dockerignore
#17 transferring context: 2B done
#17 DONE 0.1s

#18 [baseline-awareness internal] load .dockerignore
#18 transferring context: 2B done
#18 DONE 0.1s

#19 [baseline-awareness internal] load build context
#19 transferring context: 4.20MB 5.0s
#19 ...

#20 [tools-factory internal] load build context
#20 ...

#19 [baseline-awareness internal] load build context
#19 transferring context: 7.41MB 9.0s done
#19 DONE 9.1s

#21 [function-caller internal] load build context
#21 transferring context: 7.41MB 9.0s done
#21 DONE 9.1s

#22 [llm-gateway internal] load build context
#22 transferring context: 7.41MB 9.0s done
#22 DONE 9.1s

#23 [bootstrap internal] load build context
#23 transferring context: 7.41MB 9.0s done
#23 DONE 9.1s

#20 [tools-factory internal] load build context
#20 transferring context: 7.41MB 9.0s done
#20 DONE 9.2s

#24 [planner internal] load build context
#24 transferring context: 7.41MB 9.0s done
#24 DONE 9.2s

#25 [function-caller build 2/4] WORKDIR /src
#25 CACHED

#26 [persist internal] load build context
#26 transferring context: 7.41MB 7.2s done
#26 DONE 9.2s

#27 [planner build 3/4] COPY . .
#27 DONE 10.2s

#28 [llm-gateway build 3/4] COPY . .
#28 CACHED

#29 [persist build 3/4] COPY . .
#29 CACHED

#30 [tools-factory build 3/4] COPY . .
#30 CACHED

#31 [planner build 3/4] COPY . .
#31 CACHED

#32 [baseline-awareness build 3/4] COPY . .
#32 CACHED

#33 [bootstrap build 3/4] COPY . .
#33 CACHED

#34 [tools-factory build 4/4] RUN swift build -c release --product tools-factory-server
#34 ...

#35 [planner build 4/4] RUN swift build -c release --product planner-server
#35 ...

#36 [bootstrap build 4/4] RUN swift build -c release --product bootstrap-server
#36 ...

#37 [function-caller build 4/4] RUN swift build -c release --product function-caller-server
#37 ...

#38 [persist build 4/4] RUN swift build -c release --product persist-server
#38 ...

#39 [baseline-awareness build 4/4] RUN swift build -c release --product baseline-awareness-server
#39 ...

#40 [llm-gateway build 4/4] RUN swift build -c release --product llm-gateway-server
#40 ...

#34 [tools-factory build 4/4] RUN swift build -c release --product tools-factory-server
#34 15.53 Building for production...
#34 15.60 [0/14] Write sources
#34 16.09 [5/14] Compiling writer.c
#34 16.10 [6/14] Write swift-version-24593BA9C3E375BF.txt
#34 16.10 [7/14] Compiling reader.c
#34 16.23 [8/14] Compiling api.c
#34 16.29 [9/14] Compiling parser.c
#34 16.74 [10/15] Compiling emitter.c
#34 16.90 [11/15] Compiling scanner.c
#34 ...

#37 [function-caller build 4/4] RUN swift build -c release --product function-caller-server
#37 15.57 Building for production...
#37 15.62 [0/14] Write sources
#37 16.11 [5/14] Compiling reader.c
#37 16.11 [6/14] Compiling writer.c
#37 16.30 [7/14] Compiling api.c
#37 16.33 [8/14] Compiling parser.c
#37 16.71 [9/14] Compiling emitter.c
#37 16.79 [10/14] Compiling scanner.c
#37 16.79 [11/14] Write swift-version-24593BA9C3E375BF.txt
#37 ...

#34 [tools-factory build 4/4] RUN swift build -c release --product tools-factory-server
#34 22.43 [13/16] Compiling ServiceShared Models.swift
#34 ...

#38 [persist build 4/4] RUN swift build -c release --product persist-server
#38 15.72 Building for production...
#38 15.78 [0/6] Write sources
#38 15.97 [3/6] Write swift-version-24593BA9C3E375BF.txt
#38 21.86 [5/7] Compiling ServiceShared Models.swift
#38 23.31 [6/8] Compiling PersistService HTTPKernel.swift
#38 23.60 [7/9] Compiling PersistServer main.swift
#38 23.61 /src/Generated/Server/persist/main.swift:23:36: error: cannot convert value of type '__socket_type' to expected argument type 'Int32'
#38 23.61 21 | 
#38 23.61 22 |     func start() throws {
#38 23.61 23 |         serverFD = socket(AF_INET, SOCK_STREAM, 0)
#38 23.61    |                                    `- error: cannot convert value of type '__socket_type' to expected argument type 'Int32'
#38 23.61 24 |         guard serverFD >= 0 else { throw RuntimeError.socket }
#38 23.61 25 |         var opt: Int32 = 1
#38 ERROR: process "/bin/sh -c swift build -c release --product persist-server" did not complete successfully: exit code: 1

#40 [llm-gateway build 4/4] RUN swift build -c release --product llm-gateway-server
#40 16.09 Building for production...
#40 16.26 [0/6] Write sources
#40 16.40 [3/6] Write swift-version-24593BA9C3E375BF.txt
#40 22.09 [5/7] Compiling ServiceShared Models.swift
#40 23.12 [6/8] Compiling LLMGatewayService HTTPKernel.swift
#40 23.38 [7/9] Compiling LLMGatewayServer main.swift
#40 23.38 /src/Generated/Server/llm-gateway/main.swift:23:36: error: cannot convert value of type '__socket_type' to expected argument type 'Int32'
#40 23.38 21 | 
#40 23.38 22 |     func start() throws {
#40 23.38 23 |         serverFD = socket(AF_INET, SOCK_STREAM, 0)
#40 23.38    |                                    `- error: cannot convert value of type '__socket_type' to expected argument type 'Int32'
#40 23.38 24 |         guard serverFD >= 0 else { throw RuntimeError.socket }
#40 23.38 25 |         var opt: Int32 = 1
#40 ERROR: process "/bin/sh -c swift build -c release --product llm-gateway-server" did not complete successfully: exit code: 1

#37 [function-caller build 4/4] RUN swift build -c release --product function-caller-server
#37 22.78 [13/16] Compiling ServiceShared Models.swift
#37 CANCELED

#36 [bootstrap build 4/4] RUN swift build -c release --product bootstrap-server
#36 15.65 Building for production...
#36 15.70 [0/7] Write sources
#36 15.89 [4/7] Write swift-version-24593BA9C3E375BF.txt
#36 21.97 [6/8] Compiling ServiceShared Models.swift
#36 CANCELED

#39 [baseline-awareness build 4/4] RUN swift build -c release --product baseline-awareness-server
#39 15.63 Building for production...
#39 15.69 [0/6] Write sources
#39 16.02 [3/6] Write swift-version-24593BA9C3E375BF.txt
#39 21.81 [5/7] Compiling ServiceShared Models.swift
#39 CANCELED

#34 [tools-factory build 4/4] RUN swift build -c release --product tools-factory-server
#34 CANCELED

#35 [planner build 4/4] RUN swift build -c release --product planner-server
#35 15.53 Building for production...
#35 15.60 [0/6] Write sources
#35 15.84 [3/6] Write swift-version-24593BA9C3E375BF.txt
#35 22.03 [5/7] Compiling ServiceShared Models.swift
#35 CANCELED
------
 > [llm-gateway build 4/4] RUN swift build -c release --product llm-gateway-server:
22.09 [5/7] Compiling ServiceShared Models.swift
23.12 [6/8] Compiling LLMGatewayService HTTPKernel.swift
23.38 [7/9] Compiling LLMGatewayServer main.swift
23.38 /src/Generated/Server/llm-gateway/main.swift:23:36: error: cannot convert value of type '__socket_type' to expected argument type 'Int32'
23.38 21 | 
23.38 22 |     func start() throws {
23.38 23 |         serverFD = socket(AF_INET, SOCK_STREAM, 0)
23.38    |                                    `- error: cannot convert value of type '__socket_type' to expected argument type 'Int32'
23.38 24 |         guard serverFD >= 0 else { throw RuntimeError.socket }
23.38 25 |         var opt: Int32 = 1
------
------
 > [persist build 4/4] RUN swift build -c release --product persist-server:
21.86 [5/7] Compiling ServiceShared Models.swift
23.31 [6/8] Compiling PersistService HTTPKernel.swift
23.60 [7/9] Compiling PersistServer main.swift
23.61 /src/Generated/Server/persist/main.swift:23:36: error: cannot convert value of type '__socket_type' to expected argument type 'Int32'
23.61 21 | 
23.61 22 |     func start() throws {
23.61 23 |         serverFD = socket(AF_INET, SOCK_STREAM, 0)
23.61    |                                    `- error: cannot convert value of type '__socket_type' to expected argument type 'Int32'
23.61 24 |         guard serverFD >= 0 else { throw RuntimeError.socket }
23.61 25 |         var opt: Int32 = 1
------
failed to solve: process "/bin/sh -c swift build -c release --product llm-gateway-server" did not complete successfully: exit code: 1
 Network kong-codex_default  Creating
 Network kong-codex_default  Created
 Container kong-codex-typesense-1  Creating
 Container kong-codex-kong-1  Creating
 Container kong-codex-kong-1  Created
 Container kong-codex-typesense-1  Created
Attaching to kong-1, typesense-1
Gracefully stopping... (press Ctrl+C again to force)
Error response from daemon: mounts denied: 
The path /srv/deploy/repos/kong-codex/kong.conf is not shared from the host and is not known to Docker.
You can configure shared paths from Docker -> Preferences... -> Resources -> File Sharing.
See https://docs.docker.com/desktop/settings/mac/#file-sharing for more info.
 Container kong-codex-kong-1  Stopping
 Container kong-codex-typesense-1  Stopping
 Container kong-codex-kong-1  Stopped
 Container kong-codex-kong-1  Removing
 Container kong-codex-kong-1  Removed
 Container kong-codex-typesense-1  Stopped
 Container kong-codex-typesense-1  Removing
 Container kong-codex-typesense-1  Removed
 Network kong-codex_default  Removing
 Network kong-codex_default  Removed

[2025-07-17T07:57:44.462337] Running integration tests for fountainai...
[2025-07-17T07:58:31.154358] Integration tests for fountainai failed with exit code 1

[2025-07-17T07:58:31.154610] Running integration tests for kong-codex...
[2025-07-17T07:58:33.255641] Integration tests for kong-codex failed with exit code 1
