[2025-07-17T12:36:39.509677] === New Cycle ===
Building for debugging...
[0/511] Write sources
[43/511] Compiling _NumericsShims _NumericsShims.c
[44/511] Compiling _AtomicsShims.c
[45/511] Write swift-version-24593BA9C3E375BF.txt
[46/511] Compiling CNIOWindows shim.c
[47/511] Compiling CNIOWindows WSAStartup.c
[48/517] Compiling api.c
[49/517] Compiling parser.c
[50/517] Compiling emitter.c
[50/517] Compiling reader.c
[52/517] Compiling writer.c
[53/517] Compiling scanner.c
[55/562] Emitting module _NIODataStructures
[56/562] Compiling RealModule Real.swift
[57/563] Compiling RealModule Float80+Real.swift
[58/563] Compiling _NIOBase64 Base64.swift
[59/563] Emitting module _NIOBase64
[60/564] Compiling _NIODataStructures _TinyArray.swift
[61/564] Compiling RealModule ElementaryFunctions.swift
[62/564] Compiling RealModule AugmentedArithmetic.swift
[63/564] Compiling RealModule Double+Real.swift
[64/564] Compiling RealModule AlgebraicField.swift
[65/564] Compiling RealModule ApproximateEquality.swift
[66/564] Compiling RealModule Float16+Real.swift
[67/564] Compiling RealModule Float+Real.swift
[68/564] Emitting module RealModule
[70/564] Compiling RealModule RealFunctions.swift
[72/591] Compiling Logging MetadataProvider.swift
[73/591] Compiling _NIODataStructures Heap.swift
[74/591] Compiling _NIODataStructures PriorityQueue.swift
[75/592] Compiling LLMGatewayClientSDK metrics_metrics_get.swift
[76/592] Compiling PlannerClient get_reflection_history.swift
[77/592] Compiling PlannerClient Models.swift
[78/593] Compiling LLMGatewayClientSDK Models.swift
[79/593] Compiling LLMGatewayClientSDK chatWithObjective.swift
[80/593] Emitting module ServiceShared
[81/593] Compiling ServiceShared PrometheusAdapter.swift
[82/593] Compiling PlannerClient get_semantic_arc.swift
[83/593] Compiling ToolsFactoryClient APIRequest.swift
[84/593] Compiling PersistClient listCorpora.swift
[85/593] Compiling PersistClient getFunctionDetails.swift
[86/593] Compiling PersistClient listFunctions.swift
[87/594] Compiling PlannerClient planner_reason.swift
[88/594] Compiling ToolsFactoryClient register_openapi.swift
[89/594] Compiling ToolsFactoryClient Models.swift
[90/594] Compiling ToolsFactoryClient list_tools.swift
[92/594] Compiling Yams Resolver.swift
[93/594] Compiling Yams String+Yams.swift
[94/594] Compiling Logging Locks.swift
[95/594] Compiling Logging LogHandler.swift
[96/594] Emitting module Logging
[97/594] Compiling Logging Logging.swift
[98/594] Emitting module PlannerClient
[99/594] Emitting module PersistClient
[100/594] Compiling PlannerClient planner_list_corpora.swift
[101/594] Compiling LLMGatewayClientSDK APIRequest.swift
[102/595] Emitting module LLMGatewayClientSDK
[103/595] Compiling LLMGatewayClientSDK APIClient.swift
[104/595] Compiling ToolsFactoryClient APIClient.swift
[105/595] Emitting module ToolsFactoryClient
[106/595] Compiling PlannerClient planner_execute.swift
[107/597] Compiling Yams Encoder.swift
[108/597] Compiling Yams AliasDereferencingStrategy.swift
[109/597] Compiling Yams Decoder.swift
[110/597] Compiling Yams Emitter.swift
[111/597] Compiling PersistClient createCorpus.swift
[114/597] Compiling Yams Tag.swift
[115/597] Compiling Yams YamlAnchorProviding.swift
[119/613] Compiling PlannerClient post_reflection.swift
[121/621] Compiling PersistClient listReflections.swift
[122/622] Emitting module Yams
[123/622] Compiling ServiceShared Models.swift
[124/622] Compiling ServiceShared TypesenseClient.swift
[125/622] Compiling Yams Node.Scalar.swift
[126/622] Compiling Yams Node.Sequence.swift
[127/622] Compiling Yams Node.swift
[130/623] Compiling InternalCollectionsUtilities FixedWidthInteger+roundUpToPowerOfTwo.swift
[131/623] Compiling InternalCollectionsUtilities Integer rank.swift
[132/623] Compiling InternalCollectionsUtilities _UniqueCollection.swift
[133/623] Compiling InternalCollectionsUtilities Debugging.swift
[134/623] Compiling InternalCollectionsUtilities UnsafeBufferPointer+Extras.swift
[135/624] Compiling InternalCollectionsUtilities Descriptions.swift
[136/624] Compiling InternalCollectionsUtilities RandomAccessCollection+Offsets.swift
[136/624] Compiling CNIOWASI CNIOWASI.c
[138/624] Emitting module FunctionCallerClient
[138/624] Compiling CNIOLinux liburing_shims.c
[140/624] Compiling FunctionCallerClient get_function_details.swift
[141/624] Compiling FunctionCallerClient list_functions.swift
[142/624] Compiling FunctionCallerClient invoke_function.swift
[143/624] Compiling InternalCollectionsUtilities UnsafeMutableBufferPointer+Extras.swift
[144/633] Compiling FunctionCallerClient APIClient.swift
[145/639] Compiling FunctionCallerClient APIRequest.swift
[146/639] Compiling FunctionCallerClient Models.swift
[146/639] Compiling CNIOLLHTTP c_nio_http.c
[148/640] Compiling InternalCollectionsUtilities _UnsafeBitSet.swift
[149/640] Compiling InternalCollectionsUtilities _SortedCollection.swift
[153/640] Compiling InternalCollectionsUtilities _UnsafeBitSet+Index.swift
[154/640] Compiling InternalCollectionsUtilities _UnsafeBitSet+_Word.swift
[155/640] Emitting module InternalCollectionsUtilities
[156/640] Compiling InternalCollectionsUtilities UInt+first and last set bit.swift
[157/640] Compiling InternalCollectionsUtilities UInt+reversed.swift
[157/640] Compiling CNIOLLHTTP c_nio_llhttp.c
[159/648] Compiling Yams YamlError.swift
[160/648] Compiling Yams YamlTagProviding.swift
[161/648] Wrapping AST for ServiceShared for debugging
[162/648] Compiling CNIOExtrasZlib empty.c
[163/648] Compiling CNIODarwin shim.c
[168/648] Compiling Yams RedundancyAliasingStrategy.swift
[169/648] Compiling Yams Representer.swift
[170/648] Compiling CNIOLLHTTP c_nio_api.c
[171/663] Compiling fiat_p256_adx_sqr.S
[172/663] Compiling fiat_p256_adx_mul.S
[173/663] Compiling fiat_curve25519_adx_square.S
[175/663] Compiling DequeModule Deque+Codable.swift
[176/663] Compiling DequeModule Deque+Collection.swift
[177/663] Compiling DequeModule Deque+Testing.swift
[178/663] Compiling DequeModule Deque._Storage.swift
[179/663] Compiling DequeModule Deque._UnsafeHandle.swift
[180/663] Compiling DequeModule Deque.swift
[180/663] Compiling CNIOLinux shim.c
[182/663] Emitting module PersistService
[183/663] Compiling PersistService HTTPResponse.swift
[183/663] Compiling fiat_curve25519_adx_mul.S
[185/663] Compiling LLMGatewayService Router.swift
[186/664] Emitting module LLMGatewayService
[187/664] Compiling PlannerService LLMGatewayClient.swift
[188/664] Compiling PlannerService Models.swift
[189/664] Compiling PlannerService LocalFunctionCallerClient.swift
[190/665] Compiling PersistService Router.swift
[192/665] Compiling LLMGatewayService Handlers.swift
[193/665] Compiling LLMGatewayService HTTPRequest.swift
[194/665] Compiling LLMGatewayService HTTPResponse.swift
[195/665] Compiling LLMGatewayService HTTPKernel.swift
[196/665] Compiling DequeModule Deque+CustomReflectable.swift
[197/665] Compiling DequeModule Deque+Descriptions.swift
[198/667] Compiling PersistService HTTPRequest.swift
[199/667] Compiling PersistService Handlers.swift
[200/667] Compiling PersistService HTTPKernel.swift
[201/667] Compiling PersistService Models.swift
[202/667] Compiling LLMGatewayService Models.swift
[203/669] Emitting module PlannerService
[204/669] Compiling PlannerService HTTPResponse.swift
[205/669] Compiling PlannerService HTTPRequest.swift
[206/669] Compiling PlannerService Handlers.swift
[207/669] Compiling PlannerService HTTPKernel.swift
[208/669] Compiling DequeModule _DequeBuffer.swift
[209/669] Compiling DequeModule _DequeBufferHeader.swift
[210/669] Compiling DequeModule Deque+Extras.swift
[211/669] Compiling DequeModule Deque+Hashable.swift
[214/669] Compiling PlannerService Router.swift
[216/676] Compiling DequeModule Deque+Equatable.swift
[217/676] Compiling DequeModule Deque+ExpressibleByArrayLiteral.swift
[222/678] Compiling DequeModule _DequeSlot.swift
[223/678] Compiling DequeModule _UnsafeWrappedBuffer.swift
[224/678] Emitting module DequeModule
[228/679] Emitting module PersistServer
[229/679] Compiling PersistServer main.swift
/srv/deploy/repos/fountainai/Generated/Server/persist/main.swift:29:36: error: cannot convert value of type '__socket_type' to expected argument type 'Int32'
 27 |         #endif
 28 | 
 29 |         serverFD = socket(AF_INET, socketType, 0)
    |                                    `- error: cannot convert value of type '__socket_type' to expected argument type 'Int32'
 30 |         guard serverFD >= 0 else { throw RuntimeError.socket }
 31 |         var opt: Int32 = 1
[229/679] Compiling CNIOBoringSSLShims shims.c
[229/679] Compiling tls_record.cc
[229/679] Compiling tls_method.cc
[229/679] Compiling tls13_server.cc
[230/681] Emitting module LLMGatewayServer
[231/681] Compiling LLMGatewayServer main.swift
/srv/deploy/repos/fountainai/Generated/Server/llm-gateway/main.swift:29:36: error: cannot convert value of type '__socket_type' to expected argument type 'Int32'
 27 |         #endif
 28 | 
 29 |         serverFD = socket(AF_INET, socketType, 0)
    |                                    `- error: cannot convert value of type '__socket_type' to expected argument type 'Int32'
 30 |         guard serverFD >= 0 else { throw RuntimeError.socket }
 31 |         var opt: Int32 = 1
swift-build: /home/build-user/llbuild/lib/Core/SQLiteBuildDB.cpp:703: virtual void (anonymous namespace)::SQLiteBuildDB::buildComplete(): Assertion `result == SQLITE_OK' failed.

*** Signal 6: Backtracing from 0xffffb267f1f0... done ***

*** Program crashed: Aborted at 0x00000000000068a3 ***

Thread 0 crashed:

 0                  0x0000ffffb267f1f0 <unknown> in libc.so.6
 1 [ra]             0x0000ffffb263a67c <unknown> in libc.so.6
 2 [ra]             0x0000ffffb2627130 <unknown> in libc.so.6
 3 [ra]             0x0000ffffb2633fd4 <unknown> in libc.so.6
 4 [ra]             0x0000ffffb263404c <unknown> in libc.so.6
 5 [ra]             0x0000aaaac21d3130 (anonymous namespace)::SQLiteBuildDB::buildComplete() + 119 in swift-package at /home/build-user/llbuild/lib/Core/SQLiteBuildDB.cpp:703:5
 6 [ra]             0x0000aaaac21c7ad4 llbuild::core::BuildEngine::build(llbuild::core::KeyType const&) + 959 in swift-package at /home/build-user/llbuild/lib/Core/BuildEngine.cpp:1527:13
 7 [ra]             0x0000aaaac2199f6c (anonymous namespace)::BuildSystemImpl::build(llbuild::buildsystem::BuildKey) + 247 in swift-package at /home/build-user/llbuild/lib/BuildSystem/BuildSystem.cpp:2088:29
 8 [ra]             0x0000aaaac219a218 llbuild::buildsystem::BuildSystem::build(llvm::StringRef) + 135 in swift-package at /home/build-user/llbuild/lib/BuildSystem/BuildSystem.cpp:2119:10
 9 [ra]             0x0000aaaac21bfda0 llbuild::buildsystem::BuildSystemFrontend::build(llvm::StringRef) + 59 in swift-package at /home/build-user/llbuild/lib/BuildSystem/BuildSystemFrontend.cpp:474:18
10 [ra]             0x0000aaaac21ec6e0 BuildSystem.build(target:) + 143 in swift-package at /home/build-user/llbuild/products/llbuildSwift/BuildSystemBindings.swift:1234:16
11 [ra]             0x0000aaaac0f41af8 BuildOperation.build(subset:) + 59 in swift-package at /home/build-user/swiftpm/Sources/Build/BuildOperation.swift:427:35
12 [async] [thunk]  0x0000aaaac0f46694 protocol witness for BuildSystem.build(subset:) in conformance BuildOperation in swift-package at //<compiler-generated>
13 [async]          0x0000aaaac11beae0 SwiftBuildCommand.build(_:subset:productsBuildParameters:toolsBuildParameters:) in swift-package at /home/build-user/swiftpm/Sources/Commands/SwiftBuildCommand.swift:186
14 [async]          0x0000aaaac11bda88 SwiftBuildCommand.run(_:) in swift-package at /home/build-user/swiftpm/Sources/Commands/SwiftBuildCommand.swift:166
15 [async] [thunk]  0x0000aaaac11bef84 protocol witness for AsyncSwiftCommand.run(_:) in conformance SwiftBuildCommand in swift-package at //<compiler-generated>
16 [async]          0x0000aaaac128770c AsyncSwiftCommand.run() in swift-package at /home/build-user/swiftpm/Sources/CoreCommands/SwiftCommandState.swift:163
17 [async] [thunk]  0x0000aaaac11bf018 protocol witness for AsyncParsableCommand.run() in conformance SwiftBuildCommand in swift-package at //<compiler-generated>
18 [async]          0x0000aaaac0e6586c static AsyncParsableCommand.main(_:) in swift-package at /home/build-user/swift-argument-parser/Sources/ArgumentParser/Parsable Types/AsyncParsableCommand.swift:41
19 [async]          0x0000aaaac2275c44 specialized static SwiftPM.main(execName:) in swift-package at /home/build-user/swiftpm/Sources/swift-package-manager/SwiftPM.swift:38
20 [async]          0x0000aaaac2275fd0 specialized static SwiftPM.main() in swift-package at /home/build-user/swiftpm/Sources/swift-package-manager/SwiftPM.swift:34
21 [async] [system] 0x0000aaaac22756a4 specialized thunk for @escaping @convention(thin) @async () -> () in swift-package at //<compiler-generated>
22 [async]          0x0000ffffb4514b0c completeTaskAndRelease(swift::AsyncContext*, swift::SwiftError*) in libswift_Concurrency.so


Registers:

 x0 0x0000000000000000  0
 x1 0x00000000000068a7  26791
 x2 0x0000000000000006  6
 x3 0x0000ffffa740edc0  01 00 00 00 00 00 00 00 00 00 00 00 00 00 00 00  ················
 x4 0x0000ffffb46fdb58  00 eb 6f d9 5b 8b 01 df 00 00 00 00 0e 0a 06 00  ·ëoÙ[··ß········
 x5 0x0000ffff8c88bd70  eb 3b d6 73 f0 ff 00 00 29 25 61 85 61 ea ca 38  ë;Ösðÿ··)%a·aêÊ8
 x6 0x38caea6185612529  4092340915989980457
 x7 0x6f682f203a646c69  8027718151253027945
 x8 0x0000000000000083  131
 x9 0x4c5153203d3d2074  5499268017927561332
x10 0x20274b4f5f455449  2316903337578288201
x11 0x0a2e64656c696166  733634176081289574
x12 0x0000000000002180  8576
x13 0x29286574656c706d  2965731905215688813
x14 0x623a3a4244646c69  7078033820655840361
x15 0x706d6f43646c6975  8101253639947708789
x16 0x0000000000000001  1
x17 0x0000ffffb268dbc4  40 07 00 b4 fd 7b bc a9 01 40 00 d1 fd 03 00 91  @··´ý{¼©·@·Ñý···
x18 0x0000000000000017  23
x19 0x00000000000068a7  26791
x20 0x0000ffffa740edc0  01 00 00 00 00 00 00 00 00 00 00 00 00 00 00 00  ················
x21 0x0000000000000006  6
x22 0x00000000000002bf  703
x23 0x0000aaaac2b58408  72 65 73 75 6c 74 20 3d 3d 20 53 51 4c 49 54 45  result == SQLITE
x24 0x0000ffffa740dfc0  00 0c e3 8c ff ff 00 00 4f 52 49 47 49 4e 00 00  ··ã·ÿÿ··ORIGIN··
x25 0x0000000000005015  20501
x26 0x0000ffffa740f580  20 27 00 a8 ff ff 00 00 00 00 00 00 00 00 00 00   '·¨ÿÿ··········
x27 0x0000000000000000  0
x28 0x0000000000000000  0
 fp 0x0000ffffa740dc80  50 dd 40 a7 ff ff 00 00 7c a6 63 b2 ff ff 00 00  PÝ@§ÿÿ··|¦c²ÿÿ··
 lr 0x0000ffffb267f1dc  e1 03 13 aa e2 03 15 aa 00 7c 40 93 68 10 80 d2  á··ªâ··ª·|@·h··Ò
 sp 0x0000ffffa740dc80  50 dd 40 a7 ff ff 00 00 7c a6 63 b2 ff ff 00 00  PÝ@§ÿÿ··|¦c²ÿÿ··
 pc 0x0000ffffb267f1f0  1f 04 40 31 e0 97 80 5a e0 ff ff 17 e0 03 16 aa  ··@1à··Zàÿÿ·à··ª


Images (69 omitted):

0x0000aaaac0bd0000–0x0000aaaac298e1a0 8e5cd2ed2e002677b494a6a68ee85e15802b422d swift-package           /usr/bin/swift-package
0x0000ffffb2600000–0x0000ffffb27873fc a10ee556ec5706640b27d9a9c346cb29e9516cec libc.so.6               /usr/lib/aarch64-linux-gnu/libc.so.6
0x0000ffffb44b0000–0x0000ffffb452dbd8 2a9f7d706aa66439e4d23f43d11cb05a4eb598e6 libswift_Concurrency.so /usr/lib/swift/linux/libswift_Concurrency.so

Backtrace took 9.05s


[2025-07-17T12:36:39.520088] Starting swift build...
[2025-07-17T12:37:39.939644] swift build failed with exit code -6
