[2025-07-18T21:19:06.571541] === New Cycle ===
Building for debugging...
[0/42] Write swift-version-24593BA9C3E375BF.txt
[2/61] Emitting module PlannerServer
[3/61] Compiling PlannerServer main.swift
/srv/deploy/repos/fountainai/Generated/Server/planner/main.swift:23:33: error: cannot convert value of type '__socket_type' to specified type 'Int32'
 21 | 
 22 |     func start() throws {
 23 |         let socketType: Int32 = SOCK_STREAM
    |                                 `- error: cannot convert value of type '__socket_type' to specified type 'Int32'
 24 | 
 25 |         serverFD = socket(AF_INET, socketType, 0)
[4/61] Emitting module LLMGatewayServer
[5/61] Compiling LLMGatewayServer main.swift
/srv/deploy/repos/fountainai/Generated/Server/llm-gateway/main.swift:23:33: error: cannot convert value of type '__socket_type' to specified type 'Int32'
 21 | 
 22 |     func start() throws {
 23 |         let socketType: Int32 = SOCK_STREAM
    |                                 `- error: cannot convert value of type '__socket_type' to specified type 'Int32'
 24 | 
 25 |         serverFD = socket(AF_INET, socketType, 0)
[5/61] Compiling c-atomics.c
[6/61] Emitting module PersistServer
[6/61] Compiling c-nioatomics.c
[7/61] Compiling PersistServer main.swift
/srv/deploy/repos/fountainai/Generated/Server/persist/main.swift:23:33: error: cannot convert value of type '__socket_type' to specified type 'Int32'
 21 | 
 22 |     func start() throws {
 23 |         let socketType: Int32 = SOCK_STREAM
    |                                 `- error: cannot convert value of type '__socket_type' to specified type 'Int32'
 24 | 
 25 |         serverFD = socket(AF_INET, socketType, 0)
[7/61] Compiling bcm.cc

[2025-07-18T21:19:06.572533] Starting swift build...
[2025-07-18T21:19:08.495182] swift build failed with exit code 1
[2025-07-18T21:19:08.659830] [dispatcher] Updated git remote to use token-based authentication.
[2025-07-18T21:19:09.962163] [dispatcher] Running Docker build...
[2025-07-18T21:19:09.962789] [dispatcher] Running tests...
Compose now can delegate build to bake for better performances
Just set COMPOSE_BAKE=true
#0 building with "default" instance using docker driver

#1 [baseline-awareness internal] load build definition from Dockerfile
#1 transferring dockerfile: 299B done
#1 DONE 0.0s

#2 [tools-factory internal] load build definition from Dockerfile
#2 transferring dockerfile: 284B done
#2 DONE 0.0s

#3 [llm-gateway internal] load build definition from Dockerfile
#3 transferring dockerfile: 278B done
#3 DONE 0.0s

#4 [planner internal] load build definition from Dockerfile
#4 transferring dockerfile: 266B done
#4 DONE 0.0s

#5 [function-caller internal] load build definition from Dockerfile
#5 transferring dockerfile: 290B done
#5 DONE 0.0s

#6 [bootstrap internal] load build definition from Dockerfile
#6 transferring dockerfile: 272B done
#6 DONE 0.0s

#7 [persist internal] load build definition from Dockerfile
#7 transferring dockerfile: 266B done
#7 DONE 0.0s

#8 [persist internal] load metadata for docker.io/library/swift:6.1-jammy
#8 DONE 0.5s

#9 [function-caller internal] load metadata for docker.io/library/ubuntu:22.04
#9 DONE 0.5s

#10 [bootstrap internal] load .dockerignore
#10 transferring context: 2B done
#10 DONE 0.0s

#11 [llm-gateway internal] load .dockerignore
#11 transferring context: 2B done
#11 DONE 0.0s

#12 [persist internal] load .dockerignore
#12 transferring context: 2B done
#12 DONE 0.0s

#13 [tools-factory internal] load .dockerignore
#13 transferring context: 2B done
#13 DONE 0.0s

#14 [baseline-awareness internal] load .dockerignore
#14 transferring context: 2B done
#14 DONE 0.0s

#15 [planner internal] load .dockerignore
#15 transferring context: 2B done
#15 DONE 0.0s

#16 [function-caller internal] load .dockerignore
#16 transferring context: 2B done
#16 DONE 0.0s

#17 [tools-factory stage-1 1/2] FROM docker.io/library/ubuntu:22.04@sha256:1ec65b2719518e27d4d25f104d93f9fac60dc437f81452302406825c46fcc9cb
#17 resolve docker.io/library/ubuntu:22.04@sha256:1ec65b2719518e27d4d25f104d93f9fac60dc437f81452302406825c46fcc9cb 0.0s done
#17 CACHED

#18 [tools-factory build 1/4] FROM docker.io/library/swift:6.1-jammy@sha256:512716edb447938962d96627ff0b9f00d5701bfa61d97a5b5654f07a1482c342
#18 resolve docker.io/library/swift:6.1-jammy@sha256:512716edb447938962d96627ff0b9f00d5701bfa61d97a5b5654f07a1482c342 0.0s done
#18 DONE 0.0s

#19 [function-caller internal] load build context
#19 transferring context: 8.38MB 5.1s
#19 ...

#20 [bootstrap internal] load build context
#20 ...

#19 [function-caller internal] load build context
#19 ...

#21 [llm-gateway internal] load build context
#21 transferring context: 9.56MB 10.1s
#21 ...

#22 [baseline-awareness internal] load build context
#22 ...

#23 [persist internal] load build context
#23 ...

#24 [tools-factory internal] load build context
#24 ...

#25 [planner internal] load build context
#25 ...

#24 [tools-factory internal] load build context
#24 transferring context: 9.70MB 11.1s done
#24 ...

#23 [persist internal] load build context
#23 transferring context: 9.70MB 11.1s done
#23 DONE 11.3s

#20 [bootstrap internal] load build context
#20 transferring context: 9.70MB 11.1s done
#20 DONE 11.3s

#21 [llm-gateway internal] load build context
#21 transferring context: 9.70MB 11.1s done
#21 DONE 11.3s

#26 [function-caller build 2/4] WORKDIR /src
#26 CACHED

#25 [planner internal] load build context
#25 transferring context: 9.70MB 11.1s done
#25 DONE 11.3s

#19 [function-caller internal] load build context
#19 transferring context: 9.70MB 11.0s done
#19 DONE 11.3s

#24 [tools-factory internal] load build context
#24 DONE 11.3s

#22 [baseline-awareness internal] load build context
#22 transferring context: 9.70MB 10.4s done
#22 DONE 11.3s

#27 [tools-factory build 3/4] COPY . .
#27 DONE 10.8s

#28 [tools-factory build 3/4] COPY . .
#28 CACHED

#29 [function-caller build 3/4] COPY . .
#29 CACHED

#30 [bootstrap build 3/4] COPY . .
#30 CACHED

#31 [llm-gateway build 3/4] COPY . .
#31 CACHED

#32 [baseline-awareness build 3/4] COPY . .
#32 CACHED

#33 [planner build 3/4] COPY . .
#33 CACHED

#34 [function-caller build 4/4] RUN swift build -c release --product function-caller-server
#34 ...

#35 [bootstrap build 4/4] RUN swift build -c release --product bootstrap-server
#35 ...

#36 [llm-gateway build 4/4] RUN swift build -c release --product llm-gateway-server
#36 ...

#37 [baseline-awareness build 4/4] RUN swift build -c release --product baseline-awareness-server
#37 ...

#38 [tools-factory build 4/4] RUN swift build -c release --product tools-factory-server
#38 ...

#39 [persist build 4/4] RUN swift build -c release --product persist-server
#39 ...

#40 [planner build 4/4] RUN swift build -c release --product planner-server
#40 ...

#37 [baseline-awareness build 4/4] RUN swift build -c release --product baseline-awareness-server
#37 14.08 Building for production...
#37 14.14 [0/6] Write sources
#37 14.29 [3/6] Write swift-version-24593BA9C3E375BF.txt
#37 19.48 [5/7] Compiling ServiceShared Models.swift
#37 ...

#38 [tools-factory build 4/4] RUN swift build -c release --product tools-factory-server
#38 15.12 Building for production...
#38 15.17 [0/14] Write sources
#38 15.45 [5/14] Compiling writer.c
#38 15.45 [6/14] Compiling reader.c
#38 15.61 [7/14] Compiling api.c
#38 15.61 [7/14] Write swift-version-24593BA9C3E375BF.txt
#38 15.80 [9/14] Compiling parser.c
#38 16.49 [10/15] Compiling emitter.c
#38 16.76 [11/15] Compiling scanner.c
#38 21.04 [13/16] Compiling ServiceShared Models.swift
#38 ...

#37 [baseline-awareness build 4/4] RUN swift build -c release --product baseline-awareness-server
#37 21.31 [6/8] Compiling BaselineAwarenessService BaselineStore.swift
#37 ...

#36 [llm-gateway build 4/4] RUN swift build -c release --product llm-gateway-server
#36 14.20 Building for production...
#36 14.23 [0/6] Write sources
#36 14.35 [3/6] Write swift-version-24593BA9C3E375BF.txt
#36 19.65 [5/7] Compiling ServiceShared Models.swift
#36 20.87 [6/8] Compiling LLMGatewayService HTTPKernel.swift
#36 21.22 [7/9] Compiling LLMGatewayServer main.swift
#36 21.22 /src/Generated/Server/llm-gateway/main.swift:23:33: error: cannot convert value of type '__socket_type' to specified type 'Int32'
#36 21.22  21 | 
#36 21.22  22 |     func start() throws {
#36 21.22  23 |         let socketType: Int32 = SOCK_STREAM
#36 21.22     |                                 `- error: cannot convert value of type '__socket_type' to specified type 'Int32'
#36 21.22  24 | 
#36 21.22  25 |         serverFD = socket(AF_INET, socketType, 0)
#36 ERROR: process "/bin/sh -c swift build -c release --product llm-gateway-server" did not complete successfully: exit code: 1

#39 [persist build 4/4] RUN swift build -c release --product persist-server
#39 14.12 Building for production...
#39 14.15 [0/6] Write sources
#39 14.28 [3/6] Write swift-version-24593BA9C3E375BF.txt
#39 19.48 [5/7] Compiling ServiceShared Models.swift
#39 20.83 [6/8] Compiling PersistService HTTPKernel.swift
#39 21.22 [7/9] Compiling PersistServer main.swift
#39 21.22 /src/Generated/Server/persist/main.swift:23:33: error: cannot convert value of type '__socket_type' to specified type 'Int32'
#39 21.22  21 | 
#39 21.22  22 |     func start() throws {
#39 21.22  23 |         let socketType: Int32 = SOCK_STREAM
#39 21.22     |                                 `- error: cannot convert value of type '__socket_type' to specified type 'Int32'
#39 21.22  24 | 
#39 21.22  25 |         serverFD = socket(AF_INET, socketType, 0)
#39 ERROR: process "/bin/sh -c swift build -c release --product persist-server" did not complete successfully: exit code: 1

#37 [baseline-awareness build 4/4] RUN swift build -c release --product baseline-awareness-server
#37 21.63 [7/9] Compiling BaselineAwarenessServer HTTPServer.swift
#37 ...

#38 [tools-factory build 4/4] RUN swift build -c release --product tools-factory-server
#38 CANCELED

#37 [baseline-awareness build 4/4] RUN swift build -c release --product baseline-awareness-server
#37 21.64 /src/Generated/Server/baseline-awareness/main.swift:26:36: error: cannot convert value of type '__socket_type' to expected argument type 'Int32'
#37 21.64  24 | 
#37 21.64  25 |     func start() throws {
#37 21.64  26 |         serverFD = socket(AF_INET, SOCK_STREAM, 0)
#37 21.64     |                                    `- error: cannot convert value of type '__socket_type' to expected argument type 'Int32'
#37 21.64  27 |         guard serverFD >= 0 else { throw RuntimeError.socket }
#37 21.64  28 |         var opt: Int32 = 1
#37 CANCELED

#40 [planner build 4/4] RUN swift build -c release --product planner-server
#40 14.12 Building for production...
#40 14.14 [0/6] Write sources
#40 14.30 [3/6] Write swift-version-24593BA9C3E375BF.txt
#40 19.53 [5/7] Compiling ServiceShared Models.swift
#40 21.52 [6/8] Compiling PlannerService HTTPKernel.swift
#40 CANCELED

#35 [bootstrap build 4/4] RUN swift build -c release --product bootstrap-server
#35 14.15 Building for production...
#35 14.18 [0/7] Write sources
#35 14.32 [4/7] Write swift-version-24593BA9C3E375BF.txt
#35 19.54 [6/8] Compiling ServiceShared Models.swift
#35 21.55 [7/9] Compiling BaselineAwarenessService BaselineStore.swift
#35 CANCELED

#34 [function-caller build 4/4] RUN swift build -c release --product function-caller-server
#34 14.20 Building for production...
#34 14.24 [0/14] Write sources
#34 14.57 [5/14] Compiling writer.c
#34 14.58 [6/14] Compiling reader.c
#34 14.70 [7/14] Compiling api.c
#34 14.84 [8/14] Compiling parser.c
#34 14.99 [9/14] Compiling emitter.c
#34 15.45 [10/14] Compiling scanner.c
#34 15.45 [11/14] Write swift-version-24593BA9C3E375BF.txt
#34 21.33 [13/16] Compiling ServiceShared Models.swift
#34 CANCELED
------
 > [persist build 4/4] RUN swift build -c release --product persist-server:
19.48 [5/7] Compiling ServiceShared Models.swift
20.83 [6/8] Compiling PersistService HTTPKernel.swift
21.22 [7/9] Compiling PersistServer main.swift
21.22 /src/Generated/Server/persist/main.swift:23:33: error: cannot convert value of type '__socket_type' to specified type 'Int32'
21.22  21 | 
21.22  22 |     func start() throws {
21.22  23 |         let socketType: Int32 = SOCK_STREAM
21.22     |                                 `- error: cannot convert value of type '__socket_type' to specified type 'Int32'
21.22  24 | 
21.22  25 |         serverFD = socket(AF_INET, socketType, 0)
------
------
 > [llm-gateway build 4/4] RUN swift build -c release --product llm-gateway-server:
19.65 [5/7] Compiling ServiceShared Models.swift
20.87 [6/8] Compiling LLMGatewayService HTTPKernel.swift
21.22 [7/9] Compiling LLMGatewayServer main.swift
21.22 /src/Generated/Server/llm-gateway/main.swift:23:33: error: cannot convert value of type '__socket_type' to specified type 'Int32'
21.22  21 | 
21.22  22 |     func start() throws {
21.22  23 |         let socketType: Int32 = SOCK_STREAM
21.22     |                                 `- error: cannot convert value of type '__socket_type' to specified type 'Int32'
21.22  24 | 
21.22  25 |         serverFD = socket(AF_INET, socketType, 0)
------
failed to solve: process "/bin/sh -c swift build -c release --product persist-server" did not complete successfully: exit code: 1
 Network kong-codex_default  Creating
 Network kong-codex_default  Created
 Container kong-codex-kong-1  Creating
 Container kong-codex-typesense-1  Creating
 Container kong-codex-typesense-1  Created
 Container kong-codex-kong-1  Created
Attaching to kong-1, typesense-1
Error response from daemon: mounts denied: 
The path /srv/deploy/repos/kong-codex/kong.conf is not shared from the host and is not known to Docker.
You can configure shared paths from Docker -> Preferences... -> Resources -> File Sharing.
See https://docs.docker.com/go/mac-file-sharing/ for more info.
 Container kong-codex-typesense-1  Stopping
 Container kong-codex-kong-1  Stopping
 Container kong-codex-kong-1  Stopped
 Container kong-codex-kong-1  Removing
 Container kong-codex-kong-1  Removed
 Container kong-codex-typesense-1  Stopped
 Container kong-codex-typesense-1  Removing
 Container kong-codex-typesense-1  Removed
 Network kong-codex_default  Removing
 Network kong-codex_default  Removed

[2025-07-18T21:19:09.962993] Running integration tests for fountainai...
[2025-07-18T21:19:54.945158] Integration tests for fountainai failed with exit code 1

[2025-07-18T21:19:54.945340] Running integration tests for kong-codex...
[2025-07-18T21:20:05.984181] Integration tests for kong-codex failed with exit code 1
