[2025-07-17T08:53:21.597735] === New Cycle ===
Building for debugging...
[0/113] Compiling cpu_aarch64_sysreg.cc
[0/113] Compiling cpu_aarch64_openbsd.cc
[1/113] Compiling cpu_aarch64_fuchsia.cc
[1/113] Compiling cpu_aarch64_apple.cc
[2/113] Compiling cpu_aarch64_linux.cc
[5/113] Compiling tls_cbc.cc
[6/113] Compiling conf.cc
[7/113] Write swift-version-24593BA9C3E375BF.txt
[8/108] Compiling get_cipher.cc
[9/108] Compiling e_rc2.cc
[10/108] Compiling e_rc4.cc
[11/108] Compiling e_tls.cc
[12/108] Compiling e_null.cc
[13/117] Compiling e_des.cc
[14/125] Compiling e_chacha20poly1305.cc
[16/165] Emitting module PersistServer
[17/165] Compiling PersistServer main.swift
/srv/deploy/repos/fountainai/Generated/Server/persist/main.swift:23:36: error: cannot convert value of type '__socket_type' to expected argument type 'Int32'
21 | 
22 |     func start() throws {
23 |         serverFD = socket(AF_INET, SOCK_STREAM, 0)
   |                                    `- error: cannot convert value of type '__socket_type' to expected argument type 'Int32'
24 |         guard serverFD >= 0 else { throw RuntimeError.socket }
25 |         var opt: Int32 = 1
[18/165] Emitting module LLMGatewayServer
[19/165] Emitting module PlannerServer
[20/165] Compiling LLMGatewayServer main.swift
/srv/deploy/repos/fountainai/Generated/Server/llm-gateway/main.swift:23:36: error: cannot convert value of type '__socket_type' to expected argument type 'Int32'
21 | 
22 |     func start() throws {
23 |         serverFD = socket(AF_INET, SOCK_STREAM, 0)
   |                                    `- error: cannot convert value of type '__socket_type' to expected argument type 'Int32'
24 |         guard serverFD >= 0 else { throw RuntimeError.socket }
25 |         var opt: Int32 = 1
[21/165] Compiling PlannerServer main.swift
/srv/deploy/repos/fountainai/Generated/Server/planner/main.swift:23:36: error: cannot convert value of type '__socket_type' to expected argument type 'Int32'
21 | 
22 |     func start() throws {
23 |         serverFD = socket(AF_INET, SOCK_STREAM, 0)
   |                                    `- error: cannot convert value of type '__socket_type' to expected argument type 'Int32'
24 |         guard serverFD >= 0 else { throw RuntimeError.socket }
25 |         var opt: Int32 = 1
[22/165] Compiling DequeModule Deque+Testing.swift
[23/165] Compiling DequeModule Deque+CustomReflectable.swift
[24/165] Emitting module Parser
[24/165] Compiling bcm.cc

[2025-07-17T08:53:21.598516] Starting swift build...
[2025-07-17T08:53:24.410883] swift build failed with exit code 1
[2025-07-17T08:53:24.533414] [dispatcher] Updated git remote to use token-based authentication.
[2025-07-17T08:53:26.670963] [dispatcher] Running Docker build...
[2025-07-17T08:53:26.672458] [dispatcher] Running tests...
Compose now can delegate build to bake for better performances
Just set COMPOSE_BAKE=true
#0 building with "default" instance using docker driver

#1 [persist internal] load build definition from Dockerfile
#1 transferring dockerfile: 266B done
#1 DONE 0.0s

#2 [bootstrap internal] load build definition from Dockerfile
#2 transferring dockerfile: 272B 0.0s done
#2 DONE 0.0s

#3 [planner internal] load build definition from Dockerfile
#3 transferring dockerfile: 266B done
#3 DONE 0.0s

#4 [function-caller internal] load build definition from Dockerfile
#4 transferring dockerfile: 290B done
#4 DONE 0.0s

#5 [baseline-awareness internal] load build definition from Dockerfile
#5 transferring dockerfile: 299B done
#5 DONE 0.0s

#6 [tools-factory internal] load build definition from Dockerfile
#6 transferring dockerfile: 284B done
#6 DONE 0.0s

#7 [llm-gateway internal] load build definition from Dockerfile
#7 transferring dockerfile: 278B done
#7 DONE 0.0s

#8 [llm-gateway internal] load metadata for docker.io/library/ubuntu:22.04
#8 DONE 0.5s

#9 [llm-gateway internal] load metadata for docker.io/library/swift:6.1-jammy
#9 DONE 0.9s

#10 [baseline-awareness internal] load .dockerignore
#10 transferring context: 2B done
#10 DONE 0.0s

#11 [planner internal] load .dockerignore
#11 transferring context: 2B done
#11 DONE 0.0s

#12 [tools-factory internal] load .dockerignore
#12 transferring context: 2B done
#12 DONE 0.0s

#13 [function-caller internal] load .dockerignore
#13 transferring context: 2B done
#13 DONE 0.0s

#14 [llm-gateway build 1/4] FROM docker.io/library/swift:6.1-jammy@sha256:512716edb447938962d96627ff0b9f00d5701bfa61d97a5b5654f07a1482c342
#14 DONE 0.0s

#15 [llm-gateway stage-1 1/2] FROM docker.io/library/ubuntu:22.04@sha256:59ccd419c0dc0edf9e3bff1a3b2b073ea15a2ce4bc45ce7c989278b225b09af3
#15 DONE 0.0s

#16 [bootstrap internal] load .dockerignore
#16 transferring context: 2B done
#16 DONE 0.0s

#17 [persist internal] load .dockerignore
#17 transferring context: 2B done
#17 DONE 0.0s

#18 [llm-gateway internal] load .dockerignore
#18 transferring context: 2B done
#18 DONE 0.0s

#19 [planner internal] load build context
#19 transferring context: 2.64MB 5.0s
#19 ...

#20 [persist internal] load build context
#20 ...

#19 [planner internal] load build context
#19 transferring context: 9.52MB 8.8s done
#19 DONE 9.1s

#21 [tools-factory internal] load build context
#21 transferring context: 9.52MB 8.8s done
#21 DONE 9.1s

#20 [persist internal] load build context
#20 transferring context: 9.52MB 8.8s done
#20 DONE 9.1s

#22 [bootstrap internal] load build context
#22 transferring context: 9.52MB 8.8s done
#22 DONE 9.1s

#23 [function-caller internal] load build context
#23 transferring context: 9.52MB 8.8s done
#23 DONE 9.1s

#24 [baseline-awareness internal] load build context
#24 transferring context: 9.52MB 8.8s done
#24 DONE 9.1s

#25 [planner build 2/4] WORKDIR /src
#25 CACHED

#26 [baseline-awareness build 3/4] COPY . .
#26 ...

#27 [llm-gateway internal] load build context
#27 transferring context: 9.52MB 8.3s done
#27 DONE 9.4s

#26 [llm-gateway build 3/4] COPY . .
#26 DONE 12.6s

#28 [persist build 3/4] COPY . .
#28 CACHED

#29 [baseline-awareness build 3/4] COPY . .
#29 CACHED

#30 [llm-gateway build 3/4] COPY . .
#30 CACHED

#31 [function-caller build 3/4] COPY . .
#31 CACHED

#32 [planner build 3/4] COPY . .
#32 CACHED

#33 [bootstrap build 3/4] COPY . .
#33 CACHED

#34 [baseline-awareness build 4/4] RUN swift build -c release --product baseline-awareness-server
#34 ...

#35 [function-caller build 4/4] RUN swift build -c release --product function-caller-server
#35 ...

#36 [bootstrap build 4/4] RUN swift build -c release --product bootstrap-server
#36 ...

#37 [persist build 4/4] RUN swift build -c release --product persist-server
#37 ...

#38 [llm-gateway build 4/4] RUN swift build -c release --product llm-gateway-server
#38 ...

#39 [planner build 4/4] RUN swift build -c release --product planner-server
#39 ...

#40 [tools-factory build 4/4] RUN swift build -c release --product tools-factory-server
#40 19.15 Building for production...
#40 19.25 [0/14] Write sources
#40 ...

#39 [planner build 4/4] RUN swift build -c release --product planner-server
#39 19.23 Building for production...
#39 19.30 [0/6] Write sources
#39 19.61 [3/6] Write swift-version-24593BA9C3E375BF.txt
#39 ...

#35 [function-caller build 4/4] RUN swift build -c release --product function-caller-server
#35 19.23 Building for production...
#35 19.30 [0/14] Write sources
#35 19.68 [5/14] Write swift-version-24593BA9C3E375BF.txt
#35 19.96 [6/15] Compiling writer.c
#35 20.01 [7/15] Compiling reader.c
#35 20.23 [8/15] Compiling parser.c
#35 20.31 [9/15] Compiling api.c
#35 20.54 [10/15] Compiling emitter.c
#35 21.27 [11/15] Compiling scanner.c
#35 ...

#39 [planner build 4/4] RUN swift build -c release --product planner-server
#39 26.17 [5/7] Compiling ServiceShared Models.swift
#39 28.06 [6/8] Compiling PlannerService HTTPKernel.swift
#39 ...

#37 [persist build 4/4] RUN swift build -c release --product persist-server
#37 19.19 Building for production...
#37 19.28 [0/6] Write sources
#37 19.59 [3/6] Write swift-version-24593BA9C3E375BF.txt
#37 26.17 [5/7] Compiling ServiceShared Models.swift
#37 27.67 [6/8] Compiling PersistService HTTPKernel.swift
#37 27.98 [7/9] Compiling PersistServer main.swift
#37 27.98 /src/Generated/Server/persist/main.swift:23:36: error: cannot convert value of type '__socket_type' to expected argument type 'Int32'
#37 27.98 21 | 
#37 27.98 22 |     func start() throws {
#37 27.98 23 |         serverFD = socket(AF_INET, SOCK_STREAM, 0)
#37 27.98    |                                    `- error: cannot convert value of type '__socket_type' to expected argument type 'Int32'
#37 27.98 24 |         guard serverFD >= 0 else { throw RuntimeError.socket }
#37 27.98 25 |         var opt: Int32 = 1
#37 ERROR: process "/bin/sh -c swift build -c release --product persist-server" did not complete successfully: exit code: 1

#38 [llm-gateway build 4/4] RUN swift build -c release --product llm-gateway-server
#38 19.21 Building for production...
#38 19.30 [0/6] Write sources
#38 19.60 [3/6] Write swift-version-24593BA9C3E375BF.txt
#38 26.16 [5/7] Compiling ServiceShared Models.swift
#38 27.56 [6/8] Compiling LLMGatewayService HTTPKernel.swift
#38 27.97 [7/9] Compiling LLMGatewayServer main.swift
#38 27.97 /src/Generated/Server/llm-gateway/main.swift:23:36: error: cannot convert value of type '__socket_type' to expected argument type 'Int32'
#38 27.97 21 | 
#38 27.97 22 |     func start() throws {
#38 27.97 23 |         serverFD = socket(AF_INET, SOCK_STREAM, 0)
#38 27.97    |                                    `- error: cannot convert value of type '__socket_type' to expected argument type 'Int32'
#38 27.97 24 |         guard serverFD >= 0 else { throw RuntimeError.socket }
#38 27.97 25 |         var opt: Int32 = 1
#38 ERROR: process "/bin/sh -c swift build -c release --product llm-gateway-server" did not complete successfully: exit code: 1

#39 [planner build 4/4] RUN swift build -c release --product planner-server
#39 28.49 [7/9] Compiling PlannerServer main.swift
#39 28.49 /src/Generated/Server/planner/main.swift:23:36: error: cannot convert value of type '__socket_type' to expected argument type 'Int32'
#39 28.49 21 | 
#39 28.49 22 |     func start() throws {
#39 28.49 23 |         serverFD = socket(AF_INET, SOCK_STREAM, 0)
#39 28.49    |                                    `- error: cannot convert value of type '__socket_type' to expected argument type 'Int32'
#39 28.49 24 |         guard serverFD >= 0 else { throw RuntimeError.socket }
#39 28.49 25 |         var opt: Int32 = 1
#39 ERROR: process "/bin/sh -c swift build -c release --product planner-server" did not complete successfully: exit code: 1

#34 [baseline-awareness build 4/4] RUN swift build -c release --product baseline-awareness-server
#34 19.17 Building for production...
#34 19.25 [0/6] Write sources
#34 19.62 [3/6] Write swift-version-24593BA9C3E375BF.txt
#34 26.16 [5/7] Compiling ServiceShared Models.swift
#34 28.62 [6/8] Compiling BaselineAwarenessService BaselineStore.swift
#34 CANCELED

#40 [tools-factory build 4/4] RUN swift build -c release --product tools-factory-server
#40 19.59 [5/14] Write swift-version-24593BA9C3E375BF.txt
#40 19.96 [6/15] Compiling reader.c
#40 19.97 [7/15] Compiling writer.c
#40 20.43 [8/15] Compiling api.c
#40 20.59 [9/15] Compiling parser.c
#40 20.88 [10/15] Compiling emitter.c
#40 21.85 [11/15] Compiling scanner.c
#40 26.57 [13/16] Compiling ServiceShared Models.swift
#40 CANCELED

#36 [bootstrap build 4/4] RUN swift build -c release --product bootstrap-server
#36 19.69 Building for production...
#36 19.79 [0/7] Write sources
#36 20.04 [4/7] Write swift-version-24593BA9C3E375BF.txt
#36 26.19 [6/8] Compiling ServiceShared Models.swift
#36 28.51 [7/9] Compiling BaselineAwarenessService BaselineStore.swift
#36 CANCELED

#35 [function-caller build 4/4] RUN swift build -c release --product function-caller-server
#35 26.62 [13/16] Compiling ServiceShared Models.swift
#35 CANCELED
------
 > [planner build 4/4] RUN swift build -c release --product planner-server:
26.17 [5/7] Compiling ServiceShared Models.swift
28.06 [6/8] Compiling PlannerService HTTPKernel.swift
28.49 [7/9] Compiling PlannerServer main.swift
28.49 /src/Generated/Server/planner/main.swift:23:36: error: cannot convert value of type '__socket_type' to expected argument type 'Int32'
28.49 21 | 
28.49 22 |     func start() throws {
28.49 23 |         serverFD = socket(AF_INET, SOCK_STREAM, 0)
28.49    |                                    `- error: cannot convert value of type '__socket_type' to expected argument type 'Int32'
28.49 24 |         guard serverFD >= 0 else { throw RuntimeError.socket }
28.49 25 |         var opt: Int32 = 1
------
------
 > [persist build 4/4] RUN swift build -c release --product persist-server:
26.17 [5/7] Compiling ServiceShared Models.swift
27.67 [6/8] Compiling PersistService HTTPKernel.swift
27.98 [7/9] Compiling PersistServer main.swift
27.98 /src/Generated/Server/persist/main.swift:23:36: error: cannot convert value of type '__socket_type' to expected argument type 'Int32'
27.98 21 | 
27.98 22 |     func start() throws {
27.98 23 |         serverFD = socket(AF_INET, SOCK_STREAM, 0)
27.98    |                                    `- error: cannot convert value of type '__socket_type' to expected argument type 'Int32'
27.98 24 |         guard serverFD >= 0 else { throw RuntimeError.socket }
27.98 25 |         var opt: Int32 = 1
------
------
 > [llm-gateway build 4/4] RUN swift build -c release --product llm-gateway-server:
26.16 [5/7] Compiling ServiceShared Models.swift
27.56 [6/8] Compiling LLMGatewayService HTTPKernel.swift
27.97 [7/9] Compiling LLMGatewayServer main.swift
27.97 /src/Generated/Server/llm-gateway/main.swift:23:36: error: cannot convert value of type '__socket_type' to expected argument type 'Int32'
27.97 21 | 
27.97 22 |     func start() throws {
27.97 23 |         serverFD = socket(AF_INET, SOCK_STREAM, 0)
27.97    |                                    `- error: cannot convert value of type '__socket_type' to expected argument type 'Int32'
27.97 24 |         guard serverFD >= 0 else { throw RuntimeError.socket }
27.97 25 |         var opt: Int32 = 1
------
failed to solve: process "/bin/sh -c swift build -c release --product persist-server" did not complete successfully: exit code: 1
 Network kong-codex_default  Creating
 Network kong-codex_default  Created
 Container kong-codex-kong-1  Creating
 Container kong-codex-typesense-1  Creating
 Container kong-codex-typesense-1  Created
 Container kong-codex-kong-1  Created
Attaching to kong-1, typesense-1
Gracefully stopping... (press Ctrl+C again to force)
Error response from daemon: mounts denied: 
The path /srv/deploy/repos/kong-codex/kong.conf is not shared from the host and is not known to Docker.
You can configure shared paths from Docker -> Preferences... -> Resources -> File Sharing.
See https://docs.docker.com/desktop/settings/mac/#file-sharing for more info.
 Container kong-codex-typesense-1  Stopping
 Container kong-codex-kong-1  Stopping
 Container kong-codex-kong-1  Stopped
 Container kong-codex-kong-1  Removing
 Container kong-codex-kong-1  Removed
 Container kong-codex-typesense-1  Stopped
 Container kong-codex-typesense-1  Removing
 Container kong-codex-typesense-1  Removed
 Network kong-codex_default  Removing
 Network kong-codex_default  Removed

[2025-07-17T08:53:26.672849] Running integration tests for fountainai...
[2025-07-17T08:54:18.719187] Integration tests for fountainai failed with exit code 1

[2025-07-17T08:54:18.719450] Running integration tests for kong-codex...
[2025-07-17T08:54:20.633214] Integration tests for kong-codex failed with exit code 1
