[2025-07-17T08:49:07.161752] === New Cycle ===
Building for debugging...
[0/139] Compiling engine.cc
[1/139] Compiling evp_ctx.cc
[1/139] Compiling evp.cc
[3/139] Compiling err.cc
[4/139] Compiling ecdsa_asn1.cc
[5/139] Write swift-version-24593BA9C3E375BF.txt
[6/134] Compiling p_dsa_asn1.cc
[7/134] Compiling evp_asn1.cc
[8/138] Compiling ec_derive.cc
[9/138] Compiling hash_to_curve.cc
[10/138] Compiling ecdh.cc
[11/151] Compiling ec_asn1.cc
[11/151] Compiling dsa_asn1.cc
[14/151] Emitting module PersistServer
[15/151] Compiling PersistServer main.swift
/srv/deploy/repos/fountainai/Generated/Server/persist/main.swift:23:36: error: cannot convert value of type '__socket_type' to expected argument type 'Int32'
21 | 
22 |     func start() throws {
23 |         serverFD = socket(AF_INET, SOCK_STREAM, 0)
   |                                    `- error: cannot convert value of type '__socket_type' to expected argument type 'Int32'
24 |         guard serverFD >= 0 else { throw RuntimeError.socket }
25 |         var opt: Int32 = 1
[16/151] Emitting module PlannerServer
[17/151] Compiling PlannerServer main.swift
/srv/deploy/repos/fountainai/Generated/Server/planner/main.swift:23:36: error: cannot convert value of type '__socket_type' to expected argument type 'Int32'
21 | 
22 |     func start() throws {
23 |         serverFD = socket(AF_INET, SOCK_STREAM, 0)
   |                                    `- error: cannot convert value of type '__socket_type' to expected argument type 'Int32'
24 |         guard serverFD >= 0 else { throw RuntimeError.socket }
25 |         var opt: Int32 = 1
[17/151] Compiling bcm.cc

[2025-07-17T08:49:07.162518] Starting swift build...
[2025-07-17T08:49:09.141432] swift build failed with exit code 1
[2025-07-17T08:49:09.242533] [dispatcher] Updated git remote to use token-based authentication.
[2025-07-17T08:49:10.538953] [dispatcher] Running Docker build...
[2025-07-17T08:49:10.541196] [dispatcher] Running tests...
Compose now can delegate build to bake for better performances
Just set COMPOSE_BAKE=true
#0 building with "default" instance using docker driver

#1 [function-caller internal] load build definition from Dockerfile
#1 transferring dockerfile: 290B done
#1 DONE 0.0s

#2 [baseline-awareness internal] load build definition from Dockerfile
#2 transferring dockerfile: 299B done
#2 DONE 0.0s

#3 [llm-gateway internal] load build definition from Dockerfile
#3 transferring dockerfile: 278B done
#3 DONE 0.0s

#4 [planner internal] load build definition from Dockerfile
#4 transferring dockerfile: 266B done
#4 DONE 0.0s

#5 [persist internal] load build definition from Dockerfile
#5 transferring dockerfile: 266B done
#5 DONE 0.0s

#6 [tools-factory internal] load build definition from Dockerfile
#6 transferring dockerfile: 284B done
#6 DONE 0.0s

#7 [bootstrap internal] load build definition from Dockerfile
#7 transferring dockerfile: 272B done
#7 DONE 0.0s

#8 [bootstrap internal] load metadata for docker.io/library/swift:6.1-jammy
#8 DONE 0.7s

#9 [llm-gateway internal] load metadata for docker.io/library/ubuntu:22.04
#9 DONE 0.6s

#10 [baseline-awareness internal] load .dockerignore
#10 transferring context: 2B done
#10 DONE 0.0s

#11 [tools-factory internal] load .dockerignore
#11 transferring context: 2B done
#11 DONE 0.0s

#12 [planner internal] load .dockerignore
#12 transferring context: 2B done
#12 DONE 0.0s

#13 [persist internal] load .dockerignore
#13 transferring context: 2B done
#13 DONE 0.0s

#14 [planner build 1/4] FROM docker.io/library/swift:6.1-jammy@sha256:512716edb447938962d96627ff0b9f00d5701bfa61d97a5b5654f07a1482c342
#14 DONE 0.0s

#15 [planner stage-1 1/2] FROM docker.io/library/ubuntu:22.04@sha256:59ccd419c0dc0edf9e3bff1a3b2b073ea15a2ce4bc45ce7c989278b225b09af3
#15 DONE 0.0s

#16 [bootstrap internal] load .dockerignore
#16 transferring context: 2B done
#16 DONE 0.0s

#17 [llm-gateway internal] load .dockerignore
#17 transferring context: 2B done
#17 DONE 0.0s

#18 [bootstrap internal] load build context
#18 ...

#14 [function-caller build 1/4] FROM docker.io/library/swift:6.1-jammy@sha256:512716edb447938962d96627ff0b9f00d5701bfa61d97a5b5654f07a1482c342
#14 DONE 0.0s

#15 [function-caller stage-1 1/2] FROM docker.io/library/ubuntu:22.04@sha256:59ccd419c0dc0edf9e3bff1a3b2b073ea15a2ce4bc45ce7c989278b225b09af3
#15 DONE 0.0s

#19 [function-caller internal] load .dockerignore
#19 transferring context: 2B done
#19 DONE 0.1s

#18 [bootstrap internal] load build context
#18 transferring context: 2.38MB 5.0s
#18 ...

#20 [tools-factory internal] load build context
#20 ...

#18 [bootstrap internal] load build context
#18 ...

#21 [planner internal] load build context
#21 transferring context: 9.43MB 10.1s
#21 ...

#22 [function-caller internal] load build context
#22 ...

#23 [baseline-awareness internal] load build context
#23 ...

#24 [llm-gateway internal] load build context
#24 ...

#25 [persist internal] load build context
#25 ...

#24 [llm-gateway internal] load build context
#24 transferring context: 9.72MB 12.1s done
#24 DONE 12.3s

#20 [tools-factory internal] load build context
#20 transferring context: 9.72MB 12.1s done
#20 DONE 12.3s

#22 [function-caller internal] load build context
#22 transferring context: 9.72MB 11.2s done
#22 DONE 12.3s

#18 [bootstrap internal] load build context
#18 transferring context: 9.72MB 12.1s done
#18 DONE 12.3s

#21 [planner internal] load build context
#21 transferring context: 9.72MB 12.0s done
#21 DONE 12.3s

#25 [persist internal] load build context
#25 transferring context: 9.72MB 12.0s done
#25 DONE 12.3s

#23 [baseline-awareness internal] load build context
#23 transferring context: 9.72MB 12.1s done
#23 DONE 12.4s

#26 [llm-gateway build 2/4] WORKDIR /src
#26 CACHED

#27 [llm-gateway build 3/4] COPY . .
#27 ...

#26 [baseline-awareness build 2/4] WORKDIR /src
#26 CACHED

#27 [baseline-awareness build 3/4] COPY . .
#27 DONE 12.6s

#28 [bootstrap build 3/4] COPY . .
#28 CACHED

#29 [tools-factory build 3/4] COPY . .
#29 CACHED

#30 [baseline-awareness build 3/4] COPY . .
#30 CACHED

#31 [llm-gateway build 3/4] COPY . .
#31 CACHED

#32 [planner build 3/4] COPY . .
#32 CACHED

#33 [persist build 3/4] COPY . .
#33 CACHED

#34 [tools-factory build 4/4] RUN swift build -c release --product tools-factory-server
#34 ...

#35 [llm-gateway build 4/4] RUN swift build -c release --product llm-gateway-server
#35 ...

#36 [bootstrap build 4/4] RUN swift build -c release --product bootstrap-server
#36 ...

#37 [function-caller build 4/4] RUN swift build -c release --product function-caller-server
#37 ...

#38 [persist build 4/4] RUN swift build -c release --product persist-server
#38 ...

#39 [planner build 4/4] RUN swift build -c release --product planner-server
#39 ...

#40 [baseline-awareness build 4/4] RUN swift build -c release --product baseline-awareness-server
#40 ...

#34 [tools-factory build 4/4] RUN swift build -c release --product tools-factory-server
#34 18.91 Building for production...
#34 19.10 [0/14] Write sources
#34 19.40 [5/14] Write swift-version-24593BA9C3E375BF.txt
#34 19.81 [6/15] Compiling writer.c
#34 19.86 [7/15] Compiling reader.c
#34 20.06 [8/15] Compiling api.c
#34 20.10 [9/15] Compiling parser.c
#34 20.58 [10/15] Compiling scanner.c
#34 20.62 [11/15] Compiling emitter.c
#34 ...

#37 [function-caller build 4/4] RUN swift build -c release --product function-caller-server
#37 18.98 Building for production...
#37 19.10 [0/14] Write sources
#37 19.43 [5/14] Write swift-version-24593BA9C3E375BF.txt
#37 19.82 [6/15] Compiling reader.c
#37 19.83 [7/15] Compiling writer.c
#37 20.49 [8/15] Compiling parser.c
#37 20.50 [9/15] Compiling api.c
#37 21.82 [10/15] Compiling scanner.c
#37 21.89 [11/15] Compiling emitter.c
#37 ...

#34 [tools-factory build 4/4] RUN swift build -c release --product tools-factory-server
#34 27.53 [13/16] Compiling ServiceShared Models.swift
#34 ...

#35 [llm-gateway build 4/4] RUN swift build -c release --product llm-gateway-server
#35 18.93 Building for production...
#35 19.10 [0/6] Write sources
#35 19.40 [3/6] Write swift-version-24593BA9C3E375BF.txt
#35 26.82 [5/7] Compiling ServiceShared Models.swift
#35 28.62 [6/8] Compiling LLMGatewayService HTTPKernel.swift
#35 28.97 [7/9] Compiling LLMGatewayServer main.swift
#35 28.97 /src/Generated/Server/llm-gateway/main.swift:23:36: error: cannot convert value of type '__socket_type' to expected argument type 'Int32'
#35 28.97 21 | 
#35 28.97 22 |     func start() throws {
#35 28.97 23 |         serverFD = socket(AF_INET, SOCK_STREAM, 0)
#35 28.97    |                                    `- error: cannot convert value of type '__socket_type' to expected argument type 'Int32'
#35 28.97 24 |         guard serverFD >= 0 else { throw RuntimeError.socket }
#35 28.97 25 |         var opt: Int32 = 1
#35 ...

#39 [planner build 4/4] RUN swift build -c release --product planner-server
#39 18.96 Building for production...
#39 19.09 [0/6] Write sources
#39 19.39 [3/6] Write swift-version-24593BA9C3E375BF.txt
#39 26.83 [5/7] Compiling ServiceShared Models.swift
#39 ...

#40 [baseline-awareness build 4/4] RUN swift build -c release --product baseline-awareness-server
#40 19.08 Building for production...
#40 19.17 [0/6] Write sources
#40 19.38 [3/6] Write swift-version-24593BA9C3E375BF.txt
#40 26.81 [5/7] Compiling ServiceShared Models.swift
#40 ...

#38 [persist build 4/4] RUN swift build -c release --product persist-server
#38 19.03 Building for production...
#38 19.09 [0/6] Write sources
#38 19.39 [3/6] Write swift-version-24593BA9C3E375BF.txt
#38 27.08 [5/7] Compiling ServiceShared Models.swift
#38 28.78 [6/8] Compiling PersistService HTTPKernel.swift
#38 29.15 [7/9] Compiling PersistServer main.swift
#38 29.15 /src/Generated/Server/persist/main.swift:23:36: error: cannot convert value of type '__socket_type' to expected argument type 'Int32'
#38 29.15 21 | 
#38 29.15 22 |     func start() throws {
#38 29.15 23 |         serverFD = socket(AF_INET, SOCK_STREAM, 0)
#38 29.15    |                                    `- error: cannot convert value of type '__socket_type' to expected argument type 'Int32'
#38 29.15 24 |         guard serverFD >= 0 else { throw RuntimeError.socket }
#38 29.15 25 |         var opt: Int32 = 1
#38 ...

#40 [baseline-awareness build 4/4] RUN swift build -c release --product baseline-awareness-server
#40 29.46 [6/8] Compiling BaselineAwarenessService BaselineStore.swift
#40 ...

#38 [persist build 4/4] RUN swift build -c release --product persist-server
#38 ERROR: process "/bin/sh -c swift build -c release --product persist-server" did not complete successfully: exit code: 1

#36 [bootstrap build 4/4] RUN swift build -c release --product bootstrap-server
#36 19.80 Building for production...
#36 19.87 [0/7] Write sources
#36 20.24 [4/7] Write swift-version-24593BA9C3E375BF.txt
#36 27.50 [6/8] Compiling ServiceShared Models.swift
#36 ...

#35 [llm-gateway build 4/4] RUN swift build -c release --product llm-gateway-server
#35 ERROR: process "/bin/sh -c swift build -c release --product llm-gateway-server" did not complete successfully: exit code: 1

#36 [bootstrap build 4/4] RUN swift build -c release --product bootstrap-server
#36 29.92 [7/9] Compiling BaselineAwarenessService BaselineStore.swift
#36 ...

#39 [planner build 4/4] RUN swift build -c release --product planner-server
#39 29.85 [6/8] Compiling PlannerService HTTPKernel.swift
#39 ...

#37 [function-caller build 4/4] RUN swift build -c release --product function-caller-server
#37 28.29 [13/16] Compiling ServiceShared Models.swift
#37 CANCELED

#36 [bootstrap build 4/4] RUN swift build -c release --product bootstrap-server
#36 CANCELED

#40 [baseline-awareness build 4/4] RUN swift build -c release --product baseline-awareness-server
#40 CANCELED

#39 [planner build 4/4] RUN swift build -c release --product planner-server
#39 CANCELED

#34 [tools-factory build 4/4] RUN swift build -c release --product tools-factory-server
#34 CANCELED
------
 > [persist build 4/4] RUN swift build -c release --product persist-server:
27.08 [5/7] Compiling ServiceShared Models.swift
28.78 [6/8] Compiling PersistService HTTPKernel.swift
29.15 [7/9] Compiling PersistServer main.swift
29.15 /src/Generated/Server/persist/main.swift:23:36: error: cannot convert value of type '__socket_type' to expected argument type 'Int32'
29.15 21 | 
29.15 22 |     func start() throws {
29.15 23 |         serverFD = socket(AF_INET, SOCK_STREAM, 0)
29.15    |                                    `- error: cannot convert value of type '__socket_type' to expected argument type 'Int32'
29.15 24 |         guard serverFD >= 0 else { throw RuntimeError.socket }
29.15 25 |         var opt: Int32 = 1
------
------
 > [llm-gateway build 4/4] RUN swift build -c release --product llm-gateway-server:
26.82 [5/7] Compiling ServiceShared Models.swift
28.62 [6/8] Compiling LLMGatewayService HTTPKernel.swift
28.97 [7/9] Compiling LLMGatewayServer main.swift
28.97 /src/Generated/Server/llm-gateway/main.swift:23:36: error: cannot convert value of type '__socket_type' to expected argument type 'Int32'
28.97 21 | 
28.97 22 |     func start() throws {
28.97 23 |         serverFD = socket(AF_INET, SOCK_STREAM, 0)
28.97    |                                    `- error: cannot convert value of type '__socket_type' to expected argument type 'Int32'
28.97 24 |         guard serverFD >= 0 else { throw RuntimeError.socket }
28.97 25 |         var opt: Int32 = 1
------
failed to solve: process "/bin/sh -c swift build -c release --product persist-server" did not complete successfully: exit code: 1
 Network kong-codex_default  Creating
 Network kong-codex_default  Created
 Container kong-codex-kong-1  Creating
 Container kong-codex-typesense-1  Creating
 Container kong-codex-kong-1  Created
 Container kong-codex-typesense-1  Created
Attaching to kong-1, typesense-1
Gracefully stopping... (press Ctrl+C again to force)
Error response from daemon: mounts denied: 
The path /srv/deploy/repos/kong-codex/kong.conf is not shared from the host and is not known to Docker.
You can configure shared paths from Docker -> Preferences... -> Resources -> File Sharing.
See https://docs.docker.com/desktop/settings/mac/#file-sharing for more info.
 Container kong-codex-typesense-1  Stopping
 Container kong-codex-kong-1  Stopping
 Container kong-codex-kong-1  Stopped
 Container kong-codex-kong-1  Removing
 Container kong-codex-kong-1  Removed
 Container kong-codex-typesense-1  Stopped
 Container kong-codex-typesense-1  Removing
 Container kong-codex-typesense-1  Removed
 Network kong-codex_default  Removing
 Network kong-codex_default  Removed

[2025-07-17T08:49:10.541592] Running integration tests for fountainai...
[2025-07-17T08:50:07.410142] Integration tests for fountainai failed with exit code 1

[2025-07-17T08:50:07.410501] Running integration tests for kong-codex...
[2025-07-17T08:50:18.533946] Integration tests for kong-codex failed with exit code 1
